2025-08-20 02:53:38,805 | INFO     | Logging initialized for ProcessSectionAnalysis
2025-08-20 02:53:38,805 | INFO     | Station sec_052_r0.585 [Analysis]: DXF=C:\Users\samea\Desktop\geometry_tools\n_sections\blade\sec_052_r0.585.dxf, twist=5.1°, origin: CP-proxy @ 33.0% chord
2025-08-20 02:53:38,805 | INFO     | Starting raw geometry processing …
2025-08-20 02:53:38,805 | INFO     | Instantiating RawGeometry for DXF: C:\Users\samea\Desktop\geometry_tools\n_sections\blade\sec_052_r0.585.dxf
2025-08-20 02:53:38,805 | INFO     | RawGeometry created successfully.
2025-08-20 02:53:38,805 | INFO     | Generating raw geometry plot …
2025-08-20 02:53:39,135 | INFO     | Raw geometry visualisation completed and saved.
2025-08-20 02:53:39,136 | INFO     | Processing and visualising aligned geometry …
2025-08-20 02:53:39,136 | INFO     | Instantiating ProcessedGeometry with spline/segment settings …
2025-08-20 02:53:39,137 | INFO     | ProcessedGeometry successfully instantiated.
2025-08-20 02:53:39,137 | INFO     | Extracting (pass-through orientation & origin): twist=5.1°, origin_mode=cop, cop_fraction=0.330, cx=0.01, cy=0.00, resample_exterior=True
2025-08-20 02:53:39,164 | INFO     | Geometry extracted (no twist/origin applied).
2025-08-20 02:53:39,164 | INFO     | Generating processed geometry visualisation with trailing edge zoom …
2025-08-20 02:53:40,650 | INFO     | Processed geometry preview saved -> C:\Users\samea\Desktop\geometry_tools\n_sections\results\analysis\2025-08-20_02-49-41\sec_052_r0.585\processed_sec_052_r0.585.png
2025-08-20 02:53:40,650 | INFO     | Launching convergence study pipeline …
2025-08-20 02:53:40,650 | INFO     | Starting section convergence study using 1 mesh sizes: [40.]
2025-08-20 02:53:43,161 | INFO     | ConvergenceStudy instantiated. Running results computation …
2025-08-20 02:53:43,161 | INFO     | Convergence study completed successfully.
2025-08-20 02:53:43,161 | INFO     | Creating convergence visualisation …
2025-08-20 02:53:43,845 | INFO     | Convergence visualisation saved.
2025-08-20 02:53:43,845 | INFO     | Building metadata container for section sec_052_r0.585 …
2025-08-20 02:53:43,845 | INFO     | MetadataBin created.
2025-08-20 02:53:43,845 | INFO     | Composing SectionAnalysisResultSet …
2025-08-20 02:53:43,845 | INFO     | SectionAnalysisResultSet successfully built.
2025-08-20 02:53:43,845 | INFO     | Saving results to directory: C:\Users\samea\Desktop\geometry_tools\n_sections\results\analysis\2025-08-20_02-49-41\sec_052_r0.585
2025-08-20 02:53:43,845 | INFO     | Section analysis results successfully saved.
