2025-08-20 02:32:57,078 - INFO - Logger initialized for ConvergenceStudy [sec_022_r0.319]
2025-08-20 02:32:57,078 - INFO - Starting convergence study over 3 mesh sizes: [40.  10.   2.5]
2025-08-20 02:32:57,078 - INFO - [1/3] Processing mesh size h = 40
2025-08-20 02:32:57,078 - DEBUG - [sec_022_r0.319_h40] Copying geometry and initiating meshing …
2025-08-20 02:32:57,095 - INFO - [sec_022_r0.319_h40] Mesh created successfully
2025-08-20 02:32:57,095 - DEBUG - [sec_022_r0.319_h40] Starting section property calculation …
2025-08-20 02:32:58,514 - DEBUG - [sec_022_r0.319_h40] Section analysis row returned
2025-08-20 02:32:58,517 - INFO - [sec_022_r0.319_h40] Section analysis completed successfully.
2025-08-20 02:32:58,518 - INFO - [2/3] Processing mesh size h = 10
2025-08-20 02:32:58,518 - DEBUG - [sec_022_r0.319_h10] Copying geometry and initiating meshing …
2025-08-20 02:32:58,527 - INFO - [sec_022_r0.319_h10] Mesh created successfully
2025-08-20 02:32:58,527 - DEBUG - [sec_022_r0.319_h10] Starting section property calculation …
2025-08-20 02:32:59,397 - DEBUG - [sec_022_r0.319_h10] Section analysis row returned
2025-08-20 02:32:59,398 - INFO - [sec_022_r0.319_h10] Section analysis completed successfully.
2025-08-20 02:32:59,398 - INFO - [3/3] Processing mesh size h = 2.5
2025-08-20 02:32:59,399 - DEBUG - [sec_022_r0.319_h2.5] Copying geometry and initiating meshing …
2025-08-20 02:32:59,412 - INFO - [sec_022_r0.319_h2.5] Mesh created successfully
2025-08-20 02:32:59,412 - DEBUG - [sec_022_r0.319_h2.5] Starting section property calculation …
2025-08-20 02:33:00,320 - DEBUG - [sec_022_r0.319_h2.5] Section analysis row returned
2025-08-20 02:33:00,328 - INFO - [sec_022_r0.319_h2.5] Section analysis completed successfully.
2025-08-20 02:33:00,328 - INFO - Convergence study completed: 3 successful, 3 attempted
2025-08-20 02:33:00,328 - INFO - Generating convergence visualisation …
2025-08-20 02:33:02,240 - INFO - Convergence visualisation completed.
