2025-08-20 02:32:55,623 | INFO     | Logging initialized for ProcessSectionAnalysis
2025-08-20 02:32:55,623 | INFO     | Station sec_022_r0.319 [Analysis]: DXF=C:\Users\samea\Desktop\geometry_tools\n_sections\blade\sec_022_r0.319.dxf, twist=13.6°, origin: CP-proxy @ 33.0% chord
2025-08-20 02:32:55,623 | INFO     | Starting raw geometry processing …
2025-08-20 02:32:55,623 | INFO     | Instantiating RawGeometry for DXF: C:\Users\samea\Desktop\geometry_tools\n_sections\blade\sec_022_r0.319.dxf
2025-08-20 02:32:55,623 | INFO     | RawGeometry created successfully.
2025-08-20 02:32:55,623 | INFO     | Generating raw geometry plot …
2025-08-20 02:32:55,975 | INFO     | Raw geometry visualisation completed and saved.
2025-08-20 02:32:55,975 | INFO     | Processing and visualising aligned geometry …
2025-08-20 02:32:55,975 | INFO     | Instantiating ProcessedGeometry with spline/segment settings …
2025-08-20 02:32:55,975 | INFO     | ProcessedGeometry successfully instantiated.
2025-08-20 02:32:55,975 | INFO     | Extracting + aligning: twist=13.6°, origin_mode=cop, cop_fraction=0.330, cx=0.01, cy=0.00
2025-08-20 02:32:56,015 | INFO     | Geometry aligned and transformed successfully.
2025-08-20 02:32:56,015 | INFO     | Generating processed geometry visualisation with trailing edge zoom …
2025-08-20 02:32:57,078 | INFO     | Processed geometry preview saved -> C:\Users\samea\Desktop\geometry_tools\n_sections\results\analysis\2025-08-20_02-29-55\sec_022_r0.319\processed_sec_022_r0.319.png
2025-08-20 02:32:57,078 | INFO     | Launching convergence study pipeline …
2025-08-20 02:32:57,078 | INFO     | Starting section convergence study using 3 mesh sizes: [40.  10.   2.5]
2025-08-20 02:33:02,240 | INFO     | ConvergenceStudy instantiated. Running results computation …
2025-08-20 02:33:02,240 | INFO     | Convergence study completed successfully.
2025-08-20 02:33:02,240 | INFO     | Creating convergence visualisation …
2025-08-20 02:33:03,989 | INFO     | Convergence visualisation saved.
2025-08-20 02:33:03,989 | INFO     | Building metadata container for section sec_022_r0.319 …
2025-08-20 02:33:03,990 | INFO     | MetadataBin created.
2025-08-20 02:33:03,990 | INFO     | Composing SectionAnalysisResultSet …
2025-08-20 02:33:03,990 | INFO     | SectionAnalysisResultSet successfully built.
2025-08-20 02:33:03,990 | INFO     | Saving results to directory: C:\Users\samea\Desktop\geometry_tools\n_sections\results\analysis\2025-08-20_02-29-55\sec_022_r0.319
2025-08-20 02:33:03,992 | INFO     | Section analysis results successfully saved.
