2025-08-20 02:55:17,743 | INFO     | Logging initialized for ProcessSectionAnalysis
2025-08-20 02:55:17,743 | INFO     | Station sec_074_r0.779 [Analysis]: DXF=C:\Users\samea\Desktop\geometry_tools\n_sections\blade\sec_074_r0.779.dxf, twist=2.4°, origin: CP-proxy @ 33.0% chord
2025-08-20 02:55:17,743 | INFO     | Starting raw geometry processing …
2025-08-20 02:55:17,743 | INFO     | Instantiating RawGeometry for DXF: C:\Users\samea\Desktop\geometry_tools\n_sections\blade\sec_074_r0.779.dxf
2025-08-20 02:55:17,754 | INFO     | RawGeometry created successfully.
2025-08-20 02:55:17,754 | INFO     | Generating raw geometry plot …
2025-08-20 02:55:18,088 | INFO     | Raw geometry visualisation completed and saved.
2025-08-20 02:55:18,089 | INFO     | Processing and visualising aligned geometry …
2025-08-20 02:55:18,089 | INFO     | Instantiating ProcessedGeometry with spline/segment settings …
2025-08-20 02:55:18,090 | INFO     | ProcessedGeometry successfully instantiated.
2025-08-20 02:55:18,090 | INFO     | Extracting (pass-through orientation & origin): twist=2.4°, origin_mode=cop, cop_fraction=0.330, cx=0.00, cy=0.00, resample_exterior=True
2025-08-20 02:55:18,117 | INFO     | Geometry extracted (no twist/origin applied).
2025-08-20 02:55:18,117 | INFO     | Generating processed geometry visualisation with trailing edge zoom …
2025-08-20 02:55:19,168 | INFO     | Processed geometry preview saved -> C:\Users\samea\Desktop\geometry_tools\n_sections\results\analysis\2025-08-20_02-49-41\sec_074_r0.779\processed_sec_074_r0.779.png
2025-08-20 02:55:19,170 | INFO     | Launching convergence study pipeline …
2025-08-20 02:55:19,170 | INFO     | Starting section convergence study using 1 mesh sizes: [40.]
2025-08-20 02:55:21,529 | INFO     | ConvergenceStudy instantiated. Running results computation …
2025-08-20 02:55:21,529 | INFO     | Convergence study completed successfully.
2025-08-20 02:55:21,529 | INFO     | Creating convergence visualisation …
2025-08-20 02:55:22,192 | INFO     | Convergence visualisation saved.
2025-08-20 02:55:22,192 | INFO     | Building metadata container for section sec_074_r0.779 …
2025-08-20 02:55:22,192 | INFO     | MetadataBin created.
2025-08-20 02:55:22,192 | INFO     | Composing SectionAnalysisResultSet …
2025-08-20 02:55:22,192 | INFO     | SectionAnalysisResultSet successfully built.
2025-08-20 02:55:22,192 | INFO     | Saving results to directory: C:\Users\samea\Desktop\geometry_tools\n_sections\results\analysis\2025-08-20_02-49-41\sec_074_r0.779
2025-08-20 02:55:22,192 | INFO     | Section analysis results successfully saved.
