2025-08-20 02:30:13,273 - INFO - Logger initialized for ConvergenceStudy [sec_002_r0.143]
2025-08-20 02:30:13,273 - INFO - Starting convergence study over 3 mesh sizes: [40.  10.   2.5]
2025-08-20 02:30:13,273 - INFO - [1/3] Processing mesh size h = 40
2025-08-20 02:30:13,273 - DEBUG - [sec_002_r0.143_h40] Copying geometry and initiating meshing …
2025-08-20 02:30:13,295 - INFO - [sec_002_r0.143_h40] Mesh created successfully
2025-08-20 02:30:13,295 - DEBUG - [sec_002_r0.143_h40] Starting section property calculation …
2025-08-20 02:30:14,832 - DEBUG - [sec_002_r0.143_h40] Section analysis row returned
2025-08-20 02:30:14,834 - INFO - [sec_002_r0.143_h40] Section analysis completed successfully.
2025-08-20 02:30:14,834 - INFO - [2/3] Processing mesh size h = 10
2025-08-20 02:30:14,834 - DEBUG - [sec_002_r0.143_h10] Copying geometry and initiating meshing …
2025-08-20 02:30:14,840 - INFO - [sec_002_r0.143_h10] Mesh created successfully
2025-08-20 02:30:14,840 - DEBUG - [sec_002_r0.143_h10] Starting section property calculation …
2025-08-20 02:30:15,853 - DEBUG - [sec_002_r0.143_h10] Section analysis row returned
2025-08-20 02:30:15,856 - INFO - [sec_002_r0.143_h10] Section analysis completed successfully.
2025-08-20 02:30:15,859 - INFO - [3/3] Processing mesh size h = 2.5
2025-08-20 02:30:15,859 - DEBUG - [sec_002_r0.143_h2.5] Copying geometry and initiating meshing …
2025-08-20 02:30:15,870 - INFO - [sec_002_r0.143_h2.5] Mesh created successfully
2025-08-20 02:30:15,874 - DEBUG - [sec_002_r0.143_h2.5] Starting section property calculation …
2025-08-20 02:30:16,878 - DEBUG - [sec_002_r0.143_h2.5] Section analysis row returned
2025-08-20 02:30:16,880 - INFO - [sec_002_r0.143_h2.5] Section analysis completed successfully.
2025-08-20 02:30:16,880 - INFO - Convergence study completed: 3 successful, 3 attempted
2025-08-20 02:30:16,881 - INFO - Generating convergence visualisation …
2025-08-20 02:30:18,718 - INFO - Convergence visualisation completed.
