2025-08-20 02:30:11,646 | INFO     | Logging initialized for ProcessSectionAnalysis
2025-08-20 02:30:11,646 | INFO     | Station sec_002_r0.143 [Analysis]: DXF=C:\Users\samea\Desktop\geometry_tools\n_sections\blade\sec_002_r0.143.dxf, twist=32.6°, origin: CP-proxy @ 33.0% chord
2025-08-20 02:30:11,646 | INFO     | Starting raw geometry processing …
2025-08-20 02:30:11,646 | INFO     | Instantiating RawGeometry for DXF: C:\Users\samea\Desktop\geometry_tools\n_sections\blade\sec_002_r0.143.dxf
2025-08-20 02:30:11,646 | INFO     | RawGeometry created successfully.
2025-08-20 02:30:11,646 | INFO     | Generating raw geometry plot …
2025-08-20 02:30:12,022 | INFO     | Raw geometry visualisation completed and saved.
2025-08-20 02:30:12,022 | INFO     | Processing and visualising aligned geometry …
2025-08-20 02:30:12,022 | INFO     | Instantiating ProcessedGeometry with spline/segment settings …
2025-08-20 02:30:12,022 | INFO     | ProcessedGeometry successfully instantiated.
2025-08-20 02:30:12,022 | INFO     | Extracting + aligning: twist=32.6°, origin_mode=cop, cop_fraction=0.330, cx=0.01, cy=0.01
2025-08-20 02:30:12,074 | INFO     | Geometry aligned and transformed successfully.
2025-08-20 02:30:12,075 | INFO     | Generating processed geometry visualisation with trailing edge zoom …
2025-08-20 02:30:13,273 | INFO     | Processed geometry preview saved -> C:\Users\samea\Desktop\geometry_tools\n_sections\results\analysis\2025-08-20_02-29-55\sec_002_r0.143\processed_sec_002_r0.143.png
2025-08-20 02:30:13,273 | INFO     | Launching convergence study pipeline …
2025-08-20 02:30:13,273 | INFO     | Starting section convergence study using 3 mesh sizes: [40.  10.   2.5]
2025-08-20 02:30:18,718 | INFO     | ConvergenceStudy instantiated. Running results computation …
2025-08-20 02:30:18,718 | INFO     | Convergence study completed successfully.
2025-08-20 02:30:18,718 | INFO     | Creating convergence visualisation …
2025-08-20 02:30:20,410 | INFO     | Convergence visualisation saved.
2025-08-20 02:30:20,410 | INFO     | Building metadata container for section sec_002_r0.143 …
2025-08-20 02:30:20,410 | INFO     | MetadataBin created.
2025-08-20 02:30:20,410 | INFO     | Composing SectionAnalysisResultSet …
2025-08-20 02:30:20,410 | INFO     | SectionAnalysisResultSet successfully built.
2025-08-20 02:30:20,410 | INFO     | Saving results to directory: C:\Users\samea\Desktop\geometry_tools\n_sections\results\analysis\2025-08-20_02-29-55\sec_002_r0.143
2025-08-20 02:30:20,410 | INFO     | Section analysis results successfully saved.
