2025-07-31 13:42:56,226 - INFO - Logger initialized for ConvergenceStudy [Station_4]
2025-07-31 13:42:56,226 - INFO - Starting convergence study over 3 mesh sizes: [40.  10.   2.5]
2025-07-31 13:42:56,226 - INFO - [1/3] Processing mesh size h = 40
2025-07-31 13:42:56,226 - DEBUG - [Station_4_h40] Copying geometry and initiating meshing …
2025-07-31 13:42:56,235 - INFO - [Station_4_h40] Mesh created successfully
2025-07-31 13:42:56,235 - DEBUG - [Station_4_h40] Starting section property calculation …
2025-07-31 13:42:57,457 - DEBUG - [Station_4_h40] Section analysis row returned
2025-07-31 13:42:57,457 - INFO - [Station_4_h40] Section analysis completed successfully.
2025-07-31 13:42:57,457 - INFO - [2/3] Processing mesh size h = 10
2025-07-31 13:42:57,457 - DEBUG - [Station_4_h10] Copying geometry and initiating meshing …
2025-07-31 13:42:57,470 - INFO - [Station_4_h10] Mesh created successfully
2025-07-31 13:42:57,473 - DEBUG - [Station_4_h10] Starting section property calculation …
2025-07-31 13:42:58,192 - DEBUG - [Station_4_h10] Section analysis row returned
2025-07-31 13:42:58,195 - INFO - [Station_4_h10] Section analysis completed successfully.
2025-07-31 13:42:58,195 - INFO - [3/3] Processing mesh size h = 2.5
2025-07-31 13:42:58,195 - DEBUG - [Station_4_h2.5] Copying geometry and initiating meshing …
2025-07-31 13:42:58,195 - INFO - [Station_4_h2.5] Mesh created successfully
2025-07-31 13:42:58,205 - DEBUG - [Station_4_h2.5] Starting section property calculation …
2025-07-31 13:42:58,950 - DEBUG - [Station_4_h2.5] Section analysis row returned
2025-07-31 13:42:58,955 - INFO - [Station_4_h2.5] Section analysis completed successfully.
2025-07-31 13:42:58,955 - INFO - Convergence study completed: 3 successful, 3 attempted
2025-07-31 13:42:58,955 - INFO - Generating convergence visualisation …
2025-07-31 13:43:00,365 - INFO - Convergence visualisation completed.
