2025-07-31 13:42:54,545 | INFO     | Logging initialized for ProcessSectionAnalysis
2025-07-31 13:42:54,545 | INFO     | Station Station_4 [Analysis]: DXF=C:\Users\Sam Hughes\Desktop\geometry_tools\n_sections\blade\Station_4.dxf, twist=10.9°, centroid=(0.00, -0.01)
2025-07-31 13:42:54,545 | INFO     | Starting raw geometry processing …
2025-07-31 13:42:54,545 | INFO     | Instantiating RawGeometry for DXF: C:\Users\Sam Hughes\Desktop\geometry_tools\n_sections\blade\Station_4.dxf
2025-07-31 13:42:54,545 | INFO     | RawGeometry created successfully.
2025-07-31 13:42:54,545 | INFO     | Generating raw geometry plot …
2025-07-31 13:42:54,825 | INFO     | Raw geometry visualisation completed and saved.
2025-07-31 13:42:54,825 | INFO     | Processing and visualising aligned geometry …
2025-07-31 13:42:54,825 | INFO     | Instantiating ProcessedGeometry with spline/segment settings …
2025-07-31 13:42:54,825 | INFO     | ProcessedGeometry successfully instantiated.
2025-07-31 13:42:54,825 | INFO     | Extracting and aligning geometry with twist=10.9°, cx=0.00, cy=-0.01
2025-07-31 13:42:55,447 | INFO     | Geometry aligned and transformed successfully.
2025-07-31 13:42:55,447 | INFO     | Generating processed geometry visualisation with trailing edge zoom …
2025-07-31 13:42:56,225 | INFO     | Processed geometry preview saved -> C:\Users\Sam Hughes\Desktop\geometry_tools\n_sections\results\analysis\2025-07-31_13-42-47\Station_4\processed_Station_4.png
2025-07-31 13:42:56,225 | INFO     | Launching convergence study pipeline …
2025-07-31 13:42:56,225 | INFO     | Starting section convergence study using 3 mesh sizes: [40.  10.   2.5]
2025-07-31 13:43:00,365 | INFO     | ConvergenceStudy instantiated. Running results computation …
2025-07-31 13:43:00,365 | INFO     | Convergence study completed successfully.
2025-07-31 13:43:00,365 | INFO     | Creating convergence visualisation …
2025-07-31 13:43:01,665 | INFO     | Convergence visualisation saved.
2025-07-31 13:43:01,665 | INFO     | Building metadata container for section Station_4 …
2025-07-31 13:43:01,665 | INFO     | MetadataBin created.
2025-07-31 13:43:01,665 | INFO     | Composing SectionAnalysisResultSet …
2025-07-31 13:43:01,665 | INFO     | SectionAnalysisResultSet successfully built.
2025-07-31 13:43:01,665 | INFO     | Saving results to directory: C:\Users\Sam Hughes\Desktop\geometry_tools\n_sections\results\analysis\2025-07-31_13-42-47\Station_4
2025-07-31 13:43:01,665 | INFO     | Section analysis results successfully saved.
