2025-08-12 00:37:02,255 - INFO - Logger initialized for ConvergenceStudy [Station_12]
2025-08-12 00:37:02,256 - INFO - Starting convergence study over 3 mesh sizes: [40.  10.   2.5]
2025-08-12 00:37:02,256 - INFO - [1/3] Processing mesh size h = 40
2025-08-12 00:37:02,257 - DEBUG - [Station_12_h40] Copying geometry and initiating meshing …
2025-08-12 00:37:02,275 - INFO - [Station_12_h40] Mesh created successfully
2025-08-12 00:37:02,276 - DEBUG - [Station_12_h40] Starting section property calculation …
2025-08-12 00:37:04,057 - DEBUG - [Station_12_h40] Section analysis row returned
2025-08-12 00:37:04,061 - INFO - [Station_12_h40] Section analysis completed successfully.
2025-08-12 00:37:04,061 - INFO - [2/3] Processing mesh size h = 10
2025-08-12 00:37:04,062 - DEBUG - [Station_12_h10] Copying geometry and initiating meshing …
2025-08-12 00:37:04,078 - INFO - [Station_12_h10] Mesh created successfully
2025-08-12 00:37:04,079 - DEBUG - [Station_12_h10] Starting section property calculation …
2025-08-12 00:37:05,047 - DEBUG - [Station_12_h10] Section analysis row returned
2025-08-12 00:37:05,049 - INFO - [Station_12_h10] Section analysis completed successfully.
2025-08-12 00:37:05,050 - INFO - [3/3] Processing mesh size h = 2.5
2025-08-12 00:37:05,050 - DEBUG - [Station_12_h2.5] Copying geometry and initiating meshing …
2025-08-12 00:37:05,064 - INFO - [Station_12_h2.5] Mesh created successfully
2025-08-12 00:37:05,064 - DEBUG - [Station_12_h2.5] Starting section property calculation …
2025-08-12 00:37:06,138 - DEBUG - [Station_12_h2.5] Section analysis row returned
2025-08-12 00:37:06,141 - INFO - [Station_12_h2.5] Section analysis completed successfully.
2025-08-12 00:37:06,141 - INFO - Convergence study completed: 3 successful, 3 attempted
2025-08-12 00:37:06,142 - INFO - Generating convergence visualisation …
2025-08-12 00:37:07,943 - INFO - Convergence visualisation completed.
