2025-08-12 00:37:00,034 | INFO     | Logging initialized for ProcessSectionAnalysis
2025-08-12 00:37:00,034 | INFO     | Station Station_12 [Analysis]: DXF=C:\Users\samea\Desktop\geometry_tools\n_sections\blade\Station_12.dxf, twist=1.4°, centroid=(0.00, -0.00)
2025-08-12 00:37:00,034 | INFO     | Starting raw geometry processing …
2025-08-12 00:37:00,034 | INFO     | Instantiating RawGeometry for DXF: C:\Users\samea\Desktop\geometry_tools\n_sections\blade\Station_12.dxf
2025-08-12 00:37:00,035 | INFO     | RawGeometry created successfully.
2025-08-12 00:37:00,035 | INFO     | Generating raw geometry plot …
2025-08-12 00:37:00,450 | INFO     | Raw geometry visualisation completed and saved.
2025-08-12 00:37:00,451 | INFO     | Processing and visualising aligned geometry …
2025-08-12 00:37:00,451 | INFO     | Instantiating ProcessedGeometry with spline/segment settings …
2025-08-12 00:37:00,451 | INFO     | ProcessedGeometry successfully instantiated.
2025-08-12 00:37:00,451 | INFO     | Extracting and aligning geometry with twist=1.4°, cx=0.00, cy=-0.00
2025-08-12 00:37:01,164 | INFO     | Geometry aligned and transformed successfully.
2025-08-12 00:37:01,165 | INFO     | Generating processed geometry visualisation with trailing edge zoom …
2025-08-12 00:37:02,254 | INFO     | Processed geometry preview saved -> C:\Users\samea\Desktop\geometry_tools\n_sections\results\analysis\2025-08-12_00-36-10\Station_12\processed_Station_12.png
2025-08-12 00:37:02,254 | INFO     | Launching convergence study pipeline …
2025-08-12 00:37:02,254 | INFO     | Starting section convergence study using 3 mesh sizes: [40.  10.   2.5]
2025-08-12 00:37:07,943 | INFO     | ConvergenceStudy instantiated. Running results computation …
2025-08-12 00:37:07,943 | INFO     | Convergence study completed successfully.
2025-08-12 00:37:07,943 | INFO     | Creating convergence visualisation …
2025-08-12 00:37:09,818 | INFO     | Convergence visualisation saved.
2025-08-12 00:37:09,818 | INFO     | Building metadata container for section Station_12 …
2025-08-12 00:37:09,818 | INFO     | MetadataBin created.
2025-08-12 00:37:09,818 | INFO     | Composing SectionAnalysisResultSet …
2025-08-12 00:37:09,818 | INFO     | SectionAnalysisResultSet successfully built.
2025-08-12 00:37:09,818 | INFO     | Saving results to directory: C:\Users\samea\Desktop\geometry_tools\n_sections\results\analysis\2025-08-12_00-36-10\Station_12
2025-08-12 00:37:09,821 | INFO     | Section analysis results successfully saved.
