2025-08-20 02:52:48,925 | INFO     | Logging initialized for ProcessSectionAnalysis
2025-08-20 02:52:48,926 | INFO     | Station sec_041_r0.487 [Analysis]: DXF=C:\Users\samea\Desktop\geometry_tools\n_sections\blade\sec_041_r0.487.dxf, twist=7.2°, origin: CP-proxy @ 33.0% chord
2025-08-20 02:52:48,926 | INFO     | Starting raw geometry processing …
2025-08-20 02:52:48,926 | INFO     | Instantiating RawGeometry for DXF: C:\Users\samea\Desktop\geometry_tools\n_sections\blade\sec_041_r0.487.dxf
2025-08-20 02:52:48,927 | INFO     | RawGeometry created successfully.
2025-08-20 02:52:48,927 | INFO     | Generating raw geometry plot …
2025-08-20 02:52:49,234 | INFO     | Raw geometry visualisation completed and saved.
2025-08-20 02:52:49,234 | INFO     | Processing and visualising aligned geometry …
2025-08-20 02:52:49,234 | INFO     | Instantiating ProcessedGeometry with spline/segment settings …
2025-08-20 02:52:49,235 | INFO     | ProcessedGeometry successfully instantiated.
2025-08-20 02:52:49,235 | INFO     | Extracting (pass-through orientation & origin): twist=7.2°, origin_mode=cop, cop_fraction=0.330, cx=0.01, cy=0.00, resample_exterior=True
2025-08-20 02:52:49,256 | INFO     | Geometry extracted (no twist/origin applied).
2025-08-20 02:52:49,256 | INFO     | Generating processed geometry visualisation with trailing edge zoom …
2025-08-20 02:52:50,341 | INFO     | Processed geometry preview saved -> C:\Users\samea\Desktop\geometry_tools\n_sections\results\analysis\2025-08-20_02-49-41\sec_041_r0.487\processed_sec_041_r0.487.png
2025-08-20 02:52:50,341 | INFO     | Launching convergence study pipeline …
2025-08-20 02:52:50,341 | INFO     | Starting section convergence study using 1 mesh sizes: [40.]
2025-08-20 02:52:52,579 | INFO     | ConvergenceStudy instantiated. Running results computation …
2025-08-20 02:52:52,579 | INFO     | Convergence study completed successfully.
2025-08-20 02:52:52,579 | INFO     | Creating convergence visualisation …
2025-08-20 02:52:53,345 | INFO     | Convergence visualisation saved.
2025-08-20 02:52:53,345 | INFO     | Building metadata container for section sec_041_r0.487 …
2025-08-20 02:52:53,345 | INFO     | MetadataBin created.
2025-08-20 02:52:53,345 | INFO     | Composing SectionAnalysisResultSet …
2025-08-20 02:52:53,345 | INFO     | SectionAnalysisResultSet successfully built.
2025-08-20 02:52:53,345 | INFO     | Saving results to directory: C:\Users\samea\Desktop\geometry_tools\n_sections\results\analysis\2025-08-20_02-49-41\sec_041_r0.487
2025-08-20 02:52:53,345 | INFO     | Section analysis results successfully saved.
