2025-08-22 00:20:38,090 | INFO     | Logging initialized for ProcessSectionAnalysis
2025-08-22 00:20:38,091 | INFO     | Station sec_009_r1.000 [Analysis]: DXF=C:\Users\samea\Desktop\geometry_tools\n_sections\blade\sec_009_r1.000.dxf, twist=0.3°, origin: CP-proxy @ 33.0% chord
2025-08-22 00:20:38,091 | INFO     | Starting raw geometry processing …
2025-08-22 00:20:38,091 | INFO     | Instantiating RawGeometry for DXF: C:\Users\samea\Desktop\geometry_tools\n_sections\blade\sec_009_r1.000.dxf
2025-08-22 00:20:38,092 | INFO     | RawGeometry created successfully.
2025-08-22 00:20:38,092 | INFO     | Generating raw geometry plot …
2025-08-22 00:20:38,413 | INFO     | Raw geometry visualisation completed and saved.
2025-08-22 00:20:38,413 | INFO     | Processing and visualising aligned geometry …
2025-08-22 00:20:38,413 | INFO     | Instantiating ProcessedGeometry with spline/segment settings …
2025-08-22 00:20:38,413 | INFO     | ProcessedGeometry successfully instantiated.
2025-08-22 00:20:38,413 | INFO     | Extracting (pass-through orientation & origin): twist=0.3°, origin_mode=cop, cop_fraction=0.330, cx=0.00, cy=0.00, resample_exterior=True
2025-08-22 00:20:38,444 | INFO     | Geometry extracted (no twist/origin applied).
2025-08-22 00:20:38,444 | INFO     | Generating processed geometry visualisation with trailing edge zoom …
2025-08-22 00:20:39,521 | INFO     | Processed geometry preview saved -> C:\Users\samea\Desktop\geometry_tools\n_sections\results\analysis\2025-08-22_00-19-57\sec_009_r1.000\processed_sec_009_r1.000.png
2025-08-22 00:20:39,521 | INFO     | Launching convergence study pipeline …
2025-08-22 00:20:39,521 | INFO     | Starting section convergence study using 1 mesh sizes: [40.]
2025-08-22 00:20:41,683 | INFO     | ConvergenceStudy instantiated. Running results computation …
2025-08-22 00:20:41,683 | INFO     | Convergence study completed successfully.
2025-08-22 00:20:41,683 | INFO     | Creating convergence visualisation …
2025-08-22 00:20:42,316 | INFO     | Convergence visualisation saved.
2025-08-22 00:20:42,316 | INFO     | Building metadata container for section sec_009_r1.000 …
2025-08-22 00:20:42,316 | INFO     | MetadataBin created.
2025-08-22 00:20:42,316 | INFO     | Composing SectionAnalysisResultSet …
2025-08-22 00:20:42,316 | INFO     | SectionAnalysisResultSet successfully built.
2025-08-22 00:20:42,316 | INFO     | Saving results to directory: C:\Users\samea\Desktop\geometry_tools\n_sections\results\analysis\2025-08-22_00-19-57\sec_009_r1.000
2025-08-22 00:20:42,323 | INFO     | Section analysis results successfully saved.
