2025-08-20 02:53:06,966 | INFO     | Logging initialized for ProcessSectionAnalysis
2025-08-20 02:53:06,966 | INFO     | Station sec_045_r0.523 [Analysis]: DXF=C:\Users\samea\Desktop\geometry_tools\n_sections\blade\sec_045_r0.523.dxf, twist=6.4°, origin: CP-proxy @ 33.0% chord
2025-08-20 02:53:06,966 | INFO     | Starting raw geometry processing …
2025-08-20 02:53:06,966 | INFO     | Instantiating RawGeometry for DXF: C:\Users\samea\Desktop\geometry_tools\n_sections\blade\sec_045_r0.523.dxf
2025-08-20 02:53:06,968 | INFO     | RawGeometry created successfully.
2025-08-20 02:53:06,968 | INFO     | Generating raw geometry plot …
2025-08-20 02:53:07,398 | INFO     | Raw geometry visualisation completed and saved.
2025-08-20 02:53:07,398 | INFO     | Processing and visualising aligned geometry …
2025-08-20 02:53:07,398 | INFO     | Instantiating ProcessedGeometry with spline/segment settings …
2025-08-20 02:53:07,399 | INFO     | ProcessedGeometry successfully instantiated.
2025-08-20 02:53:07,399 | INFO     | Extracting (pass-through orientation & origin): twist=6.4°, origin_mode=cop, cop_fraction=0.330, cx=0.01, cy=0.00, resample_exterior=True
2025-08-20 02:53:07,432 | INFO     | Geometry extracted (no twist/origin applied).
2025-08-20 02:53:07,432 | INFO     | Generating processed geometry visualisation with trailing edge zoom …
2025-08-20 02:53:08,599 | INFO     | Processed geometry preview saved -> C:\Users\samea\Desktop\geometry_tools\n_sections\results\analysis\2025-08-20_02-49-41\sec_045_r0.523\processed_sec_045_r0.523.png
2025-08-20 02:53:08,599 | INFO     | Launching convergence study pipeline …
2025-08-20 02:53:08,599 | INFO     | Starting section convergence study using 1 mesh sizes: [40.]
2025-08-20 02:53:11,006 | INFO     | ConvergenceStudy instantiated. Running results computation …
2025-08-20 02:53:11,006 | INFO     | Convergence study completed successfully.
2025-08-20 02:53:11,006 | INFO     | Creating convergence visualisation …
2025-08-20 02:53:11,801 | INFO     | Convergence visualisation saved.
2025-08-20 02:53:11,801 | INFO     | Building metadata container for section sec_045_r0.523 …
2025-08-20 02:53:11,801 | INFO     | MetadataBin created.
2025-08-20 02:53:11,801 | INFO     | Composing SectionAnalysisResultSet …
2025-08-20 02:53:11,801 | INFO     | SectionAnalysisResultSet successfully built.
2025-08-20 02:53:11,801 | INFO     | Saving results to directory: C:\Users\samea\Desktop\geometry_tools\n_sections\results\analysis\2025-08-20_02-49-41\sec_045_r0.523
2025-08-20 02:53:11,803 | INFO     | Section analysis results successfully saved.
