2025-08-20 02:56:27,956 | INFO     | Logging initialized for ProcessSectionAnalysis
2025-08-20 02:56:27,956 | INFO     | Station sec_089_r0.912 [Analysis]: DXF=C:\Users\samea\Desktop\geometry_tools\n_sections\blade\sec_089_r0.912.dxf, twist=1.1°, origin: CP-proxy @ 33.0% chord
2025-08-20 02:56:27,956 | INFO     | Starting raw geometry processing …
2025-08-20 02:56:27,956 | INFO     | Instantiating RawGeometry for DXF: C:\Users\samea\Desktop\geometry_tools\n_sections\blade\sec_089_r0.912.dxf
2025-08-20 02:56:27,956 | INFO     | RawGeometry created successfully.
2025-08-20 02:56:27,956 | INFO     | Generating raw geometry plot …
2025-08-20 02:56:28,335 | INFO     | Raw geometry visualisation completed and saved.
2025-08-20 02:56:28,335 | INFO     | Processing and visualising aligned geometry …
2025-08-20 02:56:28,335 | INFO     | Instantiating ProcessedGeometry with spline/segment settings …
2025-08-20 02:56:28,335 | INFO     | ProcessedGeometry successfully instantiated.
2025-08-20 02:56:28,335 | INFO     | Extracting (pass-through orientation & origin): twist=1.1°, origin_mode=cop, cop_fraction=0.330, cx=0.00, cy=0.00, resample_exterior=True
2025-08-20 02:56:28,366 | INFO     | Geometry extracted (no twist/origin applied).
2025-08-20 02:56:28,366 | INFO     | Generating processed geometry visualisation with trailing edge zoom …
2025-08-20 02:56:29,690 | INFO     | Processed geometry preview saved -> C:\Users\samea\Desktop\geometry_tools\n_sections\results\analysis\2025-08-20_02-49-41\sec_089_r0.912\processed_sec_089_r0.912.png
2025-08-20 02:56:29,690 | INFO     | Launching convergence study pipeline …
2025-08-20 02:56:29,690 | INFO     | Starting section convergence study using 1 mesh sizes: [40.]
2025-08-20 02:56:32,114 | INFO     | ConvergenceStudy instantiated. Running results computation …
2025-08-20 02:56:32,114 | INFO     | Convergence study completed successfully.
2025-08-20 02:56:32,114 | INFO     | Creating convergence visualisation …
2025-08-20 02:56:32,775 | INFO     | Convergence visualisation saved.
2025-08-20 02:56:32,775 | INFO     | Building metadata container for section sec_089_r0.912 …
2025-08-20 02:56:32,775 | INFO     | MetadataBin created.
2025-08-20 02:56:32,775 | INFO     | Composing SectionAnalysisResultSet …
2025-08-20 02:56:32,776 | INFO     | SectionAnalysisResultSet successfully built.
2025-08-20 02:56:32,776 | INFO     | Saving results to directory: C:\Users\samea\Desktop\geometry_tools\n_sections\results\analysis\2025-08-20_02-49-41\sec_089_r0.912
2025-08-20 02:56:32,778 | INFO     | Section analysis results successfully saved.
