2025-08-20 02:54:33,629 | INFO     | Logging initialized for ProcessSectionAnalysis
2025-08-20 02:54:33,629 | INFO     | Station sec_064_r0.691 [Analysis]: DXF=C:\Users\samea\Desktop\geometry_tools\n_sections\blade\sec_064_r0.691.dxf, twist=3.4°, origin: CP-proxy @ 33.0% chord
2025-08-20 02:54:33,629 | INFO     | Starting raw geometry processing …
2025-08-20 02:54:33,629 | INFO     | Instantiating RawGeometry for DXF: C:\Users\samea\Desktop\geometry_tools\n_sections\blade\sec_064_r0.691.dxf
2025-08-20 02:54:33,631 | INFO     | RawGeometry created successfully.
2025-08-20 02:54:33,631 | INFO     | Generating raw geometry plot …
2025-08-20 02:54:33,970 | INFO     | Raw geometry visualisation completed and saved.
2025-08-20 02:54:33,970 | INFO     | Processing and visualising aligned geometry …
2025-08-20 02:54:33,970 | INFO     | Instantiating ProcessedGeometry with spline/segment settings …
2025-08-20 02:54:33,970 | INFO     | ProcessedGeometry successfully instantiated.
2025-08-20 02:54:33,970 | INFO     | Extracting (pass-through orientation & origin): twist=3.4°, origin_mode=cop, cop_fraction=0.330, cx=0.00, cy=0.00, resample_exterior=True
2025-08-20 02:54:33,992 | INFO     | Geometry extracted (no twist/origin applied).
2025-08-20 02:54:33,992 | INFO     | Generating processed geometry visualisation with trailing edge zoom …
2025-08-20 02:54:35,136 | INFO     | Processed geometry preview saved -> C:\Users\samea\Desktop\geometry_tools\n_sections\results\analysis\2025-08-20_02-49-41\sec_064_r0.691\processed_sec_064_r0.691.png
2025-08-20 02:54:35,136 | INFO     | Launching convergence study pipeline …
2025-08-20 02:54:35,136 | INFO     | Starting section convergence study using 1 mesh sizes: [40.]
2025-08-20 02:54:37,440 | INFO     | ConvergenceStudy instantiated. Running results computation …
2025-08-20 02:54:37,440 | INFO     | Convergence study completed successfully.
2025-08-20 02:54:37,440 | INFO     | Creating convergence visualisation …
2025-08-20 02:54:38,076 | INFO     | Convergence visualisation saved.
2025-08-20 02:54:38,076 | INFO     | Building metadata container for section sec_064_r0.691 …
2025-08-20 02:54:38,076 | INFO     | MetadataBin created.
2025-08-20 02:54:38,076 | INFO     | Composing SectionAnalysisResultSet …
2025-08-20 02:54:38,076 | INFO     | SectionAnalysisResultSet successfully built.
2025-08-20 02:54:38,076 | INFO     | Saving results to directory: C:\Users\samea\Desktop\geometry_tools\n_sections\results\analysis\2025-08-20_02-49-41\sec_064_r0.691
2025-08-20 02:54:38,079 | INFO     | Section analysis results successfully saved.
