2025-08-20 02:50:50,761 | INFO     | Logging initialized for ProcessSectionAnalysis
2025-08-20 02:50:50,761 | INFO     | Station sec_015_r0.258 [Analysis]: DXF=C:\Users\samea\Desktop\geometry_tools\n_sections\blade\sec_015_r0.258.dxf, twist=18.0°, origin: CP-proxy @ 33.0% chord
2025-08-20 02:50:50,761 | INFO     | Starting raw geometry processing …
2025-08-20 02:50:50,761 | INFO     | Instantiating RawGeometry for DXF: C:\Users\samea\Desktop\geometry_tools\n_sections\blade\sec_015_r0.258.dxf
2025-08-20 02:50:50,762 | INFO     | RawGeometry created successfully.
2025-08-20 02:50:50,762 | INFO     | Generating raw geometry plot …
2025-08-20 02:50:51,111 | INFO     | Raw geometry visualisation completed and saved.
2025-08-20 02:50:51,112 | INFO     | Processing and visualising aligned geometry …
2025-08-20 02:50:51,112 | INFO     | Instantiating ProcessedGeometry with spline/segment settings …
2025-08-20 02:50:51,113 | INFO     | ProcessedGeometry successfully instantiated.
2025-08-20 02:50:51,113 | INFO     | Extracting (pass-through orientation & origin): twist=18.0°, origin_mode=cop, cop_fraction=0.330, cx=0.01, cy=0.01, resample_exterior=True
2025-08-20 02:50:51,139 | INFO     | Geometry extracted (no twist/origin applied).
2025-08-20 02:50:51,139 | INFO     | Generating processed geometry visualisation with trailing edge zoom …
2025-08-20 02:50:52,250 | INFO     | Processed geometry preview saved -> C:\Users\samea\Desktop\geometry_tools\n_sections\results\analysis\2025-08-20_02-49-41\sec_015_r0.258\processed_sec_015_r0.258.png
2025-08-20 02:50:52,250 | INFO     | Launching convergence study pipeline …
2025-08-20 02:50:52,251 | INFO     | Starting section convergence study using 1 mesh sizes: [40.]
2025-08-20 02:50:54,415 | INFO     | ConvergenceStudy instantiated. Running results computation …
2025-08-20 02:50:54,415 | INFO     | Convergence study completed successfully.
2025-08-20 02:50:54,415 | INFO     | Creating convergence visualisation …
2025-08-20 02:50:55,260 | INFO     | Convergence visualisation saved.
2025-08-20 02:50:55,260 | INFO     | Building metadata container for section sec_015_r0.258 …
2025-08-20 02:50:55,260 | INFO     | MetadataBin created.
2025-08-20 02:50:55,260 | INFO     | Composing SectionAnalysisResultSet …
2025-08-20 02:50:55,261 | INFO     | SectionAnalysisResultSet successfully built.
2025-08-20 02:50:55,261 | INFO     | Saving results to directory: C:\Users\samea\Desktop\geometry_tools\n_sections\results\analysis\2025-08-20_02-49-41\sec_015_r0.258
2025-08-20 02:50:55,263 | INFO     | Section analysis results successfully saved.
