2025-08-20 02:57:05,940 | INFO     | Logging initialized for ProcessSectionAnalysis
2025-08-20 02:57:05,940 | INFO     | Station sec_097_r0.982 [Analysis]: DXF=C:\Users\samea\Desktop\geometry_tools\n_sections\blade\sec_097_r0.982.dxf, twist=0.5°, origin: CP-proxy @ 33.0% chord
2025-08-20 02:57:05,940 | INFO     | Starting raw geometry processing …
2025-08-20 02:57:05,940 | INFO     | Instantiating RawGeometry for DXF: C:\Users\samea\Desktop\geometry_tools\n_sections\blade\sec_097_r0.982.dxf
2025-08-20 02:57:05,942 | INFO     | RawGeometry created successfully.
2025-08-20 02:57:05,942 | INFO     | Generating raw geometry plot …
2025-08-20 02:57:06,258 | INFO     | Raw geometry visualisation completed and saved.
2025-08-20 02:57:06,259 | INFO     | Processing and visualising aligned geometry …
2025-08-20 02:57:06,259 | INFO     | Instantiating ProcessedGeometry with spline/segment settings …
2025-08-20 02:57:06,260 | INFO     | ProcessedGeometry successfully instantiated.
2025-08-20 02:57:06,260 | INFO     | Extracting (pass-through orientation & origin): twist=0.5°, origin_mode=cop, cop_fraction=0.330, cx=0.00, cy=0.00, resample_exterior=True
2025-08-20 02:57:06,288 | INFO     | Geometry extracted (no twist/origin applied).
2025-08-20 02:57:06,288 | INFO     | Generating processed geometry visualisation with trailing edge zoom …
2025-08-20 02:57:07,517 | INFO     | Processed geometry preview saved -> C:\Users\samea\Desktop\geometry_tools\n_sections\results\analysis\2025-08-20_02-49-41\sec_097_r0.982\processed_sec_097_r0.982.png
2025-08-20 02:57:07,517 | INFO     | Launching convergence study pipeline …
2025-08-20 02:57:07,517 | INFO     | Starting section convergence study using 1 mesh sizes: [40.]
2025-08-20 02:57:09,943 | INFO     | ConvergenceStudy instantiated. Running results computation …
2025-08-20 02:57:09,943 | INFO     | Convergence study completed successfully.
2025-08-20 02:57:09,943 | INFO     | Creating convergence visualisation …
2025-08-20 02:57:10,772 | INFO     | Convergence visualisation saved.
2025-08-20 02:57:10,772 | INFO     | Building metadata container for section sec_097_r0.982 …
2025-08-20 02:57:10,772 | INFO     | MetadataBin created.
2025-08-20 02:57:10,772 | INFO     | Composing SectionAnalysisResultSet …
2025-08-20 02:57:10,772 | INFO     | SectionAnalysisResultSet successfully built.
2025-08-20 02:57:10,772 | INFO     | Saving results to directory: C:\Users\samea\Desktop\geometry_tools\n_sections\results\analysis\2025-08-20_02-49-41\sec_097_r0.982
2025-08-20 02:57:10,775 | INFO     | Section analysis results successfully saved.
