2025-07-31 13:43:03,348 - INFO - Logger initialized for ConvergenceStudy [Station_6]
2025-07-31 13:43:03,348 - INFO - Starting convergence study over 3 mesh sizes: [40.  10.   2.5]
2025-07-31 13:43:03,348 - INFO - [1/3] Processing mesh size h = 40
2025-07-31 13:43:03,348 - DEBUG - [Station_6_h40] Copying geometry and initiating meshing …
2025-07-31 13:43:03,360 - INFO - [Station_6_h40] Mesh created successfully
2025-07-31 13:43:03,360 - DEBUG - [Station_6_h40] Starting section property calculation …
2025-07-31 13:43:04,501 - DEBUG - [Station_6_h40] Section analysis row returned
2025-07-31 13:43:04,502 - INFO - [Station_6_h40] Section analysis completed successfully.
2025-07-31 13:43:04,503 - INFO - [2/3] Processing mesh size h = 10
2025-07-31 13:43:04,503 - DEBUG - [Station_6_h10] Copying geometry and initiating meshing …
2025-07-31 13:43:04,513 - INFO - [Station_6_h10] Mesh created successfully
2025-07-31 13:43:04,514 - DEBUG - [Station_6_h10] Starting section property calculation …
2025-07-31 13:43:05,200 - DEBUG - [Station_6_h10] Section analysis row returned
2025-07-31 13:43:05,200 - INFO - [Station_6_h10] Section analysis completed successfully.
2025-07-31 13:43:05,200 - INFO - [3/3] Processing mesh size h = 2.5
2025-07-31 13:43:05,205 - DEBUG - [Station_6_h2.5] Copying geometry and initiating meshing …
2025-07-31 13:43:05,216 - INFO - [Station_6_h2.5] Mesh created successfully
2025-07-31 13:43:05,216 - DEBUG - [Station_6_h2.5] Starting section property calculation …
2025-07-31 13:43:05,885 - DEBUG - [Station_6_h2.5] Section analysis row returned
2025-07-31 13:43:05,885 - INFO - [Station_6_h2.5] Section analysis completed successfully.
2025-07-31 13:43:05,885 - INFO - Convergence study completed: 3 successful, 3 attempted
2025-07-31 13:43:05,885 - INFO - Generating convergence visualisation …
2025-07-31 13:43:07,146 - INFO - Convergence visualisation completed.
