2025-08-20 02:56:04,300 | INFO     | Logging initialized for ProcessSectionAnalysis
2025-08-20 02:56:04,300 | INFO     | Station sec_084_r0.867 [Analysis]: DXF=C:\Users\samea\Desktop\geometry_tools\n_sections\blade\sec_084_r0.867.dxf, twist=1.5°, origin: CP-proxy @ 33.0% chord
2025-08-20 02:56:04,300 | INFO     | Starting raw geometry processing …
2025-08-20 02:56:04,300 | INFO     | Instantiating RawGeometry for DXF: C:\Users\samea\Desktop\geometry_tools\n_sections\blade\sec_084_r0.867.dxf
2025-08-20 02:56:04,316 | INFO     | RawGeometry created successfully.
2025-08-20 02:56:04,316 | INFO     | Generating raw geometry plot …
2025-08-20 02:56:04,616 | INFO     | Raw geometry visualisation completed and saved.
2025-08-20 02:56:04,616 | INFO     | Processing and visualising aligned geometry …
2025-08-20 02:56:04,616 | INFO     | Instantiating ProcessedGeometry with spline/segment settings …
2025-08-20 02:56:04,616 | INFO     | ProcessedGeometry successfully instantiated.
2025-08-20 02:56:04,616 | INFO     | Extracting (pass-through orientation & origin): twist=1.5°, origin_mode=cop, cop_fraction=0.330, cx=0.00, cy=0.00, resample_exterior=True
2025-08-20 02:56:04,660 | INFO     | Geometry extracted (no twist/origin applied).
2025-08-20 02:56:04,660 | INFO     | Generating processed geometry visualisation with trailing edge zoom …
2025-08-20 02:56:05,820 | INFO     | Processed geometry preview saved -> C:\Users\samea\Desktop\geometry_tools\n_sections\results\analysis\2025-08-20_02-49-41\sec_084_r0.867\processed_sec_084_r0.867.png
2025-08-20 02:56:05,820 | INFO     | Launching convergence study pipeline …
2025-08-20 02:56:05,820 | INFO     | Starting section convergence study using 1 mesh sizes: [40.]
2025-08-20 02:56:08,379 | INFO     | ConvergenceStudy instantiated. Running results computation …
2025-08-20 02:56:08,379 | INFO     | Convergence study completed successfully.
2025-08-20 02:56:08,379 | INFO     | Creating convergence visualisation …
2025-08-20 02:56:09,076 | INFO     | Convergence visualisation saved.
2025-08-20 02:56:09,076 | INFO     | Building metadata container for section sec_084_r0.867 …
2025-08-20 02:56:09,076 | INFO     | MetadataBin created.
2025-08-20 02:56:09,076 | INFO     | Composing SectionAnalysisResultSet …
2025-08-20 02:56:09,076 | INFO     | SectionAnalysisResultSet successfully built.
2025-08-20 02:56:09,077 | INFO     | Saving results to directory: C:\Users\samea\Desktop\geometry_tools\n_sections\results\analysis\2025-08-20_02-49-41\sec_084_r0.867
2025-08-20 02:56:09,079 | INFO     | Section analysis results successfully saved.
