2025-08-20 02:51:26,107 | INFO     | Logging initialized for ProcessSectionAnalysis
2025-08-20 02:51:26,107 | INFO     | Station sec_023_r0.328 [Analysis]: DXF=C:\Users\samea\Desktop\geometry_tools\n_sections\blade\sec_023_r0.328.dxf, twist=13.1°, origin: CP-proxy @ 33.0% chord
2025-08-20 02:51:26,107 | INFO     | Starting raw geometry processing …
2025-08-20 02:51:26,107 | INFO     | Instantiating RawGeometry for DXF: C:\Users\samea\Desktop\geometry_tools\n_sections\blade\sec_023_r0.328.dxf
2025-08-20 02:51:26,107 | INFO     | RawGeometry created successfully.
2025-08-20 02:51:26,107 | INFO     | Generating raw geometry plot …
2025-08-20 02:51:26,475 | INFO     | Raw geometry visualisation completed and saved.
2025-08-20 02:51:26,475 | INFO     | Processing and visualising aligned geometry …
2025-08-20 02:51:26,475 | INFO     | Instantiating ProcessedGeometry with spline/segment settings …
2025-08-20 02:51:26,475 | INFO     | ProcessedGeometry successfully instantiated.
2025-08-20 02:51:26,475 | INFO     | Extracting (pass-through orientation & origin): twist=13.1°, origin_mode=cop, cop_fraction=0.330, cx=0.01, cy=0.00, resample_exterior=True
2025-08-20 02:51:26,509 | INFO     | Geometry extracted (no twist/origin applied).
2025-08-20 02:51:26,509 | INFO     | Generating processed geometry visualisation with trailing edge zoom …
2025-08-20 02:51:27,581 | INFO     | Processed geometry preview saved -> C:\Users\samea\Desktop\geometry_tools\n_sections\results\analysis\2025-08-20_02-49-41\sec_023_r0.328\processed_sec_023_r0.328.png
2025-08-20 02:51:27,581 | INFO     | Launching convergence study pipeline …
2025-08-20 02:51:27,581 | INFO     | Starting section convergence study using 1 mesh sizes: [40.]
2025-08-20 02:51:30,115 | INFO     | ConvergenceStudy instantiated. Running results computation …
2025-08-20 02:51:30,115 | INFO     | Convergence study completed successfully.
2025-08-20 02:51:30,115 | INFO     | Creating convergence visualisation …
2025-08-20 02:51:30,923 | INFO     | Convergence visualisation saved.
2025-08-20 02:51:30,923 | INFO     | Building metadata container for section sec_023_r0.328 …
2025-08-20 02:51:30,923 | INFO     | MetadataBin created.
2025-08-20 02:51:30,923 | INFO     | Composing SectionAnalysisResultSet …
2025-08-20 02:51:30,923 | INFO     | SectionAnalysisResultSet successfully built.
2025-08-20 02:51:30,923 | INFO     | Saving results to directory: C:\Users\samea\Desktop\geometry_tools\n_sections\results\analysis\2025-08-20_02-49-41\sec_023_r0.328
2025-08-20 02:51:30,926 | INFO     | Section analysis results successfully saved.
