2025-08-20 02:55:04,790 | INFO     | Logging initialized for ProcessSectionAnalysis
2025-08-20 02:55:04,790 | INFO     | Station sec_071_r0.753 [Analysis]: DXF=C:\Users\samea\Desktop\geometry_tools\n_sections\blade\sec_071_r0.753.dxf, twist=2.7°, origin: CP-proxy @ 33.0% chord
2025-08-20 02:55:04,790 | INFO     | Starting raw geometry processing …
2025-08-20 02:55:04,790 | INFO     | Instantiating RawGeometry for DXF: C:\Users\samea\Desktop\geometry_tools\n_sections\blade\sec_071_r0.753.dxf
2025-08-20 02:55:04,790 | INFO     | RawGeometry created successfully.
2025-08-20 02:55:04,790 | INFO     | Generating raw geometry plot …
2025-08-20 02:55:05,144 | INFO     | Raw geometry visualisation completed and saved.
2025-08-20 02:55:05,144 | INFO     | Processing and visualising aligned geometry …
2025-08-20 02:55:05,144 | INFO     | Instantiating ProcessedGeometry with spline/segment settings …
2025-08-20 02:55:05,146 | INFO     | ProcessedGeometry successfully instantiated.
2025-08-20 02:55:05,146 | INFO     | Extracting (pass-through orientation & origin): twist=2.7°, origin_mode=cop, cop_fraction=0.330, cx=0.00, cy=0.00, resample_exterior=True
2025-08-20 02:55:05,171 | INFO     | Geometry extracted (no twist/origin applied).
2025-08-20 02:55:05,171 | INFO     | Generating processed geometry visualisation with trailing edge zoom …
2025-08-20 02:55:06,230 | INFO     | Processed geometry preview saved -> C:\Users\samea\Desktop\geometry_tools\n_sections\results\analysis\2025-08-20_02-49-41\sec_071_r0.753\processed_sec_071_r0.753.png
2025-08-20 02:55:06,230 | INFO     | Launching convergence study pipeline …
2025-08-20 02:55:06,230 | INFO     | Starting section convergence study using 1 mesh sizes: [40.]
2025-08-20 02:55:08,430 | INFO     | ConvergenceStudy instantiated. Running results computation …
2025-08-20 02:55:08,430 | INFO     | Convergence study completed successfully.
2025-08-20 02:55:08,430 | INFO     | Creating convergence visualisation …
2025-08-20 02:55:09,063 | INFO     | Convergence visualisation saved.
2025-08-20 02:55:09,063 | INFO     | Building metadata container for section sec_071_r0.753 …
2025-08-20 02:55:09,063 | INFO     | MetadataBin created.
2025-08-20 02:55:09,063 | INFO     | Composing SectionAnalysisResultSet …
2025-08-20 02:55:09,063 | INFO     | SectionAnalysisResultSet successfully built.
2025-08-20 02:55:09,063 | INFO     | Saving results to directory: C:\Users\samea\Desktop\geometry_tools\n_sections\results\analysis\2025-08-20_02-49-41\sec_071_r0.753
2025-08-20 02:55:09,063 | INFO     | Section analysis results successfully saved.
