2025-08-20 02:50:27,484 | INFO     | Logging initialized for ProcessSectionAnalysis
2025-08-20 02:50:27,484 | INFO     | Station sec_010_r0.213 [Analysis]: DXF=C:\Users\samea\Desktop\geometry_tools\n_sections\blade\sec_010_r0.213.dxf, twist=22.6°, origin: CP-proxy @ 33.0% chord
2025-08-20 02:50:27,484 | INFO     | Starting raw geometry processing …
2025-08-20 02:50:27,484 | INFO     | Instantiating RawGeometry for DXF: C:\Users\samea\Desktop\geometry_tools\n_sections\blade\sec_010_r0.213.dxf
2025-08-20 02:50:27,485 | INFO     | RawGeometry created successfully.
2025-08-20 02:50:27,485 | INFO     | Generating raw geometry plot …
2025-08-20 02:50:27,835 | INFO     | Raw geometry visualisation completed and saved.
2025-08-20 02:50:27,835 | INFO     | Processing and visualising aligned geometry …
2025-08-20 02:50:27,835 | INFO     | Instantiating ProcessedGeometry with spline/segment settings …
2025-08-20 02:50:27,835 | INFO     | ProcessedGeometry successfully instantiated.
2025-08-20 02:50:27,835 | INFO     | Extracting (pass-through orientation & origin): twist=22.6°, origin_mode=cop, cop_fraction=0.330, cx=0.01, cy=0.01, resample_exterior=True
2025-08-20 02:50:27,854 | INFO     | Geometry extracted (no twist/origin applied).
2025-08-20 02:50:27,854 | INFO     | Generating processed geometry visualisation with trailing edge zoom …
2025-08-20 02:50:29,198 | INFO     | Processed geometry preview saved -> C:\Users\samea\Desktop\geometry_tools\n_sections\results\analysis\2025-08-20_02-49-41\sec_010_r0.213\processed_sec_010_r0.213.png
2025-08-20 02:50:29,198 | INFO     | Launching convergence study pipeline …
2025-08-20 02:50:29,198 | INFO     | Starting section convergence study using 1 mesh sizes: [40.]
2025-08-20 02:50:31,463 | INFO     | ConvergenceStudy instantiated. Running results computation …
2025-08-20 02:50:31,463 | INFO     | Convergence study completed successfully.
2025-08-20 02:50:31,463 | INFO     | Creating convergence visualisation …
2025-08-20 02:50:32,223 | INFO     | Convergence visualisation saved.
2025-08-20 02:50:32,224 | INFO     | Building metadata container for section sec_010_r0.213 …
2025-08-20 02:50:32,224 | INFO     | MetadataBin created.
2025-08-20 02:50:32,224 | INFO     | Composing SectionAnalysisResultSet …
2025-08-20 02:50:32,224 | INFO     | SectionAnalysisResultSet successfully built.
2025-08-20 02:50:32,224 | INFO     | Saving results to directory: C:\Users\samea\Desktop\geometry_tools\n_sections\results\analysis\2025-08-20_02-49-41\sec_010_r0.213
2025-08-20 02:50:32,226 | INFO     | Section analysis results successfully saved.
