2025-08-22 00:20:02,209 | INFO     | Logging initialized for ProcessSectionAnalysis
2025-08-22 00:20:02,209 | INFO     | Station sec_001_r0.129 [Analysis]: DXF=C:\Users\samea\Desktop\geometry_tools\n_sections\blade\sec_001_r0.129.dxf, twist=34.1°, origin: CP-proxy @ 33.0% chord
2025-08-22 00:20:02,209 | INFO     | Starting raw geometry processing …
2025-08-22 00:20:02,209 | INFO     | Instantiating RawGeometry for DXF: C:\Users\samea\Desktop\geometry_tools\n_sections\blade\sec_001_r0.129.dxf
2025-08-22 00:20:02,209 | INFO     | RawGeometry created successfully.
2025-08-22 00:20:02,209 | INFO     | Generating raw geometry plot …
2025-08-22 00:20:02,575 | INFO     | Raw geometry visualisation completed and saved.
2025-08-22 00:20:02,575 | INFO     | Processing and visualising aligned geometry …
2025-08-22 00:20:02,575 | INFO     | Instantiating ProcessedGeometry with spline/segment settings …
2025-08-22 00:20:02,575 | INFO     | ProcessedGeometry successfully instantiated.
2025-08-22 00:20:02,575 | INFO     | Extracting (pass-through orientation & origin): twist=34.1°, origin_mode=cop, cop_fraction=0.330, cx=0.01, cy=0.01, resample_exterior=True
2025-08-22 00:20:02,597 | INFO     | Geometry extracted (no twist/origin applied).
2025-08-22 00:20:02,597 | INFO     | Generating processed geometry visualisation with trailing edge zoom …
2025-08-22 00:20:03,592 | INFO     | Processed geometry preview saved -> C:\Users\samea\Desktop\geometry_tools\n_sections\results\analysis\2025-08-22_00-19-57\sec_001_r0.129\processed_sec_001_r0.129.png
2025-08-22 00:20:03,592 | INFO     | Launching convergence study pipeline …
2025-08-22 00:20:03,592 | INFO     | Starting section convergence study using 1 mesh sizes: [40.]
2025-08-22 00:20:05,687 | INFO     | ConvergenceStudy instantiated. Running results computation …
2025-08-22 00:20:05,687 | INFO     | Convergence study completed successfully.
2025-08-22 00:20:05,687 | INFO     | Creating convergence visualisation …
2025-08-22 00:20:06,329 | INFO     | Convergence visualisation saved.
2025-08-22 00:20:06,329 | INFO     | Building metadata container for section sec_001_r0.129 …
2025-08-22 00:20:06,329 | INFO     | MetadataBin created.
2025-08-22 00:20:06,329 | INFO     | Composing SectionAnalysisResultSet …
2025-08-22 00:20:06,329 | INFO     | SectionAnalysisResultSet successfully built.
2025-08-22 00:20:06,329 | INFO     | Saving results to directory: C:\Users\samea\Desktop\geometry_tools\n_sections\results\analysis\2025-08-22_00-19-57\sec_001_r0.129
2025-08-22 00:20:06,329 | INFO     | Section analysis results successfully saved.
