2025-07-29 15:16:28,053 - INFO - 🌀 DXF mesh-convergence pipeline started
2025-07-29 15:16:28,054 - INFO - Mesh size targets: [40.      10.       2.5      0.625    0.15625]
2025-07-29 15:16:28,054 - INFO - Station Station_2 [Analysis]: DXF=C:\Users\Sam Hughes\Desktop\geometry_tools\n_sections\blade\Station_2.dxf, twist=18.7°, centroid=(0.01, -0.01)
2025-07-29 15:16:28,056 - INFO - Reading DXF file: C:\Users\Sam Hughes\Desktop\geometry_tools\n_sections\blade\Station_2.dxf
2025-07-29 15:16:28,056 - INFO - DXF version upgrade to DXF R2000.
2025-07-29 15:16:28,071 - INFO - creating ACAD_COLOR dictionary
2025-07-29 15:16:28,071 - INFO - creating ACAD_PLOTSTYLENAME dictionary
2025-07-29 15:16:28,071 - INFO - creating ACAD_TABLESTYLE dictionary
2025-07-29 15:16:28,075 - INFO - Raw geometry extraction complete. 66 drawable entities parsed.
2025-07-29 15:16:28,206 - INFO - Plotting 66 DXF entities for preview...
2025-07-29 15:16:28,422 - INFO - Raw preview saved -> C:\Users\Sam Hughes\Desktop\geometry_tools\n_sections\results\analysis\Station_2\raw_Station_2.png
2025-07-29 15:16:28,422 - INFO - [Station_2] Importing DXF: 'C:\Users\Sam Hughes\Desktop\geometry_tools\n_sections\blade\Station_2.dxf'
2025-07-29 15:16:28,468 - INFO - DXF version upgrade to DXF R2000.
2025-07-29 15:16:28,472 - INFO - creating ACAD_COLOR dictionary
2025-07-29 15:16:28,472 - INFO - creating ACAD_PLOTSTYLENAME dictionary
2025-07-29 15:16:28,472 - INFO - creating ACAD_TABLESTYLE dictionary
2025-07-29 15:16:28,475 - INFO - cleanup is depreciated BTW. Use the polygonize function instead
2025-07-29 15:16:28,605 - INFO - Zipped 53 points
2025-07-29 15:16:28,619 - INFO - [Station_2] Geometry meshed with mesh_sizes=0.5.
2025-07-29 15:16:29,030 - INFO - [Station_2] Actual centroid: (0.0368, 0.0001)
2025-07-29 15:16:29,030 - INFO - [Station_2] Desired centroid: (0.0058, -0.0094)
2025-07-29 15:16:29,030 - INFO - [Station_2] Applying translation dx=-0.0309, dy=-0.0095
2025-07-29 15:16:29,030 - INFO - [Station_2] Section translated.
2025-07-29 15:16:29,030 - INFO - Processed and aligned geometry extracted for Station_2
2025-07-29 15:16:29,790 - INFO - Processed geometry preview saved -> C:\Users\Sam Hughes\Desktop\geometry_tools\n_sections\results\analysis\Station_2\processed_Station_2.png
2025-07-29 15:16:29,790 - INFO - Starting section convergence study …
2025-07-29 15:16:29,790 - INFO - [1/5] Meshing Station_2 with h = 40
2025-07-29 15:16:29,790 - INFO - [Station_2_h40] Meshing with target h = 40 …
2025-07-29 15:16:29,850 - WARNING - [Station_2_h40] 202 sliver triangles removed
2025-07-29 15:16:29,850 - INFO - [Station_2_h40] mesh ok | nodes=4020 elems=1576 | A[min=1.02e-08 max=8.58e-06 mean=9.11e-07 med=5.53e-07] | q[min=0.602 max=1.000 mean=0.887]
2025-07-29 15:16:29,918 - INFO - [Station_2_h40] Starting geometric analysis...
2025-07-29 15:16:30,224 - ERROR - [Station_2_h40] Geometric analysis failed: unsupported operand type(s) for *: 'NoneType' and 'float'
Traceback (most recent call last):
  File "C:\Users\Sam Hughes\Desktop\geometry_tools\n_sections\analysis\geom_utils\section_dxf.py", line 97, in _geometric_analysis
    sx * M3_TO_MM3, sy * M3_TO_MM3,
    ~~~^~~~~~~~~~~
TypeError: unsupported operand type(s) for *: 'NoneType' and 'float'
2025-07-29 15:16:30,224 - INFO - [Station_2_h40] Starting warping analysis...
2025-07-29 15:16:30,996 - ERROR - [Station_2_h40] Geometric analysis failed — skipping values.
2025-07-29 15:16:30,996 - INFO - [Station_2_h40] SectionDXF row assembled with partial success.
2025-07-29 15:16:30,996 - INFO - [2/5] Meshing Station_2 with h = 10
2025-07-29 15:16:30,996 - INFO - [Station_2_h10] Meshing with target h = 10 …
2025-07-29 15:16:31,012 - WARNING - [Station_2_h10] 202 sliver triangles removed
2025-07-29 15:16:31,012 - INFO - [Station_2_h10] mesh ok | nodes=4020 elems=1576 | A[min=1.02e-08 max=8.58e-06 mean=9.11e-07 med=5.53e-07] | q[min=0.602 max=1.000 mean=0.887]
2025-07-29 15:16:31,083 - INFO - [Station_2_h10] Starting geometric analysis...
2025-07-29 15:16:31,177 - ERROR - [Station_2_h10] Geometric analysis failed: unsupported operand type(s) for *: 'NoneType' and 'float'
Traceback (most recent call last):
  File "C:\Users\Sam Hughes\Desktop\geometry_tools\n_sections\analysis\geom_utils\section_dxf.py", line 97, in _geometric_analysis
    sx * M3_TO_MM3, sy * M3_TO_MM3,
    ~~~^~~~~~~~~~~
TypeError: unsupported operand type(s) for *: 'NoneType' and 'float'
2025-07-29 15:16:31,178 - INFO - [Station_2_h10] Starting warping analysis...
2025-07-29 15:16:31,718 - ERROR - [Station_2_h10] Geometric analysis failed — skipping values.
2025-07-29 15:16:31,719 - INFO - [Station_2_h10] SectionDXF row assembled with partial success.
2025-07-29 15:16:31,720 - INFO - [3/5] Meshing Station_2 with h = 2.5
2025-07-29 15:16:31,720 - INFO - [Station_2_h2.5] Meshing with target h = 2.5 …
2025-07-29 15:16:31,728 - WARNING - [Station_2_h2.5] 202 sliver triangles removed
2025-07-29 15:16:31,728 - INFO - [Station_2_h2.5] mesh ok | nodes=4020 elems=1576 | A[min=1.02e-08 max=8.58e-06 mean=9.11e-07 med=5.53e-07] | q[min=0.602 max=1.000 mean=0.887]
2025-07-29 15:16:31,799 - INFO - [Station_2_h2.5] Starting geometric analysis...
2025-07-29 15:16:31,907 - ERROR - [Station_2_h2.5] Geometric analysis failed: unsupported operand type(s) for *: 'NoneType' and 'float'
Traceback (most recent call last):
  File "C:\Users\Sam Hughes\Desktop\geometry_tools\n_sections\analysis\geom_utils\section_dxf.py", line 97, in _geometric_analysis
    sx * M3_TO_MM3, sy * M3_TO_MM3,
    ~~~^~~~~~~~~~~
TypeError: unsupported operand type(s) for *: 'NoneType' and 'float'
2025-07-29 15:16:31,908 - INFO - [Station_2_h2.5] Starting warping analysis...
2025-07-29 15:16:32,510 - ERROR - [Station_2_h2.5] Geometric analysis failed — skipping values.
2025-07-29 15:16:32,510 - INFO - [Station_2_h2.5] SectionDXF row assembled with partial success.
2025-07-29 15:16:32,511 - INFO - [4/5] Meshing Station_2 with h = 0.625
2025-07-29 15:16:32,512 - INFO - [Station_2_h0.625] Meshing with target h = 0.625 …
2025-07-29 15:16:32,550 - WARNING - [Station_2_h0.625] 202 sliver triangles removed
2025-07-29 15:16:32,551 - INFO - [Station_2_h0.625] mesh ok | nodes=4020 elems=1576 | A[min=1.02e-08 max=8.58e-06 mean=9.11e-07 med=5.53e-07] | q[min=0.602 max=1.000 mean=0.887]
2025-07-29 15:16:32,620 - INFO - [Station_2_h0.625] Starting geometric analysis...
2025-07-29 15:16:32,717 - ERROR - [Station_2_h0.625] Geometric analysis failed: unsupported operand type(s) for *: 'NoneType' and 'float'
Traceback (most recent call last):
  File "C:\Users\Sam Hughes\Desktop\geometry_tools\n_sections\analysis\geom_utils\section_dxf.py", line 97, in _geometric_analysis
    sx * M3_TO_MM3, sy * M3_TO_MM3,
    ~~~^~~~~~~~~~~
TypeError: unsupported operand type(s) for *: 'NoneType' and 'float'
2025-07-29 15:16:32,717 - INFO - [Station_2_h0.625] Starting warping analysis...
2025-07-29 15:16:33,270 - ERROR - [Station_2_h0.625] Geometric analysis failed — skipping values.
2025-07-29 15:16:33,270 - INFO - [Station_2_h0.625] SectionDXF row assembled with partial success.
2025-07-29 15:16:33,270 - INFO - [5/5] Meshing Station_2 with h = 0.1562
2025-07-29 15:16:33,270 - INFO - [Station_2_h0.1562] Meshing with target h = 0.1562 …
2025-07-29 15:16:33,285 - WARNING - [Station_2_h0.1562] 202 sliver triangles removed
2025-07-29 15:16:33,285 - INFO - [Station_2_h0.1562] mesh ok | nodes=4020 elems=1576 | A[min=1.02e-08 max=8.58e-06 mean=9.11e-07 med=5.53e-07] | q[min=0.602 max=1.000 mean=0.887]
2025-07-29 15:16:33,356 - INFO - [Station_2_h0.1562] Starting geometric analysis...
2025-07-29 15:16:33,434 - ERROR - [Station_2_h0.1562] Geometric analysis failed: unsupported operand type(s) for *: 'NoneType' and 'float'
Traceback (most recent call last):
  File "C:\Users\Sam Hughes\Desktop\geometry_tools\n_sections\analysis\geom_utils\section_dxf.py", line 97, in _geometric_analysis
    sx * M3_TO_MM3, sy * M3_TO_MM3,
    ~~~^~~~~~~~~~~
TypeError: unsupported operand type(s) for *: 'NoneType' and 'float'
2025-07-29 15:16:33,434 - INFO - [Station_2_h0.1562] Starting warping analysis...
2025-07-29 15:16:34,044 - ERROR - [Station_2_h0.1562] Geometric analysis failed — skipping values.
2025-07-29 15:16:34,045 - INFO - [Station_2_h0.1562] SectionDXF row assembled with partial success.
2025-07-29 15:16:34,050 - INFO - Convergence study completed: 5 valid results out of 5
2025-07-29 15:16:34,833 - INFO - Global batch 1 saved -> C:\Users\Sam Hughes\Desktop\geometry_tools\n_sections\results\analysis\Station_2\mesh_conv_Station_2_batch1_global.png
2025-07-29 15:16:35,668 - INFO - Local batch 1 saved -> C:\Users\Sam Hughes\Desktop\geometry_tools\n_sections\results\analysis\Station_2\mesh_conv_Station_2_batch1_local.png
2025-07-29 15:16:36,124 - INFO - Global batch 2 saved -> C:\Users\Sam Hughes\Desktop\geometry_tools\n_sections\results\analysis\Station_2\mesh_conv_Station_2_batch2_global.png
2025-07-29 15:16:36,625 - INFO - Local batch 2 saved -> C:\Users\Sam Hughes\Desktop\geometry_tools\n_sections\results\analysis\Station_2\mesh_conv_Station_2_batch2_local.png
2025-07-29 15:16:37,226 - INFO - Global batch 1 saved -> C:\Users\Sam Hughes\Desktop\geometry_tools\n_sections\results\analysis\Station_2\mesh_conv_Station_2_batch1_global.png
2025-07-29 15:16:37,880 - INFO - Local batch 1 saved -> C:\Users\Sam Hughes\Desktop\geometry_tools\n_sections\results\analysis\Station_2\mesh_conv_Station_2_batch1_local.png
2025-07-29 15:16:38,303 - INFO - Global batch 2 saved -> C:\Users\Sam Hughes\Desktop\geometry_tools\n_sections\results\analysis\Station_2\mesh_conv_Station_2_batch2_global.png
2025-07-29 15:16:38,728 - INFO - Local batch 2 saved -> C:\Users\Sam Hughes\Desktop\geometry_tools\n_sections\results\analysis\Station_2\mesh_conv_Station_2_batch2_local.png
2025-07-29 15:16:38,728 - INFO - Section analysis result set saved
2025-07-29 15:16:38,728 - INFO - Station Station_4 [Analysis]: DXF=C:\Users\Sam Hughes\Desktop\geometry_tools\n_sections\blade\Station_4.dxf, twist=10.9°, centroid=(0.00, -0.01)
2025-07-29 15:16:38,728 - INFO - Reading DXF file: C:\Users\Sam Hughes\Desktop\geometry_tools\n_sections\blade\Station_4.dxf
2025-07-29 15:16:38,743 - INFO - DXF version upgrade to DXF R2000.
2025-07-29 15:16:38,751 - INFO - creating ACAD_COLOR dictionary
2025-07-29 15:16:38,751 - INFO - creating ACAD_PLOTSTYLENAME dictionary
2025-07-29 15:16:38,751 - INFO - creating ACAD_TABLESTYLE dictionary
2025-07-29 15:16:38,755 - INFO - Raw geometry extraction complete. 65 drawable entities parsed.
2025-07-29 15:16:38,828 - INFO - Plotting 65 DXF entities for preview...
2025-07-29 15:16:39,063 - INFO - Raw preview saved -> C:\Users\Sam Hughes\Desktop\geometry_tools\n_sections\results\analysis\Station_4\raw_Station_4.png
2025-07-29 15:16:39,063 - INFO - [Station_4] Importing DXF: 'C:\Users\Sam Hughes\Desktop\geometry_tools\n_sections\blade\Station_4.dxf'
2025-07-29 15:16:39,072 - INFO - DXF version upgrade to DXF R2000.
2025-07-29 15:16:39,080 - INFO - creating ACAD_COLOR dictionary
2025-07-29 15:16:39,081 - INFO - creating ACAD_PLOTSTYLENAME dictionary
2025-07-29 15:16:39,081 - INFO - creating ACAD_TABLESTYLE dictionary
2025-07-29 15:16:39,084 - INFO - cleanup is depreciated BTW. Use the polygonize function instead
2025-07-29 15:16:39,204 - INFO - Zipped 61 points
2025-07-29 15:16:39,229 - INFO - [Station_4] Geometry meshed with mesh_sizes=0.5.
2025-07-29 15:16:39,620 - INFO - [Station_4] Actual centroid: (0.0295, 0.0010)
2025-07-29 15:16:39,620 - INFO - [Station_4] Desired centroid: (0.0038, -0.0103)
2025-07-29 15:16:39,620 - INFO - [Station_4] Applying translation dx=-0.0257, dy=-0.0113
2025-07-29 15:16:39,620 - INFO - [Station_4] Section translated.
2025-07-29 15:16:39,620 - INFO - Processed and aligned geometry extracted for Station_4
2025-07-29 15:16:40,468 - INFO - Processed geometry preview saved -> C:\Users\Sam Hughes\Desktop\geometry_tools\n_sections\results\analysis\Station_4\processed_Station_4.png
2025-07-29 15:16:40,468 - INFO - Starting section convergence study …
2025-07-29 15:16:40,468 - INFO - [1/5] Meshing Station_4 with h = 40
2025-07-29 15:16:40,468 - INFO - [Station_4_h40] Meshing with target h = 40 …
2025-07-29 15:16:40,487 - WARNING - [Station_4_h40] 219 sliver triangles removed
2025-07-29 15:16:40,487 - INFO - [Station_4_h40] mesh ok | nodes=4076 elems=1587 | A[min=1.01e-08 max=4.52e-06 mean=5.94e-07 med=3.7e-07] | q[min=0.603 max=1.000 mean=0.887]
2025-07-29 15:16:40,563 - INFO - [Station_4_h40] Starting geometric analysis...
2025-07-29 15:16:40,894 - ERROR - [Station_4_h40] Geometric analysis failed: unsupported operand type(s) for *: 'NoneType' and 'float'
Traceback (most recent call last):
  File "C:\Users\Sam Hughes\Desktop\geometry_tools\n_sections\analysis\geom_utils\section_dxf.py", line 97, in _geometric_analysis
    sx * M3_TO_MM3, sy * M3_TO_MM3,
    ~~~^~~~~~~~~~~
TypeError: unsupported operand type(s) for *: 'NoneType' and 'float'
2025-07-29 15:16:40,894 - INFO - [Station_4_h40] Starting warping analysis...
2025-07-29 15:16:41,687 - ERROR - [Station_4_h40] Geometric analysis failed — skipping values.
2025-07-29 15:16:41,687 - INFO - [Station_4_h40] SectionDXF row assembled with partial success.
2025-07-29 15:16:41,687 - INFO - [2/5] Meshing Station_4 with h = 10
2025-07-29 15:16:41,687 - INFO - [Station_4_h10] Meshing with target h = 10 …
2025-07-29 15:16:41,687 - WARNING - [Station_4_h10] 219 sliver triangles removed
2025-07-29 15:16:41,687 - INFO - [Station_4_h10] mesh ok | nodes=4076 elems=1587 | A[min=1.01e-08 max=4.52e-06 mean=5.94e-07 med=3.7e-07] | q[min=0.603 max=1.000 mean=0.887]
2025-07-29 15:16:41,770 - INFO - [Station_4_h10] Starting geometric analysis...
2025-07-29 15:16:41,856 - ERROR - [Station_4_h10] Geometric analysis failed: unsupported operand type(s) for *: 'NoneType' and 'float'
Traceback (most recent call last):
  File "C:\Users\Sam Hughes\Desktop\geometry_tools\n_sections\analysis\geom_utils\section_dxf.py", line 97, in _geometric_analysis
    sx * M3_TO_MM3, sy * M3_TO_MM3,
    ~~~^~~~~~~~~~~
TypeError: unsupported operand type(s) for *: 'NoneType' and 'float'
2025-07-29 15:16:41,856 - INFO - [Station_4_h10] Starting warping analysis...
2025-07-29 15:16:42,497 - ERROR - [Station_4_h10] Geometric analysis failed — skipping values.
2025-07-29 15:16:42,497 - INFO - [Station_4_h10] SectionDXF row assembled with partial success.
2025-07-29 15:16:42,498 - INFO - [3/5] Meshing Station_4 with h = 2.5
2025-07-29 15:16:42,500 - INFO - [Station_4_h2.5] Meshing with target h = 2.5 …
2025-07-29 15:16:42,557 - WARNING - [Station_4_h2.5] 219 sliver triangles removed
2025-07-29 15:16:42,557 - INFO - [Station_4_h2.5] mesh ok | nodes=4076 elems=1587 | A[min=1.01e-08 max=4.52e-06 mean=5.94e-07 med=3.7e-07] | q[min=0.603 max=1.000 mean=0.887]
2025-07-29 15:16:42,631 - INFO - [Station_4_h2.5] Starting geometric analysis...
2025-07-29 15:16:42,726 - ERROR - [Station_4_h2.5] Geometric analysis failed: unsupported operand type(s) for *: 'NoneType' and 'float'
Traceback (most recent call last):
  File "C:\Users\Sam Hughes\Desktop\geometry_tools\n_sections\analysis\geom_utils\section_dxf.py", line 97, in _geometric_analysis
    sx * M3_TO_MM3, sy * M3_TO_MM3,
    ~~~^~~~~~~~~~~
TypeError: unsupported operand type(s) for *: 'NoneType' and 'float'
2025-07-29 15:16:42,726 - INFO - [Station_4_h2.5] Starting warping analysis...
2025-07-29 15:16:43,272 - ERROR - [Station_4_h2.5] Geometric analysis failed — skipping values.
2025-07-29 15:16:43,272 - INFO - [Station_4_h2.5] SectionDXF row assembled with partial success.
2025-07-29 15:16:43,272 - INFO - [4/5] Meshing Station_4 with h = 0.625
2025-07-29 15:16:43,272 - INFO - [Station_4_h0.625] Meshing with target h = 0.625 …
2025-07-29 15:16:43,272 - WARNING - [Station_4_h0.625] 219 sliver triangles removed
2025-07-29 15:16:43,272 - INFO - [Station_4_h0.625] mesh ok | nodes=4076 elems=1587 | A[min=1.01e-08 max=4.52e-06 mean=5.94e-07 med=3.7e-07] | q[min=0.603 max=1.000 mean=0.887]
2025-07-29 15:16:43,340 - INFO - [Station_4_h0.625] Starting geometric analysis...
2025-07-29 15:16:43,440 - ERROR - [Station_4_h0.625] Geometric analysis failed: unsupported operand type(s) for *: 'NoneType' and 'float'
Traceback (most recent call last):
  File "C:\Users\Sam Hughes\Desktop\geometry_tools\n_sections\analysis\geom_utils\section_dxf.py", line 97, in _geometric_analysis
    sx * M3_TO_MM3, sy * M3_TO_MM3,
    ~~~^~~~~~~~~~~
TypeError: unsupported operand type(s) for *: 'NoneType' and 'float'
2025-07-29 15:16:43,440 - INFO - [Station_4_h0.625] Starting warping analysis...
2025-07-29 15:16:43,992 - ERROR - [Station_4_h0.625] Geometric analysis failed — skipping values.
2025-07-29 15:16:43,992 - INFO - [Station_4_h0.625] SectionDXF row assembled with partial success.
2025-07-29 15:16:43,992 - INFO - [5/5] Meshing Station_4 with h = 0.1562
2025-07-29 15:16:43,992 - INFO - [Station_4_h0.1562] Meshing with target h = 0.1562 …
2025-07-29 15:16:43,992 - WARNING - [Station_4_h0.1562] 219 sliver triangles removed
2025-07-29 15:16:43,992 - INFO - [Station_4_h0.1562] mesh ok | nodes=4076 elems=1587 | A[min=1.01e-08 max=4.52e-06 mean=5.94e-07 med=3.7e-07] | q[min=0.603 max=1.000 mean=0.887]
2025-07-29 15:16:44,057 - INFO - [Station_4_h0.1562] Starting geometric analysis...
2025-07-29 15:16:44,156 - ERROR - [Station_4_h0.1562] Geometric analysis failed: unsupported operand type(s) for *: 'NoneType' and 'float'
Traceback (most recent call last):
  File "C:\Users\Sam Hughes\Desktop\geometry_tools\n_sections\analysis\geom_utils\section_dxf.py", line 97, in _geometric_analysis
    sx * M3_TO_MM3, sy * M3_TO_MM3,
    ~~~^~~~~~~~~~~
TypeError: unsupported operand type(s) for *: 'NoneType' and 'float'
2025-07-29 15:16:44,156 - INFO - [Station_4_h0.1562] Starting warping analysis...
