2025-08-12 00:37:12,444 - INFO - Logger initialized for ConvergenceStudy [Station_14]
2025-08-12 00:37:12,444 - INFO - Starting convergence study over 3 mesh sizes: [40.  10.   2.5]
2025-08-12 00:37:12,445 - INFO - [1/3] Processing mesh size h = 40
2025-08-12 00:37:12,445 - DEBUG - [Station_14_h40] Copying geometry and initiating meshing …
2025-08-12 00:37:12,459 - INFO - [Station_14_h40] Mesh created successfully
2025-08-12 00:37:12,459 - DEBUG - [Station_14_h40] Starting section property calculation …
2025-08-12 00:37:14,502 - DEBUG - [Station_14_h40] Section analysis row returned
2025-08-12 00:37:14,505 - INFO - [Station_14_h40] Section analysis completed successfully.
2025-08-12 00:37:14,506 - INFO - [2/3] Processing mesh size h = 10
2025-08-12 00:37:14,506 - DEBUG - [Station_14_h10] Copying geometry and initiating meshing …
2025-08-12 00:37:14,522 - INFO - [Station_14_h10] Mesh created successfully
2025-08-12 00:37:14,522 - DEBUG - [Station_14_h10] Starting section property calculation …
2025-08-12 00:37:15,512 - DEBUG - [Station_14_h10] Section analysis row returned
2025-08-12 00:37:15,514 - INFO - [Station_14_h10] Section analysis completed successfully.
2025-08-12 00:37:15,515 - INFO - [3/3] Processing mesh size h = 2.5
2025-08-12 00:37:15,515 - DEBUG - [Station_14_h2.5] Copying geometry and initiating meshing …
2025-08-12 00:37:15,528 - INFO - [Station_14_h2.5] Mesh created successfully
2025-08-12 00:37:15,528 - DEBUG - [Station_14_h2.5] Starting section property calculation …
2025-08-12 00:37:16,552 - DEBUG - [Station_14_h2.5] Section analysis row returned
2025-08-12 00:37:16,555 - INFO - [Station_14_h2.5] Section analysis completed successfully.
2025-08-12 00:37:16,555 - INFO - Convergence study completed: 3 successful, 3 attempted
2025-08-12 00:37:16,555 - INFO - Generating convergence visualisation …
2025-08-12 00:37:18,455 - INFO - Convergence visualisation completed.
