2025-08-12 00:37:09,822 | INFO     | Logging initialized for ProcessSectionAnalysis
2025-08-12 00:37:09,822 | INFO     | Station Station_14 [Analysis]: DXF=C:\Users\samea\Desktop\geometry_tools\n_sections\blade\Station_14.dxf, twist=0.3°, centroid=(0.00, -0.00)
2025-08-12 00:37:09,822 | INFO     | Starting raw geometry processing …
2025-08-12 00:37:09,822 | INFO     | Instantiating RawGeometry for DXF: C:\Users\samea\Desktop\geometry_tools\n_sections\blade\Station_14.dxf
2025-08-12 00:37:09,823 | INFO     | RawGeometry created successfully.
2025-08-12 00:37:09,823 | INFO     | Generating raw geometry plot …
2025-08-12 00:37:10,269 | INFO     | Raw geometry visualisation completed and saved.
2025-08-12 00:37:10,269 | INFO     | Processing and visualising aligned geometry …
2025-08-12 00:37:10,269 | INFO     | Instantiating ProcessedGeometry with spline/segment settings …
2025-08-12 00:37:10,271 | INFO     | ProcessedGeometry successfully instantiated.
2025-08-12 00:37:10,271 | INFO     | Extracting and aligning geometry with twist=0.3°, cx=0.00, cy=-0.00
2025-08-12 00:37:11,008 | INFO     | Geometry aligned and transformed successfully.
2025-08-12 00:37:11,008 | INFO     | Generating processed geometry visualisation with trailing edge zoom …
2025-08-12 00:37:12,443 | INFO     | Processed geometry preview saved -> C:\Users\samea\Desktop\geometry_tools\n_sections\results\analysis\2025-08-12_00-36-10\Station_14\processed_Station_14.png
2025-08-12 00:37:12,443 | INFO     | Launching convergence study pipeline …
2025-08-12 00:37:12,443 | INFO     | Starting section convergence study using 3 mesh sizes: [40.  10.   2.5]
2025-08-12 00:37:18,456 | INFO     | ConvergenceStudy instantiated. Running results computation …
2025-08-12 00:37:18,456 | INFO     | Convergence study completed successfully.
2025-08-12 00:37:18,456 | INFO     | Creating convergence visualisation …
2025-08-12 00:37:20,796 | INFO     | Convergence visualisation saved.
2025-08-12 00:37:20,796 | INFO     | Building metadata container for section Station_14 …
2025-08-12 00:37:20,796 | INFO     | MetadataBin created.
2025-08-12 00:37:20,796 | INFO     | Composing SectionAnalysisResultSet …
2025-08-12 00:37:20,796 | INFO     | SectionAnalysisResultSet successfully built.
2025-08-12 00:37:20,796 | INFO     | Saving results to directory: C:\Users\samea\Desktop\geometry_tools\n_sections\results\analysis\2025-08-12_00-36-10\Station_14
2025-08-12 00:37:20,799 | INFO     | Section analysis results successfully saved.
