2025-08-20 02:53:34,489 | INFO     | Logging initialized for ProcessSectionAnalysis
2025-08-20 02:53:34,489 | INFO     | Station sec_051_r0.576 [Analysis]: DXF=C:\Users\samea\Desktop\geometry_tools\n_sections\blade\sec_051_r0.576.dxf, twist=5.3°, origin: CP-proxy @ 33.0% chord
2025-08-20 02:53:34,489 | INFO     | Starting raw geometry processing …
2025-08-20 02:53:34,489 | INFO     | Instantiating RawGeometry for DXF: C:\Users\samea\Desktop\geometry_tools\n_sections\blade\sec_051_r0.576.dxf
2025-08-20 02:53:34,489 | INFO     | RawGeometry created successfully.
2025-08-20 02:53:34,489 | INFO     | Generating raw geometry plot …
2025-08-20 02:53:34,819 | INFO     | Raw geometry visualisation completed and saved.
2025-08-20 02:53:34,819 | INFO     | Processing and visualising aligned geometry …
2025-08-20 02:53:34,819 | INFO     | Instantiating ProcessedGeometry with spline/segment settings …
2025-08-20 02:53:34,820 | INFO     | ProcessedGeometry successfully instantiated.
2025-08-20 02:53:34,820 | INFO     | Extracting (pass-through orientation & origin): twist=5.3°, origin_mode=cop, cop_fraction=0.330, cx=0.01, cy=0.00, resample_exterior=True
2025-08-20 02:53:34,848 | INFO     | Geometry extracted (no twist/origin applied).
2025-08-20 02:53:34,848 | INFO     | Generating processed geometry visualisation with trailing edge zoom …
2025-08-20 02:53:35,971 | INFO     | Processed geometry preview saved -> C:\Users\samea\Desktop\geometry_tools\n_sections\results\analysis\2025-08-20_02-49-41\sec_051_r0.576\processed_sec_051_r0.576.png
2025-08-20 02:53:35,971 | INFO     | Launching convergence study pipeline …
2025-08-20 02:53:35,971 | INFO     | Starting section convergence study using 1 mesh sizes: [40.]
2025-08-20 02:53:38,169 | INFO     | ConvergenceStudy instantiated. Running results computation …
2025-08-20 02:53:38,169 | INFO     | Convergence study completed successfully.
2025-08-20 02:53:38,169 | INFO     | Creating convergence visualisation …
2025-08-20 02:53:38,805 | INFO     | Convergence visualisation saved.
2025-08-20 02:53:38,805 | INFO     | Building metadata container for section sec_051_r0.576 …
2025-08-20 02:53:38,805 | INFO     | MetadataBin created.
2025-08-20 02:53:38,805 | INFO     | Composing SectionAnalysisResultSet …
2025-08-20 02:53:38,805 | INFO     | SectionAnalysisResultSet successfully built.
2025-08-20 02:53:38,805 | INFO     | Saving results to directory: C:\Users\samea\Desktop\geometry_tools\n_sections\results\analysis\2025-08-20_02-49-41\sec_051_r0.576
2025-08-20 02:53:38,805 | INFO     | Section analysis results successfully saved.
