2025-08-20 02:52:07,697 | INFO     | Logging initialized for ProcessSectionAnalysis
2025-08-20 02:52:07,697 | INFO     | Station sec_032_r0.408 [Analysis]: DXF=C:\Users\samea\Desktop\geometry_tools\n_sections\blade\sec_032_r0.408.dxf, twist=9.6°, origin: CP-proxy @ 33.0% chord
2025-08-20 02:52:07,697 | INFO     | Starting raw geometry processing …
2025-08-20 02:52:07,697 | INFO     | Instantiating RawGeometry for DXF: C:\Users\samea\Desktop\geometry_tools\n_sections\blade\sec_032_r0.408.dxf
2025-08-20 02:52:07,697 | INFO     | RawGeometry created successfully.
2025-08-20 02:52:07,697 | INFO     | Generating raw geometry plot …
2025-08-20 02:52:07,998 | INFO     | Raw geometry visualisation completed and saved.
2025-08-20 02:52:07,998 | INFO     | Processing and visualising aligned geometry …
2025-08-20 02:52:07,998 | INFO     | Instantiating ProcessedGeometry with spline/segment settings …
2025-08-20 02:52:07,998 | INFO     | ProcessedGeometry successfully instantiated.
2025-08-20 02:52:07,998 | INFO     | Extracting (pass-through orientation & origin): twist=9.6°, origin_mode=cop, cop_fraction=0.330, cx=0.01, cy=0.00, resample_exterior=True
2025-08-20 02:52:08,037 | INFO     | Geometry extracted (no twist/origin applied).
2025-08-20 02:52:08,037 | INFO     | Generating processed geometry visualisation with trailing edge zoom …
2025-08-20 02:52:09,231 | INFO     | Processed geometry preview saved -> C:\Users\samea\Desktop\geometry_tools\n_sections\results\analysis\2025-08-20_02-49-41\sec_032_r0.408\processed_sec_032_r0.408.png
2025-08-20 02:52:09,231 | INFO     | Launching convergence study pipeline …
2025-08-20 02:52:09,231 | INFO     | Starting section convergence study using 1 mesh sizes: [40.]
2025-08-20 02:52:11,522 | INFO     | ConvergenceStudy instantiated. Running results computation …
2025-08-20 02:52:11,522 | INFO     | Convergence study completed successfully.
2025-08-20 02:52:11,522 | INFO     | Creating convergence visualisation …
2025-08-20 02:52:12,190 | INFO     | Convergence visualisation saved.
2025-08-20 02:52:12,190 | INFO     | Building metadata container for section sec_032_r0.408 …
2025-08-20 02:52:12,190 | INFO     | MetadataBin created.
2025-08-20 02:52:12,190 | INFO     | Composing SectionAnalysisResultSet …
2025-08-20 02:52:12,190 | INFO     | SectionAnalysisResultSet successfully built.
2025-08-20 02:52:12,190 | INFO     | Saving results to directory: C:\Users\samea\Desktop\geometry_tools\n_sections\results\analysis\2025-08-20_02-49-41\sec_032_r0.408
2025-08-20 02:52:12,192 | INFO     | Section analysis results successfully saved.
