2025-08-18 17:52:06,243 - INFO - Logger initialized for ConvergenceStudy [Station_14]
2025-08-18 17:52:06,245 - INFO - Starting convergence study over 3 mesh sizes: [40.  10.   2.5]
2025-08-18 17:52:06,247 - INFO - [1/3] Processing mesh size h = 40
2025-08-18 17:52:06,248 - DEBUG - [Station_14_h40] Copying geometry and initiating meshing …
2025-08-18 17:52:06,270 - INFO - [Station_14_h40] Mesh created successfully
2025-08-18 17:52:06,272 - DEBUG - [Station_14_h40] Starting section property calculation …
2025-08-18 17:52:07,076 - DEBUG - [Station_14_h40] Section analysis row returned
2025-08-18 17:52:07,080 - INFO - [Station_14_h40] Section analysis completed successfully.
2025-08-18 17:52:07,083 - INFO - [2/3] Processing mesh size h = 10
2025-08-18 17:52:07,084 - DEBUG - [Station_14_h10] Copying geometry and initiating meshing …
2025-08-18 17:52:07,106 - INFO - [Station_14_h10] Mesh created successfully
2025-08-18 17:52:07,107 - DEBUG - [Station_14_h10] Starting section property calculation …
2025-08-18 17:52:07,587 - DEBUG - [Station_14_h10] Section analysis row returned
2025-08-18 17:52:07,589 - INFO - [Station_14_h10] Section analysis completed successfully.
2025-08-18 17:52:07,590 - INFO - [3/3] Processing mesh size h = 2.5
2025-08-18 17:52:07,592 - DEBUG - [Station_14_h2.5] Copying geometry and initiating meshing …
2025-08-18 17:52:07,613 - INFO - [Station_14_h2.5] Mesh created successfully
2025-08-18 17:52:07,614 - DEBUG - [Station_14_h2.5] Starting section property calculation …
2025-08-18 17:52:08,095 - DEBUG - [Station_14_h2.5] Section analysis row returned
2025-08-18 17:52:08,098 - INFO - [Station_14_h2.5] Section analysis completed successfully.
2025-08-18 17:52:08,099 - INFO - Convergence study completed: 3 successful, 3 attempted
2025-08-18 17:52:08,101 - INFO - Generating convergence visualisation …
2025-08-18 17:52:08,994 - INFO - Convergence visualisation completed.
