2025-08-18 17:52:05,234 | INFO     | Logging initialized for ProcessSectionAnalysis
2025-08-18 17:52:05,234 | INFO     | Station Station_14 [Analysis]: DXF=\\mull.sms.ed.ac.uk\home\s1834431\Win7\Desktop\geometry_tools\n_sections\blade\Station_14.dxf, twist=0.3°, origin: CP-proxy @ 33.0% chord
2025-08-18 17:52:05,235 | INFO     | Starting raw geometry processing …
2025-08-18 17:52:05,236 | INFO     | Instantiating RawGeometry for DXF: \\mull.sms.ed.ac.uk\home\s1834431\Win7\Desktop\geometry_tools\n_sections\blade\Station_14.dxf
2025-08-18 17:52:05,246 | INFO     | RawGeometry created successfully.
2025-08-18 17:52:05,247 | INFO     | Generating raw geometry plot …
2025-08-18 17:52:05,598 | INFO     | Raw geometry visualisation completed and saved.
2025-08-18 17:52:05,601 | INFO     | Processing and visualising aligned geometry …
2025-08-18 17:52:05,601 | INFO     | Instantiating ProcessedGeometry with spline/segment settings …
2025-08-18 17:52:05,607 | INFO     | ProcessedGeometry successfully instantiated.
2025-08-18 17:52:05,607 | INFO     | Extracting + aligning: twist=0.3°, origin_mode=cop, cop_fraction=0.330, cx=0.00, cy=-0.00
2025-08-18 17:52:05,718 | INFO     | Geometry aligned and transformed successfully.
2025-08-18 17:52:05,719 | INFO     | Generating processed geometry visualisation with trailing edge zoom …
2025-08-18 17:52:06,234 | INFO     | Processed geometry preview saved -> \\mull.sms.ed.ac.uk\home\s1834431\Win7\Desktop\geometry_tools\n_sections\results\analysis\2025-08-18_17-51-37\Station_14\processed_Station_14.png
2025-08-18 17:52:06,235 | INFO     | Launching convergence study pipeline …
2025-08-18 17:52:06,235 | INFO     | Starting section convergence study using 3 mesh sizes: [40.  10.   2.5]
2025-08-18 17:52:08,995 | INFO     | ConvergenceStudy instantiated. Running results computation …
2025-08-18 17:52:08,996 | INFO     | Convergence study completed successfully.
2025-08-18 17:52:08,997 | INFO     | Creating convergence visualisation …
2025-08-18 17:52:09,813 | INFO     | Convergence visualisation saved.
2025-08-18 17:52:09,815 | INFO     | Building metadata container for section Station_14 …
2025-08-18 17:52:09,816 | INFO     | MetadataBin created.
2025-08-18 17:52:09,817 | INFO     | Composing SectionAnalysisResultSet …
2025-08-18 17:52:09,817 | INFO     | SectionAnalysisResultSet successfully built.
2025-08-18 17:52:09,818 | INFO     | Saving results to directory: \\mull.sms.ed.ac.uk\home\s1834431\Win7\Desktop\geometry_tools\n_sections\results\analysis\2025-08-18_17-51-37\Station_14
2025-08-18 17:52:09,840 | INFO     | Section analysis results successfully saved.
