2025-08-20 02:50:00,009 | INFO     | Logging initialized for ProcessSectionAnalysis
2025-08-20 02:50:00,009 | INFO     | Station sec_004_r0.160 [Analysis]: DXF=C:\Users\samea\Desktop\geometry_tools\n_sections\blade\sec_004_r0.160.dxf, twist=29.8°, origin: CP-proxy @ 33.0% chord
2025-08-20 02:50:00,009 | INFO     | Starting raw geometry processing …
2025-08-20 02:50:00,009 | INFO     | Instantiating RawGeometry for DXF: C:\Users\samea\Desktop\geometry_tools\n_sections\blade\sec_004_r0.160.dxf
2025-08-20 02:50:00,009 | INFO     | RawGeometry created successfully.
2025-08-20 02:50:00,009 | INFO     | Generating raw geometry plot …
2025-08-20 02:50:00,451 | INFO     | Raw geometry visualisation completed and saved.
2025-08-20 02:50:00,451 | INFO     | Processing and visualising aligned geometry …
2025-08-20 02:50:00,451 | INFO     | Instantiating ProcessedGeometry with spline/segment settings …
2025-08-20 02:50:00,453 | INFO     | ProcessedGeometry successfully instantiated.
2025-08-20 02:50:00,453 | INFO     | Extracting (pass-through orientation & origin): twist=29.8°, origin_mode=cop, cop_fraction=0.330, cx=0.01, cy=0.01, resample_exterior=True
2025-08-20 02:50:00,481 | INFO     | Geometry extracted (no twist/origin applied).
2025-08-20 02:50:00,481 | INFO     | Generating processed geometry visualisation with trailing edge zoom …
2025-08-20 02:50:01,582 | INFO     | Processed geometry preview saved -> C:\Users\samea\Desktop\geometry_tools\n_sections\results\analysis\2025-08-20_02-49-41\sec_004_r0.160\processed_sec_004_r0.160.png
2025-08-20 02:50:01,582 | INFO     | Launching convergence study pipeline …
2025-08-20 02:50:01,582 | INFO     | Starting section convergence study using 1 mesh sizes: [40.]
2025-08-20 02:50:03,943 | INFO     | ConvergenceStudy instantiated. Running results computation …
2025-08-20 02:50:03,943 | INFO     | Convergence study completed successfully.
2025-08-20 02:50:03,943 | INFO     | Creating convergence visualisation …
2025-08-20 02:50:04,647 | INFO     | Convergence visualisation saved.
2025-08-20 02:50:04,647 | INFO     | Building metadata container for section sec_004_r0.160 …
2025-08-20 02:50:04,647 | INFO     | MetadataBin created.
2025-08-20 02:50:04,647 | INFO     | Composing SectionAnalysisResultSet …
2025-08-20 02:50:04,647 | INFO     | SectionAnalysisResultSet successfully built.
2025-08-20 02:50:04,647 | INFO     | Saving results to directory: C:\Users\samea\Desktop\geometry_tools\n_sections\results\analysis\2025-08-20_02-49-41\sec_004_r0.160
2025-08-20 02:50:04,647 | INFO     | Section analysis results successfully saved.
