2025-07-29 20:33:57,333 - INFO - [Station_14] Geometry meshed with mesh_sizes=0.5.
2025-07-29 20:33:57,818 - INFO - [Station_14] Actual centroid: (0.0178, 0.0006)
2025-07-29 20:33:57,819 - INFO - [Station_14] Desired centroid: (0.0008, -0.0024)
2025-07-29 20:33:57,820 - INFO - [Station_14] Applying translation dx=-0.0169, dy=-0.0031
2025-07-29 20:33:57,821 - INFO - [Station_14] Section translated.
2025-07-29 20:33:57,823 - INFO - Processed and aligned geometry extracted for Station_14
2025-07-29 20:33:58,780 - INFO - Processed geometry preview saved -> C:\Users\samea\Desktop\geometry_tools\n_sections\results\analysis\Station_14\processed_Station_14.png
2025-07-29 20:33:58,780 - INFO - Starting section convergence study …
2025-07-29 20:33:58,781 - INFO - [1/5] Meshing Station_14 with h = 40
2025-07-29 20:33:58,781 - INFO - [Station_14_h40] Meshing with target h = 40 …
2025-07-29 20:33:58,791 - WARNING - [Station_14_h40] 464 sliver triangles removed
2025-07-29 20:33:58,792 - INFO - [Station_14_h40] mesh ok | nodes=4042 elems=1345 | A[min=1e-08 max=1.11e-06 mean=1.29e-07 med=6.68e-08] | q[min=0.601 max=1.000 mean=0.878]
2025-07-29 20:33:58,876 - INFO - [Station_14_h40] Starting geometric analysis...
2025-07-29 20:33:59,286 - WARNING - [Station_14_h40] Section modulus Sx/Sy is None. Defaulting to 0.0.
2025-07-29 20:33:59,287 - ERROR - [Station_14_h40] Geometric analysis failed: 'Section' object has no attribute 'get_sx'
Traceback (most recent call last):
  File "C:\Users\samea\Desktop\geometry_tools\n_sections\analysis\geom_utils\section_dxf.py", line 139, in _geometric_analysis
    self.sx = self.sec.get_sx() or 0.0
              ^^^^^^^^^^^^^^^
AttributeError: 'Section' object has no attribute 'get_sx'
2025-07-29 20:33:59,288 - INFO - [Station_14_h40] Starting warping analysis...
2025-07-29 20:34:00,325 - INFO - [Station_14_h40] Warping analysis complete. Key values:
2025-07-29 20:34:00,459 - INFO -   Asx = 0.000160077 m², Asy = 0.000113008 m²
2025-07-29 20:34:00,459 - INFO -   Shear centre = (-0.000923524, -0.00223461) m
2025-07-29 20:34:00,460 - INFO -   Beta coefficients:
2025-07-29 20:34:00,461 - INFO -     Beta_x+ = 0.00416929, Beta_x- = -0.00416929
2025-07-29 20:34:00,463 - INFO -     Beta_y+ = -0.00611838, Beta_y- = 0.00611838
2025-07-29 20:34:00,464 - INFO - [Station_14_h40] Calculating derived section parameters...
2025-07-29 20:34:00,466 - WARNING - [Station_14_h40] Shape Factor X is None.
2025-07-29 20:34:00,468 - WARNING - [Station_14_h40] Shape Factor Y is None.
2025-07-29 20:34:00,470 - INFO - [Station_14_h40] Polar Radius = 0.00962692
2025-07-29 20:34:00,472 - INFO - [Station_14_h40] J / Ip = 0.0950383
2025-07-29 20:34:00,473 - INFO - [Station_14_h40] Asx / Area = 0.917665
2025-07-29 20:34:00,474 - INFO - [Station_14_h40] Asy / Area = 0.647836
2025-07-29 20:34:00,474 - INFO - [Station_14_h40] Compactness = 44.6033
2025-07-29 20:34:00,476 - INFO - [Station_14_h40] Shear Offset Ratio X = 2.09035
2025-07-29 20:34:00,477 - INFO - [Station_14_h40] Shear Offset Ratio Y = 0.0804082
2025-07-29 20:34:00,478 - INFO - [Station_14_h40] Timoshenko Coefficient vx = 1.08972
2025-07-29 20:34:00,479 - INFO - [Station_14_h40] Timoshenko Coefficient vy = 1.5436
2025-07-29 20:34:00,479 - ERROR - [Station_14_h40] Geometric analysis failed — skipping values.
2025-07-29 20:34:00,480 - INFO - [Station_14_h40] SectionDXF row assembled with partial success.
2025-07-29 20:34:00,482 - INFO - [2/5] Meshing Station_14 with h = 10
2025-07-29 20:34:00,483 - INFO - [Station_14_h10] Meshing with target h = 10 …
2025-07-29 20:34:00,497 - WARNING - [Station_14_h10] 464 sliver triangles removed
2025-07-29 20:34:00,500 - INFO - [Station_14_h10] mesh ok | nodes=4042 elems=1345 | A[min=1e-08 max=1.11e-06 mean=1.29e-07 med=6.68e-08] | q[min=0.601 max=1.000 mean=0.878]
2025-07-29 20:34:00,597 - INFO - [Station_14_h10] Starting geometric analysis...
2025-07-29 20:34:00,728 - WARNING - [Station_14_h10] Section modulus Sx/Sy is None. Defaulting to 0.0.
2025-07-29 20:34:00,728 - ERROR - [Station_14_h10] Geometric analysis failed: 'Section' object has no attribute 'get_sx'
Traceback (most recent call last):
  File "C:\Users\samea\Desktop\geometry_tools\n_sections\analysis\geom_utils\section_dxf.py", line 139, in _geometric_analysis
    self.sx = self.sec.get_sx() or 0.0
              ^^^^^^^^^^^^^^^
AttributeError: 'Section' object has no attribute 'get_sx'
2025-07-29 20:34:00,730 - INFO - [Station_14_h10] Starting warping analysis...
2025-07-29 20:34:01,426 - INFO - [Station_14_h10] Warping analysis complete. Key values:
2025-07-29 20:34:01,461 - INFO -   Asx = 0.000160077 m², Asy = 0.000113008 m²
2025-07-29 20:34:01,462 - INFO -   Shear centre = (-0.000923524, -0.00223461) m
2025-07-29 20:34:01,462 - INFO -   Beta coefficients:
2025-07-29 20:34:01,463 - INFO -     Beta_x+ = 0.00416929, Beta_x- = -0.00416929
2025-07-29 20:34:01,463 - INFO -     Beta_y+ = -0.00611838, Beta_y- = 0.00611838
2025-07-29 20:34:01,464 - INFO - [Station_14_h10] Calculating derived section parameters...
2025-07-29 20:34:01,464 - WARNING - [Station_14_h10] Shape Factor X is None.
2025-07-29 20:34:01,465 - WARNING - [Station_14_h10] Shape Factor Y is None.
2025-07-29 20:34:01,465 - INFO - [Station_14_h10] Polar Radius = 0.00962692
2025-07-29 20:34:01,465 - INFO - [Station_14_h10] J / Ip = 0.0950383
2025-07-29 20:34:01,466 - INFO - [Station_14_h10] Asx / Area = 0.917665
2025-07-29 20:34:01,466 - INFO - [Station_14_h10] Asy / Area = 0.647836
2025-07-29 20:34:01,466 - INFO - [Station_14_h10] Compactness = 44.6033
2025-07-29 20:34:01,467 - INFO - [Station_14_h10] Shear Offset Ratio X = 2.09035
2025-07-29 20:34:01,467 - INFO - [Station_14_h10] Shear Offset Ratio Y = 0.0804082
2025-07-29 20:34:01,467 - INFO - [Station_14_h10] Timoshenko Coefficient vx = 1.08972
2025-07-29 20:34:01,468 - INFO - [Station_14_h10] Timoshenko Coefficient vy = 1.5436
2025-07-29 20:34:01,468 - ERROR - [Station_14_h10] Geometric analysis failed — skipping values.
2025-07-29 20:34:01,468 - INFO - [Station_14_h10] SectionDXF row assembled with partial success.
2025-07-29 20:34:01,470 - INFO - [3/5] Meshing Station_14 with h = 2.5
2025-07-29 20:34:01,471 - INFO - [Station_14_h2.5] Meshing with target h = 2.5 …
2025-07-29 20:34:01,481 - WARNING - [Station_14_h2.5] 464 sliver triangles removed
2025-07-29 20:34:01,482 - INFO - [Station_14_h2.5] mesh ok | nodes=4042 elems=1345 | A[min=1e-08 max=1.11e-06 mean=1.29e-07 med=6.68e-08] | q[min=0.601 max=1.000 mean=0.878]
2025-07-29 20:34:01,566 - INFO - [Station_14_h2.5] Starting geometric analysis...
2025-07-29 20:34:01,697 - WARNING - [Station_14_h2.5] Section modulus Sx/Sy is None. Defaulting to 0.0.
2025-07-29 20:34:01,697 - ERROR - [Station_14_h2.5] Geometric analysis failed: 'Section' object has no attribute 'get_sx'
Traceback (most recent call last):
  File "C:\Users\samea\Desktop\geometry_tools\n_sections\analysis\geom_utils\section_dxf.py", line 139, in _geometric_analysis
    self.sx = self.sec.get_sx() or 0.0
              ^^^^^^^^^^^^^^^
AttributeError: 'Section' object has no attribute 'get_sx'
2025-07-29 20:34:01,699 - INFO - [Station_14_h2.5] Starting warping analysis...
2025-07-29 20:34:02,417 - INFO - [Station_14_h2.5] Warping analysis complete. Key values:
2025-07-29 20:34:02,449 - INFO -   Asx = 0.000160077 m², Asy = 0.000113008 m²
2025-07-29 20:34:02,450 - INFO -   Shear centre = (-0.000923524, -0.00223461) m
2025-07-29 20:34:02,450 - INFO -   Beta coefficients:
2025-07-29 20:34:02,450 - INFO -     Beta_x+ = 0.00416929, Beta_x- = -0.00416929
2025-07-29 20:34:02,451 - INFO -     Beta_y+ = -0.00611838, Beta_y- = 0.00611838
2025-07-29 20:34:02,451 - INFO - [Station_14_h2.5] Calculating derived section parameters...
2025-07-29 20:34:02,451 - WARNING - [Station_14_h2.5] Shape Factor X is None.
2025-07-29 20:34:02,451 - WARNING - [Station_14_h2.5] Shape Factor Y is None.
2025-07-29 20:34:02,452 - INFO - [Station_14_h2.5] Polar Radius = 0.00962692
2025-07-29 20:34:02,452 - INFO - [Station_14_h2.5] J / Ip = 0.0950383
2025-07-29 20:34:02,452 - INFO - [Station_14_h2.5] Asx / Area = 0.917665
2025-07-29 20:34:02,453 - INFO - [Station_14_h2.5] Asy / Area = 0.647836
2025-07-29 20:34:02,453 - INFO - [Station_14_h2.5] Compactness = 44.6033
2025-07-29 20:34:02,453 - INFO - [Station_14_h2.5] Shear Offset Ratio X = 2.09035
2025-07-29 20:34:02,454 - INFO - [Station_14_h2.5] Shear Offset Ratio Y = 0.0804082
2025-07-29 20:34:02,454 - INFO - [Station_14_h2.5] Timoshenko Coefficient vx = 1.08972
2025-07-29 20:34:02,454 - INFO - [Station_14_h2.5] Timoshenko Coefficient vy = 1.5436
2025-07-29 20:34:02,455 - ERROR - [Station_14_h2.5] Geometric analysis failed — skipping values.
2025-07-29 20:34:02,455 - INFO - [Station_14_h2.5] SectionDXF row assembled with partial success.
2025-07-29 20:34:02,457 - INFO - [4/5] Meshing Station_14 with h = 0.625
2025-07-29 20:34:02,458 - INFO - [Station_14_h0.625] Meshing with target h = 0.625 …
2025-07-29 20:34:02,466 - WARNING - [Station_14_h0.625] 464 sliver triangles removed
2025-07-29 20:34:02,467 - INFO - [Station_14_h0.625] mesh ok | nodes=4042 elems=1345 | A[min=1e-08 max=1.11e-06 mean=1.29e-07 med=6.68e-08] | q[min=0.601 max=1.000 mean=0.878]
2025-07-29 20:34:02,552 - INFO - [Station_14_h0.625] Starting geometric analysis...
2025-07-29 20:34:02,677 - WARNING - [Station_14_h0.625] Section modulus Sx/Sy is None. Defaulting to 0.0.
2025-07-29 20:34:02,678 - ERROR - [Station_14_h0.625] Geometric analysis failed: 'Section' object has no attribute 'get_sx'
Traceback (most recent call last):
  File "C:\Users\samea\Desktop\geometry_tools\n_sections\analysis\geom_utils\section_dxf.py", line 139, in _geometric_analysis
    self.sx = self.sec.get_sx() or 0.0
              ^^^^^^^^^^^^^^^
AttributeError: 'Section' object has no attribute 'get_sx'
2025-07-29 20:34:02,679 - INFO - [Station_14_h0.625] Starting warping analysis...
2025-07-29 20:34:03,368 - INFO - [Station_14_h0.625] Warping analysis complete. Key values:
2025-07-29 20:34:03,396 - INFO -   Asx = 0.000160077 m², Asy = 0.000113008 m²
2025-07-29 20:34:03,396 - INFO -   Shear centre = (-0.000923524, -0.00223461) m
2025-07-29 20:34:03,396 - INFO -   Beta coefficients:
2025-07-29 20:34:03,397 - INFO -     Beta_x+ = 0.00416929, Beta_x- = -0.00416929
2025-07-29 20:34:03,397 - INFO -     Beta_y+ = -0.00611838, Beta_y- = 0.00611838
2025-07-29 20:34:03,397 - INFO - [Station_14_h0.625] Calculating derived section parameters...
2025-07-29 20:34:03,398 - WARNING - [Station_14_h0.625] Shape Factor X is None.
2025-07-29 20:34:03,398 - WARNING - [Station_14_h0.625] Shape Factor Y is None.
2025-07-29 20:34:03,398 - INFO - [Station_14_h0.625] Polar Radius = 0.00962692
2025-07-29 20:34:03,399 - INFO - [Station_14_h0.625] J / Ip = 0.0950383
2025-07-29 20:34:03,399 - INFO - [Station_14_h0.625] Asx / Area = 0.917665
2025-07-29 20:34:03,399 - INFO - [Station_14_h0.625] Asy / Area = 0.647836
2025-07-29 20:34:03,400 - INFO - [Station_14_h0.625] Compactness = 44.6033
2025-07-29 20:34:03,400 - INFO - [Station_14_h0.625] Shear Offset Ratio X = 2.09035
2025-07-29 20:34:03,400 - INFO - [Station_14_h0.625] Shear Offset Ratio Y = 0.0804082
2025-07-29 20:34:03,401 - INFO - [Station_14_h0.625] Timoshenko Coefficient vx = 1.08972
2025-07-29 20:34:03,401 - INFO - [Station_14_h0.625] Timoshenko Coefficient vy = 1.5436
2025-07-29 20:34:03,401 - ERROR - [Station_14_h0.625] Geometric analysis failed — skipping values.
2025-07-29 20:34:03,402 - INFO - [Station_14_h0.625] SectionDXF row assembled with partial success.
2025-07-29 20:34:03,404 - INFO - [5/5] Meshing Station_14 with h = 0.1562
2025-07-29 20:34:03,405 - INFO - [Station_14_h0.1562] Meshing with target h = 0.1562 …
2025-07-29 20:34:03,416 - WARNING - [Station_14_h0.1562] 464 sliver triangles removed
2025-07-29 20:34:03,417 - INFO - [Station_14_h0.1562] mesh ok | nodes=4042 elems=1345 | A[min=1e-08 max=1.11e-06 mean=1.29e-07 med=6.68e-08] | q[min=0.601 max=1.000 mean=0.878]
2025-07-29 20:34:03,500 - INFO - [Station_14_h0.1562] Starting geometric analysis...
2025-07-29 20:34:03,627 - WARNING - [Station_14_h0.1562] Section modulus Sx/Sy is None. Defaulting to 0.0.
2025-07-29 20:34:03,628 - ERROR - [Station_14_h0.1562] Geometric analysis failed: 'Section' object has no attribute 'get_sx'
Traceback (most recent call last):
  File "C:\Users\samea\Desktop\geometry_tools\n_sections\analysis\geom_utils\section_dxf.py", line 139, in _geometric_analysis
    self.sx = self.sec.get_sx() or 0.0
              ^^^^^^^^^^^^^^^
AttributeError: 'Section' object has no attribute 'get_sx'
2025-07-29 20:34:03,629 - INFO - [Station_14_h0.1562] Starting warping analysis...
2025-07-29 20:34:04,314 - INFO - [Station_14_h0.1562] Warping analysis complete. Key values:
2025-07-29 20:34:04,350 - INFO -   Asx = 0.000160077 m², Asy = 0.000113008 m²
2025-07-29 20:34:04,350 - INFO -   Shear centre = (-0.000923524, -0.00223461) m
2025-07-29 20:34:04,350 - INFO -   Beta coefficients:
2025-07-29 20:34:04,351 - INFO -     Beta_x+ = 0.00416929, Beta_x- = -0.00416929
2025-07-29 20:34:04,351 - INFO -     Beta_y+ = -0.00611838, Beta_y- = 0.00611838
2025-07-29 20:34:04,351 - INFO - [Station_14_h0.1562] Calculating derived section parameters...
2025-07-29 20:34:04,352 - WARNING - [Station_14_h0.1562] Shape Factor X is None.
2025-07-29 20:34:04,352 - WARNING - [Station_14_h0.1562] Shape Factor Y is None.
2025-07-29 20:34:04,353 - INFO - [Station_14_h0.1562] Polar Radius = 0.00962692
2025-07-29 20:34:04,353 - INFO - [Station_14_h0.1562] J / Ip = 0.0950383
2025-07-29 20:34:04,353 - INFO - [Station_14_h0.1562] Asx / Area = 0.917665
2025-07-29 20:34:04,354 - INFO - [Station_14_h0.1562] Asy / Area = 0.647836
2025-07-29 20:34:04,354 - INFO - [Station_14_h0.1562] Compactness = 44.6033
2025-07-29 20:34:04,354 - INFO - [Station_14_h0.1562] Shear Offset Ratio X = 2.09035
2025-07-29 20:34:04,355 - INFO - [Station_14_h0.1562] Shear Offset Ratio Y = 0.0804082
2025-07-29 20:34:04,355 - INFO - [Station_14_h0.1562] Timoshenko Coefficient vx = 1.08972
2025-07-29 20:34:04,355 - INFO - [Station_14_h0.1562] Timoshenko Coefficient vy = 1.5436
2025-07-29 20:34:04,356 - ERROR - [Station_14_h0.1562] Geometric analysis failed — skipping values.
2025-07-29 20:34:04,356 - INFO - [Station_14_h0.1562] SectionDXF row assembled with partial success.
2025-07-29 20:34:04,358 - INFO - Convergence study completed: 5 valid results out of 5
2025-07-29 20:34:05,150 - INFO - Global batch 1 saved -> C:\Users\samea\Desktop\geometry_tools\n_sections\results\analysis\Station_14\mesh_conv_Station_14_batch1_global.png
2025-07-29 20:34:06,057 - INFO - Local batch 1 saved -> C:\Users\samea\Desktop\geometry_tools\n_sections\results\analysis\Station_14\mesh_conv_Station_14_batch1_local.png
2025-07-29 20:34:06,597 - INFO - Global batch 2 saved -> C:\Users\samea\Desktop\geometry_tools\n_sections\results\analysis\Station_14\mesh_conv_Station_14_batch2_global.png
2025-07-29 20:34:07,172 - INFO - Local batch 2 saved -> C:\Users\samea\Desktop\geometry_tools\n_sections\results\analysis\Station_14\mesh_conv_Station_14_batch2_local.png
2025-07-29 20:34:07,967 - INFO - Global batch 1 saved -> C:\Users\samea\Desktop\geometry_tools\n_sections\results\analysis\Station_14\mesh_conv_Station_14_batch1_global.png
2025-07-29 20:34:08,785 - INFO - Local batch 1 saved -> C:\Users\samea\Desktop\geometry_tools\n_sections\results\analysis\Station_14\mesh_conv_Station_14_batch1_local.png
2025-07-29 20:34:09,313 - INFO - Global batch 2 saved -> C:\Users\samea\Desktop\geometry_tools\n_sections\results\analysis\Station_14\mesh_conv_Station_14_batch2_global.png
2025-07-29 20:34:09,942 - INFO - Local batch 2 saved -> C:\Users\samea\Desktop\geometry_tools\n_sections\results\analysis\Station_14\mesh_conv_Station_14_batch2_local.png
2025-07-29 20:34:09,944 - INFO - Section analysis result set saved
