2025-07-30 14:23:17,744 - INFO - Logger initialized for ConvergenceStudy [Station_14]
2025-07-30 14:23:17,744 - INFO - Starting convergence study over 3 mesh sizes: [40.  10.   2.5]
2025-07-30 14:23:17,745 - INFO - [1/3] Processing mesh size h = 40
2025-07-30 14:23:17,746 - DEBUG - [Station_14_h40] Copying geometry and initiating meshing …
2025-07-30 14:23:17,758 - INFO - [Station_14_h40] Mesh created successfully
2025-07-30 14:23:17,758 - DEBUG - [Station_14_h40] Starting section property calculation …
2025-07-30 14:23:17,825 - ERROR - [Station_14_h40] SectionDXF returned no data
2025-07-30 14:23:17,827 - WARNING - [Station_14_h40] Skipped due to section analysis failure.
2025-07-30 14:23:17,827 - INFO - [2/3] Processing mesh size h = 10
2025-07-30 14:23:17,828 - DEBUG - [Station_14_h10] Copying geometry and initiating meshing …
2025-07-30 14:23:17,837 - INFO - [Station_14_h10] Mesh created successfully
2025-07-30 14:23:17,837 - DEBUG - [Station_14_h10] Starting section property calculation …
2025-07-30 14:23:17,904 - ERROR - [Station_14_h10] SectionDXF returned no data
2025-07-30 14:23:17,905 - WARNING - [Station_14_h10] Skipped due to section analysis failure.
2025-07-30 14:23:17,905 - INFO - [3/3] Processing mesh size h = 2.5
2025-07-30 14:23:17,905 - DEBUG - [Station_14_h2.5] Copying geometry and initiating meshing …
2025-07-30 14:23:17,970 - INFO - [Station_14_h2.5] Mesh created successfully
2025-07-30 14:23:17,970 - DEBUG - [Station_14_h2.5] Starting section property calculation …
2025-07-30 14:23:18,037 - ERROR - [Station_14_h2.5] SectionDXF returned no data
2025-07-30 14:23:18,038 - WARNING - [Station_14_h2.5] Skipped due to section analysis failure.
2025-07-30 14:23:18,038 - INFO - Convergence study completed: 0 successful, 3 attempted
