2025-07-30 14:23:16,210 | INFO     | Logging initialized for ProcessSectionAnalysis
2025-07-30 14:23:16,210 | INFO     | Station Station_14 [Analysis]: DXF=C:\Users\Sam Hughes\Desktop\geometry_tools\n_sections\blade\Station_14.dxf, twist=0.3°, centroid=(0.00, -0.00)
2025-07-30 14:23:16,211 | INFO     | Logger initialized for RawGeometry Station_14
2025-07-30 14:23:16,211 | INFO     | Reading DXF file: C:\Users\Sam Hughes\Desktop\geometry_tools\n_sections\blade\Station_14.dxf
2025-07-30 14:23:16,222 | INFO     | DXF version upgrade to DXF R2000.
2025-07-30 14:23:16,227 | INFO     | creating ACAD_COLOR dictionary
2025-07-30 14:23:16,227 | INFO     | creating ACAD_PLOTSTYLENAME dictionary
2025-07-30 14:23:16,228 | INFO     | creating ACAD_TABLESTYLE dictionary
2025-07-30 14:23:16,229 | DEBUG    | Parsed LINE entity with 50 points
2025-07-30 14:23:16,229 | DEBUG    | Parsed LINE entity with 50 points
2025-07-30 14:23:16,230 | DEBUG    | Parsed LINE entity with 50 points
2025-07-30 14:23:16,230 | DEBUG    | Parsed ARC entity with 100 points
2025-07-30 14:23:16,231 | DEBUG    | Parsed LINE entity with 50 points
2025-07-30 14:23:16,231 | DEBUG    | Parsed LINE entity with 50 points
2025-07-30 14:23:16,231 | DEBUG    | Parsed LINE entity with 50 points
2025-07-30 14:23:16,232 | DEBUG    | Parsed LINE entity with 50 points
2025-07-30 14:23:16,232 | DEBUG    | Parsed LINE entity with 50 points
2025-07-30 14:23:16,232 | DEBUG    | Parsed LINE entity with 50 points
2025-07-30 14:23:16,233 | DEBUG    | Parsed LINE entity with 50 points
2025-07-30 14:23:16,233 | DEBUG    | Parsed LINE entity with 50 points
2025-07-30 14:23:16,233 | DEBUG    | Parsed LINE entity with 50 points
2025-07-30 14:23:16,234 | DEBUG    | Parsed LINE entity with 50 points
2025-07-30 14:23:16,234 | DEBUG    | Parsed LINE entity with 50 points
2025-07-30 14:23:16,234 | DEBUG    | Parsed LINE entity with 50 points
2025-07-30 14:23:16,234 | DEBUG    | Parsed LINE entity with 50 points
2025-07-30 14:23:16,234 | DEBUG    | Parsed LINE entity with 50 points
2025-07-30 14:23:16,236 | DEBUG    | Parsed LINE entity with 50 points
2025-07-30 14:23:16,236 | DEBUG    | Parsed LINE entity with 50 points
2025-07-30 14:23:16,236 | DEBUG    | Parsed LINE entity with 50 points
2025-07-30 14:23:16,236 | DEBUG    | Parsed LINE entity with 50 points
2025-07-30 14:23:16,237 | DEBUG    | Parsed LINE entity with 50 points
2025-07-30 14:23:16,237 | DEBUG    | Parsed LINE entity with 50 points
2025-07-30 14:23:16,237 | DEBUG    | Parsed LINE entity with 50 points
2025-07-30 14:23:16,238 | DEBUG    | Parsed LINE entity with 50 points
2025-07-30 14:23:16,238 | DEBUG    | Parsed LINE entity with 50 points
2025-07-30 14:23:16,238 | DEBUG    | Parsed LINE entity with 50 points
2025-07-30 14:23:16,238 | DEBUG    | Parsed LINE entity with 50 points
2025-07-30 14:23:16,238 | DEBUG    | Parsed LINE entity with 50 points
2025-07-30 14:23:16,239 | DEBUG    | Parsed LINE entity with 50 points
2025-07-30 14:23:16,239 | DEBUG    | Parsed LINE entity with 50 points
2025-07-30 14:23:16,239 | DEBUG    | Parsed LINE entity with 50 points
2025-07-30 14:23:16,239 | DEBUG    | Parsed LINE entity with 50 points
2025-07-30 14:23:16,239 | DEBUG    | Parsed LINE entity with 50 points
2025-07-30 14:23:16,240 | DEBUG    | Parsed LINE entity with 50 points
2025-07-30 14:23:16,240 | DEBUG    | Parsed LINE entity with 50 points
2025-07-30 14:23:16,240 | DEBUG    | Parsed LINE entity with 50 points
2025-07-30 14:23:16,241 | DEBUG    | Parsed LINE entity with 50 points
2025-07-30 14:23:16,241 | DEBUG    | Parsed LINE entity with 50 points
2025-07-30 14:23:16,241 | DEBUG    | Parsed LINE entity with 50 points
2025-07-30 14:23:16,241 | DEBUG    | Parsed LINE entity with 50 points
2025-07-30 14:23:16,242 | DEBUG    | Parsed LINE entity with 50 points
2025-07-30 14:23:16,242 | DEBUG    | Parsed LINE entity with 50 points
2025-07-30 14:23:16,242 | DEBUG    | Parsed LINE entity with 50 points
2025-07-30 14:23:16,242 | DEBUG    | Parsed LINE entity with 50 points
2025-07-30 14:23:16,243 | DEBUG    | Parsed LINE entity with 50 points
2025-07-30 14:23:16,243 | DEBUG    | Parsed LINE entity with 50 points
2025-07-30 14:23:16,243 | DEBUG    | Parsed LINE entity with 50 points
2025-07-30 14:23:16,243 | DEBUG    | Parsed LINE entity with 50 points
2025-07-30 14:23:16,244 | DEBUG    | Parsed LINE entity with 50 points
2025-07-30 14:23:16,244 | DEBUG    | Parsed LINE entity with 50 points
2025-07-30 14:23:16,244 | INFO     | Extraction complete: 52 entities, 2650 total points.
2025-07-30 14:23:16,312 | INFO     | Plotting 52 DXF entities for preview...
2025-07-30 14:23:16,483 | INFO     | Raw preview saved -> C:\Users\Sam Hughes\Desktop\geometry_tools\n_sections\results\analysis\Station_14\raw_Station_14.png
2025-07-30 14:23:16,484 | INFO     | Logger initialized for ProcessedGeometry [Station_14]
2025-07-30 14:23:16,485 | INFO     | Importing DXF geometry from C:\Users\Sam Hughes\Desktop\geometry_tools\n_sections\blade\Station_14.dxf
2025-07-30 14:23:16,496 | INFO     | DXF version upgrade to DXF R2000.
2025-07-30 14:23:16,499 | INFO     | creating ACAD_COLOR dictionary
2025-07-30 14:23:16,499 | INFO     | creating ACAD_PLOTSTYLENAME dictionary
2025-07-30 14:23:16,499 | INFO     | creating ACAD_TABLESTYLE dictionary
2025-07-30 14:23:16,501 | INFO     | cleanup is depreciated BTW. Use the polygonize function instead
2025-07-30 14:23:16,585 | INFO     | Zipped 73 points
2025-07-30 14:23:16,586 | INFO     | DXF import complete
2025-07-30 14:23:16,587 | DEBUG    | Scaled single geometry to metres
2025-07-30 14:23:16,587 | DEBUG    | Resampling polygon: 56 points, target=400 points, perimeter=0.086934
2025-07-30 14:23:16,589 | DEBUG    | Resampled exterior generated with 400 points
2025-07-30 14:23:16,589 | DEBUG    | Resampled polygon 0 with 400 exterior nodes
2025-07-30 14:23:16,590 | INFO     | Resampling and geometry reconstruction complete
2025-07-30 14:23:16,591 | INFO     | [Station_14] Current blade twist: -0.36°, Desired: 0.32°, Delta: 0.68°
2025-07-30 14:23:16,593 | INFO     | [Station_14] Section rotated by 0.68° (about origin, twist axis ratio was 33.30%).
2025-07-30 14:23:16,593 | INFO     | Applied twist rotation: 0.32°
2025-07-30 14:23:16,594 | INFO     | Logger initialized for CentroidOffset [Station_14]
2025-07-30 14:23:16,602 | INFO     | Geometry meshed with mesh_sizes = 0.5
2025-07-30 14:23:16,999 | INFO     | Actual centroid: (0.0178, 0.0006)
2025-07-30 14:23:16,999 | INFO     | Target centroid: (0.0008, -0.0024)
2025-07-30 14:23:17,000 | INFO     | Translation to apply: dx=-0.0169, dy=-0.0031
2025-07-30 14:23:17,001 | INFO     | Section successfully translated.
2025-07-30 14:23:17,002 | INFO     | Applied centroid translation to (0.001, -0.002)
2025-07-30 14:23:17,003 | INFO     | Processed geometry completed for Station_14
2025-07-30 14:23:17,003 | INFO     | Processed and aligned geometry extracted for Station_14
2025-07-30 14:23:17,004 | WARNING  | Material assignment failed for Station_14: 'Geometry' object has no attribute 'assign_material'
Traceback (most recent call last):
  File "c:\Users\Sam Hughes\Desktop\geometry_tools\n_sections\analysis\process_section_analysis.py", line 121, in _process_and_preview_geometry
    geom_aligned.assign_material(self.material)
    ^^^^^^^^^^^^^^^^^^^^^^^^^^^^
AttributeError: 'Geometry' object has no attribute 'assign_material'
2025-07-30 14:23:17,743 | INFO     | Processed geometry preview saved -> C:\Users\Sam Hughes\Desktop\geometry_tools\n_sections\results\analysis\Station_14\processed_Station_14.png
2025-07-30 14:23:17,743 | INFO     | Starting section convergence study …
2025-07-30 14:23:17,744 | INFO     | Logger initialized for ConvergenceStudy [Station_14]
2025-07-30 14:23:17,744 | INFO     | Starting convergence study over 3 mesh sizes: [40.  10.   2.5]
2025-07-30 14:23:17,745 | INFO     | [1/3] Processing mesh size h = 40
2025-07-30 14:23:17,746 | DEBUG    | [Station_14_h40] Copying geometry and initiating meshing …
2025-07-30 14:23:17,748 | INFO     | Logger initialized for MeshDXF [Station_14_h40]
2025-07-30 14:23:17,748 | INFO     | [Station_14_h40] Meshing started with target h = 40
2025-07-30 14:23:17,757 | ERROR    | [Station_14_h40] Mesh contains no points or triangles
2025-07-30 14:23:17,758 | INFO     | [Station_14_h40] Mesh created successfully
2025-07-30 14:23:17,758 | DEBUG    | [Station_14_h40] Starting section property calculation …
2025-07-30 14:23:17,825 | ERROR    | [Station_14_h40] SectionDXF returned no data
2025-07-30 14:23:17,827 | WARNING  | [Station_14_h40] Skipped due to section analysis failure.
2025-07-30 14:23:17,827 | INFO     | [2/3] Processing mesh size h = 10
2025-07-30 14:23:17,828 | DEBUG    | [Station_14_h10] Copying geometry and initiating meshing …
2025-07-30 14:23:17,830 | INFO     | Logger initialized for MeshDXF [Station_14_h10]
2025-07-30 14:23:17,830 | INFO     | [Station_14_h10] Meshing started with target h = 10
2025-07-30 14:23:17,837 | ERROR    | [Station_14_h10] Mesh contains no points or triangles
2025-07-30 14:23:17,837 | INFO     | [Station_14_h10] Mesh created successfully
2025-07-30 14:23:17,837 | DEBUG    | [Station_14_h10] Starting section property calculation …
2025-07-30 14:23:17,904 | ERROR    | [Station_14_h10] SectionDXF returned no data
2025-07-30 14:23:17,905 | WARNING  | [Station_14_h10] Skipped due to section analysis failure.
2025-07-30 14:23:17,905 | INFO     | [3/3] Processing mesh size h = 2.5
2025-07-30 14:23:17,905 | DEBUG    | [Station_14_h2.5] Copying geometry and initiating meshing …
2025-07-30 14:23:17,908 | INFO     | Logger initialized for MeshDXF [Station_14_h2.5]
2025-07-30 14:23:17,908 | INFO     | [Station_14_h2.5] Meshing started with target h = 2.5
2025-07-30 14:23:17,970 | ERROR    | [Station_14_h2.5] Mesh contains no points or triangles
2025-07-30 14:23:17,970 | INFO     | [Station_14_h2.5] Mesh created successfully
2025-07-30 14:23:17,970 | DEBUG    | [Station_14_h2.5] Starting section property calculation …
2025-07-30 14:23:18,037 | ERROR    | [Station_14_h2.5] SectionDXF returned no data
2025-07-30 14:23:18,038 | WARNING  | [Station_14_h2.5] Skipped due to section analysis failure.
2025-07-30 14:23:18,038 | INFO     | Convergence study completed: 0 successful, 3 attempted
2025-07-30 14:23:18,040 | INFO     | Section analysis result set saved
