2025-07-28 15:17:43,682 - INFO - [Station_14_h40] Starting geometric analysis...
2025-07-28 15:17:44,077 - INFO - [Station_14_h40] Starting warping analysis (required for J)...
2025-07-28 15:17:45,245 - INFO - [Station_14_h40] Success at h = 40.0000
2025-07-28 15:17:45,349 - INFO - [Station_14_h10] Starting geometric analysis...
2025-07-28 15:17:45,467 - INFO - [Station_14_h10] Starting warping analysis (required for J)...
2025-07-28 15:17:46,145 - INFO - [Station_14_h10] Success at h = 10.0000
2025-07-28 15:17:46,231 - INFO - [Station_14_h2.5] Starting geometric analysis...
2025-07-28 15:17:46,363 - INFO - [Station_14_h2.5] Starting warping analysis (required for J)...
2025-07-28 15:17:47,019 - INFO - [Station_14_h2.5] Success at h = 2.5000
2025-07-28 15:17:47,120 - INFO - [Station_14_h0.625] Starting geometric analysis...
2025-07-28 15:17:47,251 - INFO - [Station_14_h0.625] Starting warping analysis (required for J)...
2025-07-28 15:17:47,921 - INFO - [Station_14_h0.625] Success at h = 0.6250
2025-07-28 15:17:48,016 - INFO - [Station_14_h0.1562] Starting geometric analysis...
2025-07-28 15:17:48,141 - INFO - [Station_14_h0.1562] Starting warping analysis (required for J)...
2025-07-28 15:17:48,812 - INFO - [Station_14_h0.1562] Success at h = 0.1562
2025-07-28 19:19:06,245 - INFO - [Station_14_h40] Starting geometric analysis...
2025-07-28 19:19:06,694 - INFO - [Station_14_h40] Starting warping analysis (required for J)...
2025-07-28 19:19:08,017 - INFO - [Station_14_h40] Success at h = 40.0000
2025-07-28 19:19:08,116 - INFO - [Station_14_h10] Starting geometric analysis...
2025-07-28 19:19:08,306 - INFO - [Station_14_h10] Starting warping analysis (required for J)...
2025-07-28 19:19:09,138 - INFO - [Station_14_h10] Success at h = 10.0000
2025-07-28 19:19:09,236 - INFO - [Station_14_h2.5] Starting geometric analysis...
2025-07-28 19:19:09,387 - INFO - [Station_14_h2.5] Starting warping analysis (required for J)...
2025-07-28 19:19:10,077 - INFO - [Station_14_h2.5] Success at h = 2.5000
2025-07-28 19:19:10,177 - INFO - [Station_14_h0.625] Starting geometric analysis...
2025-07-28 19:19:10,301 - INFO - [Station_14_h0.625] Starting warping analysis (required for J)...
2025-07-28 19:19:11,067 - INFO - [Station_14_h0.625] Success at h = 0.6250
2025-07-28 19:19:11,182 - INFO - [Station_14_h0.1562] Starting geometric analysis...
2025-07-28 19:19:11,331 - INFO - [Station_14_h0.1562] Starting warping analysis (required for J)...
2025-07-28 19:19:12,148 - INFO - [Station_14_h0.1562] Success at h = 0.1562
