2025-08-18 17:51:56,751 - INFO - Logger initialized for ConvergenceStudy [Station_10]
2025-08-18 17:51:56,752 - INFO - Starting convergence study over 3 mesh sizes: [40.  10.   2.5]
2025-08-18 17:51:56,755 - INFO - [1/3] Processing mesh size h = 40
2025-08-18 17:51:56,756 - DEBUG - [Station_10_h40] Copying geometry and initiating meshing …
2025-08-18 17:51:56,780 - INFO - [Station_10_h40] Mesh created successfully
2025-08-18 17:51:56,781 - DEBUG - [Station_10_h40] Starting section property calculation …
2025-08-18 17:51:57,580 - DEBUG - [Station_10_h40] Section analysis row returned
2025-08-18 17:51:57,582 - INFO - [Station_10_h40] Section analysis completed successfully.
2025-08-18 17:51:57,585 - INFO - [2/3] Processing mesh size h = 10
2025-08-18 17:51:57,587 - DEBUG - [Station_10_h10] Copying geometry and initiating meshing …
2025-08-18 17:51:57,610 - INFO - [Station_10_h10] Mesh created successfully
2025-08-18 17:51:57,611 - DEBUG - [Station_10_h10] Starting section property calculation …
2025-08-18 17:51:58,131 - DEBUG - [Station_10_h10] Section analysis row returned
2025-08-18 17:51:58,134 - INFO - [Station_10_h10] Section analysis completed successfully.
2025-08-18 17:51:58,135 - INFO - [3/3] Processing mesh size h = 2.5
2025-08-18 17:51:58,136 - DEBUG - [Station_10_h2.5] Copying geometry and initiating meshing …
2025-08-18 17:51:58,157 - INFO - [Station_10_h2.5] Mesh created successfully
2025-08-18 17:51:58,158 - DEBUG - [Station_10_h2.5] Starting section property calculation …
2025-08-18 17:51:58,679 - DEBUG - [Station_10_h2.5] Section analysis row returned
2025-08-18 17:51:58,682 - INFO - [Station_10_h2.5] Section analysis completed successfully.
2025-08-18 17:51:58,684 - INFO - Convergence study completed: 3 successful, 3 attempted
2025-08-18 17:51:58,685 - INFO - Generating convergence visualisation …
2025-08-18 17:51:59,550 - INFO - Convergence visualisation completed.
