2025-08-18 17:51:55,557 | INFO     | Logging initialized for ProcessSectionAnalysis
2025-08-18 17:51:55,557 | INFO     | Station Station_10 [Analysis]: DXF=\\mull.sms.ed.ac.uk\home\s1834431\Win7\Desktop\geometry_tools\n_sections\blade\Station_10.dxf, twist=2.7°, origin: CP-proxy @ 33.0% chord
2025-08-18 17:51:55,558 | INFO     | Starting raw geometry processing …
2025-08-18 17:51:55,559 | INFO     | Instantiating RawGeometry for DXF: \\mull.sms.ed.ac.uk\home\s1834431\Win7\Desktop\geometry_tools\n_sections\blade\Station_10.dxf
2025-08-18 17:51:55,571 | INFO     | RawGeometry created successfully.
2025-08-18 17:51:55,572 | INFO     | Generating raw geometry plot …
2025-08-18 17:51:55,976 | INFO     | Raw geometry visualisation completed and saved.
2025-08-18 17:51:55,979 | INFO     | Processing and visualising aligned geometry …
2025-08-18 17:51:55,979 | INFO     | Instantiating ProcessedGeometry with spline/segment settings …
2025-08-18 17:51:55,986 | INFO     | ProcessedGeometry successfully instantiated.
2025-08-18 17:51:55,987 | INFO     | Extracting + aligning: twist=2.7°, origin_mode=cop, cop_fraction=0.330, cx=0.00, cy=-0.01
2025-08-18 17:51:56,150 | INFO     | Geometry aligned and transformed successfully.
2025-08-18 17:51:56,151 | INFO     | Generating processed geometry visualisation with trailing edge zoom …
2025-08-18 17:51:56,739 | INFO     | Processed geometry preview saved -> \\mull.sms.ed.ac.uk\home\s1834431\Win7\Desktop\geometry_tools\n_sections\results\analysis\2025-08-18_17-51-37\Station_10\processed_Station_10.png
2025-08-18 17:51:56,740 | INFO     | Launching convergence study pipeline …
2025-08-18 17:51:56,741 | INFO     | Starting section convergence study using 3 mesh sizes: [40.  10.   2.5]
2025-08-18 17:51:59,552 | INFO     | ConvergenceStudy instantiated. Running results computation …
2025-08-18 17:51:59,552 | INFO     | Convergence study completed successfully.
2025-08-18 17:51:59,553 | INFO     | Creating convergence visualisation …
2025-08-18 17:52:00,452 | INFO     | Convergence visualisation saved.
2025-08-18 17:52:00,453 | INFO     | Building metadata container for section Station_10 …
2025-08-18 17:52:00,454 | INFO     | MetadataBin created.
2025-08-18 17:52:00,455 | INFO     | Composing SectionAnalysisResultSet …
2025-08-18 17:52:00,455 | INFO     | SectionAnalysisResultSet successfully built.
2025-08-18 17:52:00,456 | INFO     | Saving results to directory: \\mull.sms.ed.ac.uk\home\s1834431\Win7\Desktop\geometry_tools\n_sections\results\analysis\2025-08-18_17-51-37\Station_10
2025-08-18 17:52:00,479 | INFO     | Section analysis results successfully saved.
