2025-05-26 20:43:51,057 - INFO - Starting analysis
2025-05-26 20:43:51,064 - INFO - Loaded 12 points from \\mull.sms.ed.ac.uk\home\s1834431\Win7\Desktop\geometry_tools\input.csv
2025-05-26 20:43:51,065 - INFO - 
========================================
Processing angle 0°
========================================
2025-05-26 20:43:51,067 - INFO - Resolution 5
2025-05-26 20:43:51,068 - INFO - Generated geometry with 40 points
2025-05-26 20:43:51,069 - INFO - == [Analysis Pipeline Start] ==
2025-05-26 20:43:51,070 - INFO - >> Geometry created successfully
2025-05-26 20:43:51,072 - INFO - >> Meshing with 0.05mm elements
2025-05-26 20:48:34,664 - INFO - Starting analysis
2025-05-26 20:48:34,674 - INFO - Loaded 12 points from \\mull.sms.ed.ac.uk\home\s1834431\Win7\Desktop\geometry_tools\input.csv
2025-05-26 20:48:34,676 - INFO - 
========================================
Processing angle 0°
========================================
2025-05-26 20:48:34,677 - INFO - Resolution 5
2025-05-26 20:48:34,678 - INFO - Generated geometry with 40 points
2025-05-26 20:48:34,679 - INFO - == [Analysis Pipeline Start] ==
2025-05-26 20:48:34,679 - WARNING - Very small mesh factor may cause instability
2025-05-26 20:48:34,680 - INFO - >> Target mesh size: 0.05mm
2025-05-26 20:48:34,681 - WARNING - >> Mesh size 0.05mm is too small, using minimum 0.1mm
2025-05-26 20:48:34,682 - INFO - >> Geometry created successfully
2025-05-26 20:48:34,683 - INFO - >> Starting meshing process
2025-05-26 20:48:34,685 - INFO - >> Meshing successful
2025-05-26 20:48:34,686 - WARNING - >> Could not access mesh elements for quality check
2025-05-26 20:48:34,687 - INFO - >> Starting analysis
2025-05-26 20:48:34,867 - INFO - << Analysis completed >>
2025-05-26 20:48:34,868 - INFO - Resolution 10
2025-05-26 20:48:34,870 - INFO - Generated geometry with 60 points
2025-05-26 20:48:34,871 - INFO - == [Analysis Pipeline Start] ==
2025-05-26 20:48:34,872 - WARNING - Very small mesh factor may cause instability
2025-05-26 20:48:34,873 - INFO - >> Target mesh size: 0.05mm
2025-05-26 20:48:34,873 - WARNING - >> Mesh size 0.05mm is too small, using minimum 0.1mm
2025-05-26 20:48:34,875 - INFO - >> Geometry created successfully
2025-05-26 20:48:34,876 - INFO - >> Starting meshing process
2025-05-26 20:48:44,225 - INFO - Starting analysis
2025-05-26 20:48:44,233 - INFO - Loaded 12 points from \\mull.sms.ed.ac.uk\home\s1834431\Win7\Desktop\geometry_tools\input.csv
2025-05-26 20:48:44,233 - INFO - 
========================================
Processing angle 0°
========================================
2025-05-26 20:48:44,234 - INFO - Resolution 5
2025-05-26 20:48:44,235 - INFO - Generated geometry with 40 points
2025-05-26 20:48:44,236 - INFO - == [Analysis Pipeline Start] ==
2025-05-26 20:48:44,237 - WARNING - Very small mesh factor may cause instability
2025-05-26 20:48:44,237 - INFO - >> Target mesh size: 0.05mm
2025-05-26 20:48:44,239 - WARNING - >> Mesh size 0.05mm is too small, using minimum 0.1mm
2025-05-26 20:48:44,240 - INFO - >> Geometry created successfully
2025-05-26 20:48:44,240 - INFO - >> Starting meshing process
