2025-07-21 03:53:12,809 - INFO - [Station_10] Geometry meshed with mesh_sizes=0.5.
2025-07-21 03:53:13,327 - INFO - [Station_10] Actual centroid: (0.0154, 0.0012)
2025-07-21 03:53:13,327 - INFO - [Station_10] Desired centroid: (0.0014, -0.0051)
2025-07-21 03:53:13,327 - INFO - [Station_10] Applying translation dx=-0.0140, dy=-0.0064
2025-07-21 03:53:13,327 - INFO - [Station_10] Section translated.
2025-07-21 03:53:13,327 - INFO - Processed and aligned geometry extracted for Station_10
2025-07-21 03:53:14,267 - INFO - Processed geometry preview saved -> section_calc_n\results\analysis\Station_10\processed_Station_10.png
2025-07-21 03:53:14,267 - INFO - Starting section convergence study …
2025-07-21 03:53:14,267 - INFO - [1/5] Meshing Station_10 with h = 40
2025-07-21 03:53:14,267 - INFO - [Station_10_h40] Meshing with target h = 40 …
2025-07-21 03:53:14,289 - WARNING - [Station_10_h40] 363 sliver triangles removed
2025-07-21 03:53:14,289 - INFO - [Station_10_h40] mesh ok | nodes=4344 elems=1571 | A[min=1.02e-08 max=1.47e-06 mean=1.67e-07 med=1.21e-07] | q[min=0.602 max=1.000 mean=0.887]
2025-07-21 03:53:14,377 - INFO - [Station_10_h40] Starting geometric analysis...
2025-07-21 03:53:14,815 - INFO - [Station_10_h40] Starting warping analysis (required for J)...
2025-07-21 03:53:15,841 - INFO - [Station_10_h40] Success at h = 40.0000
2025-07-21 03:53:15,841 - INFO - [2/5] Meshing Station_10 with h = 10
2025-07-21 03:53:15,841 - INFO - [Station_10_h10] Meshing with target h = 10 …
2025-07-21 03:53:15,841 - WARNING - [Station_10_h10] 363 sliver triangles removed
2025-07-21 03:53:15,841 - INFO - [Station_10_h10] mesh ok | nodes=4344 elems=1571 | A[min=1.02e-08 max=1.47e-06 mean=1.67e-07 med=1.21e-07] | q[min=0.602 max=1.000 mean=0.887]
2025-07-21 03:53:15,953 - INFO - [Station_10_h10] Starting geometric analysis...
2025-07-21 03:53:16,110 - INFO - [Station_10_h10] Starting warping analysis (required for J)...
2025-07-21 03:53:16,928 - INFO - [Station_10_h10] Success at h = 10.0000
2025-07-21 03:53:16,928 - INFO - [3/5] Meshing Station_10 with h = 2.5
2025-07-21 03:53:16,928 - INFO - [Station_10_h2.5] Meshing with target h = 2.5 …
2025-07-21 03:53:17,007 - WARNING - [Station_10_h2.5] 363 sliver triangles removed
2025-07-21 03:53:17,009 - INFO - [Station_10_h2.5] mesh ok | nodes=4344 elems=1571 | A[min=1.02e-08 max=1.47e-06 mean=1.67e-07 med=1.21e-07] | q[min=0.602 max=1.000 mean=0.887]
2025-07-21 03:53:17,093 - INFO - [Station_10_h2.5] Starting geometric analysis...
2025-07-21 03:53:17,229 - INFO - [Station_10_h2.5] Starting warping analysis (required for J)...
2025-07-21 03:53:17,945 - INFO - [Station_10_h2.5] Success at h = 2.5000
2025-07-21 03:53:17,945 - INFO - [4/5] Meshing Station_10 with h = 0.625
2025-07-21 03:53:17,961 - INFO - [Station_10_h0.625] Meshing with target h = 0.625 …
2025-07-21 03:53:17,961 - WARNING - [Station_10_h0.625] 363 sliver triangles removed
2025-07-21 03:53:17,961 - INFO - [Station_10_h0.625] mesh ok | nodes=4344 elems=1571 | A[min=1.02e-08 max=1.47e-06 mean=1.67e-07 med=1.21e-07] | q[min=0.602 max=1.000 mean=0.887]
2025-07-21 03:53:18,062 - INFO - [Station_10_h0.625] Starting geometric analysis...
2025-07-21 03:53:18,195 - INFO - [Station_10_h0.625] Starting warping analysis (required for J)...
2025-07-21 03:53:18,923 - INFO - [Station_10_h0.625] Success at h = 0.6250
2025-07-21 03:53:18,925 - INFO - [5/5] Meshing Station_10 with h = 0.1562
2025-07-21 03:53:18,927 - INFO - [Station_10_h0.1562] Meshing with target h = 0.1562 …
2025-07-21 03:53:18,937 - WARNING - [Station_10_h0.1562] 363 sliver triangles removed
2025-07-21 03:53:18,937 - INFO - [Station_10_h0.1562] mesh ok | nodes=4344 elems=1571 | A[min=1.02e-08 max=1.47e-06 mean=1.67e-07 med=1.21e-07] | q[min=0.602 max=1.000 mean=0.887]
2025-07-21 03:53:19,026 - INFO - [Station_10_h0.1562] Starting geometric analysis...
2025-07-21 03:53:19,164 - INFO - [Station_10_h0.1562] Starting warping analysis (required for J)...
2025-07-21 03:53:19,949 - INFO - [Station_10_h0.1562] Success at h = 0.1562
2025-07-21 03:53:20,858 - INFO - Global batch 1 saved -> section_calc_n\results\analysis\Station_10\mesh_conv_Station_10_batch1_global.png
2025-07-21 03:53:21,891 - INFO - Local batch 1 saved -> section_calc_n\results\analysis\Station_10\mesh_conv_Station_10_batch1_local.png
2025-07-21 03:53:22,524 - INFO - Global batch 2 saved -> section_calc_n\results\analysis\Station_10\mesh_conv_Station_10_batch2_global.png
2025-07-21 03:53:23,118 - INFO - Local batch 2 saved -> section_calc_n\results\analysis\Station_10\mesh_conv_Station_10_batch2_local.png
2025-07-21 03:53:24,007 - INFO - Global batch 1 saved -> section_calc_n\results\analysis\Station_10\mesh_conv_Station_10_batch1_global.png
2025-07-21 03:53:24,829 - INFO - Local batch 1 saved -> section_calc_n\results\analysis\Station_10\mesh_conv_Station_10_batch1_local.png
2025-07-21 03:53:25,458 - INFO - Global batch 2 saved -> section_calc_n\results\analysis\Station_10\mesh_conv_Station_10_batch2_global.png
2025-07-21 03:53:26,030 - INFO - Local batch 2 saved -> section_calc_n\results\analysis\Station_10\mesh_conv_Station_10_batch2_local.png
2025-07-21 03:53:26,033 - INFO - Section analysis result set saved
2025-07-21 03:53:26,034 - INFO - Station Station_12 [Analysis]: DXF=section_calc_n\blade\Station_12.dxf, twist=1.4°, centroid=(0.00, -0.00)
2025-07-21 03:53:26,035 - INFO - Reading DXF file: section_calc_n\blade\Station_12.dxf
2025-07-21 03:53:26,043 - INFO - DXF version upgrade to DXF R2000.
2025-07-21 03:53:26,054 - INFO - creating ACAD_COLOR dictionary
2025-07-21 03:53:26,055 - INFO - creating ACAD_PLOTSTYLENAME dictionary
2025-07-21 03:53:26,055 - INFO - creating ACAD_TABLESTYLE dictionary
2025-07-21 03:53:26,057 - INFO - Raw geometry extraction complete. 46 drawable entities parsed.
2025-07-21 03:53:26,181 - INFO - Plotting 46 DXF entities for preview...
2025-07-21 03:53:26,372 - INFO - Raw preview saved -> section_calc_n\results\analysis\Station_12\raw_Station_12.png
2025-07-21 03:53:26,372 - INFO - [Station_12] Importing DXF: 'section_calc_n\blade\Station_12.dxf'
2025-07-21 03:53:26,397 - INFO - DXF version upgrade to DXF R2000.
2025-07-21 03:53:26,407 - INFO - creating ACAD_COLOR dictionary
2025-07-21 03:53:26,410 - INFO - creating ACAD_PLOTSTYLENAME dictionary
2025-07-21 03:53:26,410 - INFO - creating ACAD_TABLESTYLE dictionary
2025-07-21 03:53:26,414 - INFO - cleanup is depreciated BTW. Use the polygonize function instead
2025-07-21 03:53:26,497 - INFO - Zipped 91 points
2025-07-21 03:53:26,520 - INFO - [Station_12] Geometry meshed with mesh_sizes=0.5.
2025-07-21 03:53:27,331 - INFO - [Station_12] Actual centroid: (0.0131, 0.0012)
2025-07-21 03:53:27,333 - INFO - [Station_12] Desired centroid: (0.0011, -0.0045)
2025-07-21 03:53:27,333 - INFO - [Station_12] Applying translation dx=-0.0121, dy=-0.0057
2025-07-21 03:53:27,337 - INFO - [Station_12] Section translated.
2025-07-21 03:53:27,339 - INFO - Processed and aligned geometry extracted for Station_12
2025-07-21 03:53:28,365 - INFO - Processed geometry preview saved -> section_calc_n\results\analysis\Station_12\processed_Station_12.png
2025-07-21 03:53:28,365 - INFO - Starting section convergence study …
2025-07-21 03:53:28,365 - INFO - [1/5] Meshing Station_12 with h = 40
2025-07-21 03:53:28,365 - INFO - [Station_12_h40] Meshing with target h = 40 …
2025-07-21 03:53:28,365 - WARNING - [Station_12_h40] 387 sliver triangles removed
2025-07-21 03:53:28,381 - INFO - [Station_12_h40] mesh ok | nodes=4167 elems=1462 | A[min=1e-08 max=1.1e-06 mean=1.3e-07 med=8.48e-08] | q[min=0.603 max=1.000 mean=0.883]
2025-07-21 03:53:28,459 - INFO - [Station_12_h40] Starting geometric analysis...
2025-07-21 03:53:28,964 - INFO - [Station_12_h40] Starting warping analysis (required for J)...
2025-07-21 03:53:30,056 - INFO - [Station_12_h40] Success at h = 40.0000
2025-07-21 03:53:30,057 - INFO - [2/5] Meshing Station_12 with h = 10
2025-07-21 03:53:30,058 - INFO - [Station_12_h10] Meshing with target h = 10 …
2025-07-21 03:53:30,069 - WARNING - [Station_12_h10] 387 sliver triangles removed
2025-07-21 03:53:30,070 - INFO - [Station_12_h10] mesh ok | nodes=4167 elems=1462 | A[min=1e-08 max=1.1e-06 mean=1.3e-07 med=8.48e-08] | q[min=0.603 max=1.000 mean=0.883]
2025-07-21 03:53:30,159 - INFO - [Station_12_h10] Starting geometric analysis...
2025-07-21 03:53:30,303 - INFO - [Station_12_h10] Starting warping analysis (required for J)...
2025-07-21 03:53:31,009 - INFO - [Station_12_h10] Success at h = 10.0000
2025-07-21 03:53:31,009 - INFO - [3/5] Meshing Station_12 with h = 2.5
2025-07-21 03:53:31,009 - INFO - [Station_12_h2.5] Meshing with target h = 2.5 …
2025-07-21 03:53:31,031 - WARNING - [Station_12_h2.5] 387 sliver triangles removed
2025-07-21 03:53:31,031 - INFO - [Station_12_h2.5] mesh ok | nodes=4167 elems=1462 | A[min=1e-08 max=1.1e-06 mean=1.3e-07 med=8.48e-08] | q[min=0.603 max=1.000 mean=0.883]
2025-07-21 03:53:31,109 - INFO - [Station_12_h2.5] Starting geometric analysis...
2025-07-21 03:53:31,247 - INFO - [Station_12_h2.5] Starting warping analysis (required for J)...
2025-07-21 03:53:32,064 - INFO - [Station_12_h2.5] Success at h = 2.5000
2025-07-21 03:53:32,067 - INFO - [4/5] Meshing Station_12 with h = 0.625
2025-07-21 03:53:32,068 - INFO - [Station_12_h0.625] Meshing with target h = 0.625 …
2025-07-21 03:53:32,080 - WARNING - [Station_12_h0.625] 387 sliver triangles removed
2025-07-21 03:53:32,080 - INFO - [Station_12_h0.625] mesh ok | nodes=4167 elems=1462 | A[min=1e-08 max=1.1e-06 mean=1.3e-07 med=8.48e-08] | q[min=0.603 max=1.000 mean=0.883]
2025-07-21 03:53:32,179 - INFO - [Station_12_h0.625] Starting geometric analysis...
2025-07-21 03:53:32,316 - INFO - [Station_12_h0.625] Starting warping analysis (required for J)...
2025-07-21 03:53:33,137 - INFO - [Station_12_h0.625] Success at h = 0.6250
2025-07-21 03:53:33,139 - INFO - [5/5] Meshing Station_12 with h = 0.1562
2025-07-21 03:53:33,140 - INFO - [Station_12_h0.1562] Meshing with target h = 0.1562 …
2025-07-21 03:53:33,142 - WARNING - [Station_12_h0.1562] 387 sliver triangles removed
2025-07-21 03:53:33,142 - INFO - [Station_12_h0.1562] mesh ok | nodes=4167 elems=1462 | A[min=1e-08 max=1.1e-06 mean=1.3e-07 med=8.48e-08] | q[min=0.603 max=1.000 mean=0.883]
2025-07-21 03:53:33,232 - INFO - [Station_12_h0.1562] Starting geometric analysis...
2025-07-21 03:53:33,367 - INFO - [Station_12_h0.1562] Starting warping analysis (required for J)...
2025-07-21 03:53:34,199 - INFO - [Station_12_h0.1562] Success at h = 0.1562
2025-07-21 03:53:35,146 - INFO - Global batch 1 saved -> section_calc_n\results\analysis\Station_12\mesh_conv_Station_12_batch1_global.png
2025-07-21 03:53:36,079 - INFO - Local batch 1 saved -> section_calc_n\results\analysis\Station_12\mesh_conv_Station_12_batch1_local.png
2025-07-21 03:53:36,725 - INFO - Global batch 2 saved -> section_calc_n\results\analysis\Station_12\mesh_conv_Station_12_batch2_global.png
2025-07-21 03:53:37,375 - INFO - Local batch 2 saved -> section_calc_n\results\analysis\Station_12\mesh_conv_Station_12_batch2_local.png
2025-07-21 03:53:38,303 - INFO - Global batch 1 saved -> section_calc_n\results\analysis\Station_12\mesh_conv_Station_12_batch1_global.png
2025-07-21 03:53:39,142 - INFO - Local batch 1 saved -> section_calc_n\results\analysis\Station_12\mesh_conv_Station_12_batch1_local.png
2025-07-21 03:53:39,684 - INFO - Global batch 2 saved -> section_calc_n\results\analysis\Station_12\mesh_conv_Station_12_batch2_global.png
2025-07-21 03:53:40,317 - INFO - Local batch 2 saved -> section_calc_n\results\analysis\Station_12\mesh_conv_Station_12_batch2_local.png
2025-07-21 03:53:40,319 - INFO - Section analysis result set saved
2025-07-21 03:53:40,320 - INFO - Station Station_14 [Analysis]: DXF=section_calc_n\blade\Station_14.dxf, twist=0.3°, centroid=(0.00, -0.00)
2025-07-21 03:53:40,321 - INFO - Reading DXF file: section_calc_n\blade\Station_14.dxf
2025-07-21 03:53:40,336 - INFO - DXF version upgrade to DXF R2000.
2025-07-21 03:53:40,339 - INFO - creating ACAD_COLOR dictionary
2025-07-21 03:53:40,343 - INFO - creating ACAD_PLOTSTYLENAME dictionary
2025-07-21 03:53:40,344 - INFO - creating ACAD_TABLESTYLE dictionary
2025-07-21 03:53:40,347 - INFO - Raw geometry extraction complete. 52 drawable entities parsed.
2025-07-21 03:53:40,455 - INFO - Plotting 52 DXF entities for preview...
2025-07-21 03:53:40,675 - INFO - Raw preview saved -> section_calc_n\results\analysis\Station_14\raw_Station_14.png
2025-07-21 03:53:40,675 - INFO - [Station_14] Importing DXF: 'section_calc_n\blade\Station_14.dxf'
2025-07-21 03:53:40,693 - INFO - DXF version upgrade to DXF R2000.
2025-07-21 03:53:40,697 - INFO - creating ACAD_COLOR dictionary
2025-07-21 03:53:40,697 - INFO - creating ACAD_PLOTSTYLENAME dictionary
2025-07-21 03:53:40,698 - INFO - creating ACAD_TABLESTYLE dictionary
2025-07-21 03:53:40,699 - INFO - cleanup is depreciated BTW. Use the polygonize function instead
2025-07-21 03:53:40,870 - INFO - Zipped 73 points
2025-07-21 03:53:41,042 - INFO - [Station_14] Geometry meshed with mesh_sizes=0.5.
2025-07-21 03:53:41,883 - INFO - [Station_14] Actual centroid: (0.0178, 0.0006)
2025-07-21 03:53:41,883 - INFO - [Station_14] Desired centroid: (0.0008, -0.0024)
2025-07-21 03:53:41,884 - INFO - [Station_14] Applying translation dx=-0.0169, dy=-0.0031
2025-07-21 03:53:41,885 - INFO - [Station_14] Section translated.
2025-07-21 03:53:41,888 - INFO - Processed and aligned geometry extracted for Station_14
2025-07-21 03:53:42,917 - INFO - Processed geometry preview saved -> section_calc_n\results\analysis\Station_14\processed_Station_14.png
2025-07-21 03:53:42,918 - INFO - Starting section convergence study …
2025-07-21 03:53:42,919 - INFO - [1/5] Meshing Station_14 with h = 40
2025-07-21 03:53:42,919 - INFO - [Station_14_h40] Meshing with target h = 40 …
2025-07-21 03:53:42,992 - WARNING - [Station_14_h40] 464 sliver triangles removed
2025-07-21 03:53:42,992 - INFO - [Station_14_h40] mesh ok | nodes=4042 elems=1345 | A[min=1e-08 max=1.11e-06 mean=1.29e-07 med=6.68e-08] | q[min=0.601 max=1.000 mean=0.878]
2025-07-21 03:53:43,076 - INFO - [Station_14_h40] Starting geometric analysis...
2025-07-21 03:53:43,575 - INFO - [Station_14_h40] Starting warping analysis (required for J)...
2025-07-21 03:53:44,686 - INFO - [Station_14_h40] Success at h = 40.0000
2025-07-21 03:53:44,687 - INFO - [2/5] Meshing Station_14 with h = 10
2025-07-21 03:53:44,688 - INFO - [Station_14_h10] Meshing with target h = 10 …
2025-07-21 03:53:44,699 - WARNING - [Station_14_h10] 464 sliver triangles removed
2025-07-21 03:53:44,700 - INFO - [Station_14_h10] mesh ok | nodes=4042 elems=1345 | A[min=1e-08 max=1.11e-06 mean=1.29e-07 med=6.68e-08] | q[min=0.601 max=1.000 mean=0.878]
2025-07-21 03:53:44,776 - INFO - [Station_14_h10] Starting geometric analysis...
2025-07-21 03:53:44,918 - INFO - [Station_14_h10] Starting warping analysis (required for J)...
2025-07-21 03:53:45,636 - INFO - [Station_14_h10] Success at h = 10.0000
2025-07-21 03:53:45,638 - INFO - [3/5] Meshing Station_14 with h = 2.5
2025-07-21 03:53:45,639 - INFO - [Station_14_h2.5] Meshing with target h = 2.5 …
2025-07-21 03:53:45,643 - WARNING - [Station_14_h2.5] 464 sliver triangles removed
2025-07-21 03:53:45,643 - INFO - [Station_14_h2.5] mesh ok | nodes=4042 elems=1345 | A[min=1e-08 max=1.11e-06 mean=1.29e-07 med=6.68e-08] | q[min=0.601 max=1.000 mean=0.878]
2025-07-21 03:53:45,725 - INFO - [Station_14_h2.5] Starting geometric analysis...
2025-07-21 03:53:45,871 - INFO - [Station_14_h2.5] Starting warping analysis (required for J)...
2025-07-21 03:53:46,589 - INFO - [Station_14_h2.5] Success at h = 2.5000
2025-07-21 03:53:46,589 - INFO - [4/5] Meshing Station_14 with h = 0.625
2025-07-21 03:53:46,589 - INFO - [Station_14_h0.625] Meshing with target h = 0.625 …
2025-07-21 03:53:46,611 - WARNING - [Station_14_h0.625] 464 sliver triangles removed
2025-07-21 03:53:46,612 - INFO - [Station_14_h0.625] mesh ok | nodes=4042 elems=1345 | A[min=1e-08 max=1.11e-06 mean=1.29e-07 med=6.68e-08] | q[min=0.601 max=1.000 mean=0.878]
2025-07-21 03:53:46,701 - INFO - [Station_14_h0.625] Starting geometric analysis...
2025-07-21 03:53:46,851 - INFO - [Station_14_h0.625] Starting warping analysis (required for J)...
2025-07-21 03:53:47,642 - INFO - [Station_14_h0.625] Success at h = 0.6250
2025-07-21 03:53:47,642 - INFO - [5/5] Meshing Station_14 with h = 0.1562
2025-07-21 03:53:47,642 - INFO - [Station_14_h0.1562] Meshing with target h = 0.1562 …
2025-07-21 03:53:47,659 - WARNING - [Station_14_h0.1562] 464 sliver triangles removed
2025-07-21 03:53:47,661 - INFO - [Station_14_h0.1562] mesh ok | nodes=4042 elems=1345 | A[min=1e-08 max=1.11e-06 mean=1.29e-07 med=6.68e-08] | q[min=0.601 max=1.000 mean=0.878]
2025-07-21 03:53:47,746 - INFO - [Station_14_h0.1562] Starting geometric analysis...
2025-07-21 03:53:47,883 - INFO - [Station_14_h0.1562] Starting warping analysis (required for J)...
2025-07-21 03:53:48,678 - INFO - [Station_14_h0.1562] Success at h = 0.1562
2025-07-21 03:53:49,602 - INFO - Global batch 1 saved -> section_calc_n\results\analysis\Station_14\mesh_conv_Station_14_batch1_global.png
2025-07-21 03:53:50,441 - INFO - Local batch 1 saved -> section_calc_n\results\analysis\Station_14\mesh_conv_Station_14_batch1_local.png
2025-07-21 03:53:51,039 - INFO - Global batch 2 saved -> section_calc_n\results\analysis\Station_14\mesh_conv_Station_14_batch2_global.png
2025-07-21 03:53:51,631 - INFO - Local batch 2 saved -> section_calc_n\results\analysis\Station_14\mesh_conv_Station_14_batch2_local.png
2025-07-21 03:53:52,569 - INFO - Global batch 1 saved -> section_calc_n\results\analysis\Station_14\mesh_conv_Station_14_batch1_global.png
2025-07-21 03:53:53,466 - INFO - Local batch 1 saved -> section_calc_n\results\analysis\Station_14\mesh_conv_Station_14_batch1_local.png
2025-07-21 03:53:54,083 - INFO - Global batch 2 saved -> section_calc_n\results\analysis\Station_14\mesh_conv_Station_14_batch2_global.png
2025-07-21 03:53:54,775 - INFO - Local batch 2 saved -> section_calc_n\results\analysis\Station_14\mesh_conv_Station_14_batch2_local.png
2025-07-21 03:53:54,780 - INFO - Section analysis result set saved
