2025-08-20 02:55:45,168 | INFO     | Logging initialized for ProcessSectionAnalysis
2025-08-20 02:55:45,168 | INFO     | Station sec_080_r0.832 [Analysis]: DXF=C:\Users\samea\Desktop\geometry_tools\n_sections\blade\sec_080_r0.832.dxf, twist=1.8°, origin: CP-proxy @ 33.0% chord
2025-08-20 02:55:45,168 | INFO     | Starting raw geometry processing …
2025-08-20 02:55:45,168 | INFO     | Instantiating RawGeometry for DXF: C:\Users\samea\Desktop\geometry_tools\n_sections\blade\sec_080_r0.832.dxf
2025-08-20 02:55:45,171 | INFO     | RawGeometry created successfully.
2025-08-20 02:55:45,171 | INFO     | Generating raw geometry plot …
2025-08-20 02:55:45,614 | INFO     | Raw geometry visualisation completed and saved.
2025-08-20 02:55:45,615 | INFO     | Processing and visualising aligned geometry …
2025-08-20 02:55:45,615 | INFO     | Instantiating ProcessedGeometry with spline/segment settings …
2025-08-20 02:55:45,615 | INFO     | ProcessedGeometry successfully instantiated.
2025-08-20 02:55:45,615 | INFO     | Extracting (pass-through orientation & origin): twist=1.8°, origin_mode=cop, cop_fraction=0.330, cx=0.00, cy=0.00, resample_exterior=True
2025-08-20 02:55:45,640 | INFO     | Geometry extracted (no twist/origin applied).
2025-08-20 02:55:45,641 | INFO     | Generating processed geometry visualisation with trailing edge zoom …
2025-08-20 02:55:46,969 | INFO     | Processed geometry preview saved -> C:\Users\samea\Desktop\geometry_tools\n_sections\results\analysis\2025-08-20_02-49-41\sec_080_r0.832\processed_sec_080_r0.832.png
2025-08-20 02:55:46,969 | INFO     | Launching convergence study pipeline …
2025-08-20 02:55:46,969 | INFO     | Starting section convergence study using 1 mesh sizes: [40.]
2025-08-20 02:55:49,301 | INFO     | ConvergenceStudy instantiated. Running results computation …
2025-08-20 02:55:49,301 | INFO     | Convergence study completed successfully.
2025-08-20 02:55:49,301 | INFO     | Creating convergence visualisation …
2025-08-20 02:55:49,929 | INFO     | Convergence visualisation saved.
2025-08-20 02:55:49,929 | INFO     | Building metadata container for section sec_080_r0.832 …
2025-08-20 02:55:49,929 | INFO     | MetadataBin created.
2025-08-20 02:55:49,929 | INFO     | Composing SectionAnalysisResultSet …
2025-08-20 02:55:49,929 | INFO     | SectionAnalysisResultSet successfully built.
2025-08-20 02:55:49,929 | INFO     | Saving results to directory: C:\Users\samea\Desktop\geometry_tools\n_sections\results\analysis\2025-08-20_02-49-41\sec_080_r0.832
2025-08-20 02:55:49,929 | INFO     | Section analysis results successfully saved.
