2025-08-12 00:36:31,998 - INFO - Logger initialized for ConvergenceStudy [Station_6]
2025-08-12 00:36:31,998 - INFO - Starting convergence study over 3 mesh sizes: [40.  10.   2.5]
2025-08-12 00:36:31,999 - INFO - [1/3] Processing mesh size h = 40
2025-08-12 00:36:31,999 - DEBUG - [Station_6_h40] Copying geometry and initiating meshing …
2025-08-12 00:36:32,013 - INFO - [Station_6_h40] Mesh created successfully
2025-08-12 00:36:32,013 - DEBUG - [Station_6_h40] Starting section property calculation …
2025-08-12 00:36:33,514 - DEBUG - [Station_6_h40] Section analysis row returned
2025-08-12 00:36:33,517 - INFO - [Station_6_h40] Section analysis completed successfully.
2025-08-12 00:36:33,517 - INFO - [2/3] Processing mesh size h = 10
2025-08-12 00:36:33,518 - DEBUG - [Station_6_h10] Copying geometry and initiating meshing …
2025-08-12 00:36:33,530 - INFO - [Station_6_h10] Mesh created successfully
2025-08-12 00:36:33,531 - DEBUG - [Station_6_h10] Starting section property calculation …
2025-08-12 00:36:34,446 - DEBUG - [Station_6_h10] Section analysis row returned
2025-08-12 00:36:34,448 - INFO - [Station_6_h10] Section analysis completed successfully.
2025-08-12 00:36:34,448 - INFO - [3/3] Processing mesh size h = 2.5
2025-08-12 00:36:34,449 - DEBUG - [Station_6_h2.5] Copying geometry and initiating meshing …
2025-08-12 00:36:34,463 - INFO - [Station_6_h2.5] Mesh created successfully
2025-08-12 00:36:34,463 - DEBUG - [Station_6_h2.5] Starting section property calculation …
2025-08-12 00:36:35,343 - DEBUG - [Station_6_h2.5] Section analysis row returned
2025-08-12 00:36:35,344 - INFO - [Station_6_h2.5] Section analysis completed successfully.
2025-08-12 00:36:35,345 - INFO - Convergence study completed: 3 successful, 3 attempted
2025-08-12 00:36:35,345 - INFO - Generating convergence visualisation …
2025-08-12 00:36:36,951 - INFO - Convergence visualisation completed.
