2025-08-12 00:36:29,885 | INFO     | Logging initialized for ProcessSectionAnalysis
2025-08-12 00:36:29,886 | INFO     | Station Station_6 [Analysis]: DXF=C:\Users\samea\Desktop\geometry_tools\n_sections\blade\Station_6.dxf, twist=6.9°, centroid=(0.00, -0.01)
2025-08-12 00:36:29,886 | INFO     | Starting raw geometry processing …
2025-08-12 00:36:29,886 | INFO     | Instantiating RawGeometry for DXF: C:\Users\samea\Desktop\geometry_tools\n_sections\blade\Station_6.dxf
2025-08-12 00:36:29,887 | INFO     | RawGeometry created successfully.
2025-08-12 00:36:29,887 | INFO     | Generating raw geometry plot …
2025-08-12 00:36:30,366 | INFO     | Raw geometry visualisation completed and saved.
2025-08-12 00:36:30,366 | INFO     | Processing and visualising aligned geometry …
2025-08-12 00:36:30,366 | INFO     | Instantiating ProcessedGeometry with spline/segment settings …
2025-08-12 00:36:30,367 | INFO     | ProcessedGeometry successfully instantiated.
2025-08-12 00:36:30,367 | INFO     | Extracting and aligning geometry with twist=6.9°, cx=0.00, cy=-0.01
2025-08-12 00:36:31,020 | INFO     | Geometry aligned and transformed successfully.
2025-08-12 00:36:31,020 | INFO     | Generating processed geometry visualisation with trailing edge zoom …
2025-08-12 00:36:31,997 | INFO     | Processed geometry preview saved -> C:\Users\samea\Desktop\geometry_tools\n_sections\results\analysis\2025-08-12_00-36-10\Station_6\processed_Station_6.png
2025-08-12 00:36:31,997 | INFO     | Launching convergence study pipeline …
2025-08-12 00:36:31,997 | INFO     | Starting section convergence study using 3 mesh sizes: [40.  10.   2.5]
2025-08-12 00:36:36,951 | INFO     | ConvergenceStudy instantiated. Running results computation …
2025-08-12 00:36:36,951 | INFO     | Convergence study completed successfully.
2025-08-12 00:36:36,951 | INFO     | Creating convergence visualisation …
2025-08-12 00:36:38,744 | INFO     | Convergence visualisation saved.
2025-08-12 00:36:38,744 | INFO     | Building metadata container for section Station_6 …
2025-08-12 00:36:38,744 | INFO     | MetadataBin created.
2025-08-12 00:36:38,744 | INFO     | Composing SectionAnalysisResultSet …
2025-08-12 00:36:38,744 | INFO     | SectionAnalysisResultSet successfully built.
2025-08-12 00:36:38,745 | INFO     | Saving results to directory: C:\Users\samea\Desktop\geometry_tools\n_sections\results\analysis\2025-08-12_00-36-10\Station_6
2025-08-12 00:36:38,747 | INFO     | Section analysis results successfully saved.
