2025-08-20 02:54:02,743 | INFO     | Logging initialized for ProcessSectionAnalysis
2025-08-20 02:54:02,743 | INFO     | Station sec_057_r0.629 [Analysis]: DXF=C:\Users\samea\Desktop\geometry_tools\n_sections\blade\sec_057_r0.629.dxf, twist=4.3°, origin: CP-proxy @ 33.0% chord
2025-08-20 02:54:02,743 | INFO     | Starting raw geometry processing …
2025-08-20 02:54:02,743 | INFO     | Instantiating RawGeometry for DXF: C:\Users\samea\Desktop\geometry_tools\n_sections\blade\sec_057_r0.629.dxf
2025-08-20 02:54:02,743 | INFO     | RawGeometry created successfully.
2025-08-20 02:54:02,743 | INFO     | Generating raw geometry plot …
2025-08-20 02:54:03,099 | INFO     | Raw geometry visualisation completed and saved.
2025-08-20 02:54:03,099 | INFO     | Processing and visualising aligned geometry …
2025-08-20 02:54:03,100 | INFO     | Instantiating ProcessedGeometry with spline/segment settings …
2025-08-20 02:54:03,101 | INFO     | ProcessedGeometry successfully instantiated.
2025-08-20 02:54:03,101 | INFO     | Extracting (pass-through orientation & origin): twist=4.3°, origin_mode=cop, cop_fraction=0.330, cx=0.01, cy=0.00, resample_exterior=True
2025-08-20 02:54:03,126 | INFO     | Geometry extracted (no twist/origin applied).
2025-08-20 02:54:03,126 | INFO     | Generating processed geometry visualisation with trailing edge zoom …
2025-08-20 02:54:04,203 | INFO     | Processed geometry preview saved -> C:\Users\samea\Desktop\geometry_tools\n_sections\results\analysis\2025-08-20_02-49-41\sec_057_r0.629\processed_sec_057_r0.629.png
2025-08-20 02:54:04,203 | INFO     | Launching convergence study pipeline …
2025-08-20 02:54:04,203 | INFO     | Starting section convergence study using 1 mesh sizes: [40.]
2025-08-20 02:54:06,419 | INFO     | ConvergenceStudy instantiated. Running results computation …
2025-08-20 02:54:06,419 | INFO     | Convergence study completed successfully.
2025-08-20 02:54:06,419 | INFO     | Creating convergence visualisation …
2025-08-20 02:54:07,062 | INFO     | Convergence visualisation saved.
2025-08-20 02:54:07,062 | INFO     | Building metadata container for section sec_057_r0.629 …
2025-08-20 02:54:07,062 | INFO     | MetadataBin created.
2025-08-20 02:54:07,062 | INFO     | Composing SectionAnalysisResultSet …
2025-08-20 02:54:07,062 | INFO     | SectionAnalysisResultSet successfully built.
2025-08-20 02:54:07,062 | INFO     | Saving results to directory: C:\Users\samea\Desktop\geometry_tools\n_sections\results\analysis\2025-08-20_02-49-41\sec_057_r0.629
2025-08-20 02:54:07,078 | INFO     | Section analysis results successfully saved.
