2025-07-31 13:38:42,253 - INFO - Logger initialized for ConvergenceStudy [Station_12]
2025-07-31 13:38:42,253 - INFO - Starting convergence study over 3 mesh sizes: [40.  10.   2.5]
2025-07-31 13:38:42,254 - INFO - [1/3] Processing mesh size h = 40
2025-07-31 13:38:42,254 - DEBUG - [Station_12_h40] Copying geometry and initiating meshing …
2025-07-31 13:38:42,265 - INFO - [Station_12_h40] Mesh created successfully
2025-07-31 13:38:42,265 - DEBUG - [Station_12_h40] Starting section property calculation …
2025-07-31 13:38:43,550 - DEBUG - [Station_12_h40] Section analysis row returned
2025-07-31 13:38:43,550 - INFO - [Station_12_h40] Section analysis completed successfully.
2025-07-31 13:38:43,550 - INFO - [2/3] Processing mesh size h = 10
2025-07-31 13:38:43,550 - DEBUG - [Station_12_h10] Copying geometry and initiating meshing …
2025-07-31 13:38:43,565 - INFO - [Station_12_h10] Mesh created successfully
2025-07-31 13:38:43,565 - DEBUG - [Station_12_h10] Starting section property calculation …
2025-07-31 13:38:44,290 - DEBUG - [Station_12_h10] Section analysis row returned
2025-07-31 13:38:44,290 - INFO - [Station_12_h10] Section analysis completed successfully.
2025-07-31 13:38:44,290 - INFO - [3/3] Processing mesh size h = 2.5
2025-07-31 13:38:44,290 - DEBUG - [Station_12_h2.5] Copying geometry and initiating meshing …
2025-07-31 13:38:44,302 - INFO - [Station_12_h2.5] Mesh created successfully
2025-07-31 13:38:44,302 - DEBUG - [Station_12_h2.5] Starting section property calculation …
2025-07-31 13:38:45,030 - DEBUG - [Station_12_h2.5] Section analysis row returned
2025-07-31 13:38:45,034 - INFO - [Station_12_h2.5] Section analysis completed successfully.
2025-07-31 13:38:45,034 - INFO - Convergence study completed: 3 successful, 3 attempted
2025-07-31 13:38:45,034 - INFO - Generating convergence visualisation …
2025-07-31 13:38:46,340 - INFO - Convergence visualisation completed.
