2025-08-20 02:31:11,786 - INFO - Logger initialized for ConvergenceStudy [sec_009_r0.205]
2025-08-20 02:31:11,786 - INFO - Starting convergence study over 3 mesh sizes: [40.  10.   2.5]
2025-08-20 02:31:11,786 - INFO - [1/3] Processing mesh size h = 40
2025-08-20 02:31:11,786 - DEBUG - [sec_009_r0.205_h40] Copying geometry and initiating meshing …
2025-08-20 02:31:11,807 - INFO - [sec_009_r0.205_h40] Mesh created successfully
2025-08-20 02:31:11,807 - DEBUG - [sec_009_r0.205_h40] Starting section property calculation …
2025-08-20 02:31:13,165 - DEBUG - [sec_009_r0.205_h40] Section analysis row returned
2025-08-20 02:31:13,172 - INFO - [sec_009_r0.205_h40] Section analysis completed successfully.
2025-08-20 02:31:13,173 - INFO - [2/3] Processing mesh size h = 10
2025-08-20 02:31:13,174 - DEBUG - [sec_009_r0.205_h10] Copying geometry and initiating meshing …
2025-08-20 02:31:13,182 - INFO - [sec_009_r0.205_h10] Mesh created successfully
2025-08-20 02:31:13,182 - DEBUG - [sec_009_r0.205_h10] Starting section property calculation …
2025-08-20 02:31:13,957 - DEBUG - [sec_009_r0.205_h10] Section analysis row returned
2025-08-20 02:31:13,958 - INFO - [sec_009_r0.205_h10] Section analysis completed successfully.
2025-08-20 02:31:13,959 - INFO - [3/3] Processing mesh size h = 2.5
2025-08-20 02:31:13,959 - DEBUG - [sec_009_r0.205_h2.5] Copying geometry and initiating meshing …
2025-08-20 02:31:13,969 - INFO - [sec_009_r0.205_h2.5] Mesh created successfully
2025-08-20 02:31:13,969 - DEBUG - [sec_009_r0.205_h2.5] Starting section property calculation …
2025-08-20 02:31:14,715 - DEBUG - [sec_009_r0.205_h2.5] Section analysis row returned
2025-08-20 02:31:14,728 - INFO - [sec_009_r0.205_h2.5] Section analysis completed successfully.
2025-08-20 02:31:14,730 - INFO - Convergence study completed: 3 successful, 3 attempted
2025-08-20 02:31:14,731 - INFO - Generating convergence visualisation …
2025-08-20 02:31:16,271 - INFO - Convergence visualisation completed.
