2025-08-20 02:31:10,220 | INFO     | Logging initialized for ProcessSectionAnalysis
2025-08-20 02:31:10,220 | INFO     | Station sec_009_r0.205 [Analysis]: DXF=C:\Users\samea\Desktop\geometry_tools\n_sections\blade\sec_009_r0.205.dxf, twist=23.7°, origin: CP-proxy @ 33.0% chord
2025-08-20 02:31:10,221 | INFO     | Starting raw geometry processing …
2025-08-20 02:31:10,221 | INFO     | Instantiating RawGeometry for DXF: C:\Users\samea\Desktop\geometry_tools\n_sections\blade\sec_009_r0.205.dxf
2025-08-20 02:31:10,222 | INFO     | RawGeometry created successfully.
2025-08-20 02:31:10,222 | INFO     | Generating raw geometry plot …
2025-08-20 02:31:10,638 | INFO     | Raw geometry visualisation completed and saved.
2025-08-20 02:31:10,638 | INFO     | Processing and visualising aligned geometry …
2025-08-20 02:31:10,638 | INFO     | Instantiating ProcessedGeometry with spline/segment settings …
2025-08-20 02:31:10,638 | INFO     | ProcessedGeometry successfully instantiated.
2025-08-20 02:31:10,638 | INFO     | Extracting + aligning: twist=23.7°, origin_mode=cop, cop_fraction=0.330, cx=0.01, cy=0.01
2025-08-20 02:31:10,680 | INFO     | Geometry aligned and transformed successfully.
2025-08-20 02:31:10,680 | INFO     | Generating processed geometry visualisation with trailing edge zoom …
2025-08-20 02:31:11,786 | INFO     | Processed geometry preview saved -> C:\Users\samea\Desktop\geometry_tools\n_sections\results\analysis\2025-08-20_02-29-55\sec_009_r0.205\processed_sec_009_r0.205.png
2025-08-20 02:31:11,786 | INFO     | Launching convergence study pipeline …
2025-08-20 02:31:11,786 | INFO     | Starting section convergence study using 3 mesh sizes: [40.  10.   2.5]
2025-08-20 02:31:16,271 | INFO     | ConvergenceStudy instantiated. Running results computation …
2025-08-20 02:31:16,271 | INFO     | Convergence study completed successfully.
2025-08-20 02:31:16,271 | INFO     | Creating convergence visualisation …
2025-08-20 02:31:17,859 | INFO     | Convergence visualisation saved.
2025-08-20 02:31:17,859 | INFO     | Building metadata container for section sec_009_r0.205 …
2025-08-20 02:31:17,859 | INFO     | MetadataBin created.
2025-08-20 02:31:17,859 | INFO     | Composing SectionAnalysisResultSet …
2025-08-20 02:31:17,860 | INFO     | SectionAnalysisResultSet successfully built.
2025-08-20 02:31:17,860 | INFO     | Saving results to directory: C:\Users\samea\Desktop\geometry_tools\n_sections\results\analysis\2025-08-20_02-29-55\sec_009_r0.205
2025-08-20 02:31:17,862 | INFO     | Section analysis results successfully saved.
