2025-07-31 13:43:24,350 - INFO - Logger initialized for ConvergenceStudy [Station_12]
2025-07-31 13:43:24,350 - INFO - Starting convergence study over 3 mesh sizes: [40.  10.   2.5]
2025-07-31 13:43:24,351 - INFO - [1/3] Processing mesh size h = 40
2025-07-31 13:43:24,351 - DEBUG - [Station_12_h40] Copying geometry and initiating meshing …
2025-07-31 13:43:24,364 - INFO - [Station_12_h40] Mesh created successfully
2025-07-31 13:43:24,364 - DEBUG - [Station_12_h40] Starting section property calculation …
2025-07-31 13:43:25,829 - DEBUG - [Station_12_h40] Section analysis row returned
2025-07-31 13:43:25,831 - INFO - [Station_12_h40] Section analysis completed successfully.
2025-07-31 13:43:25,831 - INFO - [2/3] Processing mesh size h = 10
2025-07-31 13:43:25,831 - DEBUG - [Station_12_h10] Copying geometry and initiating meshing …
2025-07-31 13:43:25,849 - INFO - [Station_12_h10] Mesh created successfully
2025-07-31 13:43:25,849 - DEBUG - [Station_12_h10] Starting section property calculation …
2025-07-31 13:43:26,726 - DEBUG - [Station_12_h10] Section analysis row returned
2025-07-31 13:43:26,729 - INFO - [Station_12_h10] Section analysis completed successfully.
2025-07-31 13:43:26,729 - INFO - [3/3] Processing mesh size h = 2.5
2025-07-31 13:43:26,729 - DEBUG - [Station_12_h2.5] Copying geometry and initiating meshing …
2025-07-31 13:43:26,741 - INFO - [Station_12_h2.5] Mesh created successfully
2025-07-31 13:43:26,741 - DEBUG - [Station_12_h2.5] Starting section property calculation …
2025-07-31 13:43:27,627 - DEBUG - [Station_12_h2.5] Section analysis row returned
2025-07-31 13:43:27,631 - INFO - [Station_12_h2.5] Section analysis completed successfully.
2025-07-31 13:43:27,631 - INFO - Convergence study completed: 3 successful, 3 attempted
2025-07-31 13:43:27,631 - INFO - Generating convergence visualisation …
2025-07-31 13:43:29,083 - INFO - Convergence visualisation completed.
