2025-08-20 02:50:14,348 | INFO     | Logging initialized for ProcessSectionAnalysis
2025-08-20 02:50:14,348 | INFO     | Station sec_007_r0.187 [Analysis]: DXF=C:\Users\samea\Desktop\geometry_tools\n_sections\blade\sec_007_r0.187.dxf, twist=26.0°, origin: CP-proxy @ 33.0% chord
2025-08-20 02:50:14,348 | INFO     | Starting raw geometry processing …
2025-08-20 02:50:14,348 | INFO     | Instantiating RawGeometry for DXF: C:\Users\samea\Desktop\geometry_tools\n_sections\blade\sec_007_r0.187.dxf
2025-08-20 02:50:14,348 | INFO     | RawGeometry created successfully.
2025-08-20 02:50:14,348 | INFO     | Generating raw geometry plot …
2025-08-20 02:50:14,693 | INFO     | Raw geometry visualisation completed and saved.
2025-08-20 02:50:14,694 | INFO     | Processing and visualising aligned geometry …
2025-08-20 02:50:14,694 | INFO     | Instantiating ProcessedGeometry with spline/segment settings …
2025-08-20 02:50:14,695 | INFO     | ProcessedGeometry successfully instantiated.
2025-08-20 02:50:14,695 | INFO     | Extracting (pass-through orientation & origin): twist=26.0°, origin_mode=cop, cop_fraction=0.330, cx=0.01, cy=0.01, resample_exterior=True
2025-08-20 02:50:14,719 | INFO     | Geometry extracted (no twist/origin applied).
2025-08-20 02:50:14,719 | INFO     | Generating processed geometry visualisation with trailing edge zoom …
2025-08-20 02:50:15,822 | INFO     | Processed geometry preview saved -> C:\Users\samea\Desktop\geometry_tools\n_sections\results\analysis\2025-08-20_02-49-41\sec_007_r0.187\processed_sec_007_r0.187.png
2025-08-20 02:50:15,822 | INFO     | Launching convergence study pipeline …
2025-08-20 02:50:15,822 | INFO     | Starting section convergence study using 1 mesh sizes: [40.]
2025-08-20 02:50:18,076 | INFO     | ConvergenceStudy instantiated. Running results computation …
2025-08-20 02:50:18,077 | INFO     | Convergence study completed successfully.
2025-08-20 02:50:18,077 | INFO     | Creating convergence visualisation …
2025-08-20 02:50:18,796 | INFO     | Convergence visualisation saved.
2025-08-20 02:50:18,796 | INFO     | Building metadata container for section sec_007_r0.187 …
2025-08-20 02:50:18,796 | INFO     | MetadataBin created.
2025-08-20 02:50:18,796 | INFO     | Composing SectionAnalysisResultSet …
2025-08-20 02:50:18,796 | INFO     | SectionAnalysisResultSet successfully built.
2025-08-20 02:50:18,796 | INFO     | Saving results to directory: C:\Users\samea\Desktop\geometry_tools\n_sections\results\analysis\2025-08-20_02-49-41\sec_007_r0.187
2025-08-20 02:50:18,811 | INFO     | Section analysis results successfully saved.
