# Full 3D Inertia Tensor Analysis Report
Generated: 2025-04-11 18:57:38.127912

Script location: \\mull.sms.ed.ac.uk\home\s1834431\Win7\Desktop\geometry_tools\c_cross_section copy
Cross-section thickness: 0.01 m
Maximum arc resolution: 80 segments

## Orientation: 0°
### Full Inertia Tensor (kg·m²)
/ 7.651e-03   0.000e+00   0.000e+00\
| 0.000e+00   1.282e+04   2.134e-12|
\ 0.000e+00   2.134e-12   2.438e+03/

### Convergence History
| Resolution | Ixx         | Iyy         | Izz         | Iyz         |
|------------|-------------|-------------|-------------|-------------|
|      5    | 7.631e-03 | 1.277e+04 | 2.431e+03 | -2.910e-13 |
|     10    | 7.647e-03 | 1.281e+04 | 2.437e+03 | 1.940e-13 |
|     20    | 7.651e-03 | 1.282e+04 | 2.438e+03 | 7.761e-13 |
|     40    | 7.651e-03 | 1.282e+04 | 2.438e+03 | -1.940e-13 |
|     80    | 7.651e-03 | 1.282e+04 | 2.438e+03 | 2.134e-12 |

## Orientation: 90°
### Full Inertia Tensor (kg·m²)
/ 7.651e-03   0.000e+00   0.000e+00\
| 0.000e+00   2.438e+03  -1.746e-12|
\ 0.000e+00  -1.746e-12   1.282e+04/

### Convergence History
| Resolution | Ixx         | Iyy         | Izz         | Iyz         |
|------------|-------------|-------------|-------------|-------------|
|      5    | 7.631e-03 | 2.431e+03 | 1.277e+04 | -8.731e-13 |
|     10    | 7.647e-03 | 2.437e+03 | 1.281e+04 | -2.619e-12 |
|     20    | 7.651e-03 | 2.438e+03 | 1.282e+04 | -4.851e-13 |
|     40    | 7.651e-03 | 2.438e+03 | 1.282e+04 | -1.843e-12 |
|     80    | 7.651e-03 | 2.438e+03 | 1.282e+04 | -1.746e-12 |

## Orientation: 180°
### Full Inertia Tensor (kg·m²)
/ 7.651e-03   0.000e+00   0.000e+00\
| 0.000e+00   1.282e+04   2.910e-12|
\ 0.000e+00   2.910e-12   2.438e+03/

### Convergence History
| Resolution | Ixx         | Iyy         | Izz         | Iyz         |
|------------|-------------|-------------|-------------|-------------|
|      5    | 7.631e-03 | 1.277e+04 | 2.431e+03 | 2.134e-12 |
|     10    | 7.647e-03 | 1.281e+04 | 2.437e+03 | 2.328e-12 |
|     20    | 7.651e-03 | 1.282e+04 | 2.438e+03 | 9.701e-13 |
|     40    | 7.651e-03 | 1.282e+04 | 2.438e+03 | 2.522e-12 |
|     80    | 7.651e-03 | 1.282e+04 | 2.438e+03 | 2.910e-12 |

## Orientation: 270°
### Full Inertia Tensor (kg·m²)
/ 7.651e-03   0.000e+00   0.000e+00\
| 0.000e+00   2.438e+03  -4.075e-12|
\ 0.000e+00  -4.075e-12   1.282e+04/

### Convergence History
| Resolution | Ixx         | Iyy         | Izz         | Iyz         |
|------------|-------------|-------------|-------------|-------------|
|      5    | 7.631e-03 | 2.431e+03 | 1.277e+04 | -3.492e-12 |
|     10    | 7.647e-03 | 2.437e+03 | 1.281e+04 | -2.910e-12 |
|     20    | 7.651e-03 | 2.438e+03 | 1.282e+04 | -3.881e-12 |
|     40    | 7.651e-03 | 2.438e+03 | 1.282e+04 | -5.239e-12 |
|     80    | 7.651e-03 | 2.438e+03 | 1.282e+04 | -4.075e-12 |

## Notes
1. Coordinate system: Right-handed XYZ with
   - X: Extrusion direction (out of plane)
   - Y: Vertical axis
   - Z: Horizontal axis
2. Tensor components:
   - Ixx: Torsional constant about X-axis
   - Iyy: Bending moment about Y-axis
   - Izz: Bending moment about Z-axis
   - Iyz: Product of inertia
3. Sign convention follows right-hand rule
