# 2D Inertia Analysis Report
Generated: 2025-04-11 20:08:34.839114

Reported values for each orientation & arc resolution:
   Izz, Iyy, Izy, Ixx = Iyy + Izz

## Orientation: 0째
| Resolution |      Izz      |      Iyy      |      Izy      |      Ixx      |
|------------|---------------|---------------|---------------|---------------|
|      5    |  2.431e+05 |  1.277e+06 |  2.910e-11 |  1.520e+06 |
|     10    |  2.437e+05 |  1.281e+06 | -1.940e-11 |  1.525e+06 |
|     20    |  2.438e+05 |  1.282e+06 | -7.761e-11 |  1.526e+06 |
|     40    |  2.438e+05 |  1.282e+06 |  1.940e-11 |  1.526e+06 |
|     80    |  2.438e+05 |  1.282e+06 | -2.134e-10 |  1.526e+06 |

## Orientation: 90째
| Resolution |      Izz      |      Iyy      |      Izy      |      Ixx      |
|------------|---------------|---------------|---------------|---------------|
|      5    |  1.277e+06 |  2.431e+05 |  8.731e-11 |  1.520e+06 |
|     10    |  1.281e+06 |  2.437e+05 |  2.619e-10 |  1.525e+06 |
|     20    |  1.282e+06 |  2.438e+05 |  4.851e-11 |  1.526e+06 |
|     40    |  1.282e+06 |  2.438e+05 |  1.843e-10 |  1.526e+06 |
|     80    |  1.282e+06 |  2.438e+05 |  1.746e-10 |  1.526e+06 |

## Orientation: 180째
| Resolution |      Izz      |      Iyy      |      Izy      |      Ixx      |
|------------|---------------|---------------|---------------|---------------|
|      5    |  2.431e+05 |  1.277e+06 | -2.134e-10 |  1.520e+06 |
|     10    |  2.437e+05 |  1.281e+06 | -2.328e-10 |  1.525e+06 |
|     20    |  2.438e+05 |  1.282e+06 | -9.701e-11 |  1.526e+06 |
|     40    |  2.438e+05 |  1.282e+06 | -2.522e-10 |  1.526e+06 |
|     80    |  2.438e+05 |  1.282e+06 | -2.910e-10 |  1.526e+06 |

## Orientation: 270째
| Resolution |      Izz      |      Iyy      |      Izy      |      Ixx      |
|------------|---------------|---------------|---------------|---------------|
|      5    |  1.277e+06 |  2.431e+05 |  3.492e-10 |  1.520e+06 |
|     10    |  1.281e+06 |  2.437e+05 |  2.910e-10 |  1.525e+06 |
|     20    |  1.282e+06 |  2.438e+05 |  3.881e-10 |  1.526e+06 |
|     40    |  1.282e+06 |  2.438e+05 |  5.239e-10 |  1.526e+06 |
|     80    |  1.282e+06 |  2.438e+05 |  4.075e-10 |  1.526e+06 |

Notes:
 - If the polygon is oriented clockwise, 'area' might be negative.
 - Sign of Izy depends on orientation. In symmetrical sections, it should be near zero.
 - Ixx = Iyy + Izz is the polar moment of area about the same centroid.
