2025-08-20 02:53:25,948 | INFO     | Logging initialized for ProcessSectionAnalysis
2025-08-20 02:53:25,948 | INFO     | Station sec_049_r0.558 [Analysis]: DXF=C:\Users\samea\Desktop\geometry_tools\n_sections\blade\sec_049_r0.558.dxf, twist=5.6°, origin: CP-proxy @ 33.0% chord
2025-08-20 02:53:25,949 | INFO     | Starting raw geometry processing …
2025-08-20 02:53:25,949 | INFO     | Instantiating RawGeometry for DXF: C:\Users\samea\Desktop\geometry_tools\n_sections\blade\sec_049_r0.558.dxf
2025-08-20 02:53:25,949 | INFO     | RawGeometry created successfully.
2025-08-20 02:53:25,950 | INFO     | Generating raw geometry plot …
2025-08-20 02:53:26,329 | INFO     | Raw geometry visualisation completed and saved.
2025-08-20 02:53:26,329 | INFO     | Processing and visualising aligned geometry …
2025-08-20 02:53:26,329 | INFO     | Instantiating ProcessedGeometry with spline/segment settings …
2025-08-20 02:53:26,331 | INFO     | ProcessedGeometry successfully instantiated.
2025-08-20 02:53:26,331 | INFO     | Extracting (pass-through orientation & origin): twist=5.6°, origin_mode=cop, cop_fraction=0.330, cx=0.01, cy=0.00, resample_exterior=True
2025-08-20 02:53:26,357 | INFO     | Geometry extracted (no twist/origin applied).
2025-08-20 02:53:26,357 | INFO     | Generating processed geometry visualisation with trailing edge zoom …
2025-08-20 02:53:27,438 | INFO     | Processed geometry preview saved -> C:\Users\samea\Desktop\geometry_tools\n_sections\results\analysis\2025-08-20_02-49-41\sec_049_r0.558\processed_sec_049_r0.558.png
2025-08-20 02:53:27,438 | INFO     | Launching convergence study pipeline …
2025-08-20 02:53:27,438 | INFO     | Starting section convergence study using 1 mesh sizes: [40.]
2025-08-20 02:53:29,556 | INFO     | ConvergenceStudy instantiated. Running results computation …
2025-08-20 02:53:29,556 | INFO     | Convergence study completed successfully.
2025-08-20 02:53:29,556 | INFO     | Creating convergence visualisation …
2025-08-20 02:53:30,188 | INFO     | Convergence visualisation saved.
2025-08-20 02:53:30,188 | INFO     | Building metadata container for section sec_049_r0.558 …
2025-08-20 02:53:30,188 | INFO     | MetadataBin created.
2025-08-20 02:53:30,188 | INFO     | Composing SectionAnalysisResultSet …
2025-08-20 02:53:30,188 | INFO     | SectionAnalysisResultSet successfully built.
2025-08-20 02:53:30,188 | INFO     | Saving results to directory: C:\Users\samea\Desktop\geometry_tools\n_sections\results\analysis\2025-08-20_02-49-41\sec_049_r0.558
2025-08-20 02:53:30,188 | INFO     | Section analysis results successfully saved.
