2025-08-20 02:49:51,036 | INFO     | Logging initialized for ProcessSectionAnalysis
2025-08-20 02:49:51,036 | INFO     | Station sec_002_r0.143 [Analysis]: DXF=C:\Users\samea\Desktop\geometry_tools\n_sections\blade\sec_002_r0.143.dxf, twist=32.6°, origin: CP-proxy @ 33.0% chord
2025-08-20 02:49:51,036 | INFO     | Starting raw geometry processing …
2025-08-20 02:49:51,037 | INFO     | Instantiating RawGeometry for DXF: C:\Users\samea\Desktop\geometry_tools\n_sections\blade\sec_002_r0.143.dxf
2025-08-20 02:49:51,038 | INFO     | RawGeometry created successfully.
2025-08-20 02:49:51,038 | INFO     | Generating raw geometry plot …
2025-08-20 02:49:51,437 | INFO     | Raw geometry visualisation completed and saved.
2025-08-20 02:49:51,438 | INFO     | Processing and visualising aligned geometry …
2025-08-20 02:49:51,438 | INFO     | Instantiating ProcessedGeometry with spline/segment settings …
2025-08-20 02:49:51,439 | INFO     | ProcessedGeometry successfully instantiated.
2025-08-20 02:49:51,439 | INFO     | Extracting (pass-through orientation & origin): twist=32.6°, origin_mode=cop, cop_fraction=0.330, cx=0.01, cy=0.01, resample_exterior=True
2025-08-20 02:49:51,468 | INFO     | Geometry extracted (no twist/origin applied).
2025-08-20 02:49:51,468 | INFO     | Generating processed geometry visualisation with trailing edge zoom …
2025-08-20 02:49:52,679 | INFO     | Processed geometry preview saved -> C:\Users\samea\Desktop\geometry_tools\n_sections\results\analysis\2025-08-20_02-49-41\sec_002_r0.143\processed_sec_002_r0.143.png
2025-08-20 02:49:52,679 | INFO     | Launching convergence study pipeline …
2025-08-20 02:49:52,679 | INFO     | Starting section convergence study using 1 mesh sizes: [40.]
2025-08-20 02:49:54,945 | INFO     | ConvergenceStudy instantiated. Running results computation …
2025-08-20 02:49:54,945 | INFO     | Convergence study completed successfully.
2025-08-20 02:49:54,945 | INFO     | Creating convergence visualisation …
2025-08-20 02:49:55,602 | INFO     | Convergence visualisation saved.
2025-08-20 02:49:55,602 | INFO     | Building metadata container for section sec_002_r0.143 …
2025-08-20 02:49:55,602 | INFO     | MetadataBin created.
2025-08-20 02:49:55,602 | INFO     | Composing SectionAnalysisResultSet …
2025-08-20 02:49:55,602 | INFO     | SectionAnalysisResultSet successfully built.
2025-08-20 02:49:55,602 | INFO     | Saving results to directory: C:\Users\samea\Desktop\geometry_tools\n_sections\results\analysis\2025-08-20_02-49-41\sec_002_r0.143
2025-08-20 02:49:55,604 | INFO     | Section analysis results successfully saved.
