2025-08-20 02:55:35,475 | INFO     | Logging initialized for ProcessSectionAnalysis
2025-08-20 02:55:35,475 | INFO     | Station sec_078_r0.814 [Analysis]: DXF=C:\Users\samea\Desktop\geometry_tools\n_sections\blade\sec_078_r0.814.dxf, twist=2.0°, origin: CP-proxy @ 33.0% chord
2025-08-20 02:55:35,475 | INFO     | Starting raw geometry processing …
2025-08-20 02:55:35,475 | INFO     | Instantiating RawGeometry for DXF: C:\Users\samea\Desktop\geometry_tools\n_sections\blade\sec_078_r0.814.dxf
2025-08-20 02:55:35,475 | INFO     | RawGeometry created successfully.
2025-08-20 02:55:35,475 | INFO     | Generating raw geometry plot …
2025-08-20 02:55:35,848 | INFO     | Raw geometry visualisation completed and saved.
2025-08-20 02:55:35,849 | INFO     | Processing and visualising aligned geometry …
2025-08-20 02:55:35,849 | INFO     | Instantiating ProcessedGeometry with spline/segment settings …
2025-08-20 02:55:35,852 | INFO     | ProcessedGeometry successfully instantiated.
2025-08-20 02:55:35,852 | INFO     | Extracting (pass-through orientation & origin): twist=2.0°, origin_mode=cop, cop_fraction=0.330, cx=0.00, cy=0.00, resample_exterior=True
2025-08-20 02:55:35,870 | INFO     | Geometry extracted (no twist/origin applied).
2025-08-20 02:55:35,870 | INFO     | Generating processed geometry visualisation with trailing edge zoom …
2025-08-20 02:55:37,201 | INFO     | Processed geometry preview saved -> C:\Users\samea\Desktop\geometry_tools\n_sections\results\analysis\2025-08-20_02-49-41\sec_078_r0.814\processed_sec_078_r0.814.png
2025-08-20 02:55:37,201 | INFO     | Launching convergence study pipeline …
2025-08-20 02:55:37,201 | INFO     | Starting section convergence study using 1 mesh sizes: [40.]
2025-08-20 02:55:39,669 | INFO     | ConvergenceStudy instantiated. Running results computation …
2025-08-20 02:55:39,669 | INFO     | Convergence study completed successfully.
2025-08-20 02:55:39,669 | INFO     | Creating convergence visualisation …
2025-08-20 02:55:40,331 | INFO     | Convergence visualisation saved.
2025-08-20 02:55:40,331 | INFO     | Building metadata container for section sec_078_r0.814 …
2025-08-20 02:55:40,331 | INFO     | MetadataBin created.
2025-08-20 02:55:40,331 | INFO     | Composing SectionAnalysisResultSet …
2025-08-20 02:55:40,331 | INFO     | SectionAnalysisResultSet successfully built.
2025-08-20 02:55:40,331 | INFO     | Saving results to directory: C:\Users\samea\Desktop\geometry_tools\n_sections\results\analysis\2025-08-20_02-49-41\sec_078_r0.814
2025-08-20 02:55:40,343 | INFO     | Section analysis results successfully saved.
