2025-08-21 03:44:26,586 | INFO     | Logging initialized for ProcessSectionAnalysis
2025-08-21 03:44:26,586 | INFO     | Station sec_002_r0.196 [Analysis]: DXF=C:\Users\samea\Desktop\geometry_tools\n_sections\blade\sec_002_r0.196.dxf, twist=24.7°, origin: CP-proxy @ 33.0% chord
2025-08-21 03:44:26,586 | INFO     | Starting raw geometry processing …
2025-08-21 03:44:26,586 | INFO     | Instantiating RawGeometry for DXF: C:\Users\samea\Desktop\geometry_tools\n_sections\blade\sec_002_r0.196.dxf
2025-08-21 03:44:26,587 | INFO     | RawGeometry created successfully.
2025-08-21 03:44:26,587 | INFO     | Generating raw geometry plot …
2025-08-21 03:44:26,949 | INFO     | Raw geometry visualisation completed and saved.
2025-08-21 03:44:26,949 | INFO     | Processing and visualising aligned geometry …
2025-08-21 03:44:26,949 | INFO     | Instantiating ProcessedGeometry with spline/segment settings …
2025-08-21 03:44:26,950 | INFO     | ProcessedGeometry successfully instantiated.
2025-08-21 03:44:26,950 | INFO     | Extracting (pass-through orientation & origin): twist=24.7°, origin_mode=cop, cop_fraction=0.330, cx=0.01, cy=0.01, resample_exterior=True
2025-08-21 03:44:26,981 | INFO     | Geometry extracted (no twist/origin applied).
2025-08-21 03:44:26,981 | INFO     | Generating processed geometry visualisation with trailing edge zoom …
2025-08-21 03:44:28,079 | INFO     | Processed geometry preview saved -> C:\Users\samea\Desktop\geometry_tools\n_sections\results\analysis\2025-08-21_03-44-16\sec_002_r0.196\processed_sec_002_r0.196.png
2025-08-21 03:44:28,079 | INFO     | Launching convergence study pipeline …
2025-08-21 03:44:28,079 | INFO     | Starting section convergence study using 1 mesh sizes: [40.]
2025-08-21 03:44:30,196 | INFO     | ConvergenceStudy instantiated. Running results computation …
2025-08-21 03:44:30,196 | INFO     | Convergence study completed successfully.
2025-08-21 03:44:30,196 | INFO     | Creating convergence visualisation …
2025-08-21 03:44:30,969 | INFO     | Convergence visualisation saved.
2025-08-21 03:44:30,969 | INFO     | Building metadata container for section sec_002_r0.196 …
2025-08-21 03:44:30,969 | INFO     | MetadataBin created.
2025-08-21 03:44:30,969 | INFO     | Composing SectionAnalysisResultSet …
2025-08-21 03:44:30,969 | INFO     | SectionAnalysisResultSet successfully built.
2025-08-21 03:44:30,969 | INFO     | Saving results to directory: C:\Users\samea\Desktop\geometry_tools\n_sections\results\analysis\2025-08-21_03-44-16\sec_002_r0.196
2025-08-21 03:44:30,973 | INFO     | Section analysis results successfully saved.
