2025-07-21 13:03:34,645 - INFO - [Station_2] Geometry meshed with mesh_sizes=0.5.
2025-07-21 13:03:34,742 - INFO - [Station_2] Actual centroid: (0.0368, 0.0001)
2025-07-21 13:03:34,759 - INFO - [Station_2] Desired centroid: (0.0058, -0.0094)
2025-07-21 13:03:34,764 - INFO - [Station_2] Applying translation dx=-0.0309, dy=-0.0095
2025-07-21 13:03:34,771 - INFO - [Station_2] Section translated.
2025-07-21 13:03:35,620 - INFO - Starting optimisation run: Station_2_s0.889_s0.889_h3.000
2025-07-21 13:03:35,631 - INFO - [Station_2_s0.889_s0.889_h3.000] Meshing with target h = 3 …
2025-07-21 13:03:35,642 - WARNING - [Station_2_s0.889_s0.889_h3.000] 466 sliver triangles removed
2025-07-21 13:03:35,650 - INFO - [Station_2_s0.889_s0.889_h3.000] mesh ok | nodes=4548 elems=1362 | A[min=1.01e-08 max=1.63e-06 mean=2.97e-07 med=2e-07] | q[min=0.606 max=1.000 mean=0.891]
2025-07-21 13:03:35,912 - INFO - [Station_2_s0.889_s0.889_h3.000] Mesh plot saved to \\mull.sms.ed.ac.uk\home\s1834431\Win7\Desktop\geometry_tools\section_calc_n\results\optimisation\Station_2\s0.889\mesh_Station_2_s0.889_s0.889_h3.000.png
2025-07-21 13:03:35,925 - INFO - [Station_2_s0.889_s0.889_h3.000] Starting geometric analysis...
2025-07-21 13:03:36,180 - INFO - [Station_2_s0.889_s0.889_h3.000] Starting warping analysis (required for J)...
2025-07-21 13:03:36,666 - INFO - [Station_2_s0.889_s0.889_h3.000] Success at h = 3.0000
2025-07-21 13:03:36,672 - INFO - [Station_2_s0.889_s0.889_h3.000] Optimisation result generated (Jt=3.786e+04, Iz=1.946e+04)
2025-07-21 13:03:37,586 - INFO - [Station_2] Importing DXF: '\\mull.sms.ed.ac.uk\home\s1834431\Win7\Desktop\geometry_tools\section_calc_n\blade\Station_2.dxf'
2025-07-21 13:03:37,606 - INFO - DXF version upgrade to DXF R2000.
2025-07-21 13:03:37,615 - INFO - creating ACAD_COLOR dictionary
2025-07-21 13:03:37,620 - INFO - creating ACAD_PLOTSTYLENAME dictionary
2025-07-21 13:03:37,624 - INFO - creating ACAD_TABLESTYLE dictionary
2025-07-21 13:03:37,631 - INFO - cleanup is depreciated BTW. Use the polygonize function instead
2025-07-21 13:03:37,698 - INFO - Zipped 53 points
2025-07-21 13:03:37,730 - INFO - [Station_2] Geometry meshed with mesh_sizes=0.5.
2025-07-21 13:03:37,836 - INFO - [Station_2] Actual centroid: (0.0368, 0.0001)
2025-07-21 13:03:37,843 - INFO - [Station_2] Desired centroid: (0.0058, -0.0094)
2025-07-21 13:03:37,851 - INFO - [Station_2] Applying translation dx=-0.0309, dy=-0.0095
2025-07-21 13:03:37,858 - INFO - [Station_2] Section translated.
2025-07-21 13:03:38,745 - INFO - Starting optimisation run: Station_2_s0.941_s0.941_h3.000
2025-07-21 13:03:38,758 - INFO - [Station_2_s0.941_s0.941_h3.000] Meshing with target h = 3 …
2025-07-21 13:03:38,765 - WARNING - [Station_2_s0.941_s0.941_h3.000] 575 sliver triangles removed
2025-07-21 13:03:38,775 - INFO - [Station_2_s0.941_s0.941_h3.000] mesh ok | nodes=4192 elems=1031 | A[min=1e-08 max=1.39e-06 mean=2.16e-07 med=1.75e-07] | q[min=0.609 max=1.000 mean=0.906]
2025-07-21 13:03:39,024 - INFO - [Station_2_s0.941_s0.941_h3.000] Mesh plot saved to \\mull.sms.ed.ac.uk\home\s1834431\Win7\Desktop\geometry_tools\section_calc_n\results\optimisation\Station_2\s0.941\mesh_Station_2_s0.941_s0.941_h3.000.png
2025-07-21 13:03:39,042 - INFO - [Station_2_s0.941_s0.941_h3.000] Starting geometric analysis...
2025-07-21 13:03:39,205 - INFO - [Station_2_s0.941_s0.941_h3.000] Starting warping analysis (required for J)...
2025-07-21 13:03:39,632 - INFO - [Station_2_s0.941_s0.941_h3.000] Success at h = 3.0000
2025-07-21 13:03:39,642 - INFO - [Station_2_s0.941_s0.941_h3.000] Optimisation result generated (Jt=2.202e+04, Iz=1.13e+04)
2025-07-21 13:03:40,577 - INFO - [Station_2] Importing DXF: '\\mull.sms.ed.ac.uk\home\s1834431\Win7\Desktop\geometry_tools\section_calc_n\blade\Station_2.dxf'
2025-07-21 13:03:40,598 - INFO - DXF version upgrade to DXF R2000.
2025-07-21 13:03:40,605 - INFO - creating ACAD_COLOR dictionary
2025-07-21 13:03:40,611 - INFO - creating ACAD_PLOTSTYLENAME dictionary
2025-07-21 13:03:40,616 - INFO - creating ACAD_TABLESTYLE dictionary
2025-07-21 13:03:40,623 - INFO - cleanup is depreciated BTW. Use the polygonize function instead
2025-07-21 13:03:40,688 - INFO - Zipped 53 points
2025-07-21 13:03:40,728 - INFO - [Station_2] Geometry meshed with mesh_sizes=0.5.
2025-07-21 13:03:40,834 - INFO - [Station_2] Actual centroid: (0.0368, 0.0001)
2025-07-21 13:03:40,842 - INFO - [Station_2] Desired centroid: (0.0058, -0.0094)
2025-07-21 13:03:40,852 - INFO - [Station_2] Applying translation dx=-0.0309, dy=-0.0095
2025-07-21 13:03:40,860 - INFO - [Station_2] Section translated.
2025-07-21 13:03:41,798 - INFO - Starting optimisation run: Station_2_s0.995_s0.995_h3.000
2025-07-21 13:03:41,809 - INFO - [Station_2_s0.995_s0.995_h3.000] Meshing with target h = 3 …
2025-07-21 13:03:41,845 - WARNING - [Station_2_s0.995_s0.995_h3.000] 8284 sliver triangles removed
2025-07-21 13:03:41,852 - INFO - [Station_2_s0.995_s0.995_h3.000] mesh ok | nodes=25004 elems=102 | A[min=1e-08 max=7.86e-08 mean=2.86e-08 med=2.16e-08] | q[min=0.656 max=0.995 mean=0.827]
2025-07-21 13:03:42,395 - INFO - [Station_2_s0.995_s0.995_h3.000] Mesh plot saved to \\mull.sms.ed.ac.uk\home\s1834431\Win7\Desktop\geometry_tools\section_calc_n\results\optimisation\Station_2\s0.995\mesh_Station_2_s0.995_s0.995_h3.000.png
2025-07-21 13:03:42,411 - INFO - [Station_2_s0.995_s0.995_h3.000] Starting geometric analysis...
2025-07-21 13:03:43,380 - INFO - [Station_2_s0.995_s0.995_h3.000] Starting warping analysis (required for J)...
2025-07-21 13:03:45,636 - INFO - [Station_2_s0.995_s0.995_h3.000] Success at h = 3.0000
2025-07-21 13:03:45,643 - INFO - [Station_2_s0.995_s0.995_h3.000] Optimisation result generated (Jt=2024, Iz=1036)
2025-07-21 13:03:46,560 - INFO - Processing station: Station_4
2025-07-21 13:03:46,630 - INFO - [Station_4] Importing DXF: '\\mull.sms.ed.ac.uk\home\s1834431\Win7\Desktop\geometry_tools\section_calc_n\blade\Station_4.dxf'
2025-07-21 13:03:46,708 - INFO - DXF version upgrade to DXF R2000.
2025-07-21 13:03:46,712 - INFO - creating ACAD_COLOR dictionary
2025-07-21 13:03:46,723 - INFO - creating ACAD_PLOTSTYLENAME dictionary
2025-07-21 13:03:46,730 - INFO - creating ACAD_TABLESTYLE dictionary
2025-07-21 13:03:46,737 - INFO - cleanup is depreciated BTW. Use the polygonize function instead
2025-07-21 13:03:46,804 - INFO - Zipped 61 points
2025-07-21 13:03:46,828 - INFO - [Station_4] Geometry meshed with mesh_sizes=0.5.
2025-07-21 13:03:47,056 - INFO - [Station_4] Actual centroid: (0.0295, 0.0010)
2025-07-21 13:03:47,064 - INFO - [Station_4] Desired centroid: (0.0038, -0.0103)
2025-07-21 13:03:47,071 - INFO - [Station_4] Applying translation dx=-0.0257, dy=-0.0113
2025-07-21 13:03:47,079 - INFO - [Station_4] Section translated.
2025-07-21 13:03:47,928 - INFO - Starting optimisation run: Station_4_s0.600_s0.600_h3.000
2025-07-21 13:03:47,940 - INFO - [Station_4_s0.600_s0.600_h3.000] Meshing with target h = 3 …
2025-07-21 13:03:47,958 - WARNING - [Station_4_s0.600_s0.600_h3.000] 534 sliver triangles removed
2025-07-21 13:03:47,966 - INFO - [Station_4_s0.600_s0.600_h3.000] mesh ok | nodes=7718 elems=2912 | A[min=1.01e-08 max=5.71e-06 mean=2.79e-07 med=1.82e-07] | q[min=0.603 max=1.000 mean=0.885]
2025-07-21 13:03:48,286 - INFO - [Station_4_s0.600_s0.600_h3.000] Mesh plot saved to \\mull.sms.ed.ac.uk\home\s1834431\Win7\Desktop\geometry_tools\section_calc_n\results\optimisation\Station_4\s0.600\mesh_Station_4_s0.600_s0.600_h3.000.png
2025-07-21 13:03:48,306 - INFO - [Station_4_s0.600_s0.600_h3.000] Starting geometric analysis...
2025-07-21 13:03:48,753 - INFO - [Station_4_s0.600_s0.600_h3.000] Starting warping analysis (required for J)...
2025-07-21 13:03:49,702 - INFO - [Station_4_s0.600_s0.600_h3.000] Success at h = 3.0000
2025-07-21 13:03:49,702 - INFO - [Station_4_s0.600_s0.600_h3.000] Optimisation result generated (Jt=6.729e+04, Iz=1.908e+04)
2025-07-21 13:03:50,651 - INFO - [Station_4] Importing DXF: '\\mull.sms.ed.ac.uk\home\s1834431\Win7\Desktop\geometry_tools\section_calc_n\blade\Station_4.dxf'
2025-07-21 13:03:50,675 - INFO - DXF version upgrade to DXF R2000.
2025-07-21 13:03:50,683 - INFO - creating ACAD_COLOR dictionary
2025-07-21 13:03:50,690 - INFO - creating ACAD_PLOTSTYLENAME dictionary
2025-07-21 13:03:50,694 - INFO - creating ACAD_TABLESTYLE dictionary
2025-07-21 13:03:50,715 - INFO - cleanup is depreciated BTW. Use the polygonize function instead
2025-07-21 13:03:50,782 - INFO - Zipped 61 points
2025-07-21 13:03:50,807 - INFO - [Station_4] Geometry meshed with mesh_sizes=0.5.
2025-07-21 13:03:50,922 - INFO - [Station_4] Actual centroid: (0.0295, 0.0010)
2025-07-21 13:03:50,936 - INFO - [Station_4] Desired centroid: (0.0038, -0.0103)
2025-07-21 13:03:50,942 - INFO - [Station_4] Applying translation dx=-0.0257, dy=-0.0113
2025-07-21 13:03:51,025 - INFO - [Station_4] Section translated.
2025-07-21 13:03:51,893 - INFO - Starting optimisation run: Station_4_s0.635_s0.635_h3.000
2025-07-21 13:03:51,905 - INFO - [Station_4_s0.635_s0.635_h3.000] Meshing with target h = 3 …
2025-07-21 13:03:51,924 - WARNING - [Station_4_s0.635_s0.635_h3.000] 491 sliver triangles removed
2025-07-21 13:03:51,932 - INFO - [Station_4_s0.635_s0.635_h3.000] mesh ok | nodes=7450 elems=2821 | A[min=1e-08 max=3.36e-06 mean=2.69e-07 med=1.84e-07] | q[min=0.603 max=1.000 mean=0.886]
2025-07-21 13:03:52,254 - INFO - [Station_4_s0.635_s0.635_h3.000] Mesh plot saved to \\mull.sms.ed.ac.uk\home\s1834431\Win7\Desktop\geometry_tools\section_calc_n\results\optimisation\Station_4\s0.635\mesh_Station_4_s0.635_s0.635_h3.000.png
2025-07-21 13:03:52,273 - INFO - [Station_4_s0.635_s0.635_h3.000] Starting geometric analysis...
2025-07-21 13:03:52,582 - INFO - [Station_4_s0.635_s0.635_h3.000] Starting warping analysis (required for J)...
2025-07-21 13:03:53,464 - INFO - [Station_4_s0.635_s0.635_h3.000] Success at h = 3.0000
2025-07-21 13:03:53,473 - INFO - [Station_4_s0.635_s0.635_h3.000] Optimisation result generated (Jt=6.398e+04, Iz=1.837e+04)
2025-07-21 13:03:54,570 - INFO - [Station_4] Importing DXF: '\\mull.sms.ed.ac.uk\home\s1834431\Win7\Desktop\geometry_tools\section_calc_n\blade\Station_4.dxf'
2025-07-21 13:03:54,593 - INFO - DXF version upgrade to DXF R2000.
2025-07-21 13:03:54,604 - INFO - creating ACAD_COLOR dictionary
2025-07-21 13:03:54,611 - INFO - creating ACAD_PLOTSTYLENAME dictionary
2025-07-21 13:03:54,617 - INFO - creating ACAD_TABLESTYLE dictionary
2025-07-21 13:03:54,626 - INFO - cleanup is depreciated BTW. Use the polygonize function instead
2025-07-21 13:03:54,701 - INFO - Zipped 61 points
2025-07-21 13:03:54,728 - INFO - [Station_4] Geometry meshed with mesh_sizes=0.5.
2025-07-21 13:03:54,857 - INFO - [Station_4] Actual centroid: (0.0295, 0.0010)
2025-07-21 13:03:54,867 - INFO - [Station_4] Desired centroid: (0.0038, -0.0103)
2025-07-21 13:03:54,874 - INFO - [Station_4] Applying translation dx=-0.0257, dy=-0.0113
2025-07-21 13:03:54,883 - INFO - [Station_4] Section translated.
2025-07-21 13:03:55,744 - INFO - Starting optimisation run: Station_4_s0.671_s0.671_h3.000
2025-07-21 13:03:55,757 - INFO - [Station_4_s0.671_s0.671_h3.000] Meshing with target h = 3 …
2025-07-21 13:03:55,775 - WARNING - [Station_4_s0.671_s0.671_h3.000] 584 sliver triangles removed
2025-07-21 13:03:55,784 - INFO - [Station_4_s0.671_s0.671_h3.000] mesh ok | nodes=7370 elems=2686 | A[min=1e-08 max=3.18e-06 mean=2.59e-07 med=1.86e-07] | q[min=0.603 max=1.000 mean=0.885]
2025-07-21 13:03:56,130 - INFO - [Station_4_s0.671_s0.671_h3.000] Mesh plot saved to \\mull.sms.ed.ac.uk\home\s1834431\Win7\Desktop\geometry_tools\section_calc_n\results\optimisation\Station_4\s0.671\mesh_Station_4_s0.671_s0.671_h3.000.png
2025-07-21 13:03:56,142 - INFO - [Station_4_s0.671_s0.671_h3.000] Starting geometric analysis...
2025-07-21 13:03:56,575 - INFO - [Station_4_s0.671_s0.671_h3.000] Starting warping analysis (required for J)...
2025-07-21 13:03:57,503 - INFO - [Station_4_s0.671_s0.671_h3.000] Success at h = 3.0000
2025-07-21 13:03:57,513 - INFO - [Station_4_s0.671_s0.671_h3.000] Optimisation result generated (Jt=5.999e+04, Iz=1.747e+04)
2025-07-21 13:03:58,555 - INFO - [Station_4] Importing DXF: '\\mull.sms.ed.ac.uk\home\s1834431\Win7\Desktop\geometry_tools\section_calc_n\blade\Station_4.dxf'
2025-07-21 13:03:58,575 - INFO - DXF version upgrade to DXF R2000.
2025-07-21 13:03:58,589 - INFO - creating ACAD_COLOR dictionary
2025-07-21 13:03:58,593 - INFO - creating ACAD_PLOTSTYLENAME dictionary
2025-07-21 13:03:58,606 - INFO - creating ACAD_TABLESTYLE dictionary
2025-07-21 13:03:58,612 - INFO - cleanup is depreciated BTW. Use the polygonize function instead
2025-07-21 13:03:58,682 - INFO - Zipped 61 points
2025-07-21 13:03:58,712 - INFO - [Station_4] Geometry meshed with mesh_sizes=0.5.
2025-07-21 13:03:58,892 - INFO - [Station_4] Actual centroid: (0.0295, 0.0010)
2025-07-21 13:03:58,905 - INFO - [Station_4] Desired centroid: (0.0038, -0.0103)
2025-07-21 13:03:58,913 - INFO - [Station_4] Applying translation dx=-0.0257, dy=-0.0113
2025-07-21 13:03:58,924 - INFO - [Station_4] Section translated.
2025-07-21 13:03:59,825 - INFO - Starting optimisation run: Station_4_s0.710_s0.710_h3.000
2025-07-21 13:03:59,839 - INFO - [Station_4_s0.710_s0.710_h3.000] Meshing with target h = 3 …
2025-07-21 13:03:59,854 - WARNING - [Station_4_s0.710_s0.710_h3.000] 490 sliver triangles removed
2025-07-21 13:03:59,865 - INFO - [Station_4_s0.710_s0.710_h3.000] mesh ok | nodes=6934 elems=2564 | A[min=1.01e-08 max=2.76e-06 mean=2.45e-07 med=1.89e-07] | q[min=0.603 max=1.000 mean=0.885]
2025-07-21 13:04:00,182 - INFO - [Station_4_s0.710_s0.710_h3.000] Mesh plot saved to \\mull.sms.ed.ac.uk\home\s1834431\Win7\Desktop\geometry_tools\section_calc_n\results\optimisation\Station_4\s0.710\mesh_Station_4_s0.710_s0.710_h3.000.png
2025-07-21 13:04:00,194 - INFO - [Station_4_s0.710_s0.710_h3.000] Starting geometric analysis...
2025-07-21 13:04:00,509 - INFO - [Station_4_s0.710_s0.710_h3.000] Starting warping analysis (required for J)...
2025-07-21 13:04:01,362 - INFO - [Station_4_s0.710_s0.710_h3.000] Success at h = 3.0000
2025-07-21 13:04:01,373 - INFO - [Station_4_s0.710_s0.710_h3.000] Optimisation result generated (Jt=5.516e+04, Iz=1.635e+04)
2025-07-21 13:04:02,492 - INFO - [Station_4] Importing DXF: '\\mull.sms.ed.ac.uk\home\s1834431\Win7\Desktop\geometry_tools\section_calc_n\blade\Station_4.dxf'
2025-07-21 13:04:02,516 - INFO - DXF version upgrade to DXF R2000.
2025-07-21 13:04:02,526 - INFO - creating ACAD_COLOR dictionary
2025-07-21 13:04:02,535 - INFO - creating ACAD_PLOTSTYLENAME dictionary
2025-07-21 13:04:02,544 - INFO - creating ACAD_TABLESTYLE dictionary
2025-07-21 13:04:02,554 - INFO - cleanup is depreciated BTW. Use the polygonize function instead
2025-07-21 13:04:02,623 - INFO - Zipped 61 points
2025-07-21 13:04:02,671 - INFO - [Station_4] Geometry meshed with mesh_sizes=0.5.
2025-07-21 13:04:02,782 - INFO - [Station_4] Actual centroid: (0.0295, 0.0010)
2025-07-21 13:04:02,792 - INFO - [Station_4] Desired centroid: (0.0038, -0.0103)
2025-07-21 13:04:02,805 - INFO - [Station_4] Applying translation dx=-0.0257, dy=-0.0113
2025-07-21 13:04:02,815 - INFO - [Station_4] Section translated.
2025-07-21 13:04:03,670 - INFO - Starting optimisation run: Station_4_s0.751_s0.751_h3.000
2025-07-21 13:04:03,686 - INFO - [Station_4_s0.751_s0.751_h3.000] Meshing with target h = 3 …
2025-07-21 13:04:03,706 - WARNING - [Station_4_s0.751_s0.751_h3.000] 477 sliver triangles removed
2025-07-21 13:04:03,716 - INFO - [Station_4_s0.751_s0.751_h3.000] mesh ok | nodes=6540 elems=2379 | A[min=1.01e-08 max=2.7e-06 mean=2.32e-07 med=1.82e-07] | q[min=0.601 max=1.000 mean=0.884]
2025-07-21 13:04:04,077 - INFO - [Station_4_s0.751_s0.751_h3.000] Mesh plot saved to \\mull.sms.ed.ac.uk\home\s1834431\Win7\Desktop\geometry_tools\section_calc_n\results\optimisation\Station_4\s0.751\mesh_Station_4_s0.751_s0.751_h3.000.png
2025-07-21 13:04:04,092 - INFO - [Station_4_s0.751_s0.751_h3.000] Starting geometric analysis...
2025-07-21 13:04:04,469 - INFO - [Station_4_s0.751_s0.751_h3.000] Starting warping analysis (required for J)...
2025-07-21 13:04:05,239 - INFO - [Station_4_s0.751_s0.751_h3.000] Success at h = 3.0000
2025-07-21 13:04:05,249 - INFO - [Station_4_s0.751_s0.751_h3.000] Optimisation result generated (Jt=4.931e+04, Iz=1.494e+04)
2025-07-21 13:04:06,326 - INFO - [Station_4] Importing DXF: '\\mull.sms.ed.ac.uk\home\s1834431\Win7\Desktop\geometry_tools\section_calc_n\blade\Station_4.dxf'
2025-07-21 13:04:06,352 - INFO - DXF version upgrade to DXF R2000.
2025-07-21 13:04:06,363 - INFO - creating ACAD_COLOR dictionary
2025-07-21 13:04:06,371 - INFO - creating ACAD_PLOTSTYLENAME dictionary
2025-07-21 13:04:06,381 - INFO - creating ACAD_TABLESTYLE dictionary
2025-07-21 13:04:06,391 - INFO - cleanup is depreciated BTW. Use the polygonize function instead
2025-07-21 13:04:06,462 - INFO - Zipped 61 points
2025-07-21 13:04:06,492 - INFO - [Station_4] Geometry meshed with mesh_sizes=0.5.
2025-07-21 13:04:06,607 - INFO - [Station_4] Actual centroid: (0.0295, 0.0010)
2025-07-21 13:04:06,622 - INFO - [Station_4] Desired centroid: (0.0038, -0.0103)
2025-07-21 13:04:06,633 - INFO - [Station_4] Applying translation dx=-0.0257, dy=-0.0113
2025-07-21 13:04:06,643 - INFO - [Station_4] Section translated.
2025-07-21 13:04:07,591 - INFO - Starting optimisation run: Station_4_s0.795_s0.795_h3.000
2025-07-21 13:04:07,606 - INFO - [Station_4_s0.795_s0.795_h3.000] Meshing with target h = 3 …
2025-07-21 13:04:07,625 - WARNING - [Station_4_s0.795_s0.795_h3.000] 549 sliver triangles removed
2025-07-21 13:04:07,634 - INFO - [Station_4_s0.795_s0.795_h3.000] mesh ok | nodes=6180 elems=2127 | A[min=1.01e-08 max=1.74e-06 mean=2.19e-07 med=1.79e-07] | q[min=0.603 max=1.000 mean=0.889]
2025-07-21 13:04:07,935 - INFO - [Station_4_s0.795_s0.795_h3.000] Mesh plot saved to \\mull.sms.ed.ac.uk\home\s1834431\Win7\Desktop\geometry_tools\section_calc_n\results\optimisation\Station_4\s0.795\mesh_Station_4_s0.795_s0.795_h3.000.png
2025-07-21 13:04:07,956 - INFO - [Station_4_s0.795_s0.795_h3.000] Starting geometric analysis...
2025-07-21 13:04:08,248 - INFO - [Station_4_s0.795_s0.795_h3.000] Starting warping analysis (required for J)...
2025-07-21 13:04:09,002 - INFO - [Station_4_s0.795_s0.795_h3.000] Success at h = 3.0000
2025-07-21 13:04:09,018 - INFO - [Station_4_s0.795_s0.795_h3.000] Optimisation result generated (Jt=4.222e+04, Iz=1.318e+04)
2025-07-21 13:04:10,067 - INFO - [Station_4] Importing DXF: '\\mull.sms.ed.ac.uk\home\s1834431\Win7\Desktop\geometry_tools\section_calc_n\blade\Station_4.dxf'
2025-07-21 13:04:10,098 - INFO - DXF version upgrade to DXF R2000.
2025-07-21 13:04:10,222 - INFO - creating ACAD_COLOR dictionary
2025-07-21 13:04:10,236 - INFO - creating ACAD_PLOTSTYLENAME dictionary
2025-07-21 13:04:10,244 - INFO - creating ACAD_TABLESTYLE dictionary
2025-07-21 13:04:10,256 - INFO - cleanup is depreciated BTW. Use the polygonize function instead
2025-07-21 13:04:10,327 - INFO - Zipped 61 points
2025-07-21 13:04:10,366 - INFO - [Station_4] Geometry meshed with mesh_sizes=0.5.
2025-07-21 13:04:10,485 - INFO - [Station_4] Actual centroid: (0.0295, 0.0010)
2025-07-21 13:04:10,501 - INFO - [Station_4] Desired centroid: (0.0038, -0.0103)
2025-07-21 13:04:10,507 - INFO - [Station_4] Applying translation dx=-0.0257, dy=-0.0113
2025-07-21 13:04:10,518 - INFO - [Station_4] Section translated.
2025-07-21 13:04:11,411 - INFO - Starting optimisation run: Station_4_s0.841_s0.841_h3.000
2025-07-21 13:04:11,427 - INFO - [Station_4_s0.841_s0.841_h3.000] Meshing with target h = 3 …
2025-07-21 13:04:11,445 - WARNING - [Station_4_s0.841_s0.841_h3.000] 470 sliver triangles removed
2025-07-21 13:04:11,454 - INFO - [Station_4_s0.841_s0.841_h3.000] mesh ok | nodes=5599 elems=1915 | A[min=1e-08 max=1.31e-06 mean=1.94e-07 med=1.66e-07] | q[min=0.603 max=1.000 mean=0.906]
2025-07-21 13:04:11,734 - INFO - [Station_4_s0.841_s0.841_h3.000] Mesh plot saved to \\mull.sms.ed.ac.uk\home\s1834431\Win7\Desktop\geometry_tools\section_calc_n\results\optimisation\Station_4\s0.841\mesh_Station_4_s0.841_s0.841_h3.000.png
2025-07-21 13:04:11,756 - INFO - [Station_4_s0.841_s0.841_h3.000] Starting geometric analysis...
2025-07-21 13:04:12,002 - INFO - [Station_4_s0.841_s0.841_h3.000] Starting warping analysis (required for J)...
2025-07-21 13:04:12,680 - INFO - [Station_4_s0.841_s0.841_h3.000] Success at h = 3.0000
2025-07-21 13:04:12,691 - INFO - [Station_4_s0.841_s0.841_h3.000] Optimisation result generated (Jt=3.349e+04, Iz=1.098e+04)
2025-07-21 13:04:13,922 - INFO - [Station_4] Importing DXF: '\\mull.sms.ed.ac.uk\home\s1834431\Win7\Desktop\geometry_tools\section_calc_n\blade\Station_4.dxf'
2025-07-21 13:04:13,949 - INFO - DXF version upgrade to DXF R2000.
2025-07-21 13:04:13,961 - INFO - creating ACAD_COLOR dictionary
2025-07-21 13:04:13,971 - INFO - creating ACAD_PLOTSTYLENAME dictionary
2025-07-21 13:04:13,981 - INFO - creating ACAD_TABLESTYLE dictionary
2025-07-21 13:04:13,992 - INFO - cleanup is depreciated BTW. Use the polygonize function instead
2025-07-21 13:04:14,069 - INFO - Zipped 61 points
2025-07-21 13:04:14,109 - INFO - [Station_4] Geometry meshed with mesh_sizes=0.5.
2025-07-21 13:04:14,249 - INFO - [Station_4] Actual centroid: (0.0295, 0.0010)
2025-07-21 13:04:14,260 - INFO - [Station_4] Desired centroid: (0.0038, -0.0103)
2025-07-21 13:04:14,272 - INFO - [Station_4] Applying translation dx=-0.0257, dy=-0.0113
2025-07-21 13:04:14,284 - INFO - [Station_4] Section translated.
2025-07-21 13:04:15,201 - INFO - Starting optimisation run: Station_4_s0.889_s0.889_h3.000
2025-07-21 13:04:15,217 - INFO - [Station_4_s0.889_s0.889_h3.000] Meshing with target h = 3 …
2025-07-21 13:04:15,233 - WARNING - [Station_4_s0.889_s0.889_h3.000] 545 sliver triangles removed
2025-07-21 13:04:15,245 - INFO - [Station_4_s0.889_s0.889_h3.000] mesh ok | nodes=4613 elems=1308 | A[min=1.01e-08 max=1.32e-06 mean=2.02e-07 med=1.31e-07] | q[min=0.605 max=1.000 mean=0.887]
2025-07-21 13:04:15,531 - INFO - [Station_4_s0.889_s0.889_h3.000] Mesh plot saved to \\mull.sms.ed.ac.uk\home\s1834431\Win7\Desktop\geometry_tools\section_calc_n\results\optimisation\Station_4\s0.889\mesh_Station_4_s0.889_s0.889_h3.000.png
2025-07-21 13:04:15,548 - INFO - [Station_4_s0.889_s0.889_h3.000] Starting geometric analysis...
2025-07-21 13:04:15,876 - INFO - [Station_4_s0.889_s0.889_h3.000] Starting warping analysis (required for J)...
2025-07-21 13:04:16,401 - INFO - [Station_4_s0.889_s0.889_h3.000] Success at h = 3.0000
2025-07-21 13:04:16,406 - INFO - [Station_4_s0.889_s0.889_h3.000] Optimisation result generated (Jt=1.583e+04, Iz=8218)
2025-07-21 13:04:17,538 - INFO - [Station_4] Importing DXF: '\\mull.sms.ed.ac.uk\home\s1834431\Win7\Desktop\geometry_tools\section_calc_n\blade\Station_4.dxf'
2025-07-21 13:04:17,564 - INFO - DXF version upgrade to DXF R2000.
2025-07-21 13:04:17,577 - INFO - creating ACAD_COLOR dictionary
2025-07-21 13:04:17,595 - INFO - creating ACAD_PLOTSTYLENAME dictionary
2025-07-21 13:04:17,607 - INFO - creating ACAD_TABLESTYLE dictionary
2025-07-21 13:04:17,618 - INFO - cleanup is depreciated BTW. Use the polygonize function instead
2025-07-21 13:04:17,692 - INFO - Zipped 61 points
2025-07-21 13:04:17,734 - INFO - [Station_4] Geometry meshed with mesh_sizes=0.5.
2025-07-21 13:04:17,870 - INFO - [Station_4] Actual centroid: (0.0295, 0.0010)
2025-07-21 13:04:17,884 - INFO - [Station_4] Desired centroid: (0.0038, -0.0103)
2025-07-21 13:04:17,896 - INFO - [Station_4] Applying translation dx=-0.0257, dy=-0.0113
2025-07-21 13:04:17,909 - INFO - [Station_4] Section translated.
2025-07-21 13:04:18,898 - INFO - Starting optimisation run: Station_4_s0.941_s0.941_h3.000
2025-07-21 13:04:18,915 - INFO - [Station_4_s0.941_s0.941_h3.000] Meshing with target h = 3 …
2025-07-21 13:04:18,933 - WARNING - [Station_4_s0.941_s0.941_h3.000] 614 sliver triangles removed
2025-07-21 13:04:18,943 - INFO - [Station_4_s0.941_s0.941_h3.000] mesh ok | nodes=4053 elems=947 | A[min=1e-08 max=1.01e-06 mean=1.53e-07 med=1.6e-07] | q[min=0.611 max=1.000 mean=0.906]
2025-07-21 13:04:19,206 - INFO - [Station_4_s0.941_s0.941_h3.000] Mesh plot saved to \\mull.sms.ed.ac.uk\home\s1834431\Win7\Desktop\geometry_tools\section_calc_n\results\optimisation\Station_4\s0.941\mesh_Station_4_s0.941_s0.941_h3.000.png
2025-07-21 13:04:19,226 - INFO - [Station_4_s0.941_s0.941_h3.000] Starting geometric analysis...
2025-07-21 13:04:19,417 - INFO - [Station_4_s0.941_s0.941_h3.000] Starting warping analysis (required for J)...
2025-07-21 13:04:19,873 - INFO - [Station_4_s0.941_s0.941_h3.000] Success at h = 3.0000
2025-07-21 13:04:19,885 - INFO - [Station_4_s0.941_s0.941_h3.000] Optimisation result generated (Jt=1.007e+04, Iz=4765)
2025-07-21 13:04:21,004 - INFO - [Station_4] Importing DXF: '\\mull.sms.ed.ac.uk\home\s1834431\Win7\Desktop\geometry_tools\section_calc_n\blade\Station_4.dxf'
2025-07-21 13:04:21,032 - INFO - DXF version upgrade to DXF R2000.
2025-07-21 13:04:21,045 - INFO - creating ACAD_COLOR dictionary
2025-07-21 13:04:21,057 - INFO - creating ACAD_PLOTSTYLENAME dictionary
2025-07-21 13:04:21,067 - INFO - creating ACAD_TABLESTYLE dictionary
2025-07-21 13:04:21,080 - INFO - cleanup is depreciated BTW. Use the polygonize function instead
2025-07-21 13:04:21,154 - INFO - Zipped 61 points
2025-07-21 13:04:21,200 - INFO - [Station_4] Geometry meshed with mesh_sizes=0.5.
2025-07-21 13:04:21,330 - INFO - [Station_4] Actual centroid: (0.0295, 0.0010)
2025-07-21 13:04:21,342 - INFO - [Station_4] Desired centroid: (0.0038, -0.0103)
2025-07-21 13:04:21,354 - INFO - [Station_4] Applying translation dx=-0.0257, dy=-0.0113
2025-07-21 13:04:21,367 - INFO - [Station_4] Section translated.
2025-07-21 13:04:22,446 - INFO - Starting optimisation run: Station_4_s0.995_s0.995_h3.000
2025-07-21 13:04:22,465 - INFO - [Station_4_s0.995_s0.995_h3.000] Meshing with target h = 3 …
2025-07-21 13:04:22,505 - WARNING - [Station_4_s0.995_s0.995_h3.000] 7308 sliver triangles removed
2025-07-21 13:04:22,517 - INFO - [Station_4_s0.995_s0.995_h3.000] mesh ok | nodes=22061 elems=97 | A[min=1.02e-08 max=5.23e-08 mean=1.91e-08 med=1.59e-08] | q[min=0.713 max=0.992 mean=0.851]
2025-07-21 13:04:23,067 - INFO - [Station_4_s0.995_s0.995_h3.000] Mesh plot saved to \\mull.sms.ed.ac.uk\home\s1834431\Win7\Desktop\geometry_tools\section_calc_n\results\optimisation\Station_4\s0.995\mesh_Station_4_s0.995_s0.995_h3.000.png
2025-07-21 13:04:23,088 - INFO - [Station_4_s0.995_s0.995_h3.000] Starting geometric analysis...
2025-07-21 13:04:23,947 - INFO - [Station_4_s0.995_s0.995_h3.000] Starting warping analysis (required for J)...
2025-07-21 13:04:26,182 - INFO - [Station_4_s0.995_s0.995_h3.000] Success at h = 3.0000
2025-07-21 13:04:26,194 - INFO - [Station_4_s0.995_s0.995_h3.000] Optimisation result generated (Jt=973.6, Iz=436.1)
2025-07-21 13:04:27,267 - INFO - Processing station: Station_6
2025-07-21 13:04:27,392 - INFO - [Station_6] Importing DXF: '\\mull.sms.ed.ac.uk\home\s1834431\Win7\Desktop\geometry_tools\section_calc_n\blade\Station_6.dxf'
2025-07-21 13:04:27,419 - INFO - DXF version upgrade to DXF R2000.
2025-07-21 13:04:27,433 - INFO - creating ACAD_COLOR dictionary
2025-07-21 13:04:27,446 - INFO - creating ACAD_PLOTSTYLENAME dictionary
2025-07-21 13:04:27,457 - INFO - creating ACAD_TABLESTYLE dictionary
2025-07-21 13:04:27,470 - INFO - cleanup is depreciated BTW. Use the polygonize function instead
2025-07-21 13:04:27,523 - INFO - Zipped 30 points
2025-07-21 13:04:27,552 - INFO - [Station_6] Geometry meshed with mesh_sizes=0.5.
2025-07-21 13:04:27,771 - INFO - [Station_6] Actual centroid: (0.0228, 0.0013)
2025-07-21 13:04:27,784 - INFO - [Station_6] Desired centroid: (0.0025, -0.0070)
2025-07-21 13:04:27,795 - INFO - [Station_6] Applying translation dx=-0.0203, dy=-0.0083
2025-07-21 13:04:27,807 - INFO - [Station_6] Section translated.
2025-07-21 13:04:28,763 - INFO - Starting optimisation run: Station_6_s0.600_s0.600_h3.000
2025-07-21 13:04:28,778 - INFO - [Station_6_s0.600_s0.600_h3.000] Meshing with target h = 3 …
2025-07-21 13:04:28,805 - WARNING - [Station_6_s0.600_s0.600_h3.000] 676 sliver triangles removed
2025-07-21 13:04:28,818 - INFO - [Station_6_s0.600_s0.600_h3.000] mesh ok | nodes=7748 elems=2778 | A[min=1.01e-08 max=2.24e-06 mean=1.77e-07 med=1.17e-07] | q[min=0.603 max=1.000 mean=0.882]
2025-07-21 13:04:29,152 - INFO - [Station_6_s0.600_s0.600_h3.000] Mesh plot saved to \\mull.sms.ed.ac.uk\home\s1834431\Win7\Desktop\geometry_tools\section_calc_n\results\optimisation\Station_6\s0.600\mesh_Station_6_s0.600_s0.600_h3.000.png
2025-07-21 13:04:29,175 - INFO - [Station_6_s0.600_s0.600_h3.000] Starting geometric analysis...
2025-07-21 13:04:29,552 - INFO - [Station_6_s0.600_s0.600_h3.000] Starting warping analysis (required for J)...
2025-07-21 13:04:30,526 - INFO - [Station_6_s0.600_s0.600_h3.000] Success at h = 3.0000
2025-07-21 13:04:30,544 - INFO - [Station_6_s0.600_s0.600_h3.000] Optimisation result generated (Jt=2.429e+04, Iz=6939)
2025-07-21 13:04:31,668 - INFO - [Station_6] Importing DXF: '\\mull.sms.ed.ac.uk\home\s1834431\Win7\Desktop\geometry_tools\section_calc_n\blade\Station_6.dxf'
2025-07-21 13:04:31,695 - INFO - DXF version upgrade to DXF R2000.
2025-07-21 13:04:31,710 - INFO - creating ACAD_COLOR dictionary
2025-07-21 13:04:31,722 - INFO - creating ACAD_PLOTSTYLENAME dictionary
2025-07-21 13:04:31,733 - INFO - creating ACAD_TABLESTYLE dictionary
2025-07-21 13:04:31,747 - INFO - cleanup is depreciated BTW. Use the polygonize function instead
2025-07-21 13:04:31,798 - INFO - Zipped 30 points
2025-07-21 13:04:31,823 - INFO - [Station_6] Geometry meshed with mesh_sizes=0.5.
2025-07-21 13:04:31,942 - INFO - [Station_6] Actual centroid: (0.0228, 0.0013)
2025-07-21 13:04:31,957 - INFO - [Station_6] Desired centroid: (0.0025, -0.0070)
2025-07-21 13:04:31,970 - INFO - [Station_6] Applying translation dx=-0.0203, dy=-0.0083
2025-07-21 13:04:31,983 - INFO - [Station_6] Section translated.
2025-07-21 13:04:32,977 - INFO - Starting optimisation run: Station_6_s0.635_s0.635_h3.000
2025-07-21 13:04:32,997 - INFO - [Station_6_s0.635_s0.635_h3.000] Meshing with target h = 3 …
2025-07-21 13:04:33,022 - WARNING - [Station_6_s0.635_s0.635_h3.000] 594 sliver triangles removed
2025-07-21 13:04:33,035 - INFO - [Station_6_s0.635_s0.635_h3.000] mesh ok | nodes=7341 elems=2657 | A[min=1.01e-08 max=2.7e-06 mean=1.73e-07 med=1.21e-07] | q[min=0.604 max=1.000 mean=0.882]
2025-07-21 13:04:33,347 - INFO - [Station_6_s0.635_s0.635_h3.000] Mesh plot saved to \\mull.sms.ed.ac.uk\home\s1834431\Win7\Desktop\geometry_tools\section_calc_n\results\optimisation\Station_6\s0.635\mesh_Station_6_s0.635_s0.635_h3.000.png
2025-07-21 13:04:33,373 - INFO - [Station_6_s0.635_s0.635_h3.000] Starting geometric analysis...
2025-07-21 13:04:33,716 - INFO - [Station_6_s0.635_s0.635_h3.000] Starting warping analysis (required for J)...
2025-07-21 13:04:34,597 - INFO - [Station_6_s0.635_s0.635_h3.000] Success at h = 3.0000
2025-07-21 13:04:34,612 - INFO - [Station_6_s0.635_s0.635_h3.000] Optimisation result generated (Jt=2.307e+04, Iz=6678)
2025-07-21 13:04:35,825 - INFO - [Station_6] Importing DXF: '\\mull.sms.ed.ac.uk\home\s1834431\Win7\Desktop\geometry_tools\section_calc_n\blade\Station_6.dxf'
2025-07-21 13:04:35,852 - INFO - DXF version upgrade to DXF R2000.
2025-07-21 13:04:35,867 - INFO - creating ACAD_COLOR dictionary
2025-07-21 13:04:35,881 - INFO - creating ACAD_PLOTSTYLENAME dictionary
2025-07-21 13:04:35,893 - INFO - creating ACAD_TABLESTYLE dictionary
2025-07-21 13:04:35,906 - INFO - cleanup is depreciated BTW. Use the polygonize function instead
2025-07-21 13:04:35,959 - INFO - Zipped 30 points
2025-07-21 13:04:35,993 - INFO - [Station_6] Geometry meshed with mesh_sizes=0.5.
2025-07-21 13:04:36,112 - INFO - [Station_6] Actual centroid: (0.0228, 0.0013)
2025-07-21 13:04:36,129 - INFO - [Station_6] Desired centroid: (0.0025, -0.0070)
2025-07-21 13:04:36,142 - INFO - [Station_6] Applying translation dx=-0.0203, dy=-0.0083
2025-07-21 13:04:36,158 - INFO - [Station_6] Section translated.
2025-07-21 13:04:37,033 - INFO - Starting optimisation run: Station_6_s0.671_s0.671_h3.000
2025-07-21 13:04:37,051 - INFO - [Station_6_s0.671_s0.671_h3.000] Meshing with target h = 3 …
2025-07-21 13:04:37,077 - WARNING - [Station_6_s0.671_s0.671_h3.000] 547 sliver triangles removed
2025-07-21 13:04:37,092 - INFO - [Station_6_s0.671_s0.671_h3.000] mesh ok | nodes=7165 elems=2616 | A[min=1.01e-08 max=2.65e-06 mean=1.61e-07 med=1.19e-07] | q[min=0.603 max=1.000 mean=0.885]
2025-07-21 13:04:37,414 - INFO - [Station_6_s0.671_s0.671_h3.000] Mesh plot saved to \\mull.sms.ed.ac.uk\home\s1834431\Win7\Desktop\geometry_tools\section_calc_n\results\optimisation\Station_6\s0.671\mesh_Station_6_s0.671_s0.671_h3.000.png
2025-07-21 13:04:37,442 - INFO - [Station_6_s0.671_s0.671_h3.000] Starting geometric analysis...
2025-07-21 13:04:37,801 - INFO - [Station_6_s0.671_s0.671_h3.000] Starting warping analysis (required for J)...
2025-07-21 13:04:38,662 - INFO - [Station_6_s0.671_s0.671_h3.000] Success at h = 3.0000
2025-07-21 13:04:38,682 - INFO - [Station_6_s0.671_s0.671_h3.000] Optimisation result generated (Jt=2.161e+04, Iz=6352)
2025-07-21 13:04:39,949 - INFO - [Station_6] Importing DXF: '\\mull.sms.ed.ac.uk\home\s1834431\Win7\Desktop\geometry_tools\section_calc_n\blade\Station_6.dxf'
2025-07-21 13:04:39,979 - INFO - DXF version upgrade to DXF R2000.
2025-07-21 13:04:39,994 - INFO - creating ACAD_COLOR dictionary
2025-07-21 13:04:40,007 - INFO - creating ACAD_PLOTSTYLENAME dictionary
2025-07-21 13:04:40,021 - INFO - creating ACAD_TABLESTYLE dictionary
2025-07-21 13:04:40,037 - INFO - cleanup is depreciated BTW. Use the polygonize function instead
2025-07-21 13:04:40,096 - INFO - Zipped 30 points
2025-07-21 13:04:40,136 - INFO - [Station_6] Geometry meshed with mesh_sizes=0.5.
2025-07-21 13:04:40,269 - INFO - [Station_6] Actual centroid: (0.0228, 0.0013)
2025-07-21 13:04:40,284 - INFO - [Station_6] Desired centroid: (0.0025, -0.0070)
2025-07-21 13:04:40,299 - INFO - [Station_6] Applying translation dx=-0.0203, dy=-0.0083
2025-07-21 13:04:40,315 - INFO - [Station_6] Section translated.
2025-07-21 13:04:41,225 - INFO - Starting optimisation run: Station_6_s0.710_s0.710_h3.000
2025-07-21 13:04:41,242 - INFO - [Station_6_s0.710_s0.710_h3.000] Meshing with target h = 3 …
2025-07-21 13:04:41,268 - WARNING - [Station_6_s0.710_s0.710_h3.000] 604 sliver triangles removed
2025-07-21 13:04:41,283 - INFO - [Station_6_s0.710_s0.710_h3.000] mesh ok | nodes=6892 elems=2422 | A[min=1e-08 max=2.87e-06 mean=1.57e-07 med=1.22e-07] | q[min=0.600 max=1.000 mean=0.885]
2025-07-21 13:04:41,698 - INFO - [Station_6_s0.710_s0.710_h3.000] Mesh plot saved to \\mull.sms.ed.ac.uk\home\s1834431\Win7\Desktop\geometry_tools\section_calc_n\results\optimisation\Station_6\s0.710\mesh_Station_6_s0.710_s0.710_h3.000.png
2025-07-21 13:04:41,730 - INFO - [Station_6_s0.710_s0.710_h3.000] Starting geometric analysis...
2025-07-21 13:04:42,053 - INFO - [Station_6_s0.710_s0.710_h3.000] Starting warping analysis (required for J)...
2025-07-21 13:04:42,897 - INFO - [Station_6_s0.710_s0.710_h3.000] Success at h = 3.0000
2025-07-21 13:04:42,916 - INFO - [Station_6_s0.710_s0.710_h3.000] Optimisation result generated (Jt=1.983e+04, Iz=5944)
2025-07-21 13:04:44,163 - INFO - [Station_6] Importing DXF: '\\mull.sms.ed.ac.uk\home\s1834431\Win7\Desktop\geometry_tools\section_calc_n\blade\Station_6.dxf'
2025-07-21 13:04:44,195 - INFO - DXF version upgrade to DXF R2000.
2025-07-21 13:04:44,211 - INFO - creating ACAD_COLOR dictionary
2025-07-21 13:04:44,228 - INFO - creating ACAD_PLOTSTYLENAME dictionary
2025-07-21 13:04:44,241 - INFO - creating ACAD_TABLESTYLE dictionary
2025-07-21 13:04:44,257 - INFO - cleanup is depreciated BTW. Use the polygonize function instead
2025-07-21 13:04:44,316 - INFO - Zipped 30 points
2025-07-21 13:04:44,354 - INFO - [Station_6] Geometry meshed with mesh_sizes=0.5.
2025-07-21 13:04:44,473 - INFO - [Station_6] Actual centroid: (0.0228, 0.0013)
2025-07-21 13:04:44,508 - INFO - [Station_6] Desired centroid: (0.0025, -0.0070)
2025-07-21 13:04:44,523 - INFO - [Station_6] Applying translation dx=-0.0203, dy=-0.0083
2025-07-21 13:04:44,612 - INFO - [Station_6] Section translated.
2025-07-21 13:04:45,532 - INFO - Starting optimisation run: Station_6_s0.751_s0.751_h3.000
2025-07-21 13:04:45,552 - INFO - [Station_6_s0.751_s0.751_h3.000] Meshing with target h = 3 …
2025-07-21 13:04:45,578 - WARNING - [Station_6_s0.751_s0.751_h3.000] 557 sliver triangles removed
2025-07-21 13:04:45,593 - INFO - [Station_6_s0.751_s0.751_h3.000] mesh ok | nodes=6431 elems=2238 | A[min=1e-08 max=1.54e-06 mean=1.49e-07 med=1.21e-07] | q[min=0.603 max=1.000 mean=0.884]
2025-07-21 13:04:45,902 - INFO - [Station_6_s0.751_s0.751_h3.000] Mesh plot saved to \\mull.sms.ed.ac.uk\home\s1834431\Win7\Desktop\geometry_tools\section_calc_n\results\optimisation\Station_6\s0.751\mesh_Station_6_s0.751_s0.751_h3.000.png
2025-07-21 13:04:45,930 - INFO - [Station_6_s0.751_s0.751_h3.000] Starting geometric analysis...
2025-07-21 13:04:46,237 - INFO - [Station_6_s0.751_s0.751_h3.000] Starting warping analysis (required for J)...
2025-07-21 13:04:47,054 - INFO - [Station_6_s0.751_s0.751_h3.000] Success at h = 3.0000
2025-07-21 13:04:47,070 - INFO - [Station_6_s0.751_s0.751_h3.000] Optimisation result generated (Jt=1.766e+04, Iz=5433)
2025-07-21 13:04:48,455 - INFO - [Station_6] Importing DXF: '\\mull.sms.ed.ac.uk\home\s1834431\Win7\Desktop\geometry_tools\section_calc_n\blade\Station_6.dxf'
2025-07-21 13:04:48,484 - INFO - DXF version upgrade to DXF R2000.
2025-07-21 13:04:48,502 - INFO - creating ACAD_COLOR dictionary
2025-07-21 13:04:48,517 - INFO - creating ACAD_PLOTSTYLENAME dictionary
2025-07-21 13:04:48,532 - INFO - creating ACAD_TABLESTYLE dictionary
2025-07-21 13:04:48,548 - INFO - cleanup is depreciated BTW. Use the polygonize function instead
2025-07-21 13:04:48,603 - INFO - Zipped 30 points
2025-07-21 13:04:48,639 - INFO - [Station_6] Geometry meshed with mesh_sizes=0.5.
2025-07-21 13:04:48,758 - INFO - [Station_6] Actual centroid: (0.0228, 0.0013)
2025-07-21 13:04:48,773 - INFO - [Station_6] Desired centroid: (0.0025, -0.0070)
2025-07-21 13:04:48,790 - INFO - [Station_6] Applying translation dx=-0.0203, dy=-0.0083
2025-07-21 13:04:48,807 - INFO - [Station_6] Section translated.
2025-07-21 13:04:49,764 - INFO - Starting optimisation run: Station_6_s0.795_s0.795_h3.000
2025-07-21 13:04:49,786 - INFO - [Station_6_s0.795_s0.795_h3.000] Meshing with target h = 3 …
2025-07-21 13:04:49,810 - WARNING - [Station_6_s0.795_s0.795_h3.000] 526 sliver triangles removed
2025-07-21 13:04:49,827 - INFO - [Station_6_s0.795_s0.795_h3.000] mesh ok | nodes=5907 elems=2005 | A[min=1e-08 max=1.5e-06 mean=1.41e-07 med=1.19e-07] | q[min=0.603 max=1.000 mean=0.887]
2025-07-21 13:04:50,144 - INFO - [Station_6_s0.795_s0.795_h3.000] Mesh plot saved to \\mull.sms.ed.ac.uk\home\s1834431\Win7\Desktop\geometry_tools\section_calc_n\results\optimisation\Station_6\s0.795\mesh_Station_6_s0.795_s0.795_h3.000.png
2025-07-21 13:04:50,165 - INFO - [Station_6_s0.795_s0.795_h3.000] Starting geometric analysis...
2025-07-21 13:04:50,548 - INFO - [Station_6_s0.795_s0.795_h3.000] Starting warping analysis (required for J)...
2025-07-21 13:04:51,246 - INFO - [Station_6_s0.795_s0.795_h3.000] Success at h = 3.0000
2025-07-21 13:04:51,263 - INFO - [Station_6_s0.795_s0.795_h3.000] Optimisation result generated (Jt=1.501e+04, Iz=4793)
2025-07-21 13:04:52,438 - INFO - [Station_6] Importing DXF: '\\mull.sms.ed.ac.uk\home\s1834431\Win7\Desktop\geometry_tools\section_calc_n\blade\Station_6.dxf'
2025-07-21 13:04:52,473 - INFO - DXF version upgrade to DXF R2000.
2025-07-21 13:04:52,493 - INFO - creating ACAD_COLOR dictionary
2025-07-21 13:04:52,509 - INFO - creating ACAD_PLOTSTYLENAME dictionary
2025-07-21 13:04:52,524 - INFO - creating ACAD_TABLESTYLE dictionary
2025-07-21 13:04:52,539 - INFO - cleanup is depreciated BTW. Use the polygonize function instead
2025-07-21 13:04:52,598 - INFO - Zipped 30 points
2025-07-21 13:04:52,635 - INFO - [Station_6] Geometry meshed with mesh_sizes=0.5.
2025-07-21 13:04:52,753 - INFO - [Station_6] Actual centroid: (0.0228, 0.0013)
2025-07-21 13:04:52,774 - INFO - [Station_6] Desired centroid: (0.0025, -0.0070)
2025-07-21 13:04:52,789 - INFO - [Station_6] Applying translation dx=-0.0203, dy=-0.0083
2025-07-21 13:04:52,807 - INFO - [Station_6] Section translated.
2025-07-21 13:04:53,863 - INFO - Starting optimisation run: Station_6_s0.841_s0.841_h3.000
2025-07-21 13:04:53,886 - INFO - [Station_6_s0.841_s0.841_h3.000] Meshing with target h = 3 …
2025-07-21 13:04:53,903 - WARNING - [Station_6_s0.841_s0.841_h3.000] 473 sliver triangles removed
2025-07-21 13:04:53,922 - INFO - [Station_6_s0.841_s0.841_h3.000] mesh ok | nodes=5345 elems=1774 | A[min=1.01e-08 max=1.12e-06 mean=1.27e-07 med=1.1e-07] | q[min=0.602 max=1.000 mean=0.906]
2025-07-21 13:04:54,233 - INFO - [Station_6_s0.841_s0.841_h3.000] Mesh plot saved to \\mull.sms.ed.ac.uk\home\s1834431\Win7\Desktop\geometry_tools\section_calc_n\results\optimisation\Station_6\s0.841\mesh_Station_6_s0.841_s0.841_h3.000.png
2025-07-21 13:04:54,253 - INFO - [Station_6_s0.841_s0.841_h3.000] Starting geometric analysis...
2025-07-21 13:04:54,515 - INFO - [Station_6_s0.841_s0.841_h3.000] Starting warping analysis (required for J)...
2025-07-21 13:04:55,143 - INFO - [Station_6_s0.841_s0.841_h3.000] Success at h = 3.0000
2025-07-21 13:04:55,157 - INFO - [Station_6_s0.841_s0.841_h3.000] Optimisation result generated (Jt=1.195e+04, Iz=3991)
2025-07-21 13:04:56,390 - INFO - [Station_6] Importing DXF: '\\mull.sms.ed.ac.uk\home\s1834431\Win7\Desktop\geometry_tools\section_calc_n\blade\Station_6.dxf'
2025-07-21 13:04:56,538 - INFO - DXF version upgrade to DXF R2000.
2025-07-21 13:04:56,554 - INFO - creating ACAD_COLOR dictionary
2025-07-21 13:04:56,566 - INFO - creating ACAD_PLOTSTYLENAME dictionary
2025-07-21 13:04:56,583 - INFO - creating ACAD_TABLESTYLE dictionary
2025-07-21 13:04:56,598 - INFO - cleanup is depreciated BTW. Use the polygonize function instead
2025-07-21 13:04:56,658 - INFO - Zipped 30 points
2025-07-21 13:04:56,701 - INFO - [Station_6] Geometry meshed with mesh_sizes=0.5.
2025-07-21 13:04:56,820 - INFO - [Station_6] Actual centroid: (0.0228, 0.0013)
2025-07-21 13:04:56,838 - INFO - [Station_6] Desired centroid: (0.0025, -0.0070)
2025-07-21 13:04:56,854 - INFO - [Station_6] Applying translation dx=-0.0203, dy=-0.0083
2025-07-21 13:04:56,873 - INFO - [Station_6] Section translated.
2025-07-21 13:04:57,791 - INFO - Starting optimisation run: Station_6_s0.889_s0.889_h3.000
2025-07-21 13:04:57,810 - INFO - [Station_6_s0.889_s0.889_h3.000] Meshing with target h = 3 …
2025-07-21 13:04:57,834 - WARNING - [Station_6_s0.889_s0.889_h3.000] 414 sliver triangles removed
2025-07-21 13:04:57,852 - INFO - [Station_6_s0.889_s0.889_h3.000] mesh ok | nodes=4138 elems=1188 | A[min=1e-08 max=1e-06 mean=1.35e-07 med=9.28e-08] | q[min=0.603 max=1.000 mean=0.884]
2025-07-21 13:04:58,110 - INFO - [Station_6_s0.889_s0.889_h3.000] Mesh plot saved to \\mull.sms.ed.ac.uk\home\s1834431\Win7\Desktop\geometry_tools\section_calc_n\results\optimisation\Station_6\s0.889\mesh_Station_6_s0.889_s0.889_h3.000.png
2025-07-21 13:04:58,132 - INFO - [Station_6_s0.889_s0.889_h3.000] Starting geometric analysis...
2025-07-21 13:04:58,334 - INFO - [Station_6_s0.889_s0.889_h3.000] Starting warping analysis (required for J)...
2025-07-21 13:04:58,789 - INFO - [Station_6_s0.889_s0.889_h3.000] Success at h = 3.0000
2025-07-21 13:04:58,806 - INFO - [Station_6_s0.889_s0.889_h3.000] Optimisation result generated (Jt=5428, Iz=2988)
2025-07-21 13:05:00,143 - INFO - [Station_6] Importing DXF: '\\mull.sms.ed.ac.uk\home\s1834431\Win7\Desktop\geometry_tools\section_calc_n\blade\Station_6.dxf'
2025-07-21 13:05:00,173 - INFO - DXF version upgrade to DXF R2000.
2025-07-21 13:05:00,193 - INFO - creating ACAD_COLOR dictionary
2025-07-21 13:05:00,213 - INFO - creating ACAD_PLOTSTYLENAME dictionary
2025-07-21 13:05:00,233 - INFO - creating ACAD_TABLESTYLE dictionary
2025-07-21 13:05:00,250 - INFO - cleanup is depreciated BTW. Use the polygonize function instead
2025-07-21 13:05:00,303 - INFO - Zipped 30 points
2025-07-21 13:05:00,350 - INFO - [Station_6] Geometry meshed with mesh_sizes=0.5.
2025-07-21 13:05:00,462 - INFO - [Station_6] Actual centroid: (0.0228, 0.0013)
2025-07-21 13:05:00,483 - INFO - [Station_6] Desired centroid: (0.0025, -0.0070)
2025-07-21 13:05:00,502 - INFO - [Station_6] Applying translation dx=-0.0203, dy=-0.0083
2025-07-21 13:05:00,520 - INFO - [Station_6] Section translated.
2025-07-21 13:05:01,475 - INFO - Starting optimisation run: Station_6_s0.941_s0.941_h3.000
2025-07-21 13:05:01,498 - INFO - [Station_6_s0.941_s0.941_h3.000] Meshing with target h = 3 …
2025-07-21 13:05:01,521 - WARNING - [Station_6_s0.941_s0.941_h3.000] 448 sliver triangles removed
2025-07-21 13:05:01,540 - INFO - [Station_6_s0.941_s0.941_h3.000] mesh ok | nodes=3563 elems=867 | A[min=1.01e-08 max=7.13e-07 mean=1.01e-07 med=1.05e-07] | q[min=0.612 max=1.000 mean=0.905]
2025-07-21 13:05:01,792 - INFO - [Station_6_s0.941_s0.941_h3.000] Mesh plot saved to \\mull.sms.ed.ac.uk\home\s1834431\Win7\Desktop\geometry_tools\section_calc_n\results\optimisation\Station_6\s0.941\mesh_Station_6_s0.941_s0.941_h3.000.png
2025-07-21 13:05:01,817 - INFO - [Station_6_s0.941_s0.941_h3.000] Starting geometric analysis...
2025-07-21 13:05:02,114 - INFO - [Station_6_s0.941_s0.941_h3.000] Starting warping analysis (required for J)...
2025-07-21 13:05:02,502 - INFO - [Station_6_s0.941_s0.941_h3.000] Success at h = 3.0000
2025-07-21 13:05:02,523 - INFO - [Station_6_s0.941_s0.941_h3.000] Optimisation result generated (Jt=3927, Iz=1732)
2025-07-21 13:05:03,740 - INFO - [Station_6] Importing DXF: '\\mull.sms.ed.ac.uk\home\s1834431\Win7\Desktop\geometry_tools\section_calc_n\blade\Station_6.dxf'
2025-07-21 13:05:03,772 - INFO - DXF version upgrade to DXF R2000.
2025-07-21 13:05:03,793 - INFO - creating ACAD_COLOR dictionary
2025-07-21 13:05:03,812 - INFO - creating ACAD_PLOTSTYLENAME dictionary
2025-07-21 13:05:03,831 - INFO - creating ACAD_TABLESTYLE dictionary
2025-07-21 13:05:03,850 - INFO - cleanup is depreciated BTW. Use the polygonize function instead
2025-07-21 13:05:03,905 - INFO - Zipped 30 points
2025-07-21 13:05:03,951 - INFO - [Station_6] Geometry meshed with mesh_sizes=0.5.
2025-07-21 13:05:04,062 - INFO - [Station_6] Actual centroid: (0.0228, 0.0013)
2025-07-21 13:05:04,084 - INFO - [Station_6] Desired centroid: (0.0025, -0.0070)
2025-07-21 13:05:04,103 - INFO - [Station_6] Applying translation dx=-0.0203, dy=-0.0083
2025-07-21 13:05:04,123 - INFO - [Station_6] Section translated.
2025-07-21 13:05:05,151 - INFO - Starting optimisation run: Station_6_s0.995_s0.995_h3.000
2025-07-21 13:05:05,175 - INFO - [Station_6_s0.995_s0.995_h3.000] Meshing with target h = 3 …
2025-07-21 13:05:05,215 - WARNING - [Station_6_s0.995_s0.995_h3.000] 6658 sliver triangles removed
2025-07-21 13:05:05,233 - INFO - [Station_6_s0.995_s0.995_h3.000] mesh ok | nodes=20010 elems=50 | A[min=1.03e-08 max=3.15e-08 mean=1.69e-08 med=1.26e-08] | q[min=0.716 max=0.992 mean=0.865]
2025-07-21 13:05:05,674 - INFO - [Station_6_s0.995_s0.995_h3.000] Mesh plot saved to \\mull.sms.ed.ac.uk\home\s1834431\Win7\Desktop\geometry_tools\section_calc_n\results\optimisation\Station_6\s0.995\mesh_Station_6_s0.995_s0.995_h3.000.png
2025-07-21 13:05:05,704 - INFO - [Station_6_s0.995_s0.995_h3.000] Starting geometric analysis...
2025-07-21 13:05:06,468 - INFO - [Station_6_s0.995_s0.995_h3.000] Starting warping analysis (required for J)...
2025-07-21 13:05:08,455 - INFO - [Station_6_s0.995_s0.995_h3.000] Success at h = 3.0000
2025-07-21 13:05:08,476 - INFO - [Station_6_s0.995_s0.995_h3.000] Optimisation result generated (Jt=439, Iz=158.6)
2025-07-21 13:05:09,607 - INFO - Processing station: Station_8
2025-07-21 13:05:09,794 - INFO - [Station_8] Importing DXF: '\\mull.sms.ed.ac.uk\home\s1834431\Win7\Desktop\geometry_tools\section_calc_n\blade\Station_8.dxf'
2025-07-21 13:05:09,825 - INFO - DXF version upgrade to DXF R2000.
2025-07-21 13:05:09,843 - INFO - creating ACAD_COLOR dictionary
2025-07-21 13:05:09,861 - INFO - creating ACAD_PLOTSTYLENAME dictionary
2025-07-21 13:05:09,880 - INFO - creating ACAD_TABLESTYLE dictionary
2025-07-21 13:05:09,897 - INFO - cleanup is depreciated BTW. Use the polygonize function instead
2025-07-21 13:05:09,945 - INFO - Zipped 26 points
2025-07-21 13:05:09,989 - INFO - [Station_8] Geometry meshed with mesh_sizes=0.5.
2025-07-21 13:05:10,239 - INFO - [Station_8] Actual centroid: (0.0184, 0.0013)
2025-07-21 13:05:10,253 - INFO - [Station_8] Desired centroid: (0.0018, -0.0057)
2025-07-21 13:05:10,274 - INFO - [Station_8] Applying translation dx=-0.0166, dy=-0.0070
2025-07-21 13:05:10,293 - INFO - [Station_8] Section translated.
2025-07-21 13:05:11,304 - INFO - Starting optimisation run: Station_8_s0.600_s0.600_h3.000
2025-07-21 13:05:11,330 - INFO - [Station_8_s0.600_s0.600_h3.000] Meshing with target h = 3 …
2025-07-21 13:05:11,361 - WARNING - [Station_8_s0.600_s0.600_h3.000] 762 sliver triangles removed
2025-07-21 13:05:11,380 - INFO - [Station_8_s0.600_s0.600_h3.000] mesh ok | nodes=7815 elems=2723 | A[min=1.01e-08 max=1.74e-06 mean=1.18e-07 med=7.93e-08] | q[min=0.603 max=1.000 mean=0.881]
2025-07-21 13:05:11,733 - INFO - [Station_8_s0.600_s0.600_h3.000] Mesh plot saved to \\mull.sms.ed.ac.uk\home\s1834431\Win7\Desktop\geometry_tools\section_calc_n\results\optimisation\Station_8\s0.600\mesh_Station_8_s0.600_s0.600_h3.000.png
2025-07-21 13:05:11,760 - INFO - [Station_8_s0.600_s0.600_h3.000] Starting geometric analysis...
2025-07-21 13:05:12,153 - INFO - [Station_8_s0.600_s0.600_h3.000] Starting warping analysis (required for J)...
2025-07-21 13:05:13,102 - INFO - [Station_8_s0.600_s0.600_h3.000] Success at h = 3.0000
2025-07-21 13:05:13,121 - INFO - [Station_8_s0.600_s0.600_h3.000] Optimisation result generated (Jt=1.044e+04, Iz=2980)
2025-07-21 13:05:14,343 - INFO - [Station_8] Importing DXF: '\\mull.sms.ed.ac.uk\home\s1834431\Win7\Desktop\geometry_tools\section_calc_n\blade\Station_8.dxf'
2025-07-21 13:05:14,376 - INFO - DXF version upgrade to DXF R2000.
2025-07-21 13:05:14,395 - INFO - creating ACAD_COLOR dictionary
2025-07-21 13:05:14,413 - INFO - creating ACAD_PLOTSTYLENAME dictionary
2025-07-21 13:05:14,430 - INFO - creating ACAD_TABLESTYLE dictionary
2025-07-21 13:05:14,445 - INFO - cleanup is depreciated BTW. Use the polygonize function instead
2025-07-21 13:05:14,489 - INFO - Zipped 26 points
2025-07-21 13:05:14,523 - INFO - [Station_8] Geometry meshed with mesh_sizes=0.5.
2025-07-21 13:05:14,782 - INFO - [Station_8] Actual centroid: (0.0184, 0.0013)
2025-07-21 13:05:14,804 - INFO - [Station_8] Desired centroid: (0.0018, -0.0057)
2025-07-21 13:05:14,823 - INFO - [Station_8] Applying translation dx=-0.0166, dy=-0.0070
2025-07-21 13:05:14,844 - INFO - [Station_8] Section translated.
2025-07-21 13:05:15,753 - INFO - Starting optimisation run: Station_8_s0.635_s0.635_h3.000
2025-07-21 13:05:15,776 - INFO - [Station_8_s0.635_s0.635_h3.000] Meshing with target h = 3 …
2025-07-21 13:05:15,809 - WARNING - [Station_8_s0.635_s0.635_h3.000] 751 sliver triangles removed
2025-07-21 13:05:15,832 - INFO - [Station_8_s0.635_s0.635_h3.000] mesh ok | nodes=7582 elems=2617 | A[min=1e-08 max=1.74e-06 mean=1.15e-07 med=7.97e-08] | q[min=0.602 max=1.000 mean=0.880]
2025-07-21 13:05:16,173 - INFO - [Station_8_s0.635_s0.635_h3.000] Mesh plot saved to \\mull.sms.ed.ac.uk\home\s1834431\Win7\Desktop\geometry_tools\section_calc_n\results\optimisation\Station_8\s0.635\mesh_Station_8_s0.635_s0.635_h3.000.png
2025-07-21 13:05:16,199 - INFO - [Station_8_s0.635_s0.635_h3.000] Starting geometric analysis...
2025-07-21 13:05:16,545 - INFO - [Station_8_s0.635_s0.635_h3.000] Starting warping analysis (required for J)...
2025-07-21 13:05:17,453 - INFO - [Station_8_s0.635_s0.635_h3.000] Success at h = 3.0000
2025-07-21 13:05:17,477 - INFO - [Station_8_s0.635_s0.635_h3.000] Optimisation result generated (Jt=9921, Iz=2868)
2025-07-21 13:05:18,876 - INFO - [Station_8] Importing DXF: '\\mull.sms.ed.ac.uk\home\s1834431\Win7\Desktop\geometry_tools\section_calc_n\blade\Station_8.dxf'
2025-07-21 13:05:18,911 - INFO - DXF version upgrade to DXF R2000.
2025-07-21 13:05:18,935 - INFO - creating ACAD_COLOR dictionary
2025-07-21 13:05:18,954 - INFO - creating ACAD_PLOTSTYLENAME dictionary
2025-07-21 13:05:18,969 - INFO - creating ACAD_TABLESTYLE dictionary
2025-07-21 13:05:18,989 - INFO - cleanup is depreciated BTW. Use the polygonize function instead
2025-07-21 13:05:19,038 - INFO - Zipped 26 points
2025-07-21 13:05:19,073 - INFO - [Station_8] Geometry meshed with mesh_sizes=0.5.
2025-07-21 13:05:19,206 - INFO - [Station_8] Actual centroid: (0.0184, 0.0013)
2025-07-21 13:05:19,228 - INFO - [Station_8] Desired centroid: (0.0018, -0.0057)
2025-07-21 13:05:19,248 - INFO - [Station_8] Applying translation dx=-0.0166, dy=-0.0070
2025-07-21 13:05:19,273 - INFO - [Station_8] Section translated.
2025-07-21 13:05:20,191 - INFO - Starting optimisation run: Station_8_s0.671_s0.671_h3.000
2025-07-21 13:05:20,224 - INFO - [Station_8_s0.671_s0.671_h3.000] Meshing with target h = 3 …
2025-07-21 13:05:20,261 - WARNING - [Station_8_s0.671_s0.671_h3.000] 731 sliver triangles removed
2025-07-21 13:05:20,281 - INFO - [Station_8_s0.671_s0.671_h3.000] mesh ok | nodes=7377 elems=2534 | A[min=1e-08 max=1.47e-06 mean=1.09e-07 med=8.04e-08] | q[min=0.602 max=1.000 mean=0.883]
2025-07-21 13:05:20,708 - INFO - [Station_8_s0.671_s0.671_h3.000] Mesh plot saved to \\mull.sms.ed.ac.uk\home\s1834431\Win7\Desktop\geometry_tools\section_calc_n\results\optimisation\Station_8\s0.671\mesh_Station_8_s0.671_s0.671_h3.000.png
2025-07-21 13:05:20,735 - INFO - [Station_8_s0.671_s0.671_h3.000] Starting geometric analysis...
2025-07-21 13:05:21,088 - INFO - [Station_8_s0.671_s0.671_h3.000] Starting warping analysis (required for J)...
2025-07-21 13:05:21,985 - INFO - [Station_8_s0.671_s0.671_h3.000] Success at h = 3.0000
2025-07-21 13:05:22,006 - INFO - [Station_8_s0.671_s0.671_h3.000] Optimisation result generated (Jt=9294, Iz=2728)
2025-07-21 13:05:23,293 - INFO - [Station_8] Importing DXF: '\\mull.sms.ed.ac.uk\home\s1834431\Win7\Desktop\geometry_tools\section_calc_n\blade\Station_8.dxf'
2025-07-21 13:05:23,326 - INFO - DXF version upgrade to DXF R2000.
2025-07-21 13:05:23,349 - INFO - creating ACAD_COLOR dictionary
2025-07-21 13:05:23,370 - INFO - creating ACAD_PLOTSTYLENAME dictionary
2025-07-21 13:05:23,386 - INFO - creating ACAD_TABLESTYLE dictionary
2025-07-21 13:05:23,405 - INFO - cleanup is depreciated BTW. Use the polygonize function instead
2025-07-21 13:05:23,450 - INFO - Zipped 26 points
2025-07-21 13:05:23,495 - INFO - [Station_8] Geometry meshed with mesh_sizes=0.5.
2025-07-21 13:05:23,623 - INFO - [Station_8] Actual centroid: (0.0184, 0.0013)
2025-07-21 13:05:23,646 - INFO - [Station_8] Desired centroid: (0.0018, -0.0057)
2025-07-21 13:05:23,663 - INFO - [Station_8] Applying translation dx=-0.0166, dy=-0.0070
2025-07-21 13:05:23,690 - INFO - [Station_8] Section translated.
2025-07-21 13:05:24,719 - INFO - Starting optimisation run: Station_8_s0.710_s0.710_h3.000
2025-07-21 13:05:24,745 - INFO - [Station_8_s0.710_s0.710_h3.000] Meshing with target h = 3 …
2025-07-21 13:05:24,775 - WARNING - [Station_8_s0.710_s0.710_h3.000] 717 sliver triangles removed
2025-07-21 13:05:24,795 - INFO - [Station_8_s0.710_s0.710_h3.000] mesh ok | nodes=7060 elems=2389 | A[min=1e-08 max=2.04e-06 mean=1.04e-07 med=8.07e-08] | q[min=0.602 max=1.000 mean=0.884]
2025-07-21 13:05:25,128 - INFO - [Station_8_s0.710_s0.710_h3.000] Mesh plot saved to \\mull.sms.ed.ac.uk\home\s1834431\Win7\Desktop\geometry_tools\section_calc_n\results\optimisation\Station_8\s0.710\mesh_Station_8_s0.710_s0.710_h3.000.png
2025-07-21 13:05:25,157 - INFO - [Station_8_s0.710_s0.710_h3.000] Starting geometric analysis...
2025-07-21 13:05:25,498 - INFO - [Station_8_s0.710_s0.710_h3.000] Starting warping analysis (required for J)...
2025-07-21 13:05:26,323 - INFO - [Station_8_s0.710_s0.710_h3.000] Success at h = 3.0000
2025-07-21 13:05:26,353 - INFO - [Station_8_s0.710_s0.710_h3.000] Optimisation result generated (Jt=8533, Iz=2553)
2025-07-21 13:05:27,696 - INFO - [Station_8] Importing DXF: '\\mull.sms.ed.ac.uk\home\s1834431\Win7\Desktop\geometry_tools\section_calc_n\blade\Station_8.dxf'
2025-07-21 13:05:27,731 - INFO - DXF version upgrade to DXF R2000.
2025-07-21 13:05:27,752 - INFO - creating ACAD_COLOR dictionary
2025-07-21 13:05:27,768 - INFO - creating ACAD_PLOTSTYLENAME dictionary
2025-07-21 13:05:27,787 - INFO - creating ACAD_TABLESTYLE dictionary
2025-07-21 13:05:27,806 - INFO - cleanup is depreciated BTW. Use the polygonize function instead
2025-07-21 13:05:27,853 - INFO - Zipped 26 points
2025-07-21 13:05:28,012 - INFO - [Station_8] Geometry meshed with mesh_sizes=0.5.
2025-07-21 13:05:28,143 - INFO - [Station_8] Actual centroid: (0.0184, 0.0013)
2025-07-21 13:05:28,164 - INFO - [Station_8] Desired centroid: (0.0018, -0.0057)
2025-07-21 13:05:28,185 - INFO - [Station_8] Applying translation dx=-0.0166, dy=-0.0070
2025-07-21 13:05:28,205 - INFO - [Station_8] Section translated.
2025-07-21 13:05:29,154 - INFO - Starting optimisation run: Station_8_s0.751_s0.751_h3.000
2025-07-21 13:05:29,179 - INFO - [Station_8_s0.751_s0.751_h3.000] Meshing with target h = 3 …
2025-07-21 13:05:29,209 - WARNING - [Station_8_s0.751_s0.751_h3.000] 708 sliver triangles removed
2025-07-21 13:05:29,226 - INFO - [Station_8_s0.751_s0.751_h3.000] mesh ok | nodes=6726 elems=2230 | A[min=1e-08 max=1.47e-06 mean=9.81e-08 med=7.83e-08] | q[min=0.602 max=1.000 mean=0.882]
2025-07-21 13:05:29,546 - INFO - [Station_8_s0.751_s0.751_h3.000] Mesh plot saved to \\mull.sms.ed.ac.uk\home\s1834431\Win7\Desktop\geometry_tools\section_calc_n\results\optimisation\Station_8\s0.751\mesh_Station_8_s0.751_s0.751_h3.000.png
2025-07-21 13:05:29,582 - INFO - [Station_8_s0.751_s0.751_h3.000] Starting geometric analysis...
2025-07-21 13:05:29,903 - INFO - [Station_8_s0.751_s0.751_h3.000] Starting warping analysis (required for J)...
2025-07-21 13:05:30,736 - INFO - [Station_8_s0.751_s0.751_h3.000] Success at h = 3.0000
2025-07-21 13:05:30,758 - INFO - [Station_8_s0.751_s0.751_h3.000] Optimisation result generated (Jt=7611, Iz=2333)
2025-07-21 13:05:32,204 - INFO - [Station_8] Importing DXF: '\\mull.sms.ed.ac.uk\home\s1834431\Win7\Desktop\geometry_tools\section_calc_n\blade\Station_8.dxf'
2025-07-21 13:05:32,239 - INFO - DXF version upgrade to DXF R2000.
2025-07-21 13:05:32,259 - INFO - creating ACAD_COLOR dictionary
2025-07-21 13:05:32,275 - INFO - creating ACAD_PLOTSTYLENAME dictionary
2025-07-21 13:05:32,293 - INFO - creating ACAD_TABLESTYLE dictionary
2025-07-21 13:05:32,315 - INFO - cleanup is depreciated BTW. Use the polygonize function instead
2025-07-21 13:05:32,361 - INFO - Zipped 26 points
2025-07-21 13:05:32,419 - INFO - [Station_8] Geometry meshed with mesh_sizes=0.5.
2025-07-21 13:05:32,553 - INFO - [Station_8] Actual centroid: (0.0184, 0.0013)
2025-07-21 13:05:32,579 - INFO - [Station_8] Desired centroid: (0.0018, -0.0057)
2025-07-21 13:05:32,603 - INFO - [Station_8] Applying translation dx=-0.0166, dy=-0.0070
2025-07-21 13:05:32,626 - INFO - [Station_8] Section translated.
2025-07-21 13:05:33,606 - INFO - Starting optimisation run: Station_8_s0.795_s0.795_h3.000
2025-07-21 13:05:33,647 - INFO - [Station_8_s0.795_s0.795_h3.000] Meshing with target h = 3 …
2025-07-21 13:05:33,674 - WARNING - [Station_8_s0.795_s0.795_h3.000] 709 sliver triangles removed
2025-07-21 13:05:33,698 - INFO - [Station_8_s0.795_s0.795_h3.000] mesh ok | nodes=6239 elems=1984 | A[min=1e-08 max=9.17e-07 mean=9.32e-08 med=7.77e-08] | q[min=0.602 max=1.000 mean=0.886]
2025-07-21 13:05:34,002 - INFO - [Station_8_s0.795_s0.795_h3.000] Mesh plot saved to \\mull.sms.ed.ac.uk\home\s1834431\Win7\Desktop\geometry_tools\section_calc_n\results\optimisation\Station_8\s0.795\mesh_Station_8_s0.795_s0.795_h3.000.png
2025-07-21 13:05:34,036 - INFO - [Station_8_s0.795_s0.795_h3.000] Starting geometric analysis...
2025-07-21 13:05:34,456 - INFO - [Station_8_s0.795_s0.795_h3.000] Starting warping analysis (required for J)...
2025-07-21 13:05:35,205 - INFO - [Station_8_s0.795_s0.795_h3.000] Success at h = 3.0000
2025-07-21 13:05:35,232 - INFO - [Station_8_s0.795_s0.795_h3.000] Optimisation result generated (Jt=6480, Iz=2058)
2025-07-21 13:05:36,541 - INFO - [Station_8] Importing DXF: '\\mull.sms.ed.ac.uk\home\s1834431\Win7\Desktop\geometry_tools\section_calc_n\blade\Station_8.dxf'
2025-07-21 13:05:36,574 - INFO - DXF version upgrade to DXF R2000.
2025-07-21 13:05:36,595 - INFO - creating ACAD_COLOR dictionary
2025-07-21 13:05:36,613 - INFO - creating ACAD_PLOTSTYLENAME dictionary
2025-07-21 13:05:36,635 - INFO - creating ACAD_TABLESTYLE dictionary
2025-07-21 13:05:36,658 - INFO - cleanup is depreciated BTW. Use the polygonize function instead
2025-07-21 13:05:36,707 - INFO - Zipped 26 points
2025-07-21 13:05:36,757 - INFO - [Station_8] Geometry meshed with mesh_sizes=0.5.
2025-07-21 13:05:36,887 - INFO - [Station_8] Actual centroid: (0.0184, 0.0013)
2025-07-21 13:05:36,913 - INFO - [Station_8] Desired centroid: (0.0018, -0.0057)
2025-07-21 13:05:36,937 - INFO - [Station_8] Applying translation dx=-0.0166, dy=-0.0070
2025-07-21 13:05:36,959 - INFO - [Station_8] Section translated.
2025-07-21 13:05:38,016 - INFO - Starting optimisation run: Station_8_s0.841_s0.841_h3.000
2025-07-21 13:05:38,059 - INFO - [Station_8_s0.841_s0.841_h3.000] Meshing with target h = 3 …
2025-07-21 13:05:38,083 - WARNING - [Station_8_s0.841_s0.841_h3.000] 644 sliver triangles removed
2025-07-21 13:05:38,111 - INFO - [Station_8_s0.841_s0.841_h3.000] mesh ok | nodes=5629 elems=1741 | A[min=1.01e-08 max=7.65e-07 mean=8.45e-08 med=7.41e-08] | q[min=0.602 max=1.000 mean=0.901]
2025-07-21 13:05:38,423 - INFO - [Station_8_s0.841_s0.841_h3.000] Mesh plot saved to \\mull.sms.ed.ac.uk\home\s1834431\Win7\Desktop\geometry_tools\section_calc_n\results\optimisation\Station_8\s0.841\mesh_Station_8_s0.841_s0.841_h3.000.png
2025-07-21 13:05:38,458 - INFO - [Station_8_s0.841_s0.841_h3.000] Starting geometric analysis...
2025-07-21 13:05:38,739 - INFO - [Station_8_s0.841_s0.841_h3.000] Starting warping analysis (required for J)...
2025-07-21 13:05:39,407 - INFO - [Station_8_s0.841_s0.841_h3.000] Success at h = 3.0000
2025-07-21 13:05:39,430 - INFO - [Station_8_s0.841_s0.841_h3.000] Optimisation result generated (Jt=5007, Iz=1714)
2025-07-21 13:05:40,794 - INFO - [Station_8] Importing DXF: '\\mull.sms.ed.ac.uk\home\s1834431\Win7\Desktop\geometry_tools\section_calc_n\blade\Station_8.dxf'
2025-07-21 13:05:40,828 - INFO - DXF version upgrade to DXF R2000.
2025-07-21 13:05:40,850 - INFO - creating ACAD_COLOR dictionary
2025-07-21 13:05:40,870 - INFO - creating ACAD_PLOTSTYLENAME dictionary
2025-07-21 13:05:40,890 - INFO - creating ACAD_TABLESTYLE dictionary
2025-07-21 13:05:40,914 - INFO - cleanup is depreciated BTW. Use the polygonize function instead
2025-07-21 13:05:40,963 - INFO - Zipped 26 points
2025-07-21 13:05:41,013 - INFO - [Station_8] Geometry meshed with mesh_sizes=0.5.
2025-07-21 13:05:41,143 - INFO - [Station_8] Actual centroid: (0.0184, 0.0013)
2025-07-21 13:05:41,163 - INFO - [Station_8] Desired centroid: (0.0018, -0.0057)
2025-07-21 13:05:41,188 - INFO - [Station_8] Applying translation dx=-0.0166, dy=-0.0070
2025-07-21 13:05:41,209 - INFO - [Station_8] Section translated.
2025-07-21 13:05:42,308 - INFO - Starting optimisation run: Station_8_s0.889_s0.889_h3.000
2025-07-21 13:05:42,331 - INFO - [Station_8_s0.889_s0.889_h3.000] Meshing with target h = 3 …
2025-07-21 13:05:42,361 - WARNING - [Station_8_s0.889_s0.889_h3.000] 722 sliver triangles removed
2025-07-21 13:05:42,385 - INFO - [Station_8_s0.889_s0.889_h3.000] mesh ok | nodes=4789 elems=1201 | A[min=1e-08 max=4.48e-07 mean=8.7e-08 med=6.17e-08] | q[min=0.600 max=1.000 mean=0.883]
2025-07-21 13:05:42,647 - INFO - [Station_8_s0.889_s0.889_h3.000] Mesh plot saved to \\mull.sms.ed.ac.uk\home\s1834431\Win7\Desktop\geometry_tools\section_calc_n\results\optimisation\Station_8\s0.889\mesh_Station_8_s0.889_s0.889_h3.000.png
2025-07-21 13:05:42,681 - INFO - [Station_8_s0.889_s0.889_h3.000] Starting geometric analysis...
2025-07-21 13:05:42,914 - INFO - [Station_8_s0.889_s0.889_h3.000] Starting warping analysis (required for J)...
2025-07-21 13:05:43,453 - INFO - [Station_8_s0.889_s0.889_h3.000] Success at h = 3.0000
2025-07-21 13:05:43,477 - INFO - [Station_8_s0.889_s0.889_h3.000] Optimisation result generated (Jt=2425, Iz=1283)
2025-07-21 13:05:44,856 - INFO - [Station_8] Importing DXF: '\\mull.sms.ed.ac.uk\home\s1834431\Win7\Desktop\geometry_tools\section_calc_n\blade\Station_8.dxf'
2025-07-21 13:05:44,892 - INFO - DXF version upgrade to DXF R2000.
2025-07-21 13:05:44,913 - INFO - creating ACAD_COLOR dictionary
2025-07-21 13:05:44,933 - INFO - creating ACAD_PLOTSTYLENAME dictionary
2025-07-21 13:05:44,951 - INFO - creating ACAD_TABLESTYLE dictionary
2025-07-21 13:05:44,973 - INFO - cleanup is depreciated BTW. Use the polygonize function instead
2025-07-21 13:05:45,025 - INFO - Zipped 26 points
2025-07-21 13:05:45,073 - INFO - [Station_8] Geometry meshed with mesh_sizes=0.5.
2025-07-21 13:05:45,329 - INFO - [Station_8] Actual centroid: (0.0184, 0.0013)
2025-07-21 13:05:45,353 - INFO - [Station_8] Desired centroid: (0.0018, -0.0057)
2025-07-21 13:05:45,375 - INFO - [Station_8] Applying translation dx=-0.0166, dy=-0.0070
2025-07-21 13:05:45,398 - INFO - [Station_8] Section translated.
2025-07-21 13:05:46,340 - INFO - Starting optimisation run: Station_8_s0.941_s0.941_h3.000
2025-07-21 13:05:46,367 - INFO - [Station_8_s0.941_s0.941_h3.000] Meshing with target h = 3 …
2025-07-21 13:05:46,396 - WARNING - [Station_8_s0.941_s0.941_h3.000] 923 sliver triangles removed
2025-07-21 13:05:46,420 - INFO - [Station_8_s0.941_s0.941_h3.000] mesh ok | nodes=4606 elems=821 | A[min=1e-08 max=4.19e-07 mean=6.91e-08 med=6.86e-08] | q[min=0.607 max=1.000 mean=0.909]
2025-07-21 13:05:46,679 - INFO - [Station_8_s0.941_s0.941_h3.000] Mesh plot saved to \\mull.sms.ed.ac.uk\home\s1834431\Win7\Desktop\geometry_tools\section_calc_n\results\optimisation\Station_8\s0.941\mesh_Station_8_s0.941_s0.941_h3.000.png
2025-07-21 13:05:46,712 - INFO - [Station_8_s0.941_s0.941_h3.000] Starting geometric analysis...
2025-07-21 13:05:46,938 - INFO - [Station_8_s0.941_s0.941_h3.000] Starting warping analysis (required for J)...
2025-07-21 13:05:47,434 - INFO - [Station_8_s0.941_s0.941_h3.000] Success at h = 3.0000
2025-07-21 13:05:47,460 - INFO - [Station_8_s0.941_s0.941_h3.000] Optimisation result generated (Jt=1223, Iz=744)
2025-07-21 13:05:48,966 - INFO - [Station_8] Importing DXF: '\\mull.sms.ed.ac.uk\home\s1834431\Win7\Desktop\geometry_tools\section_calc_n\blade\Station_8.dxf'
2025-07-21 13:05:49,010 - INFO - DXF version upgrade to DXF R2000.
2025-07-21 13:05:49,028 - INFO - creating ACAD_COLOR dictionary
2025-07-21 13:05:49,053 - INFO - creating ACAD_PLOTSTYLENAME dictionary
2025-07-21 13:05:49,076 - INFO - creating ACAD_TABLESTYLE dictionary
2025-07-21 13:05:49,103 - INFO - cleanup is depreciated BTW. Use the polygonize function instead
2025-07-21 13:05:49,154 - INFO - Zipped 26 points
2025-07-21 13:05:49,209 - INFO - [Station_8] Geometry meshed with mesh_sizes=0.5.
2025-07-21 13:05:49,343 - INFO - [Station_8] Actual centroid: (0.0184, 0.0013)
2025-07-21 13:05:49,363 - INFO - [Station_8] Desired centroid: (0.0018, -0.0057)
2025-07-21 13:05:49,393 - INFO - [Station_8] Applying translation dx=-0.0166, dy=-0.0070
2025-07-21 13:05:49,416 - INFO - [Station_8] Section translated.
2025-07-21 13:05:50,401 - INFO - Starting optimisation run: Station_8_s0.995_s0.995_h3.000
2025-07-21 13:05:50,430 - INFO - [Station_8_s0.995_s0.995_h3.000] Meshing with target h = 3 …
2025-07-21 13:05:50,483 - WARNING - [Station_8_s0.995_s0.995_h3.000] 8530 sliver triangles removed
2025-07-21 13:05:50,507 - INFO - [Station_8_s0.995_s0.995_h3.000] mesh ok | nodes=25512 elems=18 | A[min=1.25e-08 max=1.99e-08 mean=1.81e-08 med=1.9e-08] | q[min=0.665 max=0.800 mean=0.773]
2025-07-21 13:05:51,145 - INFO - [Station_8_s0.995_s0.995_h3.000] Mesh plot saved to \\mull.sms.ed.ac.uk\home\s1834431\Win7\Desktop\geometry_tools\section_calc_n\results\optimisation\Station_8\s0.995\mesh_Station_8_s0.995_s0.995_h3.000.png
2025-07-21 13:05:51,175 - INFO - [Station_8_s0.995_s0.995_h3.000] Starting geometric analysis...
2025-07-21 13:05:52,164 - INFO - [Station_8_s0.995_s0.995_h3.000] Starting warping analysis (required for J)...
2025-07-21 13:05:54,593 - INFO - [Station_8_s0.995_s0.995_h3.000] Success at h = 3.0000
2025-07-21 13:05:54,618 - INFO - [Station_8_s0.995_s0.995_h3.000] Optimisation result generated (Jt=132.9, Iz=68.09)
2025-07-21 13:05:55,887 - INFO - Processing station: Station_10
2025-07-21 13:05:56,137 - INFO - [Station_10] Importing DXF: '\\mull.sms.ed.ac.uk\home\s1834431\Win7\Desktop\geometry_tools\section_calc_n\blade\Station_10.dxf'
2025-07-21 13:05:56,180 - INFO - DXF version upgrade to DXF R2000.
2025-07-21 13:05:56,209 - INFO - creating ACAD_COLOR dictionary
2025-07-21 13:05:56,231 - INFO - creating ACAD_PLOTSTYLENAME dictionary
2025-07-21 13:05:56,255 - INFO - creating ACAD_TABLESTYLE dictionary
2025-07-21 13:05:56,281 - INFO - cleanup is depreciated BTW. Use the polygonize function instead
2025-07-21 13:05:56,398 - INFO - Zipped 208 points
2025-07-21 13:05:56,449 - INFO - [Station_10] Geometry meshed with mesh_sizes=0.5.
2025-07-21 13:05:56,893 - INFO - [Station_10] Actual centroid: (0.0154, 0.0012)
2025-07-21 13:05:56,923 - INFO - [Station_10] Desired centroid: (0.0014, -0.0051)
2025-07-21 13:05:56,943 - INFO - [Station_10] Applying translation dx=-0.0140, dy=-0.0064
2025-07-21 13:05:56,973 - INFO - [Station_10] Section translated.
2025-07-21 13:05:57,968 - INFO - Starting optimisation run: Station_10_s0.600_s0.600_h3.000
2025-07-21 13:05:57,997 - INFO - [Station_10_s0.600_s0.600_h3.000] Meshing with target h = 3 …
2025-07-21 13:05:58,034 - WARNING - [Station_10_s0.600_s0.600_h3.000] 889 sliver triangles removed
2025-07-21 13:05:58,060 - INFO - [Station_10_s0.600_s0.600_h3.000] mesh ok | nodes=7788 elems=2589 | A[min=1e-08 max=1.19e-06 mean=8.66e-08 med=5.97e-08] | q[min=0.602 max=1.000 mean=0.878]
2025-07-21 13:05:58,403 - INFO - [Station_10_s0.600_s0.600_h3.000] Mesh plot saved to \\mull.sms.ed.ac.uk\home\s1834431\Win7\Desktop\geometry_tools\section_calc_n\results\optimisation\Station_10\s0.600\mesh_Station_10_s0.600_s0.600_h3.000.png
2025-07-21 13:05:58,433 - INFO - [Station_10_s0.600_s0.600_h3.000] Starting geometric analysis...
2025-07-21 13:05:58,980 - INFO - [Station_10_s0.600_s0.600_h3.000] Starting warping analysis (required for J)...
2025-07-21 13:05:59,983 - INFO - [Station_10_s0.600_s0.600_h3.000] Success at h = 3.0000
2025-07-21 13:06:00,013 - INFO - [Station_10_s0.600_s0.600_h3.000] Optimisation result generated (Jt=5108, Iz=1455)
2025-07-21 13:06:01,335 - INFO - [Station_10] Importing DXF: '\\mull.sms.ed.ac.uk\home\s1834431\Win7\Desktop\geometry_tools\section_calc_n\blade\Station_10.dxf'
2025-07-21 13:06:01,371 - INFO - DXF version upgrade to DXF R2000.
2025-07-21 13:06:01,393 - INFO - creating ACAD_COLOR dictionary
2025-07-21 13:06:01,417 - INFO - creating ACAD_PLOTSTYLENAME dictionary
2025-07-21 13:06:01,440 - INFO - creating ACAD_TABLESTYLE dictionary
2025-07-21 13:06:01,463 - INFO - cleanup is depreciated BTW. Use the polygonize function instead
2025-07-21 13:06:01,568 - INFO - Zipped 208 points
2025-07-21 13:06:01,611 - INFO - [Station_10] Geometry meshed with mesh_sizes=0.5.
2025-07-21 13:06:01,749 - INFO - [Station_10] Actual centroid: (0.0154, 0.0012)
2025-07-21 13:06:01,774 - INFO - [Station_10] Desired centroid: (0.0014, -0.0051)
2025-07-21 13:06:01,801 - INFO - [Station_10] Applying translation dx=-0.0140, dy=-0.0064
2025-07-21 13:06:01,827 - INFO - [Station_10] Section translated.
2025-07-21 13:06:02,839 - INFO - Starting optimisation run: Station_10_s0.635_s0.635_h3.000
2025-07-21 13:06:02,869 - INFO - [Station_10_s0.635_s0.635_h3.000] Meshing with target h = 3 …
2025-07-21 13:06:02,905 - WARNING - [Station_10_s0.635_s0.635_h3.000] 967 sliver triangles removed
2025-07-21 13:06:02,931 - INFO - [Station_10_s0.635_s0.635_h3.000] mesh ok | nodes=7860 elems=2547 | A[min=1e-08 max=9.52e-07 mean=8.2e-08 med=6.25e-08] | q[min=0.602 max=1.000 mean=0.882]
2025-07-21 13:06:03,273 - INFO - [Station_10_s0.635_s0.635_h3.000] Mesh plot saved to \\mull.sms.ed.ac.uk\home\s1834431\Win7\Desktop\geometry_tools\section_calc_n\results\optimisation\Station_10\s0.635\mesh_Station_10_s0.635_s0.635_h3.000.png
2025-07-21 13:06:03,310 - INFO - [Station_10_s0.635_s0.635_h3.000] Starting geometric analysis...
2025-07-21 13:06:03,713 - INFO - [Station_10_s0.635_s0.635_h3.000] Starting warping analysis (required for J)...
2025-07-21 13:06:04,743 - INFO - [Station_10_s0.635_s0.635_h3.000] Success at h = 3.0000
2025-07-21 13:06:04,768 - INFO - [Station_10_s0.635_s0.635_h3.000] Optimisation result generated (Jt=4852, Iz=1400)
2025-07-21 13:06:06,419 - INFO - [Station_10] Importing DXF: '\\mull.sms.ed.ac.uk\home\s1834431\Win7\Desktop\geometry_tools\section_calc_n\blade\Station_10.dxf'
2025-07-21 13:06:06,457 - INFO - DXF version upgrade to DXF R2000.
2025-07-21 13:06:06,479 - INFO - creating ACAD_COLOR dictionary
2025-07-21 13:06:06,503 - INFO - creating ACAD_PLOTSTYLENAME dictionary
2025-07-21 13:06:06,524 - INFO - creating ACAD_TABLESTYLE dictionary
2025-07-21 13:06:06,548 - INFO - cleanup is depreciated BTW. Use the polygonize function instead
2025-07-21 13:06:06,679 - INFO - Zipped 208 points
2025-07-21 13:06:06,723 - INFO - [Station_10] Geometry meshed with mesh_sizes=0.5.
2025-07-21 13:06:06,881 - INFO - [Station_10] Actual centroid: (0.0154, 0.0012)
2025-07-21 13:06:06,907 - INFO - [Station_10] Desired centroid: (0.0014, -0.0051)
2025-07-21 13:06:06,929 - INFO - [Station_10] Applying translation dx=-0.0140, dy=-0.0064
2025-07-21 13:06:06,954 - INFO - [Station_10] Section translated.
2025-07-21 13:06:07,996 - INFO - Starting optimisation run: Station_10_s0.671_s0.671_h3.000
2025-07-21 13:06:08,026 - INFO - [Station_10_s0.671_s0.671_h3.000] Meshing with target h = 3 …
2025-07-21 13:06:08,063 - WARNING - [Station_10_s0.671_s0.671_h3.000] 873 sliver triangles removed
2025-07-21 13:06:08,090 - INFO - [Station_10_s0.671_s0.671_h3.000] mesh ok | nodes=7544 elems=2483 | A[min=1e-08 max=5.33e-07 mean=7.73e-08 med=6.22e-08] | q[min=0.601 max=1.000 mean=0.882]
2025-07-21 13:06:08,453 - INFO - [Station_10_s0.671_s0.671_h3.000] Mesh plot saved to \\mull.sms.ed.ac.uk\home\s1834431\Win7\Desktop\geometry_tools\section_calc_n\results\optimisation\Station_10\s0.671\mesh_Station_10_s0.671_s0.671_h3.000.png
2025-07-21 13:06:08,485 - INFO - [Station_10_s0.671_s0.671_h3.000] Starting geometric analysis...
2025-07-21 13:06:09,099 - INFO - [Station_10_s0.671_s0.671_h3.000] Starting warping analysis (required for J)...
2025-07-21 13:06:10,455 - INFO - [Station_10_s0.671_s0.671_h3.000] Success at h = 3.0000
2025-07-21 13:06:10,479 - INFO - [Station_10_s0.671_s0.671_h3.000] Optimisation result generated (Jt=4546, Iz=1332)
2025-07-21 13:06:12,228 - INFO - [Station_10] Importing DXF: '\\mull.sms.ed.ac.uk\home\s1834431\Win7\Desktop\geometry_tools\section_calc_n\blade\Station_10.dxf'
2025-07-21 13:06:12,273 - INFO - DXF version upgrade to DXF R2000.
2025-07-21 13:06:12,310 - INFO - creating ACAD_COLOR dictionary
2025-07-21 13:06:12,349 - INFO - creating ACAD_PLOTSTYLENAME dictionary
2025-07-21 13:06:12,382 - INFO - creating ACAD_TABLESTYLE dictionary
2025-07-21 13:06:12,408 - INFO - cleanup is depreciated BTW. Use the polygonize function instead
2025-07-21 13:06:12,525 - INFO - Zipped 208 points
2025-07-21 13:06:12,572 - INFO - [Station_10] Geometry meshed with mesh_sizes=0.5.
2025-07-21 13:06:12,723 - INFO - [Station_10] Actual centroid: (0.0154, 0.0012)
2025-07-21 13:06:12,748 - INFO - [Station_10] Desired centroid: (0.0014, -0.0051)
2025-07-21 13:06:12,774 - INFO - [Station_10] Applying translation dx=-0.0140, dy=-0.0064
2025-07-21 13:06:12,801 - INFO - [Station_10] Section translated.
2025-07-21 13:06:14,047 - INFO - Starting optimisation run: Station_10_s0.710_s0.710_h3.000
2025-07-21 13:06:14,076 - INFO - [Station_10_s0.710_s0.710_h3.000] Meshing with target h = 3 …
2025-07-21 13:06:14,111 - WARNING - [Station_10_s0.710_s0.710_h3.000] 817 sliver triangles removed
2025-07-21 13:06:14,138 - INFO - [Station_10_s0.710_s0.710_h3.000] mesh ok | nodes=7164 elems=2349 | A[min=1e-08 max=4.37e-07 mean=7.37e-08 med=6.09e-08] | q[min=0.601 max=1.000 mean=0.884]
2025-07-21 13:06:14,487 - INFO - [Station_10_s0.710_s0.710_h3.000] Mesh plot saved to \\mull.sms.ed.ac.uk\home\s1834431\Win7\Desktop\geometry_tools\section_calc_n\results\optimisation\Station_10\s0.710\mesh_Station_10_s0.710_s0.710_h3.000.png
2025-07-21 13:06:14,520 - INFO - [Station_10_s0.710_s0.710_h3.000] Starting geometric analysis...
2025-07-21 13:06:14,883 - INFO - [Station_10_s0.710_s0.710_h3.000] Starting warping analysis (required for J)...
2025-07-21 13:06:15,836 - INFO - [Station_10_s0.710_s0.710_h3.000] Success at h = 3.0000
2025-07-21 13:06:15,861 - INFO - [Station_10_s0.710_s0.710_h3.000] Optimisation result generated (Jt=4180, Iz=1246)
2025-07-21 13:06:17,505 - INFO - [Station_10] Importing DXF: '\\mull.sms.ed.ac.uk\home\s1834431\Win7\Desktop\geometry_tools\section_calc_n\blade\Station_10.dxf'
2025-07-21 13:06:17,546 - INFO - DXF version upgrade to DXF R2000.
2025-07-21 13:06:17,573 - INFO - creating ACAD_COLOR dictionary
2025-07-21 13:06:17,597 - INFO - creating ACAD_PLOTSTYLENAME dictionary
2025-07-21 13:06:17,621 - INFO - creating ACAD_TABLESTYLE dictionary
2025-07-21 13:06:17,647 - INFO - cleanup is depreciated BTW. Use the polygonize function instead
2025-07-21 13:06:17,762 - INFO - Zipped 208 points
2025-07-21 13:06:17,815 - INFO - [Station_10] Geometry meshed with mesh_sizes=0.5.
2025-07-21 13:06:17,965 - INFO - [Station_10] Actual centroid: (0.0154, 0.0012)
2025-07-21 13:06:17,996 - INFO - [Station_10] Desired centroid: (0.0014, -0.0051)
2025-07-21 13:06:18,024 - INFO - [Station_10] Applying translation dx=-0.0140, dy=-0.0064
2025-07-21 13:06:18,051 - INFO - [Station_10] Section translated.
2025-07-21 13:06:19,078 - INFO - Starting optimisation run: Station_10_s0.751_s0.751_h3.000
2025-07-21 13:06:19,108 - INFO - [Station_10_s0.751_s0.751_h3.000] Meshing with target h = 3 …
2025-07-21 13:06:19,144 - WARNING - [Station_10_s0.751_s0.751_h3.000] 906 sliver triangles removed
2025-07-21 13:06:19,169 - INFO - [Station_10_s0.751_s0.751_h3.000] mesh ok | nodes=6988 elems=2172 | A[min=1e-08 max=9.13e-07 mean=6.99e-08 med=5.94e-08] | q[min=0.604 max=1.000 mean=0.885]
2025-07-21 13:06:19,501 - INFO - [Station_10_s0.751_s0.751_h3.000] Mesh plot saved to \\mull.sms.ed.ac.uk\home\s1834431\Win7\Desktop\geometry_tools\section_calc_n\results\optimisation\Station_10\s0.751\mesh_Station_10_s0.751_s0.751_h3.000.png
2025-07-21 13:06:19,534 - INFO - [Station_10_s0.751_s0.751_h3.000] Starting geometric analysis...
2025-07-21 13:06:19,887 - INFO - [Station_10_s0.751_s0.751_h3.000] Starting warping analysis (required for J)...
2025-07-21 13:06:20,986 - INFO - [Station_10_s0.751_s0.751_h3.000] Success at h = 3.0000
2025-07-21 13:06:21,014 - INFO - [Station_10_s0.751_s0.751_h3.000] Optimisation result generated (Jt=3739, Iz=1139)
2025-07-21 13:06:22,544 - INFO - [Station_10] Importing DXF: '\\mull.sms.ed.ac.uk\home\s1834431\Win7\Desktop\geometry_tools\section_calc_n\blade\Station_10.dxf'
2025-07-21 13:06:22,587 - INFO - DXF version upgrade to DXF R2000.
2025-07-21 13:06:22,614 - INFO - creating ACAD_COLOR dictionary
2025-07-21 13:06:22,639 - INFO - creating ACAD_PLOTSTYLENAME dictionary
2025-07-21 13:06:22,665 - INFO - creating ACAD_TABLESTYLE dictionary
2025-07-21 13:06:22,690 - INFO - cleanup is depreciated BTW. Use the polygonize function instead
2025-07-21 13:06:22,800 - INFO - Zipped 208 points
2025-07-21 13:06:22,853 - INFO - [Station_10] Geometry meshed with mesh_sizes=0.5.
2025-07-21 13:06:22,995 - INFO - [Station_10] Actual centroid: (0.0154, 0.0012)
2025-07-21 13:06:23,022 - INFO - [Station_10] Desired centroid: (0.0014, -0.0051)
2025-07-21 13:06:23,047 - INFO - [Station_10] Applying translation dx=-0.0140, dy=-0.0064
2025-07-21 13:06:23,073 - INFO - [Station_10] Section translated.
2025-07-21 13:06:24,195 - INFO - Starting optimisation run: Station_10_s0.795_s0.795_h3.000
2025-07-21 13:06:24,227 - INFO - [Station_10_s0.795_s0.795_h3.000] Meshing with target h = 3 …
2025-07-21 13:06:24,262 - WARNING - [Station_10_s0.795_s0.795_h3.000] 818 sliver triangles removed
2025-07-21 13:06:24,291 - INFO - [Station_10_s0.795_s0.795_h3.000] mesh ok | nodes=6399 elems=1965 | A[min=1.01e-08 max=4.89e-07 mean=6.52e-08 med=5.81e-08] | q[min=0.605 max=1.000 mean=0.889]
2025-07-21 13:06:24,618 - INFO - [Station_10_s0.795_s0.795_h3.000] Mesh plot saved to \\mull.sms.ed.ac.uk\home\s1834431\Win7\Desktop\geometry_tools\section_calc_n\results\optimisation\Station_10\s0.795\mesh_Station_10_s0.795_s0.795_h3.000.png
2025-07-21 13:06:24,650 - INFO - [Station_10_s0.795_s0.795_h3.000] Starting geometric analysis...
2025-07-21 13:06:24,978 - INFO - [Station_10_s0.795_s0.795_h3.000] Starting warping analysis (required for J)...
2025-07-21 13:06:25,773 - INFO - [Station_10_s0.795_s0.795_h3.000] Success at h = 3.0000
2025-07-21 13:06:25,799 - INFO - [Station_10_s0.795_s0.795_h3.000] Optimisation result generated (Jt=3204, Iz=1005)
2025-07-21 13:06:27,240 - INFO - [Station_10] Importing DXF: '\\mull.sms.ed.ac.uk\home\s1834431\Win7\Desktop\geometry_tools\section_calc_n\blade\Station_10.dxf'
2025-07-21 13:06:27,284 - INFO - DXF version upgrade to DXF R2000.
2025-07-21 13:06:27,312 - INFO - creating ACAD_COLOR dictionary
2025-07-21 13:06:27,340 - INFO - creating ACAD_PLOTSTYLENAME dictionary
2025-07-21 13:06:27,365 - INFO - creating ACAD_TABLESTYLE dictionary
2025-07-21 13:06:27,395 - INFO - cleanup is depreciated BTW. Use the polygonize function instead
2025-07-21 13:06:27,507 - INFO - Zipped 208 points
2025-07-21 13:06:27,561 - INFO - [Station_10] Geometry meshed with mesh_sizes=0.5.
2025-07-21 13:06:27,827 - INFO - [Station_10] Actual centroid: (0.0154, 0.0012)
2025-07-21 13:06:27,857 - INFO - [Station_10] Desired centroid: (0.0014, -0.0051)
2025-07-21 13:06:27,884 - INFO - [Station_10] Applying translation dx=-0.0140, dy=-0.0064
2025-07-21 13:06:27,911 - INFO - [Station_10] Section translated.
2025-07-21 13:06:28,905 - INFO - Starting optimisation run: Station_10_s0.841_s0.841_h3.000
2025-07-21 13:06:28,936 - INFO - [Station_10_s0.841_s0.841_h3.000] Meshing with target h = 3 …
2025-07-21 13:06:28,971 - WARNING - [Station_10_s0.841_s0.841_h3.000] 765 sliver triangles removed
2025-07-21 13:06:28,997 - INFO - [Station_10_s0.841_s0.841_h3.000] mesh ok | nodes=5724 elems=1679 | A[min=1e-08 max=2.84e-07 mean=6.06e-08 med=5.3e-08] | q[min=0.602 max=1.000 mean=0.889]
2025-07-21 13:06:29,307 - INFO - [Station_10_s0.841_s0.841_h3.000] Mesh plot saved to \\mull.sms.ed.ac.uk\home\s1834431\Win7\Desktop\geometry_tools\section_calc_n\results\optimisation\Station_10\s0.841\mesh_Station_10_s0.841_s0.841_h3.000.png
2025-07-21 13:06:29,341 - INFO - [Station_10_s0.841_s0.841_h3.000] Starting geometric analysis...
2025-07-21 13:06:29,640 - INFO - [Station_10_s0.841_s0.841_h3.000] Starting warping analysis (required for J)...
2025-07-21 13:06:30,357 - INFO - [Station_10_s0.841_s0.841_h3.000] Success at h = 3.0000
2025-07-21 13:06:30,385 - INFO - [Station_10_s0.841_s0.841_h3.000] Optimisation result generated (Jt=2548, Iz=836.7)
2025-07-21 13:06:32,076 - INFO - [Station_10] Importing DXF: '\\mull.sms.ed.ac.uk\home\s1834431\Win7\Desktop\geometry_tools\section_calc_n\blade\Station_10.dxf'
2025-07-21 13:06:32,119 - INFO - DXF version upgrade to DXF R2000.
2025-07-21 13:06:32,147 - INFO - creating ACAD_COLOR dictionary
2025-07-21 13:06:32,175 - INFO - creating ACAD_PLOTSTYLENAME dictionary
2025-07-21 13:06:32,201 - INFO - creating ACAD_TABLESTYLE dictionary
2025-07-21 13:06:32,231 - INFO - cleanup is depreciated BTW. Use the polygonize function instead
2025-07-21 13:06:32,348 - INFO - Zipped 208 points
2025-07-21 13:06:32,405 - INFO - [Station_10] Geometry meshed with mesh_sizes=0.5.
2025-07-21 13:06:32,547 - INFO - [Station_10] Actual centroid: (0.0154, 0.0012)
2025-07-21 13:06:32,574 - INFO - [Station_10] Desired centroid: (0.0014, -0.0051)
2025-07-21 13:06:32,602 - INFO - [Station_10] Applying translation dx=-0.0140, dy=-0.0064
2025-07-21 13:06:32,629 - INFO - [Station_10] Section translated.
2025-07-21 13:06:33,652 - INFO - Starting optimisation run: Station_10_s0.889_s0.889_h3.000
2025-07-21 13:06:33,688 - INFO - [Station_10_s0.889_s0.889_h3.000] Meshing with target h = 3 …
2025-07-21 13:06:33,722 - WARNING - [Station_10_s0.889_s0.889_h3.000] 834 sliver triangles removed
2025-07-21 13:06:33,762 - INFO - [Station_10_s0.889_s0.889_h3.000] mesh ok | nodes=5060 elems=1252 | A[min=1e-08 max=2e-07 mean=5.75e-08 med=4.24e-08] | q[min=0.602 max=1.000 mean=0.886]
2025-07-21 13:06:34,061 - INFO - [Station_10_s0.889_s0.889_h3.000] Mesh plot saved to \\mull.sms.ed.ac.uk\home\s1834431\Win7\Desktop\geometry_tools\section_calc_n\results\optimisation\Station_10\s0.889\mesh_Station_10_s0.889_s0.889_h3.000.png
2025-07-21 13:06:34,100 - INFO - [Station_10_s0.889_s0.889_h3.000] Starting geometric analysis...
2025-07-21 13:06:34,372 - INFO - [Station_10_s0.889_s0.889_h3.000] Starting warping analysis (required for J)...
2025-07-21 13:06:35,135 - INFO - [Station_10_s0.889_s0.889_h3.000] Success at h = 3.0000
2025-07-21 13:06:35,167 - INFO - [Station_10_s0.889_s0.889_h3.000] Optimisation result generated (Jt=1635, Iz=626.3)
2025-07-21 13:06:36,700 - INFO - [Station_10] Importing DXF: '\\mull.sms.ed.ac.uk\home\s1834431\Win7\Desktop\geometry_tools\section_calc_n\blade\Station_10.dxf'
2025-07-21 13:06:36,741 - INFO - DXF version upgrade to DXF R2000.
2025-07-21 13:06:36,770 - INFO - creating ACAD_COLOR dictionary
2025-07-21 13:06:36,797 - INFO - creating ACAD_PLOTSTYLENAME dictionary
2025-07-21 13:06:36,826 - INFO - creating ACAD_TABLESTYLE dictionary
2025-07-21 13:06:36,853 - INFO - cleanup is depreciated BTW. Use the polygonize function instead
2025-07-21 13:06:36,976 - INFO - Zipped 208 points
2025-07-21 13:06:37,035 - INFO - [Station_10] Geometry meshed with mesh_sizes=0.5.
2025-07-21 13:06:37,181 - INFO - [Station_10] Actual centroid: (0.0154, 0.0012)
2025-07-21 13:06:37,208 - INFO - [Station_10] Desired centroid: (0.0014, -0.0051)
2025-07-21 13:06:37,239 - INFO - [Station_10] Applying translation dx=-0.0140, dy=-0.0064
2025-07-21 13:06:37,270 - INFO - [Station_10] Section translated.
2025-07-21 13:06:38,373 - INFO - Starting optimisation run: Station_10_s0.941_s0.941_h3.000
2025-07-21 13:06:38,403 - INFO - [Station_10_s0.941_s0.941_h3.000] Meshing with target h = 3 …
2025-07-21 13:06:38,441 - WARNING - [Station_10_s0.941_s0.941_h3.000] 891 sliver triangles removed
2025-07-21 13:06:38,468 - INFO - [Station_10_s0.941_s0.941_h3.000] mesh ok | nodes=4638 elems=917 | A[min=1e-08 max=1.36e-07 mean=4.23e-08 med=4.4e-08] | q[min=0.605 max=1.000 mean=0.900]
2025-07-21 13:06:38,758 - INFO - [Station_10_s0.941_s0.941_h3.000] Mesh plot saved to \\mull.sms.ed.ac.uk\home\s1834431\Win7\Desktop\geometry_tools\section_calc_n\results\optimisation\Station_10\s0.941\mesh_Station_10_s0.941_s0.941_h3.000.png
2025-07-21 13:06:38,789 - INFO - [Station_10_s0.941_s0.941_h3.000] Starting geometric analysis...
2025-07-21 13:06:39,043 - INFO - [Station_10_s0.941_s0.941_h3.000] Starting warping analysis (required for J)...
2025-07-21 13:06:39,565 - INFO - [Station_10_s0.941_s0.941_h3.000] Success at h = 3.0000
2025-07-21 13:06:39,595 - INFO - [Station_10_s0.941_s0.941_h3.000] Optimisation result generated (Jt=675.7, Iz=363)
