2025-07-28 15:16:51,634 - INFO - [Station_6_h40] Starting geometric analysis...
2025-07-28 15:16:52,094 - INFO - [Station_6_h40] Starting warping analysis (required for J)...
2025-07-28 15:16:53,045 - INFO - [Station_6_h40] Success at h = 40.0000
2025-07-28 15:16:53,138 - INFO - [Station_6_h10] Starting geometric analysis...
2025-07-28 15:16:53,262 - INFO - [Station_6_h10] Starting warping analysis (required for J)...
2025-07-28 15:16:53,880 - INFO - [Station_6_h10] Success at h = 10.0000
2025-07-28 15:16:53,966 - INFO - [Station_6_h2.5] Starting geometric analysis...
2025-07-28 15:16:54,084 - INFO - [Station_6_h2.5] Starting warping analysis (required for J)...
2025-07-28 15:16:54,766 - INFO - [Station_6_h2.5] Success at h = 2.5000
2025-07-28 15:16:54,865 - INFO - [Station_6_h0.625] Starting geometric analysis...
2025-07-28 15:16:54,985 - INFO - [Station_6_h0.625] Starting warping analysis (required for J)...
2025-07-28 15:16:55,647 - INFO - [Station_6_h0.625] Success at h = 0.6250
2025-07-28 15:16:55,751 - INFO - [Station_6_h0.1562] Starting geometric analysis...
2025-07-28 15:16:55,876 - INFO - [Station_6_h0.1562] Starting warping analysis (required for J)...
2025-07-28 15:16:56,522 - INFO - [Station_6_h0.1562] Success at h = 0.1562
2025-07-28 19:18:08,964 - INFO - [Station_6_h40] Starting geometric analysis...
2025-07-28 19:18:09,480 - INFO - [Station_6_h40] Starting warping analysis (required for J)...
2025-07-28 19:18:10,496 - INFO - [Station_6_h40] Success at h = 40.0000
2025-07-28 19:18:10,583 - INFO - [Station_6_h10] Starting geometric analysis...
2025-07-28 19:18:10,726 - INFO - [Station_6_h10] Starting warping analysis (required for J)...
2025-07-28 19:18:11,467 - INFO - [Station_6_h10] Success at h = 10.0000
2025-07-28 19:18:11,583 - INFO - [Station_6_h2.5] Starting geometric analysis...
2025-07-28 19:18:11,696 - INFO - [Station_6_h2.5] Starting warping analysis (required for J)...
2025-07-28 19:18:12,478 - INFO - [Station_6_h2.5] Success at h = 2.5000
2025-07-28 19:18:12,566 - INFO - [Station_6_h0.625] Starting geometric analysis...
2025-07-28 19:18:12,746 - INFO - [Station_6_h0.625] Starting warping analysis (required for J)...
2025-07-28 19:18:13,479 - INFO - [Station_6_h0.625] Success at h = 0.6250
2025-07-28 19:18:13,563 - INFO - [Station_6_h0.1562] Starting geometric analysis...
2025-07-28 19:18:13,682 - INFO - [Station_6_h0.1562] Starting warping analysis (required for J)...
2025-07-28 19:18:14,349 - INFO - [Station_6_h0.1562] Success at h = 0.1562
2025-07-29 15:03:06,906 - INFO - [Station_6_h40] Starting geometric analysis...
2025-07-29 15:03:07,206 - ERROR - [Station_6_h40] Geometric analysis failed: unsupported operand type(s) for *: 'NoneType' and 'float'
Traceback (most recent call last):
  File "C:\Users\Sam Hughes\Desktop\geometry_tools\n_sections\analysis\geom_utils\section_dxf.py", line 97, in _geometric_analysis
    sx * M3_TO_MM3, sy * M3_TO_MM3,
    ~~~^~~~~~~~~~~
TypeError: unsupported operand type(s) for *: 'NoneType' and 'float'
2025-07-29 15:03:07,207 - INFO - [Station_6_h40] Starting warping analysis...
2025-07-29 15:03:07,920 - ERROR - [Station_6_h40] Warping analysis failed: unsupported operand type(s) for *: 'NoneType' and 'float'
Traceback (most recent call last):
  File "C:\Users\Sam Hughes\Desktop\geometry_tools\n_sections\analysis\geom_utils\section_dxf.py", line 122, in _warping_analysis
    cw * M6_TO_MM6,
    ~~~^~~~~~~~~~~
TypeError: unsupported operand type(s) for *: 'NoneType' and 'float'
2025-07-29 15:03:07,920 - ERROR - [Station_6_h40] Geometric analysis failed — skipping values.
2025-07-29 15:03:07,920 - ERROR - [Station_6_h40] Warping analysis failed — skipping values.
2025-07-29 15:03:07,920 - INFO - [Station_6_h40] SectionDXF row assembled with partial success.
2025-07-29 15:03:08,036 - INFO - [Station_6_h10] Starting geometric analysis...
2025-07-29 15:03:08,132 - ERROR - [Station_6_h10] Geometric analysis failed: unsupported operand type(s) for *: 'NoneType' and 'float'
Traceback (most recent call last):
  File "C:\Users\Sam Hughes\Desktop\geometry_tools\n_sections\analysis\geom_utils\section_dxf.py", line 97, in _geometric_analysis
    sx * M3_TO_MM3, sy * M3_TO_MM3,
    ~~~^~~~~~~~~~~
TypeError: unsupported operand type(s) for *: 'NoneType' and 'float'
2025-07-29 15:03:08,132 - INFO - [Station_6_h10] Starting warping analysis...
2025-07-29 15:03:08,615 - ERROR - [Station_6_h10] Warping analysis failed: unsupported operand type(s) for *: 'NoneType' and 'float'
Traceback (most recent call last):
  File "C:\Users\Sam Hughes\Desktop\geometry_tools\n_sections\analysis\geom_utils\section_dxf.py", line 122, in _warping_analysis
    cw * M6_TO_MM6,
    ~~~^~~~~~~~~~~
TypeError: unsupported operand type(s) for *: 'NoneType' and 'float'
2025-07-29 15:03:08,615 - ERROR - [Station_6_h10] Geometric analysis failed — skipping values.
2025-07-29 15:03:08,615 - ERROR - [Station_6_h10] Warping analysis failed — skipping values.
2025-07-29 15:03:08,615 - INFO - [Station_6_h10] SectionDXF row assembled with partial success.
2025-07-29 15:03:08,694 - INFO - [Station_6_h2.5] Starting geometric analysis...
2025-07-29 15:03:08,784 - ERROR - [Station_6_h2.5] Geometric analysis failed: unsupported operand type(s) for *: 'NoneType' and 'float'
Traceback (most recent call last):
  File "C:\Users\Sam Hughes\Desktop\geometry_tools\n_sections\analysis\geom_utils\section_dxf.py", line 97, in _geometric_analysis
    sx * M3_TO_MM3, sy * M3_TO_MM3,
    ~~~^~~~~~~~~~~
TypeError: unsupported operand type(s) for *: 'NoneType' and 'float'
2025-07-29 15:03:08,784 - INFO - [Station_6_h2.5] Starting warping analysis...
2025-07-29 15:03:09,255 - ERROR - [Station_6_h2.5] Warping analysis failed: unsupported operand type(s) for *: 'NoneType' and 'float'
Traceback (most recent call last):
  File "C:\Users\Sam Hughes\Desktop\geometry_tools\n_sections\analysis\geom_utils\section_dxf.py", line 122, in _warping_analysis
    cw * M6_TO_MM6,
    ~~~^~~~~~~~~~~
TypeError: unsupported operand type(s) for *: 'NoneType' and 'float'
2025-07-29 15:03:09,255 - ERROR - [Station_6_h2.5] Geometric analysis failed — skipping values.
2025-07-29 15:03:09,255 - ERROR - [Station_6_h2.5] Warping analysis failed — skipping values.
2025-07-29 15:03:09,255 - INFO - [Station_6_h2.5] SectionDXF row assembled with partial success.
2025-07-29 15:03:09,337 - INFO - [Station_6_h0.625] Starting geometric analysis...
2025-07-29 15:03:09,419 - ERROR - [Station_6_h0.625] Geometric analysis failed: unsupported operand type(s) for *: 'NoneType' and 'float'
Traceback (most recent call last):
  File "C:\Users\Sam Hughes\Desktop\geometry_tools\n_sections\analysis\geom_utils\section_dxf.py", line 97, in _geometric_analysis
    sx * M3_TO_MM3, sy * M3_TO_MM3,
    ~~~^~~~~~~~~~~
TypeError: unsupported operand type(s) for *: 'NoneType' and 'float'
2025-07-29 15:03:09,419 - INFO - [Station_6_h0.625] Starting warping analysis...
2025-07-29 15:03:09,917 - ERROR - [Station_6_h0.625] Warping analysis failed: unsupported operand type(s) for *: 'NoneType' and 'float'
Traceback (most recent call last):
  File "C:\Users\Sam Hughes\Desktop\geometry_tools\n_sections\analysis\geom_utils\section_dxf.py", line 122, in _warping_analysis
    cw * M6_TO_MM6,
    ~~~^~~~~~~~~~~
TypeError: unsupported operand type(s) for *: 'NoneType' and 'float'
2025-07-29 15:03:09,917 - ERROR - [Station_6_h0.625] Geometric analysis failed — skipping values.
2025-07-29 15:03:09,917 - ERROR - [Station_6_h0.625] Warping analysis failed — skipping values.
2025-07-29 15:03:09,917 - INFO - [Station_6_h0.625] SectionDXF row assembled with partial success.
2025-07-29 15:03:09,999 - INFO - [Station_6_h0.1562] Starting geometric analysis...
2025-07-29 15:03:10,086 - ERROR - [Station_6_h0.1562] Geometric analysis failed: unsupported operand type(s) for *: 'NoneType' and 'float'
Traceback (most recent call last):
  File "C:\Users\Sam Hughes\Desktop\geometry_tools\n_sections\analysis\geom_utils\section_dxf.py", line 97, in _geometric_analysis
    sx * M3_TO_MM3, sy * M3_TO_MM3,
    ~~~^~~~~~~~~~~
TypeError: unsupported operand type(s) for *: 'NoneType' and 'float'
2025-07-29 15:03:10,087 - INFO - [Station_6_h0.1562] Starting warping analysis...
2025-07-29 15:03:10,579 - ERROR - [Station_6_h0.1562] Warping analysis failed: unsupported operand type(s) for *: 'NoneType' and 'float'
Traceback (most recent call last):
  File "C:\Users\Sam Hughes\Desktop\geometry_tools\n_sections\analysis\geom_utils\section_dxf.py", line 122, in _warping_analysis
    cw * M6_TO_MM6,
    ~~~^~~~~~~~~~~
TypeError: unsupported operand type(s) for *: 'NoneType' and 'float'
2025-07-29 15:03:10,580 - ERROR - [Station_6_h0.1562] Geometric analysis failed — skipping values.
2025-07-29 15:03:10,580 - ERROR - [Station_6_h0.1562] Warping analysis failed — skipping values.
2025-07-29 15:03:10,580 - INFO - [Station_6_h0.1562] SectionDXF row assembled with partial success.
2025-07-29 15:07:01,369 - INFO - [Station_6_h40] Starting geometric analysis...
2025-07-29 15:07:01,673 - ERROR - [Station_6_h40] Geometric analysis failed: unsupported operand type(s) for *: 'NoneType' and 'float'
Traceback (most recent call last):
  File "C:\Users\Sam Hughes\Desktop\geometry_tools\n_sections\analysis\geom_utils\section_dxf.py", line 97, in _geometric_analysis
    sx * M3_TO_MM3, sy * M3_TO_MM3,
    ~~~^~~~~~~~~~~
TypeError: unsupported operand type(s) for *: 'NoneType' and 'float'
2025-07-29 15:07:01,673 - INFO - [Station_6_h40] Starting warping analysis...
2025-07-29 15:07:02,474 - ERROR - [Station_6_h40] Warping analysis failed: unsupported operand type(s) for *: 'NoneType' and 'float'
Traceback (most recent call last):
  File "C:\Users\Sam Hughes\Desktop\geometry_tools\n_sections\analysis\geom_utils\section_dxf.py", line 122, in _warping_analysis
    cw * M6_TO_MM6,
    ~~~^~~~~~~~~~~
TypeError: unsupported operand type(s) for *: 'NoneType' and 'float'
2025-07-29 15:07:02,474 - ERROR - [Station_6_h40] Geometric analysis failed — skipping values.
2025-07-29 15:07:02,474 - ERROR - [Station_6_h40] Warping analysis failed — skipping values.
2025-07-29 15:07:02,474 - INFO - [Station_6_h40] SectionDXF row assembled with partial success.
2025-07-29 15:07:02,559 - INFO - [Station_6_h10] Starting geometric analysis...
2025-07-29 15:07:02,655 - ERROR - [Station_6_h10] Geometric analysis failed: unsupported operand type(s) for *: 'NoneType' and 'float'
Traceback (most recent call last):
  File "C:\Users\Sam Hughes\Desktop\geometry_tools\n_sections\analysis\geom_utils\section_dxf.py", line 97, in _geometric_analysis
    sx * M3_TO_MM3, sy * M3_TO_MM3,
    ~~~^~~~~~~~~~~
TypeError: unsupported operand type(s) for *: 'NoneType' and 'float'
2025-07-29 15:07:02,656 - INFO - [Station_6_h10] Starting warping analysis...
2025-07-29 15:07:03,155 - ERROR - [Station_6_h10] Warping analysis failed: unsupported operand type(s) for *: 'NoneType' and 'float'
Traceback (most recent call last):
  File "C:\Users\Sam Hughes\Desktop\geometry_tools\n_sections\analysis\geom_utils\section_dxf.py", line 122, in _warping_analysis
    cw * M6_TO_MM6,
    ~~~^~~~~~~~~~~
TypeError: unsupported operand type(s) for *: 'NoneType' and 'float'
2025-07-29 15:07:03,155 - ERROR - [Station_6_h10] Geometric analysis failed — skipping values.
2025-07-29 15:07:03,155 - ERROR - [Station_6_h10] Warping analysis failed — skipping values.
2025-07-29 15:07:03,155 - INFO - [Station_6_h10] SectionDXF row assembled with partial success.
2025-07-29 15:07:03,247 - INFO - [Station_6_h2.5] Starting geometric analysis...
2025-07-29 15:07:03,348 - ERROR - [Station_6_h2.5] Geometric analysis failed: unsupported operand type(s) for *: 'NoneType' and 'float'
Traceback (most recent call last):
  File "C:\Users\Sam Hughes\Desktop\geometry_tools\n_sections\analysis\geom_utils\section_dxf.py", line 97, in _geometric_analysis
    sx * M3_TO_MM3, sy * M3_TO_MM3,
    ~~~^~~~~~~~~~~
TypeError: unsupported operand type(s) for *: 'NoneType' and 'float'
2025-07-29 15:07:03,349 - INFO - [Station_6_h2.5] Starting warping analysis...
2025-07-29 15:07:03,860 - ERROR - [Station_6_h2.5] Warping analysis failed: unsupported operand type(s) for *: 'NoneType' and 'float'
Traceback (most recent call last):
  File "C:\Users\Sam Hughes\Desktop\geometry_tools\n_sections\analysis\geom_utils\section_dxf.py", line 122, in _warping_analysis
    cw * M6_TO_MM6,
    ~~~^~~~~~~~~~~
TypeError: unsupported operand type(s) for *: 'NoneType' and 'float'
2025-07-29 15:07:03,860 - ERROR - [Station_6_h2.5] Geometric analysis failed — skipping values.
2025-07-29 15:07:03,860 - ERROR - [Station_6_h2.5] Warping analysis failed — skipping values.
2025-07-29 15:07:03,860 - INFO - [Station_6_h2.5] SectionDXF row assembled with partial success.
2025-07-29 15:07:03,933 - INFO - [Station_6_h0.625] Starting geometric analysis...
2025-07-29 15:07:04,023 - ERROR - [Station_6_h0.625] Geometric analysis failed: unsupported operand type(s) for *: 'NoneType' and 'float'
Traceback (most recent call last):
  File "C:\Users\Sam Hughes\Desktop\geometry_tools\n_sections\analysis\geom_utils\section_dxf.py", line 97, in _geometric_analysis
    sx * M3_TO_MM3, sy * M3_TO_MM3,
    ~~~^~~~~~~~~~~
TypeError: unsupported operand type(s) for *: 'NoneType' and 'float'
2025-07-29 15:07:04,023 - INFO - [Station_6_h0.625] Starting warping analysis...
2025-07-29 15:07:04,522 - ERROR - [Station_6_h0.625] Warping analysis failed: unsupported operand type(s) for *: 'NoneType' and 'float'
Traceback (most recent call last):
  File "C:\Users\Sam Hughes\Desktop\geometry_tools\n_sections\analysis\geom_utils\section_dxf.py", line 122, in _warping_analysis
    cw * M6_TO_MM6,
    ~~~^~~~~~~~~~~
TypeError: unsupported operand type(s) for *: 'NoneType' and 'float'
2025-07-29 15:07:04,522 - ERROR - [Station_6_h0.625] Geometric analysis failed — skipping values.
2025-07-29 15:07:04,522 - ERROR - [Station_6_h0.625] Warping analysis failed — skipping values.
2025-07-29 15:07:04,522 - INFO - [Station_6_h0.625] SectionDXF row assembled with partial success.
2025-07-29 15:07:04,607 - INFO - [Station_6_h0.1562] Starting geometric analysis...
2025-07-29 15:07:04,690 - ERROR - [Station_6_h0.1562] Geometric analysis failed: unsupported operand type(s) for *: 'NoneType' and 'float'
Traceback (most recent call last):
  File "C:\Users\Sam Hughes\Desktop\geometry_tools\n_sections\analysis\geom_utils\section_dxf.py", line 97, in _geometric_analysis
    sx * M3_TO_MM3, sy * M3_TO_MM3,
    ~~~^~~~~~~~~~~
TypeError: unsupported operand type(s) for *: 'NoneType' and 'float'
2025-07-29 15:07:04,690 - INFO - [Station_6_h0.1562] Starting warping analysis...
2025-07-29 15:07:05,223 - ERROR - [Station_6_h0.1562] Warping analysis failed: unsupported operand type(s) for *: 'NoneType' and 'float'
Traceback (most recent call last):
  File "C:\Users\Sam Hughes\Desktop\geometry_tools\n_sections\analysis\geom_utils\section_dxf.py", line 122, in _warping_analysis
    cw * M6_TO_MM6,
    ~~~^~~~~~~~~~~
TypeError: unsupported operand type(s) for *: 'NoneType' and 'float'
2025-07-29 15:07:05,223 - ERROR - [Station_6_h0.1562] Geometric analysis failed — skipping values.
2025-07-29 15:07:05,223 - ERROR - [Station_6_h0.1562] Warping analysis failed — skipping values.
2025-07-29 15:07:05,223 - INFO - [Station_6_h0.1562] SectionDXF row assembled with partial success.
2025-07-29 20:04:03,284 - INFO - [Station_6_h40] Starting geometric analysis...
2025-07-29 20:04:03,764 - WARNING - [Station_6_h40] Shape modulus sx/sy returned None.
2025-07-29 20:04:03,764 - ERROR - [Station_6_h40] Incomplete geometric properties.
2025-07-29 20:04:03,764 - INFO - [Station_6_h40] Starting warping analysis...
2025-07-29 20:04:04,696 - INFO - [Station_6_h40] SectionDXF row assembled with partial success.
2025-07-29 20:04:04,813 - INFO - [Station_6_h10] Starting geometric analysis...
2025-07-29 20:04:04,956 - WARNING - [Station_6_h10] Shape modulus sx/sy returned None.
2025-07-29 20:04:04,956 - ERROR - [Station_6_h10] Incomplete geometric properties.
2025-07-29 20:04:04,957 - INFO - [Station_6_h10] Starting warping analysis...
2025-07-29 20:04:05,610 - INFO - [Station_6_h10] SectionDXF row assembled with partial success.
2025-07-29 20:04:05,700 - INFO - [Station_6_h2.5] Starting geometric analysis...
2025-07-29 20:04:05,816 - WARNING - [Station_6_h2.5] Shape modulus sx/sy returned None.
2025-07-29 20:04:05,816 - ERROR - [Station_6_h2.5] Incomplete geometric properties.
2025-07-29 20:04:05,817 - INFO - [Station_6_h2.5] Starting warping analysis...
2025-07-29 20:04:06,455 - INFO - [Station_6_h2.5] SectionDXF row assembled with partial success.
2025-07-29 20:04:06,543 - INFO - [Station_6_h0.625] Starting geometric analysis...
2025-07-29 20:04:06,660 - WARNING - [Station_6_h0.625] Shape modulus sx/sy returned None.
2025-07-29 20:04:06,661 - ERROR - [Station_6_h0.625] Incomplete geometric properties.
2025-07-29 20:04:06,661 - INFO - [Station_6_h0.625] Starting warping analysis...
2025-07-29 20:04:07,340 - INFO - [Station_6_h0.625] SectionDXF row assembled with partial success.
2025-07-29 20:04:07,442 - INFO - [Station_6_h0.1562] Starting geometric analysis...
2025-07-29 20:04:07,596 - WARNING - [Station_6_h0.1562] Shape modulus sx/sy returned None.
2025-07-29 20:04:07,597 - ERROR - [Station_6_h0.1562] Incomplete geometric properties.
2025-07-29 20:04:07,599 - INFO - [Station_6_h0.1562] Starting warping analysis...
2025-07-29 20:04:08,324 - INFO - [Station_6_h0.1562] SectionDXF row assembled with partial success.
2025-07-29 20:09:01,134 - INFO - [Station_6_h40] Starting geometric analysis...
2025-07-29 20:09:01,580 - INFO - [Station_6_h40] Area = 0.000574273
2025-07-29 20:09:01,580 - INFO - [Station_6_h40] Perimeter = 0.183635
2025-07-29 20:09:01,581 - INFO - [Station_6_h40] Centroid cx = 0.0025
2025-07-29 20:09:01,581 - INFO - [Station_6_h40] Centroid cy = -0.00705
2025-07-29 20:09:01,581 - INFO - [Station_6_h40] Ixx = 1.17792e-08
2025-07-29 20:09:01,582 - INFO - [Station_6_h40] Iyy = 2.66621e-07
2025-07-29 20:09:01,582 - INFO - [Station_6_h40] Ixy = 3.26615e-08
2025-07-29 20:09:01,582 - INFO - [Station_6_h40] Ip = 2.784e-07
2025-07-29 20:09:01,599 - INFO - [Station_6_h40] Principal I1 = 2.7074e-07
2025-07-29 20:09:01,600 - INFO - [Station_6_h40] Principal I2 = 7.65979e-09
2025-07-29 20:09:01,600 - INFO - [Station_6_h40] Radius rx = 0.00452897
2025-07-29 20:09:01,600 - INFO - [Station_6_h40] Radius ry = 0.021547
2025-07-29 20:09:01,600 - WARNING - [Station_6_h40] Section modulus Sx returned None.
2025-07-29 20:09:01,601 - WARNING - [Station_6_h40] Section modulus Sy returned None.
2025-07-29 20:09:01,601 - ERROR - [Station_6_h40] Incomplete geometric properties.
2025-07-29 20:09:01,601 - INFO - [Station_6_h40] Starting warping analysis...
2025-07-29 20:09:02,585 - INFO - [Station_6_h40] J = 2.66694e-08
2025-07-29 20:09:02,586 - INFO - [Station_6_h40] Asx = 0.000395497
2025-07-29 20:09:02,586 - INFO - [Station_6_h40] Asy = 2.86213e-05
2025-07-29 20:09:02,587 - INFO - [Station_6_h40] SCx = -0.00653134
2025-07-29 20:09:02,587 - INFO - [Station_6_h40] SCy = -0.00742025
2025-07-29 20:09:02,588 - INFO - [Station_6_h40] Beta_x+ = -0.00765018
2025-07-29 20:09:02,588 - INFO - [Station_6_h40] Beta_x- = 0.00765018
2025-07-29 20:09:02,589 - INFO - [Station_6_h40] Beta_y+ = -0.0240867
2025-07-29 20:09:02,589 - INFO - [Station_6_h40] Beta_y- = 0.0240867
2025-07-29 20:09:02,590 - INFO - [Station_6_h40] SectionDXF row assembled with partial success.
2025-07-29 20:09:02,723 - INFO - [Station_6_h10] Starting geometric analysis...
2025-07-29 20:09:02,844 - INFO - [Station_6_h10] Area = 0.000574273
2025-07-29 20:09:02,844 - INFO - [Station_6_h10] Perimeter = 0.183635
2025-07-29 20:09:02,844 - INFO - [Station_6_h10] Centroid cx = 0.0025
2025-07-29 20:09:02,845 - INFO - [Station_6_h10] Centroid cy = -0.00705
2025-07-29 20:09:02,845 - INFO - [Station_6_h10] Ixx = 1.17792e-08
2025-07-29 20:09:02,846 - INFO - [Station_6_h10] Iyy = 2.66621e-07
2025-07-29 20:09:02,846 - INFO - [Station_6_h10] Ixy = 3.26615e-08
2025-07-29 20:09:02,847 - INFO - [Station_6_h10] Ip = 2.784e-07
2025-07-29 20:09:02,867 - INFO - [Station_6_h10] Principal I1 = 2.7074e-07
2025-07-29 20:09:02,867 - INFO - [Station_6_h10] Principal I2 = 7.65979e-09
2025-07-29 20:09:02,868 - INFO - [Station_6_h10] Radius rx = 0.00452897
2025-07-29 20:09:02,868 - INFO - [Station_6_h10] Radius ry = 0.021547
2025-07-29 20:09:02,868 - WARNING - [Station_6_h10] Section modulus Sx returned None.
2025-07-29 20:09:02,869 - WARNING - [Station_6_h10] Section modulus Sy returned None.
2025-07-29 20:09:02,869 - ERROR - [Station_6_h10] Incomplete geometric properties.
2025-07-29 20:09:02,869 - INFO - [Station_6_h10] Starting warping analysis...
2025-07-29 20:09:03,519 - INFO - [Station_6_h10] J = 2.66694e-08
2025-07-29 20:09:03,520 - INFO - [Station_6_h10] Asx = 0.000395497
2025-07-29 20:09:03,520 - INFO - [Station_6_h10] Asy = 2.86213e-05
2025-07-29 20:09:03,521 - INFO - [Station_6_h10] SCx = -0.00653134
2025-07-29 20:09:03,521 - INFO - [Station_6_h10] SCy = -0.00742025
2025-07-29 20:09:03,522 - INFO - [Station_6_h10] Beta_x+ = -0.00765018
2025-07-29 20:09:03,522 - INFO - [Station_6_h10] Beta_x- = 0.00765018
2025-07-29 20:09:03,522 - INFO - [Station_6_h10] Beta_y+ = -0.0240867
2025-07-29 20:09:03,523 - INFO - [Station_6_h10] Beta_y- = 0.0240867
2025-07-29 20:09:03,524 - INFO - [Station_6_h10] SectionDXF row assembled with partial success.
2025-07-29 20:09:03,613 - INFO - [Station_6_h2.5] Starting geometric analysis...
2025-07-29 20:09:03,730 - INFO - [Station_6_h2.5] Area = 0.000574273
2025-07-29 20:09:03,730 - INFO - [Station_6_h2.5] Perimeter = 0.183635
2025-07-29 20:09:03,730 - INFO - [Station_6_h2.5] Centroid cx = 0.0025
2025-07-29 20:09:03,731 - INFO - [Station_6_h2.5] Centroid cy = -0.00705
2025-07-29 20:09:03,731 - INFO - [Station_6_h2.5] Ixx = 1.17792e-08
2025-07-29 20:09:03,732 - INFO - [Station_6_h2.5] Iyy = 2.66621e-07
2025-07-29 20:09:03,732 - INFO - [Station_6_h2.5] Ixy = 3.26615e-08
2025-07-29 20:09:03,733 - INFO - [Station_6_h2.5] Ip = 2.784e-07
2025-07-29 20:09:03,751 - INFO - [Station_6_h2.5] Principal I1 = 2.7074e-07
2025-07-29 20:09:03,751 - INFO - [Station_6_h2.5] Principal I2 = 7.65979e-09
2025-07-29 20:09:03,751 - INFO - [Station_6_h2.5] Radius rx = 0.00452897
2025-07-29 20:09:03,752 - INFO - [Station_6_h2.5] Radius ry = 0.021547
2025-07-29 20:09:03,752 - WARNING - [Station_6_h2.5] Section modulus Sx returned None.
2025-07-29 20:09:03,752 - WARNING - [Station_6_h2.5] Section modulus Sy returned None.
2025-07-29 20:09:03,753 - ERROR - [Station_6_h2.5] Incomplete geometric properties.
2025-07-29 20:09:03,753 - INFO - [Station_6_h2.5] Starting warping analysis...
2025-07-29 20:09:04,683 - INFO - [Station_6_h2.5] J = 2.66694e-08
2025-07-29 20:09:04,683 - INFO - [Station_6_h2.5] Asx = 0.000395497
2025-07-29 20:09:04,684 - INFO - [Station_6_h2.5] Asy = 2.86213e-05
2025-07-29 20:09:04,685 - INFO - [Station_6_h2.5] SCx = -0.00653134
2025-07-29 20:09:04,685 - INFO - [Station_6_h2.5] SCy = -0.00742025
2025-07-29 20:09:04,686 - INFO - [Station_6_h2.5] Beta_x+ = -0.00765018
2025-07-29 20:09:04,686 - INFO - [Station_6_h2.5] Beta_x- = 0.00765018
2025-07-29 20:09:04,686 - INFO - [Station_6_h2.5] Beta_y+ = -0.0240867
2025-07-29 20:09:04,687 - INFO - [Station_6_h2.5] Beta_y- = 0.0240867
2025-07-29 20:09:04,687 - INFO - [Station_6_h2.5] SectionDXF row assembled with partial success.
2025-07-29 20:09:04,779 - INFO - [Station_6_h0.625] Starting geometric analysis...
2025-07-29 20:09:04,896 - INFO - [Station_6_h0.625] Area = 0.000574273
2025-07-29 20:09:04,897 - INFO - [Station_6_h0.625] Perimeter = 0.183635
2025-07-29 20:09:04,897 - INFO - [Station_6_h0.625] Centroid cx = 0.0025
2025-07-29 20:09:04,898 - INFO - [Station_6_h0.625] Centroid cy = -0.00705
2025-07-29 20:09:04,898 - INFO - [Station_6_h0.625] Ixx = 1.17792e-08
2025-07-29 20:09:04,899 - INFO - [Station_6_h0.625] Iyy = 2.66621e-07
2025-07-29 20:09:04,899 - INFO - [Station_6_h0.625] Ixy = 3.26615e-08
2025-07-29 20:09:04,899 - INFO - [Station_6_h0.625] Ip = 2.784e-07
2025-07-29 20:09:04,916 - INFO - [Station_6_h0.625] Principal I1 = 2.7074e-07
2025-07-29 20:09:04,916 - INFO - [Station_6_h0.625] Principal I2 = 7.65979e-09
2025-07-29 20:09:04,916 - INFO - [Station_6_h0.625] Radius rx = 0.00452897
2025-07-29 20:09:04,916 - INFO - [Station_6_h0.625] Radius ry = 0.021547
2025-07-29 20:09:04,917 - WARNING - [Station_6_h0.625] Section modulus Sx returned None.
2025-07-29 20:09:04,917 - WARNING - [Station_6_h0.625] Section modulus Sy returned None.
2025-07-29 20:09:04,918 - ERROR - [Station_6_h0.625] Incomplete geometric properties.
2025-07-29 20:09:04,918 - INFO - [Station_6_h0.625] Starting warping analysis...
2025-07-29 20:09:05,556 - INFO - [Station_6_h0.625] J = 2.66694e-08
2025-07-29 20:09:05,556 - INFO - [Station_6_h0.625] Asx = 0.000395497
2025-07-29 20:09:05,557 - INFO - [Station_6_h0.625] Asy = 2.86213e-05
2025-07-29 20:09:05,557 - INFO - [Station_6_h0.625] SCx = -0.00653134
2025-07-29 20:09:05,558 - INFO - [Station_6_h0.625] SCy = -0.00742025
2025-07-29 20:09:05,558 - INFO - [Station_6_h0.625] Beta_x+ = -0.00765018
2025-07-29 20:09:05,559 - INFO - [Station_6_h0.625] Beta_x- = 0.00765018
2025-07-29 20:09:05,559 - INFO - [Station_6_h0.625] Beta_y+ = -0.0240867
2025-07-29 20:09:05,559 - INFO - [Station_6_h0.625] Beta_y- = 0.0240867
2025-07-29 20:09:05,560 - INFO - [Station_6_h0.625] SectionDXF row assembled with partial success.
2025-07-29 20:09:05,651 - INFO - [Station_6_h0.1562] Starting geometric analysis...
2025-07-29 20:09:05,769 - INFO - [Station_6_h0.1562] Area = 0.000574273
2025-07-29 20:09:05,770 - INFO - [Station_6_h0.1562] Perimeter = 0.183635
2025-07-29 20:09:05,770 - INFO - [Station_6_h0.1562] Centroid cx = 0.0025
2025-07-29 20:09:05,771 - INFO - [Station_6_h0.1562] Centroid cy = -0.00705
2025-07-29 20:09:05,771 - INFO - [Station_6_h0.1562] Ixx = 1.17792e-08
2025-07-29 20:09:05,772 - INFO - [Station_6_h0.1562] Iyy = 2.66621e-07
2025-07-29 20:09:05,772 - INFO - [Station_6_h0.1562] Ixy = 3.26615e-08
2025-07-29 20:09:05,772 - INFO - [Station_6_h0.1562] Ip = 2.784e-07
2025-07-29 20:09:05,796 - INFO - [Station_6_h0.1562] Principal I1 = 2.7074e-07
2025-07-29 20:09:05,797 - INFO - [Station_6_h0.1562] Principal I2 = 7.65979e-09
2025-07-29 20:09:05,797 - INFO - [Station_6_h0.1562] Radius rx = 0.00452897
2025-07-29 20:09:05,797 - INFO - [Station_6_h0.1562] Radius ry = 0.021547
2025-07-29 20:09:05,797 - WARNING - [Station_6_h0.1562] Section modulus Sx returned None.
2025-07-29 20:09:05,798 - WARNING - [Station_6_h0.1562] Section modulus Sy returned None.
2025-07-29 20:09:05,798 - ERROR - [Station_6_h0.1562] Incomplete geometric properties.
2025-07-29 20:09:05,798 - INFO - [Station_6_h0.1562] Starting warping analysis...
2025-07-29 20:09:06,438 - INFO - [Station_6_h0.1562] J = 2.66694e-08
2025-07-29 20:09:06,439 - INFO - [Station_6_h0.1562] Asx = 0.000395497
2025-07-29 20:09:06,439 - INFO - [Station_6_h0.1562] Asy = 2.86213e-05
2025-07-29 20:09:06,440 - INFO - [Station_6_h0.1562] SCx = -0.00653134
2025-07-29 20:09:06,440 - INFO - [Station_6_h0.1562] SCy = -0.00742025
2025-07-29 20:09:06,441 - INFO - [Station_6_h0.1562] Beta_x+ = -0.00765018
2025-07-29 20:09:06,441 - INFO - [Station_6_h0.1562] Beta_x- = 0.00765018
2025-07-29 20:09:06,442 - INFO - [Station_6_h0.1562] Beta_y+ = -0.0240867
2025-07-29 20:09:06,443 - INFO - [Station_6_h0.1562] Beta_y- = 0.0240867
2025-07-29 20:09:06,443 - INFO - [Station_6_h0.1562] SectionDXF row assembled with partial success.
