2025-07-31 13:32:41,755 - INFO - Logger initialized for ConvergenceStudy [Station_10]
2025-07-31 13:32:41,755 - INFO - Starting convergence study over 3 mesh sizes: [40.  10.   2.5]
2025-07-31 13:32:41,755 - INFO - [1/3] Processing mesh size h = 40
2025-07-31 13:32:41,755 - DEBUG - [Station_10_h40] Copying geometry and initiating meshing …
2025-07-31 13:32:41,770 - INFO - [Station_10_h40] Mesh created successfully
2025-07-31 13:32:41,770 - DEBUG - [Station_10_h40] Starting section property calculation …
2025-07-31 13:32:43,004 - ERROR - [Station_10_h40] Section analysis failed: can only concatenate list (not "NoneType") to list
Traceback (most recent call last):
  File "C:\Users\Sam Hughes\Desktop\geometry_tools\n_sections\analysis\convergence\convergence_study.py", line 126, in _analyse_section
    dxf_calc = SectionDXF(
               ^^^^^^^^^^^
  File "C:\Users\Sam Hughes\Desktop\geometry_tools\n_sections\analysis\geom_utils\section_dxf.py", line 60, in __init__
    self._extract_property_row()
  File "C:\Users\Sam Hughes\Desktop\geometry_tools\n_sections\analysis\geom_utils\section_dxf.py", line 119, in _extract_property_row
    self.row = row + results["bounds"] + results["geometric"] + results["warping_shear"] + results["derived"]
               ~~~~~~~~~~~~~~~~~~~~~~~~~~~~~~~~~~~~~~~~~~~~~~~~~~~~~~~~~~~~~~~~~~~~~~~~~~^~~~~~~~~~~~~~~~~~~~
TypeError: can only concatenate list (not "NoneType") to list
2025-07-31 13:32:43,006 - WARNING - [Station_10_h40] Skipped due to section analysis failure.
2025-07-31 13:32:43,006 - INFO - [2/3] Processing mesh size h = 10
2025-07-31 13:32:43,006 - DEBUG - [Station_10_h10] Copying geometry and initiating meshing …
2025-07-31 13:32:43,016 - INFO - [Station_10_h10] Mesh created successfully
2025-07-31 13:32:43,016 - DEBUG - [Station_10_h10] Starting section property calculation …
2025-07-31 13:32:43,904 - ERROR - [Station_10_h10] Section analysis failed: can only concatenate list (not "NoneType") to list
Traceback (most recent call last):
  File "C:\Users\Sam Hughes\Desktop\geometry_tools\n_sections\analysis\convergence\convergence_study.py", line 126, in _analyse_section
    dxf_calc = SectionDXF(
               ^^^^^^^^^^^
  File "C:\Users\Sam Hughes\Desktop\geometry_tools\n_sections\analysis\geom_utils\section_dxf.py", line 60, in __init__
    self._extract_property_row()
  File "C:\Users\Sam Hughes\Desktop\geometry_tools\n_sections\analysis\geom_utils\section_dxf.py", line 119, in _extract_property_row
    self.row = row + results["bounds"] + results["geometric"] + results["warping_shear"] + results["derived"]
               ~~~~~~~~~~~~~~~~~~~~~~~~~~~~~~~~~~~~~~~~~~~~~~~~~~~~~~~~~~~~~~~~~~~~~~~~~~^~~~~~~~~~~~~~~~~~~~
TypeError: can only concatenate list (not "NoneType") to list
2025-07-31 13:32:43,904 - WARNING - [Station_10_h10] Skipped due to section analysis failure.
2025-07-31 13:32:43,904 - INFO - [3/3] Processing mesh size h = 2.5
2025-07-31 13:32:43,904 - DEBUG - [Station_10_h2.5] Copying geometry and initiating meshing …
2025-07-31 13:32:43,919 - INFO - [Station_10_h2.5] Mesh created successfully
2025-07-31 13:32:43,919 - DEBUG - [Station_10_h2.5] Starting section property calculation …
2025-07-31 13:32:44,765 - ERROR - [Station_10_h2.5] Section analysis failed: can only concatenate list (not "NoneType") to list
Traceback (most recent call last):
  File "C:\Users\Sam Hughes\Desktop\geometry_tools\n_sections\analysis\convergence\convergence_study.py", line 126, in _analyse_section
    dxf_calc = SectionDXF(
               ^^^^^^^^^^^
  File "C:\Users\Sam Hughes\Desktop\geometry_tools\n_sections\analysis\geom_utils\section_dxf.py", line 60, in __init__
    self._extract_property_row()
  File "C:\Users\Sam Hughes\Desktop\geometry_tools\n_sections\analysis\geom_utils\section_dxf.py", line 119, in _extract_property_row
    self.row = row + results["bounds"] + results["geometric"] + results["warping_shear"] + results["derived"]
               ~~~~~~~~~~~~~~~~~~~~~~~~~~~~~~~~~~~~~~~~~~~~~~~~~~~~~~~~~~~~~~~~~~~~~~~~~~^~~~~~~~~~~~~~~~~~~~
TypeError: can only concatenate list (not "NoneType") to list
2025-07-31 13:32:44,765 - WARNING - [Station_10_h2.5] Skipped due to section analysis failure.
2025-07-31 13:32:44,765 - INFO - Convergence study completed: 0 successful, 3 attempted
