2025-07-31 13:32:41,841 - SectionDXF.Station_10_h40 - INFO - Starting analysis for section 'Station_10_h40'
2025-07-31 13:32:41,841 - SectionDXF.Station_10_h40 - INFO - [Station_10_h40] Computing section bounds
2025-07-31 13:32:41,841 - SectionDXF.Station_10_h40 - INFO - [Station_10_h40] Starting geometric analysis
2025-07-31 13:32:42,184 - SectionDXF.Station_10_h40 - INFO - [Station_10_h40] Starting warping and shear analysis
2025-07-31 13:32:43,003 - SectionDXF.Station_10_h40 - ERROR - [Station_10_h40] Shear properties failed: 'SectionProperties' object has no attribute 'asx'
Traceback (most recent call last):
  File "C:\Users\Sam Hughes\Desktop\geometry_tools\n_sections\analysis\geom_utils\section_dxf.py", line 262, in _shear_properties
    self.asx = props.asx or 0.0
               ^^^^^^^^^
AttributeError: 'SectionProperties' object has no attribute 'asx'
2025-07-31 13:32:43,003 - SectionDXF.Station_10_h40 - INFO - [Station_10_h40] Calculating derived parameters
2025-07-31 13:32:43,003 - SectionDXF.Station_10_h40 - ERROR - [Station_10_h40] Derived parameters failed: 'SectionDXF' object has no attribute 'asx'
Traceback (most recent call last):
  File "C:\Users\Sam Hughes\Desktop\geometry_tools\n_sections\analysis\geom_utils\section_dxf.py", line 302, in _derived_parameters
    self._safe_div(self.asx, self.area),
                   ^^^^^^^^
AttributeError: 'SectionDXF' object has no attribute 'asx'
2025-07-31 13:32:43,003 - SectionDXF.Station_10_h40 - CRITICAL - Fatal error during analysis: can only concatenate list (not "NoneType") to list
Traceback (most recent call last):
  File "C:\Users\Sam Hughes\Desktop\geometry_tools\n_sections\analysis\geom_utils\section_dxf.py", line 60, in __init__
    self._extract_property_row()
  File "C:\Users\Sam Hughes\Desktop\geometry_tools\n_sections\analysis\geom_utils\section_dxf.py", line 119, in _extract_property_row
    self.row = row + results["bounds"] + results["geometric"] + results["warping_shear"] + results["derived"]
               ~~~~~~~~~~~~~~~~~~~~~~~~~~~~~~~~~~~~~~~~~~~~~~~~~~~~~~~~~~~~~~~~~~~~~~~~~~^~~~~~~~~~~~~~~~~~~~
TypeError: can only concatenate list (not "NoneType") to list
2025-07-31 13:32:43,084 - SectionDXF.Station_10_h10 - INFO - Starting analysis for section 'Station_10_h10'
2025-07-31 13:32:43,084 - SectionDXF.Station_10_h10 - INFO - [Station_10_h10] Computing section bounds
2025-07-31 13:32:43,084 - SectionDXF.Station_10_h10 - INFO - [Station_10_h10] Starting geometric analysis
2025-07-31 13:32:43,195 - SectionDXF.Station_10_h10 - INFO - [Station_10_h10] Starting warping and shear analysis
2025-07-31 13:32:43,894 - SectionDXF.Station_10_h10 - ERROR - [Station_10_h10] Shear properties failed: 'SectionProperties' object has no attribute 'asx'
Traceback (most recent call last):
  File "C:\Users\Sam Hughes\Desktop\geometry_tools\n_sections\analysis\geom_utils\section_dxf.py", line 262, in _shear_properties
    self.asx = props.asx or 0.0
               ^^^^^^^^^
AttributeError: 'SectionProperties' object has no attribute 'asx'
2025-07-31 13:32:43,894 - SectionDXF.Station_10_h10 - INFO - [Station_10_h10] Calculating derived parameters
2025-07-31 13:32:43,894 - SectionDXF.Station_10_h10 - ERROR - [Station_10_h10] Derived parameters failed: 'SectionDXF' object has no attribute 'asx'
Traceback (most recent call last):
  File "C:\Users\Sam Hughes\Desktop\geometry_tools\n_sections\analysis\geom_utils\section_dxf.py", line 302, in _derived_parameters
    self._safe_div(self.asx, self.area),
                   ^^^^^^^^
AttributeError: 'SectionDXF' object has no attribute 'asx'
2025-07-31 13:32:43,894 - SectionDXF.Station_10_h10 - CRITICAL - Fatal error during analysis: can only concatenate list (not "NoneType") to list
Traceback (most recent call last):
  File "C:\Users\Sam Hughes\Desktop\geometry_tools\n_sections\analysis\geom_utils\section_dxf.py", line 60, in __init__
    self._extract_property_row()
  File "C:\Users\Sam Hughes\Desktop\geometry_tools\n_sections\analysis\geom_utils\section_dxf.py", line 119, in _extract_property_row
    self.row = row + results["bounds"] + results["geometric"] + results["warping_shear"] + results["derived"]
               ~~~~~~~~~~~~~~~~~~~~~~~~~~~~~~~~~~~~~~~~~~~~~~~~~~~~~~~~~~~~~~~~~~~~~~~~~~^~~~~~~~~~~~~~~~~~~~
TypeError: can only concatenate list (not "NoneType") to list
2025-07-31 13:32:44,011 - SectionDXF.Station_10_h2.5 - INFO - Starting analysis for section 'Station_10_h2.5'
2025-07-31 13:32:44,011 - SectionDXF.Station_10_h2.5 - INFO - [Station_10_h2.5] Computing section bounds
2025-07-31 13:32:44,011 - SectionDXF.Station_10_h2.5 - INFO - [Station_10_h2.5] Starting geometric analysis
2025-07-31 13:32:44,131 - SectionDXF.Station_10_h2.5 - INFO - [Station_10_h2.5] Starting warping and shear analysis
2025-07-31 13:32:44,763 - SectionDXF.Station_10_h2.5 - ERROR - [Station_10_h2.5] Shear properties failed: 'SectionProperties' object has no attribute 'asx'
Traceback (most recent call last):
  File "C:\Users\Sam Hughes\Desktop\geometry_tools\n_sections\analysis\geom_utils\section_dxf.py", line 262, in _shear_properties
    self.asx = props.asx or 0.0
               ^^^^^^^^^
AttributeError: 'SectionProperties' object has no attribute 'asx'
2025-07-31 13:32:44,763 - SectionDXF.Station_10_h2.5 - INFO - [Station_10_h2.5] Calculating derived parameters
2025-07-31 13:32:44,765 - SectionDXF.Station_10_h2.5 - ERROR - [Station_10_h2.5] Derived parameters failed: 'SectionDXF' object has no attribute 'asx'
Traceback (most recent call last):
  File "C:\Users\Sam Hughes\Desktop\geometry_tools\n_sections\analysis\geom_utils\section_dxf.py", line 302, in _derived_parameters
    self._safe_div(self.asx, self.area),
                   ^^^^^^^^
AttributeError: 'SectionDXF' object has no attribute 'asx'
2025-07-31 13:32:44,765 - SectionDXF.Station_10_h2.5 - CRITICAL - Fatal error during analysis: can only concatenate list (not "NoneType") to list
Traceback (most recent call last):
  File "C:\Users\Sam Hughes\Desktop\geometry_tools\n_sections\analysis\geom_utils\section_dxf.py", line 60, in __init__
    self._extract_property_row()
  File "C:\Users\Sam Hughes\Desktop\geometry_tools\n_sections\analysis\geom_utils\section_dxf.py", line 119, in _extract_property_row
    self.row = row + results["bounds"] + results["geometric"] + results["warping_shear"] + results["derived"]
               ~~~~~~~~~~~~~~~~~~~~~~~~~~~~~~~~~~~~~~~~~~~~~~~~~~~~~~~~~~~~~~~~~~~~~~~~~~^~~~~~~~~~~~~~~~~~~~
TypeError: can only concatenate list (not "NoneType") to list
