2025-08-20 02:52:21,630 | INFO     | Logging initialized for ProcessSectionAnalysis
2025-08-20 02:52:21,630 | INFO     | Station sec_035_r0.434 [Analysis]: DXF=C:\Users\samea\Desktop\geometry_tools\n_sections\blade\sec_035_r0.434.dxf, twist=8.7°, origin: CP-proxy @ 33.0% chord
2025-08-20 02:52:21,630 | INFO     | Starting raw geometry processing …
2025-08-20 02:52:21,630 | INFO     | Instantiating RawGeometry for DXF: C:\Users\samea\Desktop\geometry_tools\n_sections\blade\sec_035_r0.434.dxf
2025-08-20 02:52:21,631 | INFO     | RawGeometry created successfully.
2025-08-20 02:52:21,631 | INFO     | Generating raw geometry plot …
2025-08-20 02:52:21,944 | INFO     | Raw geometry visualisation completed and saved.
2025-08-20 02:52:21,944 | INFO     | Processing and visualising aligned geometry …
2025-08-20 02:52:21,944 | INFO     | Instantiating ProcessedGeometry with spline/segment settings …
2025-08-20 02:52:21,944 | INFO     | ProcessedGeometry successfully instantiated.
2025-08-20 02:52:21,944 | INFO     | Extracting (pass-through orientation & origin): twist=8.7°, origin_mode=cop, cop_fraction=0.330, cx=0.01, cy=0.00, resample_exterior=True
2025-08-20 02:52:21,984 | INFO     | Geometry extracted (no twist/origin applied).
2025-08-20 02:52:21,984 | INFO     | Generating processed geometry visualisation with trailing edge zoom …
2025-08-20 02:52:23,191 | INFO     | Processed geometry preview saved -> C:\Users\samea\Desktop\geometry_tools\n_sections\results\analysis\2025-08-20_02-49-41\sec_035_r0.434\processed_sec_035_r0.434.png
2025-08-20 02:52:23,191 | INFO     | Launching convergence study pipeline …
2025-08-20 02:52:23,191 | INFO     | Starting section convergence study using 1 mesh sizes: [40.]
2025-08-20 02:52:25,525 | INFO     | ConvergenceStudy instantiated. Running results computation …
2025-08-20 02:52:25,525 | INFO     | Convergence study completed successfully.
2025-08-20 02:52:25,525 | INFO     | Creating convergence visualisation …
2025-08-20 02:52:26,205 | INFO     | Convergence visualisation saved.
2025-08-20 02:52:26,205 | INFO     | Building metadata container for section sec_035_r0.434 …
2025-08-20 02:52:26,205 | INFO     | MetadataBin created.
2025-08-20 02:52:26,205 | INFO     | Composing SectionAnalysisResultSet …
2025-08-20 02:52:26,205 | INFO     | SectionAnalysisResultSet successfully built.
2025-08-20 02:52:26,205 | INFO     | Saving results to directory: C:\Users\samea\Desktop\geometry_tools\n_sections\results\analysis\2025-08-20_02-49-41\sec_035_r0.434
2025-08-20 02:52:26,207 | INFO     | Section analysis results successfully saved.
