2025-08-21 03:44:22,145 | INFO     | Logging initialized for ProcessSectionAnalysis
2025-08-21 03:44:22,145 | INFO     | Station sec_001_r0.143 [Analysis]: DXF=C:\Users\samea\Desktop\geometry_tools\n_sections\blade\sec_001_r0.143.dxf, twist=32.6°, origin: CP-proxy @ 33.0% chord
2025-08-21 03:44:22,145 | INFO     | Starting raw geometry processing …
2025-08-21 03:44:22,145 | INFO     | Instantiating RawGeometry for DXF: C:\Users\samea\Desktop\geometry_tools\n_sections\blade\sec_001_r0.143.dxf
2025-08-21 03:44:22,146 | INFO     | RawGeometry created successfully.
2025-08-21 03:44:22,147 | INFO     | Generating raw geometry plot …
2025-08-21 03:44:22,553 | INFO     | Raw geometry visualisation completed and saved.
2025-08-21 03:44:22,554 | INFO     | Processing and visualising aligned geometry …
2025-08-21 03:44:22,554 | INFO     | Instantiating ProcessedGeometry with spline/segment settings …
2025-08-21 03:44:22,555 | INFO     | ProcessedGeometry successfully instantiated.
2025-08-21 03:44:22,555 | INFO     | Extracting (pass-through orientation & origin): twist=32.6°, origin_mode=cop, cop_fraction=0.330, cx=0.01, cy=0.01, resample_exterior=True
2025-08-21 03:44:22,587 | INFO     | Geometry extracted (no twist/origin applied).
2025-08-21 03:44:22,587 | INFO     | Generating processed geometry visualisation with trailing edge zoom …
2025-08-21 03:44:23,684 | INFO     | Processed geometry preview saved -> C:\Users\samea\Desktop\geometry_tools\n_sections\results\analysis\2025-08-21_03-44-16\sec_001_r0.143\processed_sec_001_r0.143.png
2025-08-21 03:44:23,685 | INFO     | Launching convergence study pipeline …
2025-08-21 03:44:23,685 | INFO     | Starting section convergence study using 1 mesh sizes: [40.]
2025-08-21 03:44:25,829 | INFO     | ConvergenceStudy instantiated. Running results computation …
2025-08-21 03:44:25,829 | INFO     | Convergence study completed successfully.
2025-08-21 03:44:25,829 | INFO     | Creating convergence visualisation …
2025-08-21 03:44:26,581 | INFO     | Convergence visualisation saved.
2025-08-21 03:44:26,582 | INFO     | Building metadata container for section sec_001_r0.143 …
2025-08-21 03:44:26,582 | INFO     | MetadataBin created.
2025-08-21 03:44:26,582 | INFO     | Composing SectionAnalysisResultSet …
2025-08-21 03:44:26,582 | INFO     | SectionAnalysisResultSet successfully built.
2025-08-21 03:44:26,582 | INFO     | Saving results to directory: C:\Users\samea\Desktop\geometry_tools\n_sections\results\analysis\2025-08-21_03-44-16\sec_001_r0.143
2025-08-21 03:44:26,584 | INFO     | Section analysis results successfully saved.
