2025-08-20 02:52:02,972 | INFO     | Logging initialized for ProcessSectionAnalysis
2025-08-20 02:52:02,972 | INFO     | Station sec_031_r0.399 [Analysis]: DXF=C:\Users\samea\Desktop\geometry_tools\n_sections\blade\sec_031_r0.399.dxf, twist=9.9°, origin: CP-proxy @ 33.0% chord
2025-08-20 02:52:02,972 | INFO     | Starting raw geometry processing …
2025-08-20 02:52:02,972 | INFO     | Instantiating RawGeometry for DXF: C:\Users\samea\Desktop\geometry_tools\n_sections\blade\sec_031_r0.399.dxf
2025-08-20 02:52:02,972 | INFO     | RawGeometry created successfully.
2025-08-20 02:52:02,972 | INFO     | Generating raw geometry plot …
2025-08-20 02:52:03,318 | INFO     | Raw geometry visualisation completed and saved.
2025-08-20 02:52:03,318 | INFO     | Processing and visualising aligned geometry …
2025-08-20 02:52:03,318 | INFO     | Instantiating ProcessedGeometry with spline/segment settings …
2025-08-20 02:52:03,318 | INFO     | ProcessedGeometry successfully instantiated.
2025-08-20 02:52:03,318 | INFO     | Extracting (pass-through orientation & origin): twist=9.9°, origin_mode=cop, cop_fraction=0.330, cx=0.01, cy=0.00, resample_exterior=True
2025-08-20 02:52:03,349 | INFO     | Geometry extracted (no twist/origin applied).
2025-08-20 02:52:03,349 | INFO     | Generating processed geometry visualisation with trailing edge zoom …
2025-08-20 02:52:04,532 | INFO     | Processed geometry preview saved -> C:\Users\samea\Desktop\geometry_tools\n_sections\results\analysis\2025-08-20_02-49-41\sec_031_r0.399\processed_sec_031_r0.399.png
2025-08-20 02:52:04,532 | INFO     | Launching convergence study pipeline …
2025-08-20 02:52:04,532 | INFO     | Starting section convergence study using 1 mesh sizes: [40.]
2025-08-20 02:52:07,014 | INFO     | ConvergenceStudy instantiated. Running results computation …
2025-08-20 02:52:07,014 | INFO     | Convergence study completed successfully.
2025-08-20 02:52:07,014 | INFO     | Creating convergence visualisation …
2025-08-20 02:52:07,697 | INFO     | Convergence visualisation saved.
2025-08-20 02:52:07,697 | INFO     | Building metadata container for section sec_031_r0.399 …
2025-08-20 02:52:07,697 | INFO     | MetadataBin created.
2025-08-20 02:52:07,697 | INFO     | Composing SectionAnalysisResultSet …
2025-08-20 02:52:07,697 | INFO     | SectionAnalysisResultSet successfully built.
2025-08-20 02:52:07,697 | INFO     | Saving results to directory: C:\Users\samea\Desktop\geometry_tools\n_sections\results\analysis\2025-08-20_02-49-41\sec_031_r0.399
2025-08-20 02:52:07,697 | INFO     | Section analysis results successfully saved.
