2025-08-20 02:30:22,023 - INFO - Logger initialized for ConvergenceStudy [sec_003_r0.152]
2025-08-20 02:30:22,023 - INFO - Starting convergence study over 3 mesh sizes: [40.  10.   2.5]
2025-08-20 02:30:22,023 - INFO - [1/3] Processing mesh size h = 40
2025-08-20 02:30:22,023 - DEBUG - [sec_003_r0.152_h40] Copying geometry and initiating meshing …
2025-08-20 02:30:22,036 - INFO - [sec_003_r0.152_h40] Mesh created successfully
2025-08-20 02:30:22,036 - DEBUG - [sec_003_r0.152_h40] Starting section property calculation …
2025-08-20 02:30:23,376 - DEBUG - [sec_003_r0.152_h40] Section analysis row returned
2025-08-20 02:30:23,386 - INFO - [sec_003_r0.152_h40] Section analysis completed successfully.
2025-08-20 02:30:23,386 - INFO - [2/3] Processing mesh size h = 10
2025-08-20 02:30:23,387 - DEBUG - [sec_003_r0.152_h10] Copying geometry and initiating meshing …
2025-08-20 02:30:23,397 - INFO - [sec_003_r0.152_h10] Mesh created successfully
2025-08-20 02:30:23,397 - DEBUG - [sec_003_r0.152_h10] Starting section property calculation …
2025-08-20 02:30:24,181 - DEBUG - [sec_003_r0.152_h10] Section analysis row returned
2025-08-20 02:30:24,182 - INFO - [sec_003_r0.152_h10] Section analysis completed successfully.
2025-08-20 02:30:24,183 - INFO - [3/3] Processing mesh size h = 2.5
2025-08-20 02:30:24,183 - DEBUG - [sec_003_r0.152_h2.5] Copying geometry and initiating meshing …
2025-08-20 02:30:24,192 - INFO - [sec_003_r0.152_h2.5] Mesh created successfully
2025-08-20 02:30:24,192 - DEBUG - [sec_003_r0.152_h2.5] Starting section property calculation …
2025-08-20 02:30:24,989 - DEBUG - [sec_003_r0.152_h2.5] Section analysis row returned
2025-08-20 02:30:24,995 - INFO - [sec_003_r0.152_h2.5] Section analysis completed successfully.
2025-08-20 02:30:24,995 - INFO - Convergence study completed: 3 successful, 3 attempted
2025-08-20 02:30:24,995 - INFO - Generating convergence visualisation …
2025-08-20 02:30:26,649 - INFO - Convergence visualisation completed.
