2025-08-20 02:30:20,410 | INFO     | Logging initialized for ProcessSectionAnalysis
2025-08-20 02:30:20,410 | INFO     | Station sec_003_r0.152 [Analysis]: DXF=C:\Users\samea\Desktop\geometry_tools\n_sections\blade\sec_003_r0.152.dxf, twist=31.2°, origin: CP-proxy @ 33.0% chord
2025-08-20 02:30:20,410 | INFO     | Starting raw geometry processing …
2025-08-20 02:30:20,410 | INFO     | Instantiating RawGeometry for DXF: C:\Users\samea\Desktop\geometry_tools\n_sections\blade\sec_003_r0.152.dxf
2025-08-20 02:30:20,410 | INFO     | RawGeometry created successfully.
2025-08-20 02:30:20,410 | INFO     | Generating raw geometry plot …
2025-08-20 02:30:20,821 | INFO     | Raw geometry visualisation completed and saved.
2025-08-20 02:30:20,821 | INFO     | Processing and visualising aligned geometry …
2025-08-20 02:30:20,821 | INFO     | Instantiating ProcessedGeometry with spline/segment settings …
2025-08-20 02:30:20,822 | INFO     | ProcessedGeometry successfully instantiated.
2025-08-20 02:30:20,822 | INFO     | Extracting + aligning: twist=31.2°, origin_mode=cop, cop_fraction=0.330, cx=0.01, cy=0.01
2025-08-20 02:30:20,853 | INFO     | Geometry aligned and transformed successfully.
2025-08-20 02:30:20,853 | INFO     | Generating processed geometry visualisation with trailing edge zoom …
2025-08-20 02:30:22,023 | INFO     | Processed geometry preview saved -> C:\Users\samea\Desktop\geometry_tools\n_sections\results\analysis\2025-08-20_02-29-55\sec_003_r0.152\processed_sec_003_r0.152.png
2025-08-20 02:30:22,023 | INFO     | Launching convergence study pipeline …
2025-08-20 02:30:22,023 | INFO     | Starting section convergence study using 3 mesh sizes: [40.  10.   2.5]
2025-08-20 02:30:26,649 | INFO     | ConvergenceStudy instantiated. Running results computation …
2025-08-20 02:30:26,649 | INFO     | Convergence study completed successfully.
2025-08-20 02:30:26,649 | INFO     | Creating convergence visualisation …
2025-08-20 02:30:28,189 | INFO     | Convergence visualisation saved.
2025-08-20 02:30:28,189 | INFO     | Building metadata container for section sec_003_r0.152 …
2025-08-20 02:30:28,189 | INFO     | MetadataBin created.
2025-08-20 02:30:28,189 | INFO     | Composing SectionAnalysisResultSet …
2025-08-20 02:30:28,189 | INFO     | SectionAnalysisResultSet successfully built.
2025-08-20 02:30:28,189 | INFO     | Saving results to directory: C:\Users\samea\Desktop\geometry_tools\n_sections\results\analysis\2025-08-20_02-29-55\sec_003_r0.152
2025-08-20 02:30:28,204 | INFO     | Section analysis results successfully saved.
