2025-08-20 02:54:51,939 | INFO     | Logging initialized for ProcessSectionAnalysis
2025-08-20 02:54:51,940 | INFO     | Station sec_068_r0.726 [Analysis]: DXF=C:\Users\samea\Desktop\geometry_tools\n_sections\blade\sec_068_r0.726.dxf, twist=3.0°, origin: CP-proxy @ 33.0% chord
2025-08-20 02:54:51,940 | INFO     | Starting raw geometry processing …
2025-08-20 02:54:51,940 | INFO     | Instantiating RawGeometry for DXF: C:\Users\samea\Desktop\geometry_tools\n_sections\blade\sec_068_r0.726.dxf
2025-08-20 02:54:51,941 | INFO     | RawGeometry created successfully.
2025-08-20 02:54:51,941 | INFO     | Generating raw geometry plot …
2025-08-20 02:54:52,249 | INFO     | Raw geometry visualisation completed and saved.
2025-08-20 02:54:52,249 | INFO     | Processing and visualising aligned geometry …
2025-08-20 02:54:52,249 | INFO     | Instantiating ProcessedGeometry with spline/segment settings …
2025-08-20 02:54:52,249 | INFO     | ProcessedGeometry successfully instantiated.
2025-08-20 02:54:52,249 | INFO     | Extracting (pass-through orientation & origin): twist=3.0°, origin_mode=cop, cop_fraction=0.330, cx=0.00, cy=0.00, resample_exterior=True
2025-08-20 02:54:52,285 | INFO     | Geometry extracted (no twist/origin applied).
2025-08-20 02:54:52,285 | INFO     | Generating processed geometry visualisation with trailing edge zoom …
2025-08-20 02:54:53,363 | INFO     | Processed geometry preview saved -> C:\Users\samea\Desktop\geometry_tools\n_sections\results\analysis\2025-08-20_02-49-41\sec_068_r0.726\processed_sec_068_r0.726.png
2025-08-20 02:54:53,363 | INFO     | Launching convergence study pipeline …
2025-08-20 02:54:53,363 | INFO     | Starting section convergence study using 1 mesh sizes: [40.]
2025-08-20 02:54:55,629 | INFO     | ConvergenceStudy instantiated. Running results computation …
2025-08-20 02:54:55,629 | INFO     | Convergence study completed successfully.
2025-08-20 02:54:55,629 | INFO     | Creating convergence visualisation …
2025-08-20 02:54:56,270 | INFO     | Convergence visualisation saved.
2025-08-20 02:54:56,270 | INFO     | Building metadata container for section sec_068_r0.726 …
2025-08-20 02:54:56,270 | INFO     | MetadataBin created.
2025-08-20 02:54:56,270 | INFO     | Composing SectionAnalysisResultSet …
2025-08-20 02:54:56,270 | INFO     | SectionAnalysisResultSet successfully built.
2025-08-20 02:54:56,270 | INFO     | Saving results to directory: C:\Users\samea\Desktop\geometry_tools\n_sections\results\analysis\2025-08-20_02-49-41\sec_068_r0.726
2025-08-20 02:54:56,270 | INFO     | Section analysis results successfully saved.
