2025-07-19 18:02:18,025 - INFO - [Station_2] Geometry meshed with mesh_sizes=0.5.
2025-07-19 18:02:19,121 - INFO - [Station_2] Actual centroid: (0.0368, 0.0001)
2025-07-19 18:02:19,121 - INFO - [Station_2] Desired centroid: (0.0058, -0.0094)
2025-07-19 18:02:19,121 - INFO - [Station_2] Applying translation dx=-0.0309, dy=-0.0095
2025-07-19 18:02:19,127 - INFO - [Station_2] Section translated.
2025-07-19 18:02:19,132 - INFO - Processed and aligned geometry extracted for Station_2
2025-07-19 18:02:21,114 - INFO - Processed geometry preview saved -> section_calc_n\results\Analysis\Station_2\processed_Station_2.png
2025-07-19 18:02:21,127 - INFO - [1/3] meshing Station_2 with target h = 3
2025-07-19 18:02:21,129 - INFO - [Station_2_h3] Meshing with target h = 3 …
2025-07-19 18:02:21,233 - WARNING - [Station_2_h3] 202 sliver triangles removed
2025-07-19 18:02:21,233 - INFO - [Station_2_h3] mesh ok | nodes=4020 elems=1576 | A[min=1.02e-08 max=8.58e-06 mean=9.11e-07 med=5.53e-07] | q[min=0.602 max=1.000 mean=0.887]
2025-07-19 18:02:24,161 - INFO - [Station_2_h3] Row appended (h=3.0)
2025-07-19 18:02:24,162 - INFO - [2/3] meshing Station_2 with target h = 0.75
2025-07-19 18:02:24,165 - INFO - [Station_2_h0.75] Meshing with target h = 0.75 …
2025-07-19 18:02:24,191 - WARNING - [Station_2_h0.75] 202 sliver triangles removed
2025-07-19 18:02:24,196 - INFO - [Station_2_h0.75] mesh ok | nodes=4020 elems=1576 | A[min=1.02e-08 max=8.58e-06 mean=9.11e-07 med=5.53e-07] | q[min=0.602 max=1.000 mean=0.887]
2025-07-19 18:02:25,919 - INFO - [Station_2_h0.75] Row appended (h=0.75)
2025-07-19 18:02:25,920 - INFO - [3/3] meshing Station_2 with target h = 0.1875
2025-07-19 18:02:25,921 - INFO - [Station_2_h0.1875] Meshing with target h = 0.1875 …
2025-07-19 18:02:25,947 - WARNING - [Station_2_h0.1875] 202 sliver triangles removed
2025-07-19 18:02:25,950 - INFO - [Station_2_h0.1875] mesh ok | nodes=4020 elems=1576 | A[min=1.02e-08 max=8.58e-06 mean=9.11e-07 med=5.53e-07] | q[min=0.602 max=1.000 mean=0.887]
2025-07-19 18:02:27,601 - INFO - [Station_2_h0.1875] Row appended (h=0.1875)
2025-07-19 18:02:29,305 - INFO - Global batch 1 saved -> section_calc_n\results\Analysis\Station_2\mesh_conv_Station_2_batch1_global.png
2025-07-19 18:02:30,953 - INFO - Local batch 1 saved -> section_calc_n\results\Analysis\Station_2\mesh_conv_Station_2_batch1_local.png
2025-07-19 18:02:30,956 - INFO - Station Station_4 [Analysis]: DXF=section_calc_n\blade\Station_4.dxf, twist=10.9°, centroid=(0.00,-0.01)
2025-07-19 18:02:30,961 - INFO - Reading DXF file: section_calc_n\blade\Station_4.dxf
2025-07-19 18:02:31,015 - INFO - DXF version upgrade to DXF R2000.
2025-07-19 18:02:31,018 - INFO - creating ACAD_COLOR dictionary
2025-07-19 18:02:31,023 - INFO - creating ACAD_PLOTSTYLENAME dictionary
2025-07-19 18:02:31,024 - INFO - creating ACAD_TABLESTYLE dictionary
2025-07-19 18:02:31,031 - INFO - Raw geometry extraction complete. 65 drawable entities parsed.
2025-07-19 18:02:31,238 - INFO - Plotting 65 DXF entities for preview...
2025-07-19 18:02:31,703 - INFO - Raw preview saved -> section_calc_n\results\Analysis\Station_4\raw_Station_4.png
2025-07-19 18:02:31,703 - INFO - [Station_4] Importing DXF: 'section_calc_n\blade\Station_4.dxf'
2025-07-19 18:02:31,738 - INFO - DXF version upgrade to DXF R2000.
2025-07-19 18:02:31,746 - INFO - creating ACAD_COLOR dictionary
2025-07-19 18:02:31,746 - INFO - creating ACAD_PLOTSTYLENAME dictionary
2025-07-19 18:02:31,749 - INFO - creating ACAD_TABLESTYLE dictionary
2025-07-19 18:02:31,752 - INFO - cleanup is depreciated BTW. Use the polygonize function instead
2025-07-19 18:02:32,011 - INFO - Zipped 61 points
2025-07-19 18:02:32,055 - INFO - [Station_4] Geometry meshed with mesh_sizes=0.5.
2025-07-19 18:02:32,861 - INFO - [Station_4] Actual centroid: (0.0295, 0.0010)
2025-07-19 18:02:32,861 - INFO - [Station_4] Desired centroid: (0.0038, -0.0103)
2025-07-19 18:02:32,861 - INFO - [Station_4] Applying translation dx=-0.0257, dy=-0.0113
2025-07-19 18:02:32,871 - INFO - [Station_4] Section translated.
2025-07-19 18:02:32,876 - INFO - Processed and aligned geometry extracted for Station_4
2025-07-19 18:02:34,936 - INFO - Processed geometry preview saved -> section_calc_n\results\Analysis\Station_4\processed_Station_4.png
2025-07-19 18:02:34,946 - INFO - [1/3] meshing Station_4 with target h = 3
2025-07-19 18:02:34,947 - INFO - [Station_4_h3] Meshing with target h = 3 …
2025-07-19 18:02:34,982 - WARNING - [Station_4_h3] 219 sliver triangles removed
2025-07-19 18:02:34,984 - INFO - [Station_4_h3] mesh ok | nodes=4076 elems=1587 | A[min=1.01e-08 max=4.52e-06 mean=5.94e-07 med=3.7e-07] | q[min=0.603 max=1.000 mean=0.887]
2025-07-19 18:02:38,042 - INFO - [Station_4_h3] Row appended (h=3.0)
2025-07-19 18:02:38,042 - INFO - [2/3] meshing Station_4 with target h = 0.75
2025-07-19 18:02:38,042 - INFO - [Station_4_h0.75] Meshing with target h = 0.75 …
2025-07-19 18:02:38,075 - WARNING - [Station_4_h0.75] 219 sliver triangles removed
2025-07-19 18:02:38,078 - INFO - [Station_4_h0.75] mesh ok | nodes=4076 elems=1587 | A[min=1.01e-08 max=4.52e-06 mean=5.94e-07 med=3.7e-07] | q[min=0.603 max=1.000 mean=0.887]
2025-07-19 18:02:39,945 - INFO - [Station_4_h0.75] Row appended (h=0.75)
2025-07-19 18:02:39,945 - INFO - [3/3] meshing Station_4 with target h = 0.1875
2025-07-19 18:02:39,948 - INFO - [Station_4_h0.1875] Meshing with target h = 0.1875 …
2025-07-19 18:02:39,976 - WARNING - [Station_4_h0.1875] 219 sliver triangles removed
2025-07-19 18:02:39,981 - INFO - [Station_4_h0.1875] mesh ok | nodes=4076 elems=1587 | A[min=1.01e-08 max=4.52e-06 mean=5.94e-07 med=3.7e-07] | q[min=0.603 max=1.000 mean=0.887]
2025-07-19 18:02:41,747 - INFO - [Station_4_h0.1875] Row appended (h=0.1875)
2025-07-19 18:02:43,210 - INFO - Global batch 1 saved -> section_calc_n\results\Analysis\Station_4\mesh_conv_Station_4_batch1_global.png
2025-07-19 18:02:44,944 - INFO - Local batch 1 saved -> section_calc_n\results\Analysis\Station_4\mesh_conv_Station_4_batch1_local.png
2025-07-19 18:02:44,958 - INFO - Station Station_6 [Analysis]: DXF=section_calc_n\blade\Station_6.dxf, twist=6.9°, centroid=(0.00,-0.01)
2025-07-19 18:02:44,959 - INFO - Reading DXF file: section_calc_n\blade\Station_6.dxf
2025-07-19 18:02:45,021 - INFO - DXF version upgrade to DXF R2000.
2025-07-19 18:02:45,026 - INFO - creating ACAD_COLOR dictionary
2025-07-19 18:02:45,026 - INFO - creating ACAD_PLOTSTYLENAME dictionary
2025-07-19 18:02:45,026 - INFO - creating ACAD_TABLESTYLE dictionary
2025-07-19 18:02:45,034 - INFO - Raw geometry extraction complete. 53 drawable entities parsed.
2025-07-19 18:02:45,348 - INFO - Plotting 53 DXF entities for preview...
2025-07-19 18:02:45,881 - INFO - Raw preview saved -> section_calc_n\results\Analysis\Station_6\raw_Station_6.png
2025-07-19 18:02:45,882 - INFO - [Station_6] Importing DXF: 'section_calc_n\blade\Station_6.dxf'
2025-07-19 18:02:45,929 - INFO - DXF version upgrade to DXF R2000.
2025-07-19 18:02:45,940 - INFO - creating ACAD_COLOR dictionary
2025-07-19 18:02:45,942 - INFO - creating ACAD_PLOTSTYLENAME dictionary
2025-07-19 18:02:45,942 - INFO - creating ACAD_TABLESTYLE dictionary
2025-07-19 18:02:45,948 - INFO - cleanup is depreciated BTW. Use the polygonize function instead
2025-07-19 18:02:46,201 - INFO - Zipped 30 points
2025-07-19 18:02:46,259 - INFO - [Station_6] Geometry meshed with mesh_sizes=0.5.
2025-07-19 18:02:47,217 - INFO - [Station_6] Actual centroid: (0.0228, 0.0013)
2025-07-19 18:02:47,220 - INFO - [Station_6] Desired centroid: (0.0025, -0.0070)
2025-07-19 18:02:47,221 - INFO - [Station_6] Applying translation dx=-0.0203, dy=-0.0083
2025-07-19 18:02:47,223 - INFO - [Station_6] Section translated.
2025-07-19 18:02:47,225 - INFO - Processed and aligned geometry extracted for Station_6
2025-07-19 18:02:49,527 - INFO - Processed geometry preview saved -> section_calc_n\results\Analysis\Station_6\processed_Station_6.png
2025-07-19 18:02:49,529 - INFO - [1/3] meshing Station_6 with target h = 3
2025-07-19 18:02:49,531 - INFO - [Station_6_h3] Meshing with target h = 3 …
2025-07-19 18:02:49,549 - WARNING - [Station_6_h3] 169 sliver triangles removed
2025-07-19 18:02:49,549 - INFO - [Station_6_h3] mesh ok | nodes=3812 elems=1499 | A[min=1.01e-08 max=4.26e-06 mean=3.83e-07 med=2.3e-07] | q[min=0.603 max=1.000 mean=0.879]
2025-07-19 18:02:52,684 - INFO - [Station_6_h3] Row appended (h=3.0)
2025-07-19 18:02:52,684 - INFO - [2/3] meshing Station_6 with target h = 0.75
2025-07-19 18:02:52,687 - INFO - [Station_6_h0.75] Meshing with target h = 0.75 …
2025-07-19 18:02:52,773 - WARNING - [Station_6_h0.75] 169 sliver triangles removed
2025-07-19 18:02:52,773 - INFO - [Station_6_h0.75] mesh ok | nodes=3812 elems=1499 | A[min=1.01e-08 max=4.26e-06 mean=3.83e-07 med=2.3e-07] | q[min=0.603 max=1.000 mean=0.879]
2025-07-19 18:02:54,433 - INFO - [Station_6_h0.75] Row appended (h=0.75)
2025-07-19 18:02:54,433 - INFO - [3/3] meshing Station_6 with target h = 0.1875
2025-07-19 18:02:54,437 - INFO - [Station_6_h0.1875] Meshing with target h = 0.1875 …
2025-07-19 18:02:54,456 - WARNING - [Station_6_h0.1875] 169 sliver triangles removed
2025-07-19 18:02:54,465 - INFO - [Station_6_h0.1875] mesh ok | nodes=3812 elems=1499 | A[min=1.01e-08 max=4.26e-06 mean=3.83e-07 med=2.3e-07] | q[min=0.603 max=1.000 mean=0.879]
2025-07-19 18:02:56,761 - INFO - [Station_6_h0.1875] Row appended (h=0.1875)
2025-07-19 18:02:59,016 - INFO - Global batch 1 saved -> section_calc_n\results\Analysis\Station_6\mesh_conv_Station_6_batch1_global.png
2025-07-19 18:03:01,580 - INFO - Local batch 1 saved -> section_calc_n\results\Analysis\Station_6\mesh_conv_Station_6_batch1_local.png
2025-07-19 18:03:01,585 - INFO - Station Station_8 [Analysis]: DXF=section_calc_n\blade\Station_8.dxf, twist=4.4°, centroid=(0.00,-0.01)
2025-07-19 18:03:01,591 - INFO - Reading DXF file: section_calc_n\blade\Station_8.dxf
2025-07-19 18:03:01,658 - INFO - DXF version upgrade to DXF R2000.
2025-07-19 18:03:01,666 - INFO - creating ACAD_COLOR dictionary
2025-07-19 18:03:01,666 - INFO - creating ACAD_PLOTSTYLENAME dictionary
2025-07-19 18:03:01,666 - INFO - creating ACAD_TABLESTYLE dictionary
2025-07-19 18:03:01,675 - INFO - Raw geometry extraction complete. 43 drawable entities parsed.
2025-07-19 18:03:01,953 - INFO - Plotting 43 DXF entities for preview...
2025-07-19 18:03:02,614 - INFO - Raw preview saved -> section_calc_n\results\Analysis\Station_8\raw_Station_8.png
2025-07-19 18:03:02,614 - INFO - [Station_8] Importing DXF: 'section_calc_n\blade\Station_8.dxf'
2025-07-19 18:03:02,656 - INFO - DXF version upgrade to DXF R2000.
2025-07-19 18:03:02,664 - INFO - creating ACAD_COLOR dictionary
2025-07-19 18:03:02,664 - INFO - creating ACAD_PLOTSTYLENAME dictionary
2025-07-19 18:03:02,664 - INFO - creating ACAD_TABLESTYLE dictionary
2025-07-19 18:03:02,671 - INFO - cleanup is depreciated BTW. Use the polygonize function instead
2025-07-19 18:03:02,883 - INFO - Zipped 26 points
2025-07-19 18:03:03,090 - INFO - [Station_8] Geometry meshed with mesh_sizes=0.5.
2025-07-19 18:03:04,469 - INFO - [Station_8] Actual centroid: (0.0184, 0.0013)
2025-07-19 18:03:04,471 - INFO - [Station_8] Desired centroid: (0.0018, -0.0057)
2025-07-19 18:03:04,471 - INFO - [Station_8] Applying translation dx=-0.0166, dy=-0.0070
2025-07-19 18:03:04,475 - INFO - [Station_8] Section translated.
2025-07-19 18:03:04,478 - INFO - Processed and aligned geometry extracted for Station_8
2025-07-19 18:03:07,361 - INFO - Processed geometry preview saved -> section_calc_n\results\Analysis\Station_8\processed_Station_8.png
2025-07-19 18:03:07,374 - INFO - [1/3] meshing Station_8 with target h = 3
2025-07-19 18:03:07,375 - INFO - [Station_8_h3] Meshing with target h = 3 …
2025-07-19 18:03:07,403 - WARNING - [Station_8_h3] 295 sliver triangles removed
2025-07-19 18:03:07,403 - INFO - [Station_8_h3] mesh ok | nodes=4192 elems=1561 | A[min=1.01e-08 max=2.04e-06 mean=2.41e-07 med=1.58e-07] | q[min=0.602 max=1.000 mean=0.886]
2025-07-19 18:03:11,655 - INFO - [Station_8_h3] Row appended (h=3.0)
2025-07-19 18:03:11,656 - INFO - [2/3] meshing Station_8 with target h = 0.75
2025-07-19 18:03:11,656 - INFO - [Station_8_h0.75] Meshing with target h = 0.75 …
2025-07-19 18:03:11,689 - WARNING - [Station_8_h0.75] 295 sliver triangles removed
2025-07-19 18:03:11,691 - INFO - [Station_8_h0.75] mesh ok | nodes=4192 elems=1561 | A[min=1.01e-08 max=2.04e-06 mean=2.41e-07 med=1.58e-07] | q[min=0.602 max=1.000 mean=0.886]
2025-07-19 18:03:14,253 - INFO - [Station_8_h0.75] Row appended (h=0.75)
2025-07-19 18:03:14,255 - INFO - [3/3] meshing Station_8 with target h = 0.1875
2025-07-19 18:03:14,258 - INFO - [Station_8_h0.1875] Meshing with target h = 0.1875 …
2025-07-19 18:03:14,286 - WARNING - [Station_8_h0.1875] 295 sliver triangles removed
2025-07-19 18:03:14,286 - INFO - [Station_8_h0.1875] mesh ok | nodes=4192 elems=1561 | A[min=1.01e-08 max=2.04e-06 mean=2.41e-07 med=1.58e-07] | q[min=0.602 max=1.000 mean=0.886]
2025-07-19 18:03:16,792 - INFO - [Station_8_h0.1875] Row appended (h=0.1875)
2025-07-19 18:03:19,108 - INFO - Global batch 1 saved -> section_calc_n\results\Analysis\Station_8\mesh_conv_Station_8_batch1_global.png
2025-07-19 18:03:21,332 - INFO - Local batch 1 saved -> section_calc_n\results\Analysis\Station_8\mesh_conv_Station_8_batch1_local.png
2025-07-19 18:03:21,351 - INFO - Station Station_10 [Analysis]: DXF=section_calc_n\blade\Station_10.dxf, twist=2.7°, centroid=(0.00,-0.01)
2025-07-19 18:03:21,355 - INFO - Reading DXF file: section_calc_n\blade\Station_10.dxf
2025-07-19 18:03:21,419 - INFO - DXF version upgrade to DXF R2000.
2025-07-19 18:03:21,428 - INFO - creating ACAD_COLOR dictionary
2025-07-19 18:03:21,430 - INFO - creating ACAD_PLOTSTYLENAME dictionary
2025-07-19 18:03:21,430 - INFO - creating ACAD_TABLESTYLE dictionary
2025-07-19 18:03:21,437 - INFO - Raw geometry extraction complete. 77 drawable entities parsed.
2025-07-19 18:03:21,697 - INFO - Plotting 77 DXF entities for preview...
2025-07-19 18:03:22,411 - INFO - Raw preview saved -> section_calc_n\results\Analysis\Station_10\raw_Station_10.png
2025-07-19 18:03:22,411 - INFO - [Station_10] Importing DXF: 'section_calc_n\blade\Station_10.dxf'
2025-07-19 18:03:22,464 - INFO - DXF version upgrade to DXF R2000.
2025-07-19 18:03:22,474 - INFO - creating ACAD_COLOR dictionary
2025-07-19 18:03:22,475 - INFO - creating ACAD_PLOTSTYLENAME dictionary
2025-07-19 18:03:22,475 - INFO - creating ACAD_TABLESTYLE dictionary
2025-07-19 18:03:22,484 - INFO - cleanup is depreciated BTW. Use the polygonize function instead
2025-07-19 18:03:23,099 - INFO - Zipped 208 points
2025-07-19 18:03:23,158 - INFO - [Station_10] Geometry meshed with mesh_sizes=0.5.
2025-07-19 18:03:24,825 - INFO - [Station_10] Actual centroid: (0.0154, 0.0012)
2025-07-19 18:03:24,825 - INFO - [Station_10] Desired centroid: (0.0014, -0.0051)
2025-07-19 18:03:24,825 - INFO - [Station_10] Applying translation dx=-0.0140, dy=-0.0064
2025-07-19 18:03:24,833 - INFO - [Station_10] Section translated.
2025-07-19 18:03:24,840 - INFO - Processed and aligned geometry extracted for Station_10
2025-07-19 18:03:27,316 - INFO - Processed geometry preview saved -> section_calc_n\results\Analysis\Station_10\processed_Station_10.png
2025-07-19 18:03:27,332 - INFO - [1/3] meshing Station_10 with target h = 3
2025-07-19 18:03:27,332 - INFO - [Station_10_h3] Meshing with target h = 3 …
2025-07-19 18:03:27,447 - WARNING - [Station_10_h3] 363 sliver triangles removed
2025-07-19 18:03:27,447 - INFO - [Station_10_h3] mesh ok | nodes=4344 elems=1571 | A[min=1.02e-08 max=1.47e-06 mean=1.67e-07 med=1.21e-07] | q[min=0.602 max=1.000 mean=0.887]
2025-07-19 18:03:32,369 - INFO - [Station_10_h3] Row appended (h=3.0)
2025-07-19 18:03:32,369 - INFO - [2/3] meshing Station_10 with target h = 0.75
2025-07-19 18:03:32,369 - INFO - [Station_10_h0.75] Meshing with target h = 0.75 …
2025-07-19 18:03:32,400 - WARNING - [Station_10_h0.75] 363 sliver triangles removed
2025-07-19 18:03:32,400 - INFO - [Station_10_h0.75] mesh ok | nodes=4344 elems=1571 | A[min=1.02e-08 max=1.47e-06 mean=1.67e-07 med=1.21e-07] | q[min=0.602 max=1.000 mean=0.887]
2025-07-19 18:03:35,001 - INFO - [Station_10_h0.75] Row appended (h=0.75)
2025-07-19 18:03:35,003 - INFO - [3/3] meshing Station_10 with target h = 0.1875
2025-07-19 18:03:35,003 - INFO - [Station_10_h0.1875] Meshing with target h = 0.1875 …
2025-07-19 18:03:35,035 - WARNING - [Station_10_h0.1875] 363 sliver triangles removed
2025-07-19 18:03:35,035 - INFO - [Station_10_h0.1875] mesh ok | nodes=4344 elems=1571 | A[min=1.02e-08 max=1.47e-06 mean=1.67e-07 med=1.21e-07] | q[min=0.602 max=1.000 mean=0.887]
2025-07-19 18:03:37,769 - INFO - [Station_10_h0.1875] Row appended (h=0.1875)
2025-07-19 18:03:40,206 - INFO - Global batch 1 saved -> section_calc_n\results\Analysis\Station_10\mesh_conv_Station_10_batch1_global.png
2025-07-19 18:03:42,505 - INFO - Local batch 1 saved -> section_calc_n\results\Analysis\Station_10\mesh_conv_Station_10_batch1_local.png
2025-07-19 18:03:42,511 - INFO - Station Station_12 [Analysis]: DXF=section_calc_n\blade\Station_12.dxf, twist=1.4°, centroid=(0.00,-0.00)
2025-07-19 18:03:42,513 - INFO - Reading DXF file: section_calc_n\blade\Station_12.dxf
2025-07-19 18:03:42,578 - INFO - DXF version upgrade to DXF R2000.
2025-07-19 18:03:42,586 - INFO - creating ACAD_COLOR dictionary
2025-07-19 18:03:42,586 - INFO - creating ACAD_PLOTSTYLENAME dictionary
2025-07-19 18:03:42,586 - INFO - creating ACAD_TABLESTYLE dictionary
2025-07-19 18:03:42,594 - INFO - Raw geometry extraction complete. 46 drawable entities parsed.
2025-07-19 18:03:42,849 - INFO - Plotting 46 DXF entities for preview...
2025-07-19 18:03:43,515 - INFO - Raw preview saved -> section_calc_n\results\Analysis\Station_12\raw_Station_12.png
2025-07-19 18:03:43,515 - INFO - [Station_12] Importing DXF: 'section_calc_n\blade\Station_12.dxf'
2025-07-19 18:03:43,555 - INFO - DXF version upgrade to DXF R2000.
2025-07-19 18:03:43,566 - INFO - creating ACAD_COLOR dictionary
2025-07-19 18:03:43,566 - INFO - creating ACAD_PLOTSTYLENAME dictionary
2025-07-19 18:03:43,566 - INFO - creating ACAD_TABLESTYLE dictionary
2025-07-19 18:03:43,575 - INFO - cleanup is depreciated BTW. Use the polygonize function instead
2025-07-19 18:03:43,814 - INFO - Zipped 91 points
2025-07-19 18:03:43,880 - INFO - [Station_12] Geometry meshed with mesh_sizes=0.5.
2025-07-19 18:03:45,243 - INFO - [Station_12] Actual centroid: (0.0131, 0.0012)
2025-07-19 18:03:45,243 - INFO - [Station_12] Desired centroid: (0.0011, -0.0045)
2025-07-19 18:03:45,243 - INFO - [Station_12] Applying translation dx=-0.0121, dy=-0.0057
2025-07-19 18:03:45,250 - INFO - [Station_12] Section translated.
2025-07-19 18:03:45,250 - INFO - Processed and aligned geometry extracted for Station_12
2025-07-19 18:03:47,947 - INFO - Processed geometry preview saved -> section_calc_n\results\Analysis\Station_12\processed_Station_12.png
2025-07-19 18:03:47,989 - INFO - [1/3] meshing Station_12 with target h = 3
2025-07-19 18:03:47,993 - INFO - [Station_12_h3] Meshing with target h = 3 …
2025-07-19 18:03:48,039 - WARNING - [Station_12_h3] 387 sliver triangles removed
2025-07-19 18:03:48,039 - INFO - [Station_12_h3] mesh ok | nodes=4167 elems=1462 | A[min=1e-08 max=1.1e-06 mean=1.3e-07 med=8.48e-08] | q[min=0.603 max=1.000 mean=0.883]
2025-07-19 18:03:52,452 - INFO - [Station_12_h3] Row appended (h=3.0)
2025-07-19 18:03:52,455 - INFO - [2/3] meshing Station_12 with target h = 0.75
2025-07-19 18:03:52,459 - INFO - [Station_12_h0.75] Meshing with target h = 0.75 …
2025-07-19 18:03:52,484 - WARNING - [Station_12_h0.75] 387 sliver triangles removed
2025-07-19 18:03:52,491 - INFO - [Station_12_h0.75] mesh ok | nodes=4167 elems=1462 | A[min=1e-08 max=1.1e-06 mean=1.3e-07 med=8.48e-08] | q[min=0.603 max=1.000 mean=0.883]
2025-07-19 18:03:55,092 - INFO - [Station_12_h0.75] Row appended (h=0.75)
2025-07-19 18:03:55,094 - INFO - [3/3] meshing Station_12 with target h = 0.1875
2025-07-19 18:03:55,098 - INFO - [Station_12_h0.1875] Meshing with target h = 0.1875 …
2025-07-19 18:03:55,112 - WARNING - [Station_12_h0.1875] 387 sliver triangles removed
2025-07-19 18:03:55,112 - INFO - [Station_12_h0.1875] mesh ok | nodes=4167 elems=1462 | A[min=1e-08 max=1.1e-06 mean=1.3e-07 med=8.48e-08] | q[min=0.603 max=1.000 mean=0.883]
2025-07-19 18:03:57,628 - INFO - [Station_12_h0.1875] Row appended (h=0.1875)
2025-07-19 18:03:59,849 - INFO - Global batch 1 saved -> section_calc_n\results\Analysis\Station_12\mesh_conv_Station_12_batch1_global.png
2025-07-19 18:04:02,366 - INFO - Local batch 1 saved -> section_calc_n\results\Analysis\Station_12\mesh_conv_Station_12_batch1_local.png
2025-07-19 18:04:02,375 - INFO - Station Station_14 [Analysis]: DXF=section_calc_n\blade\Station_14.dxf, twist=0.3°, centroid=(0.00,-0.00)
2025-07-19 18:04:02,378 - INFO - Reading DXF file: section_calc_n\blade\Station_14.dxf
2025-07-19 18:04:02,444 - INFO - DXF version upgrade to DXF R2000.
2025-07-19 18:04:02,451 - INFO - creating ACAD_COLOR dictionary
2025-07-19 18:04:02,460 - INFO - creating ACAD_PLOTSTYLENAME dictionary
2025-07-19 18:04:02,461 - INFO - creating ACAD_TABLESTYLE dictionary
2025-07-19 18:04:02,465 - INFO - Raw geometry extraction complete. 52 drawable entities parsed.
2025-07-19 18:04:02,740 - INFO - Plotting 52 DXF entities for preview...
2025-07-19 18:04:03,423 - INFO - Raw preview saved -> section_calc_n\results\Analysis\Station_14\raw_Station_14.png
2025-07-19 18:04:03,423 - INFO - [Station_14] Importing DXF: 'section_calc_n\blade\Station_14.dxf'
2025-07-19 18:04:03,453 - INFO - DXF version upgrade to DXF R2000.
2025-07-19 18:04:03,460 - INFO - creating ACAD_COLOR dictionary
2025-07-19 18:04:03,460 - INFO - creating ACAD_PLOTSTYLENAME dictionary
2025-07-19 18:04:03,460 - INFO - creating ACAD_TABLESTYLE dictionary
2025-07-19 18:04:03,469 - INFO - cleanup is depreciated BTW. Use the polygonize function instead
2025-07-19 18:04:03,749 - INFO - Zipped 73 points
2025-07-19 18:04:03,807 - INFO - [Station_14] Geometry meshed with mesh_sizes=0.5.
2025-07-19 18:04:05,290 - INFO - [Station_14] Actual centroid: (0.0178, 0.0006)
2025-07-19 18:04:05,290 - INFO - [Station_14] Desired centroid: (0.0008, -0.0024)
2025-07-19 18:04:05,293 - INFO - [Station_14] Applying translation dx=-0.0169, dy=-0.0031
2025-07-19 18:04:05,297 - INFO - [Station_14] Section translated.
2025-07-19 18:04:05,301 - INFO - Processed and aligned geometry extracted for Station_14
2025-07-19 18:04:07,926 - INFO - Processed geometry preview saved -> section_calc_n\results\Analysis\Station_14\processed_Station_14.png
2025-07-19 18:04:07,942 - INFO - [1/3] meshing Station_14 with target h = 3
2025-07-19 18:04:07,942 - INFO - [Station_14_h3] Meshing with target h = 3 …
2025-07-19 18:04:07,973 - WARNING - [Station_14_h3] 464 sliver triangles removed
2025-07-19 18:04:07,973 - INFO - [Station_14_h3] mesh ok | nodes=4042 elems=1345 | A[min=1e-08 max=1.11e-06 mean=1.29e-07 med=6.68e-08] | q[min=0.601 max=1.000 mean=0.878]
2025-07-19 18:04:12,142 - INFO - [Station_14_h3] Row appended (h=3.0)
2025-07-19 18:04:12,144 - INFO - [2/3] meshing Station_14 with target h = 0.75
2025-07-19 18:04:12,148 - INFO - [Station_14_h0.75] Meshing with target h = 0.75 …
2025-07-19 18:04:12,174 - WARNING - [Station_14_h0.75] 464 sliver triangles removed
2025-07-19 18:04:12,177 - INFO - [Station_14_h0.75] mesh ok | nodes=4042 elems=1345 | A[min=1e-08 max=1.11e-06 mean=1.29e-07 med=6.68e-08] | q[min=0.601 max=1.000 mean=0.878]
2025-07-19 18:04:14,749 - INFO - [Station_14_h0.75] Row appended (h=0.75)
2025-07-19 18:04:14,749 - INFO - [3/3] meshing Station_14 with target h = 0.1875
2025-07-19 18:04:14,749 - INFO - [Station_14_h0.1875] Meshing with target h = 0.1875 …
2025-07-19 18:04:14,781 - WARNING - [Station_14_h0.1875] 464 sliver triangles removed
2025-07-19 18:04:14,783 - INFO - [Station_14_h0.1875] mesh ok | nodes=4042 elems=1345 | A[min=1e-08 max=1.11e-06 mean=1.29e-07 med=6.68e-08] | q[min=0.601 max=1.000 mean=0.878]
2025-07-19 18:04:17,300 - INFO - [Station_14_h0.1875] Row appended (h=0.1875)
2025-07-19 18:04:19,497 - INFO - Global batch 1 saved -> section_calc_n\results\Analysis\Station_14\mesh_conv_Station_14_batch1_global.png
2025-07-19 18:04:21,844 - INFO - Local batch 1 saved -> section_calc_n\results\Analysis\Station_14\mesh_conv_Station_14_batch1_local.png
