2025-08-20 02:54:19,993 | INFO     | Logging initialized for ProcessSectionAnalysis
2025-08-20 02:54:19,993 | INFO     | Station sec_061_r0.664 [Analysis]: DXF=C:\Users\samea\Desktop\geometry_tools\n_sections\blade\sec_061_r0.664.dxf, twist=3.8°, origin: CP-proxy @ 33.0% chord
2025-08-20 02:54:19,993 | INFO     | Starting raw geometry processing …
2025-08-20 02:54:19,993 | INFO     | Instantiating RawGeometry for DXF: C:\Users\samea\Desktop\geometry_tools\n_sections\blade\sec_061_r0.664.dxf
2025-08-20 02:54:19,993 | INFO     | RawGeometry created successfully.
2025-08-20 02:54:19,993 | INFO     | Generating raw geometry plot …
2025-08-20 02:54:20,332 | INFO     | Raw geometry visualisation completed and saved.
2025-08-20 02:54:20,333 | INFO     | Processing and visualising aligned geometry …
2025-08-20 02:54:20,333 | INFO     | Instantiating ProcessedGeometry with spline/segment settings …
2025-08-20 02:54:20,334 | INFO     | ProcessedGeometry successfully instantiated.
2025-08-20 02:54:20,334 | INFO     | Extracting (pass-through orientation & origin): twist=3.8°, origin_mode=cop, cop_fraction=0.330, cx=0.01, cy=0.00, resample_exterior=True
2025-08-20 02:54:20,362 | INFO     | Geometry extracted (no twist/origin applied).
2025-08-20 02:54:20,362 | INFO     | Generating processed geometry visualisation with trailing edge zoom …
2025-08-20 02:54:21,419 | INFO     | Processed geometry preview saved -> C:\Users\samea\Desktop\geometry_tools\n_sections\results\analysis\2025-08-20_02-49-41\sec_061_r0.664\processed_sec_061_r0.664.png
2025-08-20 02:54:21,419 | INFO     | Launching convergence study pipeline …
2025-08-20 02:54:21,419 | INFO     | Starting section convergence study using 1 mesh sizes: [40.]
2025-08-20 02:54:23,650 | INFO     | ConvergenceStudy instantiated. Running results computation …
2025-08-20 02:54:23,650 | INFO     | Convergence study completed successfully.
2025-08-20 02:54:23,650 | INFO     | Creating convergence visualisation …
2025-08-20 02:54:24,268 | INFO     | Convergence visualisation saved.
2025-08-20 02:54:24,268 | INFO     | Building metadata container for section sec_061_r0.664 …
2025-08-20 02:54:24,268 | INFO     | MetadataBin created.
2025-08-20 02:54:24,268 | INFO     | Composing SectionAnalysisResultSet …
2025-08-20 02:54:24,268 | INFO     | SectionAnalysisResultSet successfully built.
2025-08-20 02:54:24,268 | INFO     | Saving results to directory: C:\Users\samea\Desktop\geometry_tools\n_sections\results\analysis\2025-08-20_02-49-41\sec_061_r0.664
2025-08-20 02:54:24,268 | INFO     | Section analysis results successfully saved.
