2025-08-20 02:51:40,350 | INFO     | Logging initialized for ProcessSectionAnalysis
2025-08-20 02:51:40,350 | INFO     | Station sec_026_r0.355 [Analysis]: DXF=C:\Users\samea\Desktop\geometry_tools\n_sections\blade\sec_026_r0.355.dxf, twist=11.7°, origin: CP-proxy @ 33.0% chord
2025-08-20 02:51:40,350 | INFO     | Starting raw geometry processing …
2025-08-20 02:51:40,350 | INFO     | Instantiating RawGeometry for DXF: C:\Users\samea\Desktop\geometry_tools\n_sections\blade\sec_026_r0.355.dxf
2025-08-20 02:51:40,351 | INFO     | RawGeometry created successfully.
2025-08-20 02:51:40,351 | INFO     | Generating raw geometry plot …
2025-08-20 02:51:40,702 | INFO     | Raw geometry visualisation completed and saved.
2025-08-20 02:51:40,702 | INFO     | Processing and visualising aligned geometry …
2025-08-20 02:51:40,702 | INFO     | Instantiating ProcessedGeometry with spline/segment settings …
2025-08-20 02:51:40,704 | INFO     | ProcessedGeometry successfully instantiated.
2025-08-20 02:51:40,704 | INFO     | Extracting (pass-through orientation & origin): twist=11.7°, origin_mode=cop, cop_fraction=0.330, cx=0.01, cy=0.00, resample_exterior=True
2025-08-20 02:51:40,733 | INFO     | Geometry extracted (no twist/origin applied).
2025-08-20 02:51:40,733 | INFO     | Generating processed geometry visualisation with trailing edge zoom …
2025-08-20 02:51:42,131 | INFO     | Processed geometry preview saved -> C:\Users\samea\Desktop\geometry_tools\n_sections\results\analysis\2025-08-20_02-49-41\sec_026_r0.355\processed_sec_026_r0.355.png
2025-08-20 02:51:42,131 | INFO     | Launching convergence study pipeline …
2025-08-20 02:51:42,131 | INFO     | Starting section convergence study using 1 mesh sizes: [40.]
2025-08-20 02:51:44,380 | INFO     | ConvergenceStudy instantiated. Running results computation …
2025-08-20 02:51:44,380 | INFO     | Convergence study completed successfully.
2025-08-20 02:51:44,380 | INFO     | Creating convergence visualisation …
2025-08-20 02:51:45,046 | INFO     | Convergence visualisation saved.
2025-08-20 02:51:45,046 | INFO     | Building metadata container for section sec_026_r0.355 …
2025-08-20 02:51:45,046 | INFO     | MetadataBin created.
2025-08-20 02:51:45,046 | INFO     | Composing SectionAnalysisResultSet …
2025-08-20 02:51:45,046 | INFO     | SectionAnalysisResultSet successfully built.
2025-08-20 02:51:45,046 | INFO     | Saving results to directory: C:\Users\samea\Desktop\geometry_tools\n_sections\results\analysis\2025-08-20_02-49-41\sec_026_r0.355
2025-08-20 02:51:45,046 | INFO     | Section analysis results successfully saved.
