2025-08-20 02:55:40,344 | INFO     | Logging initialized for ProcessSectionAnalysis
2025-08-20 02:55:40,345 | INFO     | Station sec_079_r0.823 [Analysis]: DXF=C:\Users\samea\Desktop\geometry_tools\n_sections\blade\sec_079_r0.823.dxf, twist=1.9°, origin: CP-proxy @ 33.0% chord
2025-08-20 02:55:40,345 | INFO     | Starting raw geometry processing …
2025-08-20 02:55:40,345 | INFO     | Instantiating RawGeometry for DXF: C:\Users\samea\Desktop\geometry_tools\n_sections\blade\sec_079_r0.823.dxf
2025-08-20 02:55:40,346 | INFO     | RawGeometry created successfully.
2025-08-20 02:55:40,346 | INFO     | Generating raw geometry plot …
2025-08-20 02:55:40,667 | INFO     | Raw geometry visualisation completed and saved.
2025-08-20 02:55:40,667 | INFO     | Processing and visualising aligned geometry …
2025-08-20 02:55:40,667 | INFO     | Instantiating ProcessedGeometry with spline/segment settings …
2025-08-20 02:55:40,667 | INFO     | ProcessedGeometry successfully instantiated.
2025-08-20 02:55:40,667 | INFO     | Extracting (pass-through orientation & origin): twist=1.9°, origin_mode=cop, cop_fraction=0.330, cx=0.00, cy=0.00, resample_exterior=True
2025-08-20 02:55:40,698 | INFO     | Geometry extracted (no twist/origin applied).
2025-08-20 02:55:40,698 | INFO     | Generating processed geometry visualisation with trailing edge zoom …
2025-08-20 02:55:42,093 | INFO     | Processed geometry preview saved -> C:\Users\samea\Desktop\geometry_tools\n_sections\results\analysis\2025-08-20_02-49-41\sec_079_r0.823\processed_sec_079_r0.823.png
2025-08-20 02:55:42,093 | INFO     | Launching convergence study pipeline …
2025-08-20 02:55:42,093 | INFO     | Starting section convergence study using 1 mesh sizes: [40.]
2025-08-20 02:55:44,488 | INFO     | ConvergenceStudy instantiated. Running results computation …
2025-08-20 02:55:44,488 | INFO     | Convergence study completed successfully.
2025-08-20 02:55:44,488 | INFO     | Creating convergence visualisation …
2025-08-20 02:55:45,150 | INFO     | Convergence visualisation saved.
2025-08-20 02:55:45,150 | INFO     | Building metadata container for section sec_079_r0.823 …
2025-08-20 02:55:45,150 | INFO     | MetadataBin created.
2025-08-20 02:55:45,150 | INFO     | Composing SectionAnalysisResultSet …
2025-08-20 02:55:45,150 | INFO     | SectionAnalysisResultSet successfully built.
2025-08-20 02:55:45,150 | INFO     | Saving results to directory: C:\Users\samea\Desktop\geometry_tools\n_sections\results\analysis\2025-08-20_02-49-41\sec_079_r0.823
2025-08-20 02:55:45,165 | INFO     | Section analysis results successfully saved.
