2025-08-22 00:20:06,335 | INFO     | Logging initialized for ProcessSectionAnalysis
2025-08-22 00:20:06,335 | INFO     | Station sec_002_r0.145 [Analysis]: DXF=C:\Users\samea\Desktop\geometry_tools\n_sections\blade\sec_002_r0.145.dxf, twist=32.2°, origin: CP-proxy @ 33.0% chord
2025-08-22 00:20:06,335 | INFO     | Starting raw geometry processing …
2025-08-22 00:20:06,335 | INFO     | Instantiating RawGeometry for DXF: C:\Users\samea\Desktop\geometry_tools\n_sections\blade\sec_002_r0.145.dxf
2025-08-22 00:20:06,335 | INFO     | RawGeometry created successfully.
2025-08-22 00:20:06,335 | INFO     | Generating raw geometry plot …
2025-08-22 00:20:06,770 | INFO     | Raw geometry visualisation completed and saved.
2025-08-22 00:20:06,770 | INFO     | Processing and visualising aligned geometry …
2025-08-22 00:20:06,770 | INFO     | Instantiating ProcessedGeometry with spline/segment settings …
2025-08-22 00:20:06,782 | INFO     | ProcessedGeometry successfully instantiated.
2025-08-22 00:20:06,782 | INFO     | Extracting (pass-through orientation & origin): twist=32.2°, origin_mode=cop, cop_fraction=0.330, cx=0.01, cy=0.01, resample_exterior=True
2025-08-22 00:20:06,808 | INFO     | Geometry extracted (no twist/origin applied).
2025-08-22 00:20:06,808 | INFO     | Generating processed geometry visualisation with trailing edge zoom …
2025-08-22 00:20:07,822 | INFO     | Processed geometry preview saved -> C:\Users\samea\Desktop\geometry_tools\n_sections\results\analysis\2025-08-22_00-19-57\sec_002_r0.145\processed_sec_002_r0.145.png
2025-08-22 00:20:07,822 | INFO     | Launching convergence study pipeline …
2025-08-22 00:20:07,822 | INFO     | Starting section convergence study using 1 mesh sizes: [40.]
2025-08-22 00:20:10,337 | INFO     | ConvergenceStudy instantiated. Running results computation …
2025-08-22 00:20:10,337 | INFO     | Convergence study completed successfully.
2025-08-22 00:20:10,337 | INFO     | Creating convergence visualisation …
2025-08-22 00:20:11,000 | INFO     | Convergence visualisation saved.
2025-08-22 00:20:11,000 | INFO     | Building metadata container for section sec_002_r0.145 …
2025-08-22 00:20:11,000 | INFO     | MetadataBin created.
2025-08-22 00:20:11,000 | INFO     | Composing SectionAnalysisResultSet …
2025-08-22 00:20:11,000 | INFO     | SectionAnalysisResultSet successfully built.
2025-08-22 00:20:11,000 | INFO     | Saving results to directory: C:\Users\samea\Desktop\geometry_tools\n_sections\results\analysis\2025-08-22_00-19-57\sec_002_r0.145
2025-08-22 00:20:11,003 | INFO     | Section analysis results successfully saved.
