2025-07-31 13:38:27,216 - INFO - Logger initialized for ConvergenceStudy [Station_8]
2025-07-31 13:38:27,216 - INFO - Starting convergence study over 3 mesh sizes: [40.  10.   2.5]
2025-07-31 13:38:27,216 - INFO - [1/3] Processing mesh size h = 40
2025-07-31 13:38:27,216 - DEBUG - [Station_8_h40] Copying geometry and initiating meshing …
2025-07-31 13:38:27,285 - INFO - [Station_8_h40] Mesh created successfully
2025-07-31 13:38:27,285 - DEBUG - [Station_8_h40] Starting section property calculation …
2025-07-31 13:38:28,585 - DEBUG - [Station_8_h40] Section analysis row returned
2025-07-31 13:38:28,585 - INFO - [Station_8_h40] Section analysis completed successfully.
2025-07-31 13:38:28,585 - INFO - [2/3] Processing mesh size h = 10
2025-07-31 13:38:28,585 - DEBUG - [Station_8_h10] Copying geometry and initiating meshing …
2025-07-31 13:38:28,598 - INFO - [Station_8_h10] Mesh created successfully
2025-07-31 13:38:28,598 - DEBUG - [Station_8_h10] Starting section property calculation …
2025-07-31 13:38:29,359 - DEBUG - [Station_8_h10] Section analysis row returned
2025-07-31 13:38:29,361 - INFO - [Station_8_h10] Section analysis completed successfully.
2025-07-31 13:38:29,361 - INFO - [3/3] Processing mesh size h = 2.5
2025-07-31 13:38:29,361 - DEBUG - [Station_8_h2.5] Copying geometry and initiating meshing …
2025-07-31 13:38:29,373 - INFO - [Station_8_h2.5] Mesh created successfully
2025-07-31 13:38:29,373 - DEBUG - [Station_8_h2.5] Starting section property calculation …
2025-07-31 13:38:30,115 - DEBUG - [Station_8_h2.5] Section analysis row returned
2025-07-31 13:38:30,115 - INFO - [Station_8_h2.5] Section analysis completed successfully.
2025-07-31 13:38:30,115 - INFO - Convergence study completed: 3 successful, 3 attempted
2025-07-31 13:38:30,115 - INFO - Generating convergence visualisation …
2025-07-31 13:38:31,475 - INFO - Convergence visualisation completed.
