2025-06-30 13:59:06,596 - INFO - DXF mesh-convergence pipeline started
2025-06-30 13:59:06,764 - INFO - DXF version upgrade to DXF R2000.
2025-06-30 13:59:06,768 - INFO - creating ACAD_COLOR dictionary
2025-06-30 13:59:06,769 - INFO - creating ACAD_PLOTSTYLENAME dictionary
2025-06-30 13:59:06,770 - INFO - creating ACAD_TABLESTYLE dictionary
2025-06-30 13:59:06,898 - INFO - Raw DXF preview saved -> section_calc/plots/raw.png
2025-06-30 13:59:06,899 - INFO - Station8_SE – importing DXF: section_calc\dxf\Station8_SE.dxf
2025-06-30 13:59:06,956 - INFO - DXF version upgrade to DXF R2000.
2025-06-30 13:59:06,960 - INFO - creating ACAD_COLOR dictionary
2025-06-30 13:59:06,961 - INFO - creating ACAD_PLOTSTYLENAME dictionary
2025-06-30 13:59:06,963 - INFO - creating ACAD_TABLESTYLE dictionary
2025-06-30 13:59:06,965 - INFO - cleanup is depreciated BTW. Use the polygonize function instead
2025-06-30 13:59:07,037 - INFO - Zipped 75 points
2025-06-30 13:59:07,040 - INFO - Processed geometry extracted
2025-06-30 13:59:07,273 - INFO - Processed geometry saved -> section_calc/plots/processed.png
2025-06-30 13:59:07,274 - INFO - Mesh sizes: [3.   1.5  0.75]
2025-06-30 13:59:07,274 - INFO - [1/3] meshing with h = 3
2025-06-30 13:59:07,276 - INFO - [Station8_SE_h3] mesh created with h = 3
2025-06-30 13:59:07,277 - ERROR - [Station8_SE_h3] failed to compute/write properties: 'CompoundGeometry' object has no attribute 'calculate_geometric_properties'
2025-06-30 13:59:07,279 - INFO - [2/3] meshing with h = 1.5
2025-06-30 13:59:07,281 - INFO - [Station8_SE_h1.5] mesh created with h = 1.5
2025-06-30 13:59:07,283 - ERROR - [Station8_SE_h1.5] failed to compute/write properties: 'CompoundGeometry' object has no attribute 'calculate_geometric_properties'
2025-06-30 13:59:07,285 - INFO - [3/3] meshing with h = 0.75
2025-06-30 13:59:07,288 - INFO - [Station8_SE_h0.75] mesh created with h = 0.75
2025-06-30 13:59:07,289 - ERROR - [Station8_SE_h0.75] failed to compute/write properties: 'CompoundGeometry' object has no attribute 'calculate_geometric_properties'
2025-06-30 13:59:07,892 - INFO - Convergence study complete — results at section_calc/results/section_results.csv
