2025-08-20 02:55:00,576 | INFO     | Logging initialized for ProcessSectionAnalysis
2025-08-20 02:55:00,576 | INFO     | Station sec_070_r0.744 [Analysis]: DXF=C:\Users\samea\Desktop\geometry_tools\n_sections\blade\sec_070_r0.744.dxf, twist=2.8°, origin: CP-proxy @ 33.0% chord
2025-08-20 02:55:00,576 | INFO     | Starting raw geometry processing …
2025-08-20 02:55:00,576 | INFO     | Instantiating RawGeometry for DXF: C:\Users\samea\Desktop\geometry_tools\n_sections\blade\sec_070_r0.744.dxf
2025-08-20 02:55:00,576 | INFO     | RawGeometry created successfully.
2025-08-20 02:55:00,576 | INFO     | Generating raw geometry plot …
2025-08-20 02:55:00,902 | INFO     | Raw geometry visualisation completed and saved.
2025-08-20 02:55:00,903 | INFO     | Processing and visualising aligned geometry …
2025-08-20 02:55:00,903 | INFO     | Instantiating ProcessedGeometry with spline/segment settings …
2025-08-20 02:55:00,904 | INFO     | ProcessedGeometry successfully instantiated.
2025-08-20 02:55:00,904 | INFO     | Extracting (pass-through orientation & origin): twist=2.8°, origin_mode=cop, cop_fraction=0.330, cx=0.00, cy=0.00, resample_exterior=True
2025-08-20 02:55:00,931 | INFO     | Geometry extracted (no twist/origin applied).
2025-08-20 02:55:00,931 | INFO     | Generating processed geometry visualisation with trailing edge zoom …
2025-08-20 02:55:02,015 | INFO     | Processed geometry preview saved -> C:\Users\samea\Desktop\geometry_tools\n_sections\results\analysis\2025-08-20_02-49-41\sec_070_r0.744\processed_sec_070_r0.744.png
2025-08-20 02:55:02,015 | INFO     | Launching convergence study pipeline …
2025-08-20 02:55:02,015 | INFO     | Starting section convergence study using 1 mesh sizes: [40.]
2025-08-20 02:55:04,096 | INFO     | ConvergenceStudy instantiated. Running results computation …
2025-08-20 02:55:04,096 | INFO     | Convergence study completed successfully.
2025-08-20 02:55:04,096 | INFO     | Creating convergence visualisation …
2025-08-20 02:55:04,778 | INFO     | Convergence visualisation saved.
2025-08-20 02:55:04,778 | INFO     | Building metadata container for section sec_070_r0.744 …
2025-08-20 02:55:04,778 | INFO     | MetadataBin created.
2025-08-20 02:55:04,778 | INFO     | Composing SectionAnalysisResultSet …
2025-08-20 02:55:04,778 | INFO     | SectionAnalysisResultSet successfully built.
2025-08-20 02:55:04,778 | INFO     | Saving results to directory: C:\Users\samea\Desktop\geometry_tools\n_sections\results\analysis\2025-08-20_02-49-41\sec_070_r0.744
2025-08-20 02:55:04,778 | INFO     | Section analysis results successfully saved.
