2025-08-22 00:20:29,220 | INFO     | Logging initialized for ProcessSectionAnalysis
2025-08-22 00:20:29,220 | INFO     | Station sec_007_r0.592 [Analysis]: DXF=C:\Users\samea\Desktop\geometry_tools\n_sections\blade\sec_007_r0.592.dxf, twist=5.0°, origin: CP-proxy @ 33.0% chord
2025-08-22 00:20:29,220 | INFO     | Starting raw geometry processing …
2025-08-22 00:20:29,220 | INFO     | Instantiating RawGeometry for DXF: C:\Users\samea\Desktop\geometry_tools\n_sections\blade\sec_007_r0.592.dxf
2025-08-22 00:20:29,220 | INFO     | RawGeometry created successfully.
2025-08-22 00:20:29,220 | INFO     | Generating raw geometry plot …
2025-08-22 00:20:29,606 | INFO     | Raw geometry visualisation completed and saved.
2025-08-22 00:20:29,606 | INFO     | Processing and visualising aligned geometry …
2025-08-22 00:20:29,606 | INFO     | Instantiating ProcessedGeometry with spline/segment settings …
2025-08-22 00:20:29,606 | INFO     | ProcessedGeometry successfully instantiated.
2025-08-22 00:20:29,606 | INFO     | Extracting (pass-through orientation & origin): twist=5.0°, origin_mode=cop, cop_fraction=0.330, cx=0.01, cy=0.00, resample_exterior=True
2025-08-22 00:20:29,642 | INFO     | Geometry extracted (no twist/origin applied).
2025-08-22 00:20:29,642 | INFO     | Generating processed geometry visualisation with trailing edge zoom …
2025-08-22 00:20:30,654 | INFO     | Processed geometry preview saved -> C:\Users\samea\Desktop\geometry_tools\n_sections\results\analysis\2025-08-22_00-19-57\sec_007_r0.592\processed_sec_007_r0.592.png
2025-08-22 00:20:30,654 | INFO     | Launching convergence study pipeline …
2025-08-22 00:20:30,654 | INFO     | Starting section convergence study using 1 mesh sizes: [40.]
2025-08-22 00:20:33,173 | INFO     | ConvergenceStudy instantiated. Running results computation …
2025-08-22 00:20:33,173 | INFO     | Convergence study completed successfully.
2025-08-22 00:20:33,173 | INFO     | Creating convergence visualisation …
2025-08-22 00:20:33,806 | INFO     | Convergence visualisation saved.
2025-08-22 00:20:33,806 | INFO     | Building metadata container for section sec_007_r0.592 …
2025-08-22 00:20:33,806 | INFO     | MetadataBin created.
2025-08-22 00:20:33,806 | INFO     | Composing SectionAnalysisResultSet …
2025-08-22 00:20:33,806 | INFO     | SectionAnalysisResultSet successfully built.
2025-08-22 00:20:33,806 | INFO     | Saving results to directory: C:\Users\samea\Desktop\geometry_tools\n_sections\results\analysis\2025-08-22_00-19-57\sec_007_r0.592
2025-08-22 00:20:33,806 | INFO     | Section analysis results successfully saved.
