2025-08-20 02:55:13,440 | INFO     | Logging initialized for ProcessSectionAnalysis
2025-08-20 02:55:13,440 | INFO     | Station sec_073_r0.770 [Analysis]: DXF=C:\Users\samea\Desktop\geometry_tools\n_sections\blade\sec_073_r0.770.dxf, twist=2.5°, origin: CP-proxy @ 33.0% chord
2025-08-20 02:55:13,440 | INFO     | Starting raw geometry processing …
2025-08-20 02:55:13,440 | INFO     | Instantiating RawGeometry for DXF: C:\Users\samea\Desktop\geometry_tools\n_sections\blade\sec_073_r0.770.dxf
2025-08-20 02:55:13,440 | INFO     | RawGeometry created successfully.
2025-08-20 02:55:13,440 | INFO     | Generating raw geometry plot …
2025-08-20 02:55:13,756 | INFO     | Raw geometry visualisation completed and saved.
2025-08-20 02:55:13,757 | INFO     | Processing and visualising aligned geometry …
2025-08-20 02:55:13,757 | INFO     | Instantiating ProcessedGeometry with spline/segment settings …
2025-08-20 02:55:13,760 | INFO     | ProcessedGeometry successfully instantiated.
2025-08-20 02:55:13,760 | INFO     | Extracting (pass-through orientation & origin): twist=2.5°, origin_mode=cop, cop_fraction=0.330, cx=0.00, cy=0.00, resample_exterior=True
2025-08-20 02:55:13,788 | INFO     | Geometry extracted (no twist/origin applied).
2025-08-20 02:55:13,788 | INFO     | Generating processed geometry visualisation with trailing edge zoom …
2025-08-20 02:55:14,853 | INFO     | Processed geometry preview saved -> C:\Users\samea\Desktop\geometry_tools\n_sections\results\analysis\2025-08-20_02-49-41\sec_073_r0.770\processed_sec_073_r0.770.png
2025-08-20 02:55:14,853 | INFO     | Launching convergence study pipeline …
2025-08-20 02:55:14,853 | INFO     | Starting section convergence study using 1 mesh sizes: [40.]
2025-08-20 02:55:17,109 | INFO     | ConvergenceStudy instantiated. Running results computation …
2025-08-20 02:55:17,109 | INFO     | Convergence study completed successfully.
2025-08-20 02:55:17,109 | INFO     | Creating convergence visualisation …
2025-08-20 02:55:17,743 | INFO     | Convergence visualisation saved.
2025-08-20 02:55:17,743 | INFO     | Building metadata container for section sec_073_r0.770 …
2025-08-20 02:55:17,743 | INFO     | MetadataBin created.
2025-08-20 02:55:17,743 | INFO     | Composing SectionAnalysisResultSet …
2025-08-20 02:55:17,743 | INFO     | SectionAnalysisResultSet successfully built.
2025-08-20 02:55:17,743 | INFO     | Saving results to directory: C:\Users\samea\Desktop\geometry_tools\n_sections\results\analysis\2025-08-20_02-49-41\sec_073_r0.770
2025-08-20 02:55:17,743 | INFO     | Section analysis results successfully saved.
