2025-08-20 02:54:15,703 | INFO     | Logging initialized for ProcessSectionAnalysis
2025-08-20 02:54:15,703 | INFO     | Station sec_060_r0.655 [Analysis]: DXF=C:\Users\samea\Desktop\geometry_tools\n_sections\blade\sec_060_r0.655.dxf, twist=3.9°, origin: CP-proxy @ 33.0% chord
2025-08-20 02:54:15,703 | INFO     | Starting raw geometry processing …
2025-08-20 02:54:15,703 | INFO     | Instantiating RawGeometry for DXF: C:\Users\samea\Desktop\geometry_tools\n_sections\blade\sec_060_r0.655.dxf
2025-08-20 02:54:15,703 | INFO     | RawGeometry created successfully.
2025-08-20 02:54:15,703 | INFO     | Generating raw geometry plot …
2025-08-20 02:54:16,013 | INFO     | Raw geometry visualisation completed and saved.
2025-08-20 02:54:16,013 | INFO     | Processing and visualising aligned geometry …
2025-08-20 02:54:16,013 | INFO     | Instantiating ProcessedGeometry with spline/segment settings …
2025-08-20 02:54:16,013 | INFO     | ProcessedGeometry successfully instantiated.
2025-08-20 02:54:16,013 | INFO     | Extracting (pass-through orientation & origin): twist=3.9°, origin_mode=cop, cop_fraction=0.330, cx=0.01, cy=0.00, resample_exterior=True
2025-08-20 02:54:16,054 | INFO     | Geometry extracted (no twist/origin applied).
2025-08-20 02:54:16,054 | INFO     | Generating processed geometry visualisation with trailing edge zoom …
2025-08-20 02:54:17,137 | INFO     | Processed geometry preview saved -> C:\Users\samea\Desktop\geometry_tools\n_sections\results\analysis\2025-08-20_02-49-41\sec_060_r0.655\processed_sec_060_r0.655.png
2025-08-20 02:54:17,137 | INFO     | Launching convergence study pipeline …
2025-08-20 02:54:17,137 | INFO     | Starting section convergence study using 1 mesh sizes: [40.]
2025-08-20 02:54:19,365 | INFO     | ConvergenceStudy instantiated. Running results computation …
2025-08-20 02:54:19,365 | INFO     | Convergence study completed successfully.
2025-08-20 02:54:19,365 | INFO     | Creating convergence visualisation …
2025-08-20 02:54:19,993 | INFO     | Convergence visualisation saved.
2025-08-20 02:54:19,993 | INFO     | Building metadata container for section sec_060_r0.655 …
2025-08-20 02:54:19,993 | INFO     | MetadataBin created.
2025-08-20 02:54:19,993 | INFO     | Composing SectionAnalysisResultSet …
2025-08-20 02:54:19,993 | INFO     | SectionAnalysisResultSet successfully built.
2025-08-20 02:54:19,993 | INFO     | Saving results to directory: C:\Users\samea\Desktop\geometry_tools\n_sections\results\analysis\2025-08-20_02-49-41\sec_060_r0.655
2025-08-20 02:54:19,993 | INFO     | Section analysis results successfully saved.
