2025-08-20 02:54:24,274 | INFO     | Logging initialized for ProcessSectionAnalysis
2025-08-20 02:54:24,274 | INFO     | Station sec_062_r0.673 [Analysis]: DXF=C:\Users\samea\Desktop\geometry_tools\n_sections\blade\sec_062_r0.673.dxf, twist=3.7°, origin: CP-proxy @ 33.0% chord
2025-08-20 02:54:24,274 | INFO     | Starting raw geometry processing …
2025-08-20 02:54:24,274 | INFO     | Instantiating RawGeometry for DXF: C:\Users\samea\Desktop\geometry_tools\n_sections\blade\sec_062_r0.673.dxf
2025-08-20 02:54:24,274 | INFO     | RawGeometry created successfully.
2025-08-20 02:54:24,274 | INFO     | Generating raw geometry plot …
2025-08-20 02:54:24,574 | INFO     | Raw geometry visualisation completed and saved.
2025-08-20 02:54:24,574 | INFO     | Processing and visualising aligned geometry …
2025-08-20 02:54:24,574 | INFO     | Instantiating ProcessedGeometry with spline/segment settings …
2025-08-20 02:54:24,574 | INFO     | ProcessedGeometry successfully instantiated.
2025-08-20 02:54:24,574 | INFO     | Extracting (pass-through orientation & origin): twist=3.7°, origin_mode=cop, cop_fraction=0.330, cx=0.01, cy=0.00, resample_exterior=True
2025-08-20 02:54:24,616 | INFO     | Geometry extracted (no twist/origin applied).
2025-08-20 02:54:24,616 | INFO     | Generating processed geometry visualisation with trailing edge zoom …
2025-08-20 02:54:25,691 | INFO     | Processed geometry preview saved -> C:\Users\samea\Desktop\geometry_tools\n_sections\results\analysis\2025-08-20_02-49-41\sec_062_r0.673\processed_sec_062_r0.673.png
2025-08-20 02:54:25,691 | INFO     | Launching convergence study pipeline …
2025-08-20 02:54:25,691 | INFO     | Starting section convergence study using 1 mesh sizes: [40.]
2025-08-20 02:54:27,913 | INFO     | ConvergenceStudy instantiated. Running results computation …
2025-08-20 02:54:27,913 | INFO     | Convergence study completed successfully.
2025-08-20 02:54:27,913 | INFO     | Creating convergence visualisation …
2025-08-20 02:54:28,823 | INFO     | Convergence visualisation saved.
2025-08-20 02:54:28,823 | INFO     | Building metadata container for section sec_062_r0.673 …
2025-08-20 02:54:28,823 | INFO     | MetadataBin created.
2025-08-20 02:54:28,823 | INFO     | Composing SectionAnalysisResultSet …
2025-08-20 02:54:28,823 | INFO     | SectionAnalysisResultSet successfully built.
2025-08-20 02:54:28,823 | INFO     | Saving results to directory: C:\Users\samea\Desktop\geometry_tools\n_sections\results\analysis\2025-08-20_02-49-41\sec_062_r0.673
2025-08-20 02:54:28,837 | INFO     | Section analysis results successfully saved.
