2025-07-31 13:32:44,765 | INFO     | Logging initialized for ProcessSectionAnalysis
2025-07-31 13:32:44,765 | INFO     | Station Station_12 [Analysis]: DXF=C:\Users\Sam Hughes\Desktop\geometry_tools\n_sections\blade\Station_12.dxf, twist=1.4°, centroid=(0.00, -0.00)
2025-07-31 13:32:44,765 | INFO     | Starting raw geometry processing …
2025-07-31 13:32:44,765 | INFO     | Instantiating RawGeometry for DXF: C:\Users\Sam Hughes\Desktop\geometry_tools\n_sections\blade\Station_12.dxf
2025-07-31 13:32:44,765 | INFO     | RawGeometry created successfully.
2025-07-31 13:32:44,765 | INFO     | Generating raw geometry plot …
2025-07-31 13:32:45,048 | INFO     | Raw geometry visualisation completed and saved.
2025-07-31 13:32:45,048 | INFO     | Processing and visualising aligned geometry …
2025-07-31 13:32:45,048 | INFO     | Instantiating ProcessedGeometry with spline/segment settings …
2025-07-31 13:32:45,049 | INFO     | ProcessedGeometry successfully instantiated.
2025-07-31 13:32:45,049 | INFO     | Extracting and aligning geometry with twist=1.4°, cx=0.00, cy=-0.00
2025-07-31 13:32:45,583 | INFO     | Geometry aligned and transformed successfully.
2025-07-31 13:32:45,583 | INFO     | Generating processed geometry visualisation with trailing edge zoom …
2025-07-31 13:32:46,454 | INFO     | Processed geometry preview saved -> C:\Users\Sam Hughes\Desktop\geometry_tools\n_sections\results\analysis\2025-07-31_13-32-22\Station_12\processed_Station_12.png
2025-07-31 13:32:46,454 | INFO     | Launching convergence study pipeline …
2025-07-31 13:32:46,454 | INFO     | Starting section convergence study using 3 mesh sizes: [40.  10.   2.5]
2025-07-31 13:32:49,449 | INFO     | ConvergenceStudy instantiated. Running results computation …
2025-07-31 13:32:49,449 | INFO     | Convergence study completed successfully.
2025-07-31 13:32:49,449 | INFO     | Creating convergence visualisation …
2025-07-31 13:32:49,449 | INFO     | Convergence visualisation saved.
2025-07-31 13:32:49,449 | INFO     | Building metadata container for section Station_12 …
2025-07-31 13:32:49,449 | INFO     | MetadataBin created.
2025-07-31 13:32:49,449 | INFO     | Composing SectionAnalysisResultSet …
2025-07-31 13:32:49,449 | INFO     | SectionAnalysisResultSet successfully built.
2025-07-31 13:32:49,449 | INFO     | Saving results to directory: C:\Users\Sam Hughes\Desktop\geometry_tools\n_sections\results\analysis\2025-07-31_13-32-22\Station_12
2025-07-31 13:32:49,454 | INFO     | Section analysis results successfully saved.
