2025-08-20 02:53:30,188 | INFO     | Logging initialized for ProcessSectionAnalysis
2025-08-20 02:53:30,188 | INFO     | Station sec_050_r0.567 [Analysis]: DXF=C:\Users\samea\Desktop\geometry_tools\n_sections\blade\sec_050_r0.567.dxf, twist=5.4°, origin: CP-proxy @ 33.0% chord
2025-08-20 02:53:30,188 | INFO     | Starting raw geometry processing …
2025-08-20 02:53:30,188 | INFO     | Instantiating RawGeometry for DXF: C:\Users\samea\Desktop\geometry_tools\n_sections\blade\sec_050_r0.567.dxf
2025-08-20 02:53:30,188 | INFO     | RawGeometry created successfully.
2025-08-20 02:53:30,188 | INFO     | Generating raw geometry plot …
2025-08-20 02:53:30,549 | INFO     | Raw geometry visualisation completed and saved.
2025-08-20 02:53:30,550 | INFO     | Processing and visualising aligned geometry …
2025-08-20 02:53:30,550 | INFO     | Instantiating ProcessedGeometry with spline/segment settings …
2025-08-20 02:53:30,550 | INFO     | ProcessedGeometry successfully instantiated.
2025-08-20 02:53:30,550 | INFO     | Extracting (pass-through orientation & origin): twist=5.4°, origin_mode=cop, cop_fraction=0.330, cx=0.01, cy=0.00, resample_exterior=True
2025-08-20 02:53:30,585 | INFO     | Geometry extracted (no twist/origin applied).
2025-08-20 02:53:30,585 | INFO     | Generating processed geometry visualisation with trailing edge zoom …
2025-08-20 02:53:31,723 | INFO     | Processed geometry preview saved -> C:\Users\samea\Desktop\geometry_tools\n_sections\results\analysis\2025-08-20_02-49-41\sec_050_r0.567\processed_sec_050_r0.567.png
2025-08-20 02:53:31,737 | INFO     | Launching convergence study pipeline …
2025-08-20 02:53:31,737 | INFO     | Starting section convergence study using 1 mesh sizes: [40.]
2025-08-20 02:53:33,852 | INFO     | ConvergenceStudy instantiated. Running results computation …
2025-08-20 02:53:33,852 | INFO     | Convergence study completed successfully.
2025-08-20 02:53:33,852 | INFO     | Creating convergence visualisation …
2025-08-20 02:53:34,489 | INFO     | Convergence visualisation saved.
2025-08-20 02:53:34,489 | INFO     | Building metadata container for section sec_050_r0.567 …
2025-08-20 02:53:34,489 | INFO     | MetadataBin created.
2025-08-20 02:53:34,489 | INFO     | Composing SectionAnalysisResultSet …
2025-08-20 02:53:34,489 | INFO     | SectionAnalysisResultSet successfully built.
2025-08-20 02:53:34,489 | INFO     | Saving results to directory: C:\Users\samea\Desktop\geometry_tools\n_sections\results\analysis\2025-08-20_02-49-41\sec_050_r0.567
2025-08-20 02:53:34,489 | INFO     | Section analysis results successfully saved.
