2025-08-20 02:50:32,228 | INFO     | Logging initialized for ProcessSectionAnalysis
2025-08-20 02:50:32,228 | INFO     | Station sec_011_r0.222 [Analysis]: DXF=C:\Users\samea\Desktop\geometry_tools\n_sections\blade\sec_011_r0.222.dxf, twist=21.6°, origin: CP-proxy @ 33.0% chord
2025-08-20 02:50:32,228 | INFO     | Starting raw geometry processing …
2025-08-20 02:50:32,228 | INFO     | Instantiating RawGeometry for DXF: C:\Users\samea\Desktop\geometry_tools\n_sections\blade\sec_011_r0.222.dxf
2025-08-20 02:50:32,230 | INFO     | RawGeometry created successfully.
2025-08-20 02:50:32,230 | INFO     | Generating raw geometry plot …
2025-08-20 02:50:32,647 | INFO     | Raw geometry visualisation completed and saved.
2025-08-20 02:50:32,648 | INFO     | Processing and visualising aligned geometry …
2025-08-20 02:50:32,648 | INFO     | Instantiating ProcessedGeometry with spline/segment settings …
2025-08-20 02:50:32,649 | INFO     | ProcessedGeometry successfully instantiated.
2025-08-20 02:50:32,649 | INFO     | Extracting (pass-through orientation & origin): twist=21.6°, origin_mode=cop, cop_fraction=0.330, cx=0.01, cy=0.01, resample_exterior=True
2025-08-20 02:50:32,679 | INFO     | Geometry extracted (no twist/origin applied).
2025-08-20 02:50:32,679 | INFO     | Generating processed geometry visualisation with trailing edge zoom …
2025-08-20 02:50:33,803 | INFO     | Processed geometry preview saved -> C:\Users\samea\Desktop\geometry_tools\n_sections\results\analysis\2025-08-20_02-49-41\sec_011_r0.222\processed_sec_011_r0.222.png
2025-08-20 02:50:33,803 | INFO     | Launching convergence study pipeline …
2025-08-20 02:50:33,803 | INFO     | Starting section convergence study using 1 mesh sizes: [40.]
2025-08-20 02:50:36,176 | INFO     | ConvergenceStudy instantiated. Running results computation …
2025-08-20 02:50:36,176 | INFO     | Convergence study completed successfully.
2025-08-20 02:50:36,176 | INFO     | Creating convergence visualisation …
2025-08-20 02:50:36,818 | INFO     | Convergence visualisation saved.
2025-08-20 02:50:36,818 | INFO     | Building metadata container for section sec_011_r0.222 …
2025-08-20 02:50:36,818 | INFO     | MetadataBin created.
2025-08-20 02:50:36,818 | INFO     | Composing SectionAnalysisResultSet …
2025-08-20 02:50:36,818 | INFO     | SectionAnalysisResultSet successfully built.
2025-08-20 02:50:36,818 | INFO     | Saving results to directory: C:\Users\samea\Desktop\geometry_tools\n_sections\results\analysis\2025-08-20_02-49-41\sec_011_r0.222
2025-08-20 02:50:36,818 | INFO     | Section analysis results successfully saved.
