2025-08-20 02:30:54,990 - INFO - Logger initialized for ConvergenceStudy [sec_007_r0.187]
2025-08-20 02:30:54,990 - INFO - Starting convergence study over 3 mesh sizes: [40.  10.   2.5]
2025-08-20 02:30:54,990 - INFO - [1/3] Processing mesh size h = 40
2025-08-20 02:30:54,990 - DEBUG - [sec_007_r0.187_h40] Copying geometry and initiating meshing …
2025-08-20 02:30:55,009 - INFO - [sec_007_r0.187_h40] Mesh created successfully
2025-08-20 02:30:55,009 - DEBUG - [sec_007_r0.187_h40] Starting section property calculation …
2025-08-20 02:30:56,539 - DEBUG - [sec_007_r0.187_h40] Section analysis row returned
2025-08-20 02:30:56,555 - INFO - [sec_007_r0.187_h40] Section analysis completed successfully.
2025-08-20 02:30:56,556 - INFO - [2/3] Processing mesh size h = 10
2025-08-20 02:30:56,556 - DEBUG - [sec_007_r0.187_h10] Copying geometry and initiating meshing …
2025-08-20 02:30:56,623 - INFO - [sec_007_r0.187_h10] Mesh created successfully
2025-08-20 02:30:56,623 - DEBUG - [sec_007_r0.187_h10] Starting section property calculation …
2025-08-20 02:30:57,548 - DEBUG - [sec_007_r0.187_h10] Section analysis row returned
2025-08-20 02:30:57,549 - INFO - [sec_007_r0.187_h10] Section analysis completed successfully.
2025-08-20 02:30:57,549 - INFO - [3/3] Processing mesh size h = 2.5
2025-08-20 02:30:57,550 - DEBUG - [sec_007_r0.187_h2.5] Copying geometry and initiating meshing …
2025-08-20 02:30:57,561 - INFO - [sec_007_r0.187_h2.5] Mesh created successfully
2025-08-20 02:30:57,562 - DEBUG - [sec_007_r0.187_h2.5] Starting section property calculation …
2025-08-20 02:30:58,397 - DEBUG - [sec_007_r0.187_h2.5] Section analysis row returned
2025-08-20 02:30:58,405 - INFO - [sec_007_r0.187_h2.5] Section analysis completed successfully.
2025-08-20 02:30:58,405 - INFO - Convergence study completed: 3 successful, 3 attempted
2025-08-20 02:30:58,406 - INFO - Generating convergence visualisation …
2025-08-20 02:31:00,100 - INFO - Convergence visualisation completed.
