2025-08-20 02:30:53,266 | INFO     | Logging initialized for ProcessSectionAnalysis
2025-08-20 02:30:53,266 | INFO     | Station sec_007_r0.187 [Analysis]: DXF=C:\Users\samea\Desktop\geometry_tools\n_sections\blade\sec_007_r0.187.dxf, twist=26.0°, origin: CP-proxy @ 33.0% chord
2025-08-20 02:30:53,266 | INFO     | Starting raw geometry processing …
2025-08-20 02:30:53,266 | INFO     | Instantiating RawGeometry for DXF: C:\Users\samea\Desktop\geometry_tools\n_sections\blade\sec_007_r0.187.dxf
2025-08-20 02:30:53,267 | INFO     | RawGeometry created successfully.
2025-08-20 02:30:53,267 | INFO     | Generating raw geometry plot …
2025-08-20 02:30:53,642 | INFO     | Raw geometry visualisation completed and saved.
2025-08-20 02:30:53,642 | INFO     | Processing and visualising aligned geometry …
2025-08-20 02:30:53,642 | INFO     | Instantiating ProcessedGeometry with spline/segment settings …
2025-08-20 02:30:53,642 | INFO     | ProcessedGeometry successfully instantiated.
2025-08-20 02:30:53,642 | INFO     | Extracting + aligning: twist=26.0°, origin_mode=cop, cop_fraction=0.330, cx=0.01, cy=0.01
2025-08-20 02:30:53,684 | INFO     | Geometry aligned and transformed successfully.
2025-08-20 02:30:53,684 | INFO     | Generating processed geometry visualisation with trailing edge zoom …
2025-08-20 02:30:54,990 | INFO     | Processed geometry preview saved -> C:\Users\samea\Desktop\geometry_tools\n_sections\results\analysis\2025-08-20_02-29-55\sec_007_r0.187\processed_sec_007_r0.187.png
2025-08-20 02:30:54,990 | INFO     | Launching convergence study pipeline …
2025-08-20 02:30:54,990 | INFO     | Starting section convergence study using 3 mesh sizes: [40.  10.   2.5]
2025-08-20 02:31:00,100 | INFO     | ConvergenceStudy instantiated. Running results computation …
2025-08-20 02:31:00,100 | INFO     | Convergence study completed successfully.
2025-08-20 02:31:00,100 | INFO     | Creating convergence visualisation …
2025-08-20 02:31:01,964 | INFO     | Convergence visualisation saved.
2025-08-20 02:31:01,964 | INFO     | Building metadata container for section sec_007_r0.187 …
2025-08-20 02:31:01,965 | INFO     | MetadataBin created.
2025-08-20 02:31:01,965 | INFO     | Composing SectionAnalysisResultSet …
2025-08-20 02:31:01,965 | INFO     | SectionAnalysisResultSet successfully built.
2025-08-20 02:31:01,965 | INFO     | Saving results to directory: C:\Users\samea\Desktop\geometry_tools\n_sections\results\analysis\2025-08-20_02-29-55\sec_007_r0.187
2025-08-20 02:31:01,967 | INFO     | Section analysis results successfully saved.
