2025-08-20 02:50:23,253 | INFO     | Logging initialized for ProcessSectionAnalysis
2025-08-20 02:50:23,253 | INFO     | Station sec_009_r0.205 [Analysis]: DXF=C:\Users\samea\Desktop\geometry_tools\n_sections\blade\sec_009_r0.205.dxf, twist=23.7°, origin: CP-proxy @ 33.0% chord
2025-08-20 02:50:23,253 | INFO     | Starting raw geometry processing …
2025-08-20 02:50:23,253 | INFO     | Instantiating RawGeometry for DXF: C:\Users\samea\Desktop\geometry_tools\n_sections\blade\sec_009_r0.205.dxf
2025-08-20 02:50:23,254 | INFO     | RawGeometry created successfully.
2025-08-20 02:50:23,254 | INFO     | Generating raw geometry plot …
2025-08-20 02:50:23,705 | INFO     | Raw geometry visualisation completed and saved.
2025-08-20 02:50:23,705 | INFO     | Processing and visualising aligned geometry …
2025-08-20 02:50:23,705 | INFO     | Instantiating ProcessedGeometry with spline/segment settings …
2025-08-20 02:50:23,706 | INFO     | ProcessedGeometry successfully instantiated.
2025-08-20 02:50:23,706 | INFO     | Extracting (pass-through orientation & origin): twist=23.7°, origin_mode=cop, cop_fraction=0.330, cx=0.01, cy=0.01, resample_exterior=True
2025-08-20 02:50:23,732 | INFO     | Geometry extracted (no twist/origin applied).
2025-08-20 02:50:23,732 | INFO     | Generating processed geometry visualisation with trailing edge zoom …
2025-08-20 02:50:24,817 | INFO     | Processed geometry preview saved -> C:\Users\samea\Desktop\geometry_tools\n_sections\results\analysis\2025-08-20_02-49-41\sec_009_r0.205\processed_sec_009_r0.205.png
2025-08-20 02:50:24,817 | INFO     | Launching convergence study pipeline …
2025-08-20 02:50:24,817 | INFO     | Starting section convergence study using 1 mesh sizes: [40.]
2025-08-20 02:50:26,853 | INFO     | ConvergenceStudy instantiated. Running results computation …
2025-08-20 02:50:26,853 | INFO     | Convergence study completed successfully.
2025-08-20 02:50:26,853 | INFO     | Creating convergence visualisation …
2025-08-20 02:50:27,480 | INFO     | Convergence visualisation saved.
2025-08-20 02:50:27,480 | INFO     | Building metadata container for section sec_009_r0.205 …
2025-08-20 02:50:27,481 | INFO     | MetadataBin created.
2025-08-20 02:50:27,481 | INFO     | Composing SectionAnalysisResultSet …
2025-08-20 02:50:27,481 | INFO     | SectionAnalysisResultSet successfully built.
2025-08-20 02:50:27,481 | INFO     | Saving results to directory: C:\Users\samea\Desktop\geometry_tools\n_sections\results\analysis\2025-08-20_02-49-41\sec_009_r0.205
2025-08-20 02:50:27,483 | INFO     | Section analysis results successfully saved.
