2025-08-20 02:32:33,324 - INFO - Logger initialized for ConvergenceStudy [sec_019_r0.293]
2025-08-20 02:32:33,324 - INFO - Starting convergence study over 3 mesh sizes: [40.  10.   2.5]
2025-08-20 02:32:33,324 - INFO - [1/3] Processing mesh size h = 40
2025-08-20 02:32:33,324 - DEBUG - [sec_019_r0.293_h40] Copying geometry and initiating meshing …
2025-08-20 02:32:33,340 - INFO - [sec_019_r0.293_h40] Mesh created successfully
2025-08-20 02:32:33,340 - DEBUG - [sec_019_r0.293_h40] Starting section property calculation …
2025-08-20 02:32:34,640 - DEBUG - [sec_019_r0.293_h40] Section analysis row returned
2025-08-20 02:32:34,643 - INFO - [sec_019_r0.293_h40] Section analysis completed successfully.
2025-08-20 02:32:34,644 - INFO - [2/3] Processing mesh size h = 10
2025-08-20 02:32:34,644 - DEBUG - [sec_019_r0.293_h10] Copying geometry and initiating meshing …
2025-08-20 02:32:34,657 - INFO - [sec_019_r0.293_h10] Mesh created successfully
2025-08-20 02:32:34,657 - DEBUG - [sec_019_r0.293_h10] Starting section property calculation …
2025-08-20 02:32:35,493 - DEBUG - [sec_019_r0.293_h10] Section analysis row returned
2025-08-20 02:32:35,495 - INFO - [sec_019_r0.293_h10] Section analysis completed successfully.
2025-08-20 02:32:35,496 - INFO - [3/3] Processing mesh size h = 2.5
2025-08-20 02:32:35,496 - DEBUG - [sec_019_r0.293_h2.5] Copying geometry and initiating meshing …
2025-08-20 02:32:35,510 - INFO - [sec_019_r0.293_h2.5] Mesh created successfully
2025-08-20 02:32:35,510 - DEBUG - [sec_019_r0.293_h2.5] Starting section property calculation …
2025-08-20 02:32:36,359 - DEBUG - [sec_019_r0.293_h2.5] Section analysis row returned
2025-08-20 02:32:36,361 - INFO - [sec_019_r0.293_h2.5] Section analysis completed successfully.
2025-08-20 02:32:36,361 - INFO - Convergence study completed: 3 successful, 3 attempted
2025-08-20 02:32:36,362 - INFO - Generating convergence visualisation …
2025-08-20 02:32:38,050 - INFO - Convergence visualisation completed.
