2025-08-20 02:32:31,833 | INFO     | Logging initialized for ProcessSectionAnalysis
2025-08-20 02:32:31,833 | INFO     | Station sec_019_r0.293 [Analysis]: DXF=C:\Users\samea\Desktop\geometry_tools\n_sections\blade\sec_019_r0.293.dxf, twist=15.2°, origin: CP-proxy @ 33.0% chord
2025-08-20 02:32:31,833 | INFO     | Starting raw geometry processing …
2025-08-20 02:32:31,833 | INFO     | Instantiating RawGeometry for DXF: C:\Users\samea\Desktop\geometry_tools\n_sections\blade\sec_019_r0.293.dxf
2025-08-20 02:32:31,833 | INFO     | RawGeometry created successfully.
2025-08-20 02:32:31,833 | INFO     | Generating raw geometry plot …
2025-08-20 02:32:32,168 | INFO     | Raw geometry visualisation completed and saved.
2025-08-20 02:32:32,168 | INFO     | Processing and visualising aligned geometry …
2025-08-20 02:32:32,168 | INFO     | Instantiating ProcessedGeometry with spline/segment settings …
2025-08-20 02:32:32,168 | INFO     | ProcessedGeometry successfully instantiated.
2025-08-20 02:32:32,168 | INFO     | Extracting + aligning: twist=15.2°, origin_mode=cop, cop_fraction=0.330, cx=0.01, cy=0.01
2025-08-20 02:32:32,265 | INFO     | Geometry aligned and transformed successfully.
2025-08-20 02:32:32,265 | INFO     | Generating processed geometry visualisation with trailing edge zoom …
2025-08-20 02:32:33,324 | INFO     | Processed geometry preview saved -> C:\Users\samea\Desktop\geometry_tools\n_sections\results\analysis\2025-08-20_02-29-55\sec_019_r0.293\processed_sec_019_r0.293.png
2025-08-20 02:32:33,324 | INFO     | Launching convergence study pipeline …
2025-08-20 02:32:33,324 | INFO     | Starting section convergence study using 3 mesh sizes: [40.  10.   2.5]
2025-08-20 02:32:38,050 | INFO     | ConvergenceStudy instantiated. Running results computation …
2025-08-20 02:32:38,050 | INFO     | Convergence study completed successfully.
2025-08-20 02:32:38,050 | INFO     | Creating convergence visualisation …
2025-08-20 02:32:39,876 | INFO     | Convergence visualisation saved.
2025-08-20 02:32:39,876 | INFO     | Building metadata container for section sec_019_r0.293 …
2025-08-20 02:32:39,876 | INFO     | MetadataBin created.
2025-08-20 02:32:39,876 | INFO     | Composing SectionAnalysisResultSet …
2025-08-20 02:32:39,876 | INFO     | SectionAnalysisResultSet successfully built.
2025-08-20 02:32:39,876 | INFO     | Saving results to directory: C:\Users\samea\Desktop\geometry_tools\n_sections\results\analysis\2025-08-20_02-29-55\sec_019_r0.293
2025-08-20 02:32:39,878 | INFO     | Section analysis results successfully saved.
