2025-08-18 17:51:38,422 - INFO - Logger initialized for ConvergenceStudy [Station_2]
2025-08-18 17:51:38,423 - INFO - Starting convergence study over 3 mesh sizes: [40.  10.   2.5]
2025-08-18 17:51:38,425 - INFO - [1/3] Processing mesh size h = 40
2025-08-18 17:51:38,427 - DEBUG - [Station_2_h40] Copying geometry and initiating meshing …
2025-08-18 17:51:38,451 - INFO - [Station_2_h40] Mesh created successfully
2025-08-18 17:51:38,453 - DEBUG - [Station_2_h40] Starting section property calculation …
2025-08-18 17:51:39,194 - DEBUG - [Station_2_h40] Section analysis row returned
2025-08-18 17:51:39,196 - INFO - [Station_2_h40] Section analysis completed successfully.
2025-08-18 17:51:39,198 - INFO - [2/3] Processing mesh size h = 10
2025-08-18 17:51:39,200 - DEBUG - [Station_2_h10] Copying geometry and initiating meshing …
2025-08-18 17:51:39,221 - INFO - [Station_2_h10] Mesh created successfully
2025-08-18 17:51:39,222 - DEBUG - [Station_2_h10] Starting section property calculation …
2025-08-18 17:51:39,677 - DEBUG - [Station_2_h10] Section analysis row returned
2025-08-18 17:51:39,680 - INFO - [Station_2_h10] Section analysis completed successfully.
2025-08-18 17:51:39,681 - INFO - [3/3] Processing mesh size h = 2.5
2025-08-18 17:51:39,685 - DEBUG - [Station_2_h2.5] Copying geometry and initiating meshing …
2025-08-18 17:51:39,709 - INFO - [Station_2_h2.5] Mesh created successfully
2025-08-18 17:51:39,710 - DEBUG - [Station_2_h2.5] Starting section property calculation …
2025-08-18 17:51:40,173 - DEBUG - [Station_2_h2.5] Section analysis row returned
2025-08-18 17:51:40,175 - INFO - [Station_2_h2.5] Section analysis completed successfully.
2025-08-18 17:51:40,177 - INFO - Convergence study completed: 3 successful, 3 attempted
2025-08-18 17:51:40,178 - INFO - Generating convergence visualisation …
2025-08-18 17:51:41,039 - INFO - Convergence visualisation completed.
