2025-08-18 17:51:37,135 | INFO     | Logging initialized for ProcessSectionAnalysis
2025-08-18 17:51:37,136 | INFO     | Station Station_2 [Analysis]: DXF=\\mull.sms.ed.ac.uk\home\s1834431\Win7\Desktop\geometry_tools\n_sections\blade\Station_2.dxf, twist=18.7°, origin: CP-proxy @ 33.0% chord
2025-08-18 17:51:37,137 | INFO     | Starting raw geometry processing …
2025-08-18 17:51:37,138 | INFO     | Instantiating RawGeometry for DXF: \\mull.sms.ed.ac.uk\home\s1834431\Win7\Desktop\geometry_tools\n_sections\blade\Station_2.dxf
2025-08-18 17:51:37,149 | INFO     | RawGeometry created successfully.
2025-08-18 17:51:37,150 | INFO     | Generating raw geometry plot …
2025-08-18 17:51:37,601 | INFO     | Raw geometry visualisation completed and saved.
2025-08-18 17:51:37,605 | INFO     | Processing and visualising aligned geometry …
2025-08-18 17:51:37,606 | INFO     | Instantiating ProcessedGeometry with spline/segment settings …
2025-08-18 17:51:37,613 | INFO     | ProcessedGeometry successfully instantiated.
2025-08-18 17:51:37,613 | INFO     | Extracting + aligning: twist=18.7°, origin_mode=cop, cop_fraction=0.330, cx=0.01, cy=-0.01
2025-08-18 17:51:37,804 | INFO     | Geometry aligned and transformed successfully.
2025-08-18 17:51:37,805 | INFO     | Generating processed geometry visualisation with trailing edge zoom …
2025-08-18 17:51:38,412 | INFO     | Processed geometry preview saved -> \\mull.sms.ed.ac.uk\home\s1834431\Win7\Desktop\geometry_tools\n_sections\results\analysis\2025-08-18_17-51-37\Station_2\processed_Station_2.png
2025-08-18 17:51:38,413 | INFO     | Launching convergence study pipeline …
2025-08-18 17:51:38,413 | INFO     | Starting section convergence study using 3 mesh sizes: [40.  10.   2.5]
2025-08-18 17:51:41,041 | INFO     | ConvergenceStudy instantiated. Running results computation …
2025-08-18 17:51:41,042 | INFO     | Convergence study completed successfully.
2025-08-18 17:51:41,042 | INFO     | Creating convergence visualisation …
2025-08-18 17:51:41,819 | INFO     | Convergence visualisation saved.
2025-08-18 17:51:41,820 | INFO     | Building metadata container for section Station_2 …
2025-08-18 17:51:41,820 | INFO     | MetadataBin created.
2025-08-18 17:51:41,821 | INFO     | Composing SectionAnalysisResultSet …
2025-08-18 17:51:41,822 | INFO     | SectionAnalysisResultSet successfully built.
2025-08-18 17:51:41,823 | INFO     | Saving results to directory: \\mull.sms.ed.ac.uk\home\s1834431\Win7\Desktop\geometry_tools\n_sections\results\analysis\2025-08-18_17-51-37\Station_2
2025-08-18 17:51:41,846 | INFO     | Section analysis results successfully saved.
