2025-07-19 18:04:03,807 - INFO - [Station_14] Geometry meshed with mesh_sizes=0.5.
2025-07-19 18:04:05,290 - INFO - [Station_14] Actual centroid: (0.0178, 0.0006)
2025-07-19 18:04:05,290 - INFO - [Station_14] Desired centroid: (0.0008, -0.0024)
2025-07-19 18:04:05,293 - INFO - [Station_14] Applying translation dx=-0.0169, dy=-0.0031
2025-07-19 18:04:05,297 - INFO - [Station_14] Section translated.
2025-07-19 18:04:05,301 - INFO - Processed and aligned geometry extracted for Station_14
2025-07-19 18:04:07,926 - INFO - Processed geometry preview saved -> section_calc_n\results\Analysis\Station_14\processed_Station_14.png
2025-07-19 18:04:07,942 - INFO - [1/3] meshing Station_14 with target h = 3
2025-07-19 18:04:07,942 - INFO - [Station_14_h3] Meshing with target h = 3 …
2025-07-19 18:04:07,973 - WARNING - [Station_14_h3] 464 sliver triangles removed
2025-07-19 18:04:07,973 - INFO - [Station_14_h3] mesh ok | nodes=4042 elems=1345 | A[min=1e-08 max=1.11e-06 mean=1.29e-07 med=6.68e-08] | q[min=0.601 max=1.000 mean=0.878]
2025-07-19 18:04:12,142 - INFO - [Station_14_h3] Row appended (h=3.0)
2025-07-19 18:04:12,144 - INFO - [2/3] meshing Station_14 with target h = 0.75
2025-07-19 18:04:12,148 - INFO - [Station_14_h0.75] Meshing with target h = 0.75 …
2025-07-19 18:04:12,174 - WARNING - [Station_14_h0.75] 464 sliver triangles removed
2025-07-19 18:04:12,177 - INFO - [Station_14_h0.75] mesh ok | nodes=4042 elems=1345 | A[min=1e-08 max=1.11e-06 mean=1.29e-07 med=6.68e-08] | q[min=0.601 max=1.000 mean=0.878]
2025-07-19 18:04:14,749 - INFO - [Station_14_h0.75] Row appended (h=0.75)
2025-07-19 18:04:14,749 - INFO - [3/3] meshing Station_14 with target h = 0.1875
2025-07-19 18:04:14,749 - INFO - [Station_14_h0.1875] Meshing with target h = 0.1875 …
2025-07-19 18:04:14,781 - WARNING - [Station_14_h0.1875] 464 sliver triangles removed
2025-07-19 18:04:14,783 - INFO - [Station_14_h0.1875] mesh ok | nodes=4042 elems=1345 | A[min=1e-08 max=1.11e-06 mean=1.29e-07 med=6.68e-08] | q[min=0.601 max=1.000 mean=0.878]
2025-07-19 18:04:17,300 - INFO - [Station_14_h0.1875] Row appended (h=0.1875)
2025-07-19 18:04:19,497 - INFO - Global batch 1 saved -> section_calc_n\results\Analysis\Station_14\mesh_conv_Station_14_batch1_global.png
2025-07-19 18:04:21,844 - INFO - Local batch 1 saved -> section_calc_n\results\Analysis\Station_14\mesh_conv_Station_14_batch1_local.png
