2025-07-21 03:53:41,042 - INFO - [Station_14] Geometry meshed with mesh_sizes=0.5.
2025-07-21 03:53:41,883 - INFO - [Station_14] Actual centroid: (0.0178, 0.0006)
2025-07-21 03:53:41,883 - INFO - [Station_14] Desired centroid: (0.0008, -0.0024)
2025-07-21 03:53:41,884 - INFO - [Station_14] Applying translation dx=-0.0169, dy=-0.0031
2025-07-21 03:53:41,885 - INFO - [Station_14] Section translated.
2025-07-21 03:53:41,888 - INFO - Processed and aligned geometry extracted for Station_14
2025-07-21 03:53:42,917 - INFO - Processed geometry preview saved -> section_calc_n\results\analysis\Station_14\processed_Station_14.png
2025-07-21 03:53:42,918 - INFO - Starting section convergence study …
2025-07-21 03:53:42,919 - INFO - [1/5] Meshing Station_14 with h = 40
2025-07-21 03:53:42,919 - INFO - [Station_14_h40] Meshing with target h = 40 …
2025-07-21 03:53:42,992 - WARNING - [Station_14_h40] 464 sliver triangles removed
2025-07-21 03:53:42,992 - INFO - [Station_14_h40] mesh ok | nodes=4042 elems=1345 | A[min=1e-08 max=1.11e-06 mean=1.29e-07 med=6.68e-08] | q[min=0.601 max=1.000 mean=0.878]
2025-07-21 03:53:43,076 - INFO - [Station_14_h40] Starting geometric analysis...
2025-07-21 03:53:43,575 - INFO - [Station_14_h40] Starting warping analysis (required for J)...
2025-07-21 03:53:44,686 - INFO - [Station_14_h40] Success at h = 40.0000
2025-07-21 03:53:44,687 - INFO - [2/5] Meshing Station_14 with h = 10
2025-07-21 03:53:44,688 - INFO - [Station_14_h10] Meshing with target h = 10 …
2025-07-21 03:53:44,699 - WARNING - [Station_14_h10] 464 sliver triangles removed
2025-07-21 03:53:44,700 - INFO - [Station_14_h10] mesh ok | nodes=4042 elems=1345 | A[min=1e-08 max=1.11e-06 mean=1.29e-07 med=6.68e-08] | q[min=0.601 max=1.000 mean=0.878]
2025-07-21 03:53:44,776 - INFO - [Station_14_h10] Starting geometric analysis...
2025-07-21 03:53:44,918 - INFO - [Station_14_h10] Starting warping analysis (required for J)...
2025-07-21 03:53:45,636 - INFO - [Station_14_h10] Success at h = 10.0000
2025-07-21 03:53:45,638 - INFO - [3/5] Meshing Station_14 with h = 2.5
2025-07-21 03:53:45,639 - INFO - [Station_14_h2.5] Meshing with target h = 2.5 …
2025-07-21 03:53:45,643 - WARNING - [Station_14_h2.5] 464 sliver triangles removed
2025-07-21 03:53:45,643 - INFO - [Station_14_h2.5] mesh ok | nodes=4042 elems=1345 | A[min=1e-08 max=1.11e-06 mean=1.29e-07 med=6.68e-08] | q[min=0.601 max=1.000 mean=0.878]
2025-07-21 03:53:45,725 - INFO - [Station_14_h2.5] Starting geometric analysis...
2025-07-21 03:53:45,871 - INFO - [Station_14_h2.5] Starting warping analysis (required for J)...
2025-07-21 03:53:46,589 - INFO - [Station_14_h2.5] Success at h = 2.5000
2025-07-21 03:53:46,589 - INFO - [4/5] Meshing Station_14 with h = 0.625
2025-07-21 03:53:46,589 - INFO - [Station_14_h0.625] Meshing with target h = 0.625 …
2025-07-21 03:53:46,611 - WARNING - [Station_14_h0.625] 464 sliver triangles removed
2025-07-21 03:53:46,612 - INFO - [Station_14_h0.625] mesh ok | nodes=4042 elems=1345 | A[min=1e-08 max=1.11e-06 mean=1.29e-07 med=6.68e-08] | q[min=0.601 max=1.000 mean=0.878]
2025-07-21 03:53:46,701 - INFO - [Station_14_h0.625] Starting geometric analysis...
2025-07-21 03:53:46,851 - INFO - [Station_14_h0.625] Starting warping analysis (required for J)...
2025-07-21 03:53:47,642 - INFO - [Station_14_h0.625] Success at h = 0.6250
2025-07-21 03:53:47,642 - INFO - [5/5] Meshing Station_14 with h = 0.1562
2025-07-21 03:53:47,642 - INFO - [Station_14_h0.1562] Meshing with target h = 0.1562 …
2025-07-21 03:53:47,659 - WARNING - [Station_14_h0.1562] 464 sliver triangles removed
2025-07-21 03:53:47,661 - INFO - [Station_14_h0.1562] mesh ok | nodes=4042 elems=1345 | A[min=1e-08 max=1.11e-06 mean=1.29e-07 med=6.68e-08] | q[min=0.601 max=1.000 mean=0.878]
2025-07-21 03:53:47,746 - INFO - [Station_14_h0.1562] Starting geometric analysis...
2025-07-21 03:53:47,883 - INFO - [Station_14_h0.1562] Starting warping analysis (required for J)...
2025-07-21 03:53:48,678 - INFO - [Station_14_h0.1562] Success at h = 0.1562
2025-07-21 03:53:49,602 - INFO - Global batch 1 saved -> section_calc_n\results\analysis\Station_14\mesh_conv_Station_14_batch1_global.png
2025-07-21 03:53:50,441 - INFO - Local batch 1 saved -> section_calc_n\results\analysis\Station_14\mesh_conv_Station_14_batch1_local.png
2025-07-21 03:53:51,039 - INFO - Global batch 2 saved -> section_calc_n\results\analysis\Station_14\mesh_conv_Station_14_batch2_global.png
2025-07-21 03:53:51,631 - INFO - Local batch 2 saved -> section_calc_n\results\analysis\Station_14\mesh_conv_Station_14_batch2_local.png
2025-07-21 03:53:52,569 - INFO - Global batch 1 saved -> section_calc_n\results\analysis\Station_14\mesh_conv_Station_14_batch1_global.png
2025-07-21 03:53:53,466 - INFO - Local batch 1 saved -> section_calc_n\results\analysis\Station_14\mesh_conv_Station_14_batch1_local.png
2025-07-21 03:53:54,083 - INFO - Global batch 2 saved -> section_calc_n\results\analysis\Station_14\mesh_conv_Station_14_batch2_global.png
2025-07-21 03:53:54,775 - INFO - Local batch 2 saved -> section_calc_n\results\analysis\Station_14\mesh_conv_Station_14_batch2_local.png
2025-07-21 03:53:54,780 - INFO - Section analysis result set saved
