2025-08-20 02:50:41,394 | INFO     | Logging initialized for ProcessSectionAnalysis
2025-08-20 02:50:41,394 | INFO     | Station sec_013_r0.240 [Analysis]: DXF=C:\Users\samea\Desktop\geometry_tools\n_sections\blade\sec_013_r0.240.dxf, twist=19.7°, origin: CP-proxy @ 33.0% chord
2025-08-20 02:50:41,394 | INFO     | Starting raw geometry processing …
2025-08-20 02:50:41,394 | INFO     | Instantiating RawGeometry for DXF: C:\Users\samea\Desktop\geometry_tools\n_sections\blade\sec_013_r0.240.dxf
2025-08-20 02:50:41,394 | INFO     | RawGeometry created successfully.
2025-08-20 02:50:41,394 | INFO     | Generating raw geometry plot …
2025-08-20 02:50:41,784 | INFO     | Raw geometry visualisation completed and saved.
2025-08-20 02:50:41,785 | INFO     | Processing and visualising aligned geometry …
2025-08-20 02:50:41,785 | INFO     | Instantiating ProcessedGeometry with spline/segment settings …
2025-08-20 02:50:41,786 | INFO     | ProcessedGeometry successfully instantiated.
2025-08-20 02:50:41,786 | INFO     | Extracting (pass-through orientation & origin): twist=19.7°, origin_mode=cop, cop_fraction=0.330, cx=0.01, cy=0.01, resample_exterior=True
2025-08-20 02:50:41,812 | INFO     | Geometry extracted (no twist/origin applied).
2025-08-20 02:50:41,812 | INFO     | Generating processed geometry visualisation with trailing edge zoom …
2025-08-20 02:50:42,966 | INFO     | Processed geometry preview saved -> C:\Users\samea\Desktop\geometry_tools\n_sections\results\analysis\2025-08-20_02-49-41\sec_013_r0.240\processed_sec_013_r0.240.png
2025-08-20 02:50:42,966 | INFO     | Launching convergence study pipeline …
2025-08-20 02:50:42,966 | INFO     | Starting section convergence study using 1 mesh sizes: [40.]
2025-08-20 02:50:45,490 | INFO     | ConvergenceStudy instantiated. Running results computation …
2025-08-20 02:50:45,490 | INFO     | Convergence study completed successfully.
2025-08-20 02:50:45,490 | INFO     | Creating convergence visualisation …
2025-08-20 02:50:46,173 | INFO     | Convergence visualisation saved.
2025-08-20 02:50:46,173 | INFO     | Building metadata container for section sec_013_r0.240 …
2025-08-20 02:50:46,173 | INFO     | MetadataBin created.
2025-08-20 02:50:46,173 | INFO     | Composing SectionAnalysisResultSet …
2025-08-20 02:50:46,173 | INFO     | SectionAnalysisResultSet successfully built.
2025-08-20 02:50:46,173 | INFO     | Saving results to directory: C:\Users\samea\Desktop\geometry_tools\n_sections\results\analysis\2025-08-20_02-49-41\sec_013_r0.240
2025-08-20 02:50:46,176 | INFO     | Section analysis results successfully saved.
