2025-08-20 02:51:21,661 | INFO     | Logging initialized for ProcessSectionAnalysis
2025-08-20 02:51:21,661 | INFO     | Station sec_022_r0.319 [Analysis]: DXF=C:\Users\samea\Desktop\geometry_tools\n_sections\blade\sec_022_r0.319.dxf, twist=13.6°, origin: CP-proxy @ 33.0% chord
2025-08-20 02:51:21,661 | INFO     | Starting raw geometry processing …
2025-08-20 02:51:21,661 | INFO     | Instantiating RawGeometry for DXF: C:\Users\samea\Desktop\geometry_tools\n_sections\blade\sec_022_r0.319.dxf
2025-08-20 02:51:21,661 | INFO     | RawGeometry created successfully.
2025-08-20 02:51:21,661 | INFO     | Generating raw geometry plot …
2025-08-20 02:51:22,008 | INFO     | Raw geometry visualisation completed and saved.
2025-08-20 02:51:22,008 | INFO     | Processing and visualising aligned geometry …
2025-08-20 02:51:22,008 | INFO     | Instantiating ProcessedGeometry with spline/segment settings …
2025-08-20 02:51:22,010 | INFO     | ProcessedGeometry successfully instantiated.
2025-08-20 02:51:22,010 | INFO     | Extracting (pass-through orientation & origin): twist=13.6°, origin_mode=cop, cop_fraction=0.330, cx=0.01, cy=0.00, resample_exterior=True
2025-08-20 02:51:22,045 | INFO     | Geometry extracted (no twist/origin applied).
2025-08-20 02:51:22,045 | INFO     | Generating processed geometry visualisation with trailing edge zoom …
2025-08-20 02:51:23,165 | INFO     | Processed geometry preview saved -> C:\Users\samea\Desktop\geometry_tools\n_sections\results\analysis\2025-08-20_02-49-41\sec_022_r0.319\processed_sec_022_r0.319.png
2025-08-20 02:51:23,165 | INFO     | Launching convergence study pipeline …
2025-08-20 02:51:23,165 | INFO     | Starting section convergence study using 1 mesh sizes: [40.]
2025-08-20 02:51:25,399 | INFO     | ConvergenceStudy instantiated. Running results computation …
2025-08-20 02:51:25,399 | INFO     | Convergence study completed successfully.
2025-08-20 02:51:25,399 | INFO     | Creating convergence visualisation …
2025-08-20 02:51:26,107 | INFO     | Convergence visualisation saved.
2025-08-20 02:51:26,107 | INFO     | Building metadata container for section sec_022_r0.319 …
2025-08-20 02:51:26,107 | INFO     | MetadataBin created.
2025-08-20 02:51:26,107 | INFO     | Composing SectionAnalysisResultSet …
2025-08-20 02:51:26,107 | INFO     | SectionAnalysisResultSet successfully built.
2025-08-20 02:51:26,107 | INFO     | Saving results to directory: C:\Users\samea\Desktop\geometry_tools\n_sections\results\analysis\2025-08-20_02-49-41\sec_022_r0.319
2025-08-20 02:51:26,107 | INFO     | Section analysis results successfully saved.
