2025-08-20 02:55:09,063 | INFO     | Logging initialized for ProcessSectionAnalysis
2025-08-20 02:55:09,063 | INFO     | Station sec_072_r0.761 [Analysis]: DXF=C:\Users\samea\Desktop\geometry_tools\n_sections\blade\sec_072_r0.761.dxf, twist=2.6°, origin: CP-proxy @ 33.0% chord
2025-08-20 02:55:09,063 | INFO     | Starting raw geometry processing …
2025-08-20 02:55:09,063 | INFO     | Instantiating RawGeometry for DXF: C:\Users\samea\Desktop\geometry_tools\n_sections\blade\sec_072_r0.761.dxf
2025-08-20 02:55:09,063 | INFO     | RawGeometry created successfully.
2025-08-20 02:55:09,063 | INFO     | Generating raw geometry plot …
2025-08-20 02:55:09,395 | INFO     | Raw geometry visualisation completed and saved.
2025-08-20 02:55:09,395 | INFO     | Processing and visualising aligned geometry …
2025-08-20 02:55:09,395 | INFO     | Instantiating ProcessedGeometry with spline/segment settings …
2025-08-20 02:55:09,397 | INFO     | ProcessedGeometry successfully instantiated.
2025-08-20 02:55:09,398 | INFO     | Extracting (pass-through orientation & origin): twist=2.6°, origin_mode=cop, cop_fraction=0.330, cx=0.00, cy=0.00, resample_exterior=True
2025-08-20 02:55:09,427 | INFO     | Geometry extracted (no twist/origin applied).
2025-08-20 02:55:09,427 | INFO     | Generating processed geometry visualisation with trailing edge zoom …
2025-08-20 02:55:10,663 | INFO     | Processed geometry preview saved -> C:\Users\samea\Desktop\geometry_tools\n_sections\results\analysis\2025-08-20_02-49-41\sec_072_r0.761\processed_sec_072_r0.761.png
2025-08-20 02:55:10,663 | INFO     | Launching convergence study pipeline …
2025-08-20 02:55:10,663 | INFO     | Starting section convergence study using 1 mesh sizes: [40.]
2025-08-20 02:55:12,813 | INFO     | ConvergenceStudy instantiated. Running results computation …
2025-08-20 02:55:12,813 | INFO     | Convergence study completed successfully.
2025-08-20 02:55:12,813 | INFO     | Creating convergence visualisation …
2025-08-20 02:55:13,440 | INFO     | Convergence visualisation saved.
2025-08-20 02:55:13,440 | INFO     | Building metadata container for section sec_072_r0.761 …
2025-08-20 02:55:13,440 | INFO     | MetadataBin created.
2025-08-20 02:55:13,440 | INFO     | Composing SectionAnalysisResultSet …
2025-08-20 02:55:13,440 | INFO     | SectionAnalysisResultSet successfully built.
2025-08-20 02:55:13,440 | INFO     | Saving results to directory: C:\Users\samea\Desktop\geometry_tools\n_sections\results\analysis\2025-08-20_02-49-41\sec_072_r0.761
2025-08-20 02:55:13,440 | INFO     | Section analysis results successfully saved.
