2025-08-20 02:29:57,156 - INFO - Logger initialized for ConvergenceStudy [sec_000_r0.125]
2025-08-20 02:29:57,156 - INFO - Starting convergence study over 3 mesh sizes: [40.  10.   2.5]
2025-08-20 02:29:57,156 - INFO - [1/3] Processing mesh size h = 40
2025-08-20 02:29:57,156 - DEBUG - [sec_000_r0.125_h40] Copying geometry and initiating meshing …
2025-08-20 02:29:57,178 - INFO - [sec_000_r0.125_h40] Mesh created successfully
2025-08-20 02:29:57,178 - DEBUG - [sec_000_r0.125_h40] Starting section property calculation …
2025-08-20 02:29:58,561 - DEBUG - [sec_000_r0.125_h40] Section analysis row returned
2025-08-20 02:29:58,563 - INFO - [sec_000_r0.125_h40] Section analysis completed successfully.
2025-08-20 02:29:58,563 - INFO - [2/3] Processing mesh size h = 10
2025-08-20 02:29:58,563 - DEBUG - [sec_000_r0.125_h10] Copying geometry and initiating meshing …
2025-08-20 02:29:58,578 - INFO - [sec_000_r0.125_h10] Mesh created successfully
2025-08-20 02:29:58,578 - DEBUG - [sec_000_r0.125_h10] Starting section property calculation …
2025-08-20 02:29:59,459 - DEBUG - [sec_000_r0.125_h10] Section analysis row returned
2025-08-20 02:29:59,459 - INFO - [sec_000_r0.125_h10] Section analysis completed successfully.
2025-08-20 02:29:59,462 - INFO - [3/3] Processing mesh size h = 2.5
2025-08-20 02:29:59,462 - DEBUG - [sec_000_r0.125_h2.5] Copying geometry and initiating meshing …
2025-08-20 02:29:59,477 - INFO - [sec_000_r0.125_h2.5] Mesh created successfully
2025-08-20 02:29:59,478 - DEBUG - [sec_000_r0.125_h2.5] Starting section property calculation …
2025-08-20 02:30:00,374 - DEBUG - [sec_000_r0.125_h2.5] Section analysis row returned
2025-08-20 02:30:00,374 - INFO - [sec_000_r0.125_h2.5] Section analysis completed successfully.
2025-08-20 02:30:00,374 - INFO - Convergence study completed: 3 successful, 3 attempted
2025-08-20 02:30:00,374 - INFO - Generating convergence visualisation …
2025-08-20 02:30:02,122 - INFO - Convergence visualisation completed.
