2025-08-20 02:29:55,350 | INFO     | Logging initialized for ProcessSectionAnalysis
2025-08-20 02:29:55,350 | INFO     | Station sec_000_r0.125 [Analysis]: DXF=C:\Users\samea\Desktop\geometry_tools\n_sections\blade\sec_000_r0.125.dxf, twist=34.1°, origin: CP-proxy @ 33.0% chord
2025-08-20 02:29:55,350 | INFO     | Starting raw geometry processing …
2025-08-20 02:29:55,350 | INFO     | Instantiating RawGeometry for DXF: C:\Users\samea\Desktop\geometry_tools\n_sections\blade\sec_000_r0.125.dxf
2025-08-20 02:29:55,351 | INFO     | RawGeometry created successfully.
2025-08-20 02:29:55,351 | INFO     | Generating raw geometry plot …
2025-08-20 02:29:55,920 | INFO     | Raw geometry visualisation completed and saved.
2025-08-20 02:29:55,921 | INFO     | Processing and visualising aligned geometry …
2025-08-20 02:29:55,921 | INFO     | Instantiating ProcessedGeometry with spline/segment settings …
2025-08-20 02:29:55,922 | INFO     | ProcessedGeometry successfully instantiated.
2025-08-20 02:29:55,922 | INFO     | Extracting + aligning: twist=34.1°, origin_mode=cop, cop_fraction=0.330, cx=0.01, cy=0.01
2025-08-20 02:29:56,066 | INFO     | Geometry aligned and transformed successfully.
2025-08-20 02:29:56,066 | INFO     | Generating processed geometry visualisation with trailing edge zoom …
2025-08-20 02:29:57,156 | INFO     | Processed geometry preview saved -> C:\Users\samea\Desktop\geometry_tools\n_sections\results\analysis\2025-08-20_02-29-55\sec_000_r0.125\processed_sec_000_r0.125.png
2025-08-20 02:29:57,156 | INFO     | Launching convergence study pipeline …
2025-08-20 02:29:57,156 | INFO     | Starting section convergence study using 3 mesh sizes: [40.  10.   2.5]
2025-08-20 02:30:02,122 | INFO     | ConvergenceStudy instantiated. Running results computation …
2025-08-20 02:30:02,122 | INFO     | Convergence study completed successfully.
2025-08-20 02:30:02,122 | INFO     | Creating convergence visualisation …
2025-08-20 02:30:03,641 | INFO     | Convergence visualisation saved.
2025-08-20 02:30:03,641 | INFO     | Building metadata container for section sec_000_r0.125 …
2025-08-20 02:30:03,641 | INFO     | MetadataBin created.
2025-08-20 02:30:03,641 | INFO     | Composing SectionAnalysisResultSet …
2025-08-20 02:30:03,641 | INFO     | SectionAnalysisResultSet successfully built.
2025-08-20 02:30:03,641 | INFO     | Saving results to directory: C:\Users\samea\Desktop\geometry_tools\n_sections\results\analysis\2025-08-20_02-29-55\sec_000_r0.125
2025-08-20 02:30:03,641 | INFO     | Section analysis results successfully saved.
