2025-08-22 00:19:57,804 | INFO     | Logging initialized for ProcessSectionAnalysis
2025-08-22 00:19:57,804 | INFO     | Station sec_000_r0.125 [Analysis]: DXF=C:\Users\samea\Desktop\geometry_tools\n_sections\blade\sec_000_r0.125.dxf, twist=34.1°, origin: CP-proxy @ 33.0% chord
2025-08-22 00:19:57,804 | INFO     | Starting raw geometry processing …
2025-08-22 00:19:57,804 | INFO     | Instantiating RawGeometry for DXF: C:\Users\samea\Desktop\geometry_tools\n_sections\blade\sec_000_r0.125.dxf
2025-08-22 00:19:57,805 | INFO     | RawGeometry created successfully.
2025-08-22 00:19:57,805 | INFO     | Generating raw geometry plot …
2025-08-22 00:19:58,264 | INFO     | Raw geometry visualisation completed and saved.
2025-08-22 00:19:58,264 | INFO     | Processing and visualising aligned geometry …
2025-08-22 00:19:58,264 | INFO     | Instantiating ProcessedGeometry with spline/segment settings …
2025-08-22 00:19:58,266 | INFO     | ProcessedGeometry successfully instantiated.
2025-08-22 00:19:58,266 | INFO     | Extracting (pass-through orientation & origin): twist=34.1°, origin_mode=cop, cop_fraction=0.330, cx=0.01, cy=0.01, resample_exterior=True
2025-08-22 00:19:58,341 | INFO     | Geometry extracted (no twist/origin applied).
2025-08-22 00:19:58,341 | INFO     | Generating processed geometry visualisation with trailing edge zoom …
2025-08-22 00:19:59,422 | INFO     | Processed geometry preview saved -> C:\Users\samea\Desktop\geometry_tools\n_sections\results\analysis\2025-08-22_00-19-57\sec_000_r0.125\processed_sec_000_r0.125.png
2025-08-22 00:19:59,422 | INFO     | Launching convergence study pipeline …
2025-08-22 00:19:59,422 | INFO     | Starting section convergence study using 1 mesh sizes: [40.]
2025-08-22 00:20:01,522 | INFO     | ConvergenceStudy instantiated. Running results computation …
2025-08-22 00:20:01,522 | INFO     | Convergence study completed successfully.
2025-08-22 00:20:01,522 | INFO     | Creating convergence visualisation …
2025-08-22 00:20:02,205 | INFO     | Convergence visualisation saved.
2025-08-22 00:20:02,205 | INFO     | Building metadata container for section sec_000_r0.125 …
2025-08-22 00:20:02,205 | INFO     | MetadataBin created.
2025-08-22 00:20:02,205 | INFO     | Composing SectionAnalysisResultSet …
2025-08-22 00:20:02,205 | INFO     | SectionAnalysisResultSet successfully built.
2025-08-22 00:20:02,205 | INFO     | Saving results to directory: C:\Users\samea\Desktop\geometry_tools\n_sections\results\analysis\2025-08-22_00-19-57\sec_000_r0.125
2025-08-22 00:20:02,209 | INFO     | Section analysis results successfully saved.
