2025-08-20 02:54:47,336 | INFO     | Logging initialized for ProcessSectionAnalysis
2025-08-20 02:54:47,336 | INFO     | Station sec_067_r0.717 [Analysis]: DXF=C:\Users\samea\Desktop\geometry_tools\n_sections\blade\sec_067_r0.717.dxf, twist=3.1°, origin: CP-proxy @ 33.0% chord
2025-08-20 02:54:47,336 | INFO     | Starting raw geometry processing …
2025-08-20 02:54:47,336 | INFO     | Instantiating RawGeometry for DXF: C:\Users\samea\Desktop\geometry_tools\n_sections\blade\sec_067_r0.717.dxf
2025-08-20 02:54:47,336 | INFO     | RawGeometry created successfully.
2025-08-20 02:54:47,336 | INFO     | Generating raw geometry plot …
2025-08-20 02:54:47,691 | INFO     | Raw geometry visualisation completed and saved.
2025-08-20 02:54:47,691 | INFO     | Processing and visualising aligned geometry …
2025-08-20 02:54:47,691 | INFO     | Instantiating ProcessedGeometry with spline/segment settings …
2025-08-20 02:54:47,703 | INFO     | ProcessedGeometry successfully instantiated.
2025-08-20 02:54:47,703 | INFO     | Extracting (pass-through orientation & origin): twist=3.1°, origin_mode=cop, cop_fraction=0.330, cx=0.00, cy=0.00, resample_exterior=True
2025-08-20 02:54:47,728 | INFO     | Geometry extracted (no twist/origin applied).
2025-08-20 02:54:47,728 | INFO     | Generating processed geometry visualisation with trailing edge zoom …
2025-08-20 02:54:48,816 | INFO     | Processed geometry preview saved -> C:\Users\samea\Desktop\geometry_tools\n_sections\results\analysis\2025-08-20_02-49-41\sec_067_r0.717\processed_sec_067_r0.717.png
2025-08-20 02:54:48,817 | INFO     | Launching convergence study pipeline …
2025-08-20 02:54:48,817 | INFO     | Starting section convergence study using 1 mesh sizes: [40.]
2025-08-20 02:54:51,246 | INFO     | ConvergenceStudy instantiated. Running results computation …
2025-08-20 02:54:51,246 | INFO     | Convergence study completed successfully.
2025-08-20 02:54:51,246 | INFO     | Creating convergence visualisation …
2025-08-20 02:54:51,936 | INFO     | Convergence visualisation saved.
2025-08-20 02:54:51,936 | INFO     | Building metadata container for section sec_067_r0.717 …
2025-08-20 02:54:51,936 | INFO     | MetadataBin created.
2025-08-20 02:54:51,936 | INFO     | Composing SectionAnalysisResultSet …
2025-08-20 02:54:51,936 | INFO     | SectionAnalysisResultSet successfully built.
2025-08-20 02:54:51,936 | INFO     | Saving results to directory: C:\Users\samea\Desktop\geometry_tools\n_sections\results\analysis\2025-08-20_02-49-41\sec_067_r0.717
2025-08-20 02:54:51,938 | INFO     | Section analysis results successfully saved.
