2025-08-20 02:31:03,655 - INFO - Logger initialized for ConvergenceStudy [sec_008_r0.196]
2025-08-20 02:31:03,655 - INFO - Starting convergence study over 3 mesh sizes: [40.  10.   2.5]
2025-08-20 02:31:03,655 - INFO - [1/3] Processing mesh size h = 40
2025-08-20 02:31:03,655 - DEBUG - [sec_008_r0.196_h40] Copying geometry and initiating meshing …
2025-08-20 02:31:03,681 - INFO - [sec_008_r0.196_h40] Mesh created successfully
2025-08-20 02:31:03,681 - DEBUG - [sec_008_r0.196_h40] Starting section property calculation …
2025-08-20 02:31:05,067 - DEBUG - [sec_008_r0.196_h40] Section analysis row returned
2025-08-20 02:31:05,070 - INFO - [sec_008_r0.196_h40] Section analysis completed successfully.
2025-08-20 02:31:05,071 - INFO - [2/3] Processing mesh size h = 10
2025-08-20 02:31:05,071 - DEBUG - [sec_008_r0.196_h10] Copying geometry and initiating meshing …
2025-08-20 02:31:05,084 - INFO - [sec_008_r0.196_h10] Mesh created successfully
2025-08-20 02:31:05,084 - DEBUG - [sec_008_r0.196_h10] Starting section property calculation …
2025-08-20 02:31:05,979 - DEBUG - [sec_008_r0.196_h10] Section analysis row returned
2025-08-20 02:31:05,980 - INFO - [sec_008_r0.196_h10] Section analysis completed successfully.
2025-08-20 02:31:05,980 - INFO - [3/3] Processing mesh size h = 2.5
2025-08-20 02:31:05,981 - DEBUG - [sec_008_r0.196_h2.5] Copying geometry and initiating meshing …
2025-08-20 02:31:05,992 - INFO - [sec_008_r0.196_h2.5] Mesh created successfully
2025-08-20 02:31:05,993 - DEBUG - [sec_008_r0.196_h2.5] Starting section property calculation …
2025-08-20 02:31:06,761 - DEBUG - [sec_008_r0.196_h2.5] Section analysis row returned
2025-08-20 02:31:06,778 - INFO - [sec_008_r0.196_h2.5] Section analysis completed successfully.
2025-08-20 02:31:06,778 - INFO - Convergence study completed: 3 successful, 3 attempted
2025-08-20 02:31:06,778 - INFO - Generating convergence visualisation …
2025-08-20 02:31:08,548 - INFO - Convergence visualisation completed.
