2025-08-20 02:31:01,969 | INFO     | Logging initialized for ProcessSectionAnalysis
2025-08-20 02:31:01,969 | INFO     | Station sec_008_r0.196 [Analysis]: DXF=C:\Users\samea\Desktop\geometry_tools\n_sections\blade\sec_008_r0.196.dxf, twist=24.8°, origin: CP-proxy @ 33.0% chord
2025-08-20 02:31:01,969 | INFO     | Starting raw geometry processing …
2025-08-20 02:31:01,969 | INFO     | Instantiating RawGeometry for DXF: C:\Users\samea\Desktop\geometry_tools\n_sections\blade\sec_008_r0.196.dxf
2025-08-20 02:31:01,970 | INFO     | RawGeometry created successfully.
2025-08-20 02:31:01,970 | INFO     | Generating raw geometry plot …
2025-08-20 02:31:02,432 | INFO     | Raw geometry visualisation completed and saved.
2025-08-20 02:31:02,433 | INFO     | Processing and visualising aligned geometry …
2025-08-20 02:31:02,433 | INFO     | Instantiating ProcessedGeometry with spline/segment settings …
2025-08-20 02:31:02,434 | INFO     | ProcessedGeometry successfully instantiated.
2025-08-20 02:31:02,434 | INFO     | Extracting + aligning: twist=24.8°, origin_mode=cop, cop_fraction=0.330, cx=0.01, cy=0.01
2025-08-20 02:31:02,473 | INFO     | Geometry aligned and transformed successfully.
2025-08-20 02:31:02,473 | INFO     | Generating processed geometry visualisation with trailing edge zoom …
2025-08-20 02:31:03,655 | INFO     | Processed geometry preview saved -> C:\Users\samea\Desktop\geometry_tools\n_sections\results\analysis\2025-08-20_02-29-55\sec_008_r0.196\processed_sec_008_r0.196.png
2025-08-20 02:31:03,655 | INFO     | Launching convergence study pipeline …
2025-08-20 02:31:03,655 | INFO     | Starting section convergence study using 3 mesh sizes: [40.  10.   2.5]
2025-08-20 02:31:08,548 | INFO     | ConvergenceStudy instantiated. Running results computation …
2025-08-20 02:31:08,548 | INFO     | Convergence study completed successfully.
2025-08-20 02:31:08,548 | INFO     | Creating convergence visualisation …
2025-08-20 02:31:10,216 | INFO     | Convergence visualisation saved.
2025-08-20 02:31:10,216 | INFO     | Building metadata container for section sec_008_r0.196 …
2025-08-20 02:31:10,216 | INFO     | MetadataBin created.
2025-08-20 02:31:10,216 | INFO     | Composing SectionAnalysisResultSet …
2025-08-20 02:31:10,216 | INFO     | SectionAnalysisResultSet successfully built.
2025-08-20 02:31:10,217 | INFO     | Saving results to directory: C:\Users\samea\Desktop\geometry_tools\n_sections\results\analysis\2025-08-20_02-29-55\sec_008_r0.196
2025-08-20 02:31:10,219 | INFO     | Section analysis results successfully saved.
