2025-08-20 02:52:30,521 | INFO     | Logging initialized for ProcessSectionAnalysis
2025-08-20 02:52:30,521 | INFO     | Station sec_037_r0.452 [Analysis]: DXF=C:\Users\samea\Desktop\geometry_tools\n_sections\blade\sec_037_r0.452.dxf, twist=8.2°, origin: CP-proxy @ 33.0% chord
2025-08-20 02:52:30,521 | INFO     | Starting raw geometry processing …
2025-08-20 02:52:30,521 | INFO     | Instantiating RawGeometry for DXF: C:\Users\samea\Desktop\geometry_tools\n_sections\blade\sec_037_r0.452.dxf
2025-08-20 02:52:30,522 | INFO     | RawGeometry created successfully.
2025-08-20 02:52:30,523 | INFO     | Generating raw geometry plot …
2025-08-20 02:52:30,847 | INFO     | Raw geometry visualisation completed and saved.
2025-08-20 02:52:30,847 | INFO     | Processing and visualising aligned geometry …
2025-08-20 02:52:30,847 | INFO     | Instantiating ProcessedGeometry with spline/segment settings …
2025-08-20 02:52:30,847 | INFO     | ProcessedGeometry successfully instantiated.
2025-08-20 02:52:30,847 | INFO     | Extracting (pass-through orientation & origin): twist=8.2°, origin_mode=cop, cop_fraction=0.330, cx=0.01, cy=0.00, resample_exterior=True
2025-08-20 02:52:30,879 | INFO     | Geometry extracted (no twist/origin applied).
2025-08-20 02:52:30,879 | INFO     | Generating processed geometry visualisation with trailing edge zoom …
2025-08-20 02:52:31,939 | INFO     | Processed geometry preview saved -> C:\Users\samea\Desktop\geometry_tools\n_sections\results\analysis\2025-08-20_02-49-41\sec_037_r0.452\processed_sec_037_r0.452.png
2025-08-20 02:52:31,939 | INFO     | Launching convergence study pipeline …
2025-08-20 02:52:31,939 | INFO     | Starting section convergence study using 1 mesh sizes: [40.]
2025-08-20 02:52:34,162 | INFO     | ConvergenceStudy instantiated. Running results computation …
2025-08-20 02:52:34,162 | INFO     | Convergence study completed successfully.
2025-08-20 02:52:34,162 | INFO     | Creating convergence visualisation …
2025-08-20 02:52:34,788 | INFO     | Convergence visualisation saved.
2025-08-20 02:52:34,788 | INFO     | Building metadata container for section sec_037_r0.452 …
2025-08-20 02:52:34,788 | INFO     | MetadataBin created.
2025-08-20 02:52:34,788 | INFO     | Composing SectionAnalysisResultSet …
2025-08-20 02:52:34,788 | INFO     | SectionAnalysisResultSet successfully built.
2025-08-20 02:52:34,788 | INFO     | Saving results to directory: C:\Users\samea\Desktop\geometry_tools\n_sections\results\analysis\2025-08-20_02-49-41\sec_037_r0.452
2025-08-20 02:52:34,788 | INFO     | Section analysis results successfully saved.
