2025-07-31 13:43:15,151 | INFO     | Logging initialized for ProcessSectionAnalysis
2025-07-31 13:43:15,151 | INFO     | Station Station_10 [Analysis]: DXF=C:\Users\Sam Hughes\Desktop\geometry_tools\n_sections\blade\Station_10.dxf, twist=2.7°, centroid=(0.00, -0.01)
2025-07-31 13:43:15,151 | INFO     | Starting raw geometry processing …
2025-07-31 13:43:15,151 | INFO     | Instantiating RawGeometry for DXF: C:\Users\Sam Hughes\Desktop\geometry_tools\n_sections\blade\Station_10.dxf
2025-07-31 13:43:15,151 | INFO     | RawGeometry created successfully.
2025-07-31 13:43:15,151 | INFO     | Generating raw geometry plot …
2025-07-31 13:43:15,440 | INFO     | Raw geometry visualisation completed and saved.
2025-07-31 13:43:15,440 | INFO     | Processing and visualising aligned geometry …
2025-07-31 13:43:15,440 | INFO     | Instantiating ProcessedGeometry with spline/segment settings …
2025-07-31 13:43:15,440 | INFO     | ProcessedGeometry successfully instantiated.
2025-07-31 13:43:15,440 | INFO     | Extracting and aligning geometry with twist=2.7°, cx=0.00, cy=-0.01
2025-07-31 13:43:16,151 | INFO     | Geometry aligned and transformed successfully.
2025-07-31 13:43:16,151 | INFO     | Generating processed geometry visualisation with trailing edge zoom …
2025-07-31 13:43:16,919 | INFO     | Processed geometry preview saved -> C:\Users\Sam Hughes\Desktop\geometry_tools\n_sections\results\analysis\2025-07-31_13-42-47\Station_10\processed_Station_10.png
2025-07-31 13:43:16,919 | INFO     | Launching convergence study pipeline …
2025-07-31 13:43:16,919 | INFO     | Starting section convergence study using 3 mesh sizes: [40.  10.   2.5]
2025-07-31 13:43:21,332 | INFO     | ConvergenceStudy instantiated. Running results computation …
2025-07-31 13:43:21,332 | INFO     | Convergence study completed successfully.
2025-07-31 13:43:21,332 | INFO     | Creating convergence visualisation …
2025-07-31 13:43:22,665 | INFO     | Convergence visualisation saved.
2025-07-31 13:43:22,665 | INFO     | Building metadata container for section Station_10 …
2025-07-31 13:43:22,665 | INFO     | MetadataBin created.
2025-07-31 13:43:22,665 | INFO     | Composing SectionAnalysisResultSet …
2025-07-31 13:43:22,666 | INFO     | SectionAnalysisResultSet successfully built.
2025-07-31 13:43:22,666 | INFO     | Saving results to directory: C:\Users\Sam Hughes\Desktop\geometry_tools\n_sections\results\analysis\2025-07-31_13-42-47\Station_10
2025-07-31 13:43:22,667 | INFO     | Section analysis results successfully saved.
