2025-07-31 13:43:17,010 - SectionDXF.Station_10_h40 - INFO - Starting analysis for section 'Station_10_h40'
2025-07-31 13:43:17,010 - SectionDXF.Station_10_h40 - INFO - Computing section bounds
2025-07-31 13:43:17,010 - SectionDXF.Station_10_h40 - INFO - Starting geometric analysis
2025-07-31 13:43:17,373 - SectionDXF.Station_10_h40 - INFO - Starting warping and shear analysis
2025-07-31 13:43:18,218 - SectionDXF.Station_10_h40 - ERROR - [Station_10_h40] Shear properties failed: 'SectionProperties' object has no attribute 'asx'
Traceback (most recent call last):
  File "C:\Users\Sam Hughes\Desktop\geometry_tools\n_sections\analysis\geom_utils\section_dxf.py", line 261, in _shear_properties
    self.asx = props.asx or 0.0
               ^^^^^^^^^
AttributeError: 'SectionProperties' object has no attribute 'asx'
2025-07-31 13:43:18,218 - SectionDXF.Station_10_h40 - INFO - Calculating derived parameters
2025-07-31 13:43:18,218 - SectionDXF.Station_10_h40 - ERROR - Derived parameters failed: 'SectionDXF' object has no attribute 'asx'
Traceback (most recent call last):
  File "C:\Users\Sam Hughes\Desktop\geometry_tools\n_sections\analysis\geom_utils\section_dxf.py", line 294, in _derived_parameters
    self._safe_div(self.asx, self.area),
                   ^^^^^^^^
AttributeError: 'SectionDXF' object has no attribute 'asx'
2025-07-31 13:43:18,225 - SectionDXF.Station_10_h40 - INFO - Property row assembled with 55.8% completion
2025-07-31 13:43:18,225 - SectionDXF.Station_10_h40 - INFO - Analysis completed in 1.22s
2025-07-31 13:43:18,310 - SectionDXF.Station_10_h10 - INFO - Starting analysis for section 'Station_10_h10'
2025-07-31 13:43:18,310 - SectionDXF.Station_10_h10 - INFO - Computing section bounds
2025-07-31 13:43:18,310 - SectionDXF.Station_10_h10 - INFO - Starting geometric analysis
2025-07-31 13:43:18,411 - SectionDXF.Station_10_h10 - INFO - Starting warping and shear analysis
2025-07-31 13:43:19,018 - SectionDXF.Station_10_h10 - ERROR - [Station_10_h10] Shear properties failed: 'SectionProperties' object has no attribute 'asx'
Traceback (most recent call last):
  File "C:\Users\Sam Hughes\Desktop\geometry_tools\n_sections\analysis\geom_utils\section_dxf.py", line 261, in _shear_properties
    self.asx = props.asx or 0.0
               ^^^^^^^^^
AttributeError: 'SectionProperties' object has no attribute 'asx'
2025-07-31 13:43:19,025 - SectionDXF.Station_10_h10 - INFO - Calculating derived parameters
2025-07-31 13:43:19,025 - SectionDXF.Station_10_h10 - ERROR - Derived parameters failed: 'SectionDXF' object has no attribute 'asx'
Traceback (most recent call last):
  File "C:\Users\Sam Hughes\Desktop\geometry_tools\n_sections\analysis\geom_utils\section_dxf.py", line 294, in _derived_parameters
    self._safe_div(self.asx, self.area),
                   ^^^^^^^^
AttributeError: 'SectionDXF' object has no attribute 'asx'
2025-07-31 13:43:19,025 - SectionDXF.Station_10_h10 - INFO - Property row assembled with 55.8% completion
2025-07-31 13:43:19,025 - SectionDXF.Station_10_h10 - INFO - Analysis completed in 0.72s
2025-07-31 13:43:19,110 - SectionDXF.Station_10_h2.5 - INFO - Starting analysis for section 'Station_10_h2.5'
2025-07-31 13:43:19,110 - SectionDXF.Station_10_h2.5 - INFO - Computing section bounds
2025-07-31 13:43:19,110 - SectionDXF.Station_10_h2.5 - INFO - Starting geometric analysis
2025-07-31 13:43:19,210 - SectionDXF.Station_10_h2.5 - INFO - Starting warping and shear analysis
2025-07-31 13:43:19,856 - SectionDXF.Station_10_h2.5 - ERROR - [Station_10_h2.5] Shear properties failed: 'SectionProperties' object has no attribute 'asx'
Traceback (most recent call last):
  File "C:\Users\Sam Hughes\Desktop\geometry_tools\n_sections\analysis\geom_utils\section_dxf.py", line 261, in _shear_properties
    self.asx = props.asx or 0.0
               ^^^^^^^^^
AttributeError: 'SectionProperties' object has no attribute 'asx'
2025-07-31 13:43:19,856 - SectionDXF.Station_10_h2.5 - INFO - Calculating derived parameters
2025-07-31 13:43:19,856 - SectionDXF.Station_10_h2.5 - ERROR - Derived parameters failed: 'SectionDXF' object has no attribute 'asx'
Traceback (most recent call last):
  File "C:\Users\Sam Hughes\Desktop\geometry_tools\n_sections\analysis\geom_utils\section_dxf.py", line 294, in _derived_parameters
    self._safe_div(self.asx, self.area),
                   ^^^^^^^^
AttributeError: 'SectionDXF' object has no attribute 'asx'
2025-07-31 13:43:19,856 - SectionDXF.Station_10_h2.5 - INFO - Property row assembled with 55.8% completion
2025-07-31 13:43:19,856 - SectionDXF.Station_10_h2.5 - INFO - Analysis completed in 0.75s
