2025-07-31 13:38:34,645 - INFO - Logger initialized for ConvergenceStudy [Station_10]
2025-07-31 13:38:34,645 - INFO - Starting convergence study over 3 mesh sizes: [40.  10.   2.5]
2025-07-31 13:38:34,645 - INFO - [1/3] Processing mesh size h = 40
2025-07-31 13:38:34,645 - DEBUG - [Station_10_h40] Copying geometry and initiating meshing …
2025-07-31 13:38:34,661 - INFO - [Station_10_h40] Mesh created successfully
2025-07-31 13:38:34,662 - DEBUG - [Station_10_h40] Starting section property calculation …
2025-07-31 13:38:36,075 - DEBUG - [Station_10_h40] Section analysis row returned
2025-07-31 13:38:36,075 - INFO - [Station_10_h40] Section analysis completed successfully.
2025-07-31 13:38:36,075 - INFO - [2/3] Processing mesh size h = 10
2025-07-31 13:38:36,075 - DEBUG - [Station_10_h10] Copying geometry and initiating meshing …
2025-07-31 13:38:36,093 - INFO - [Station_10_h10] Mesh created successfully
2025-07-31 13:38:36,094 - DEBUG - [Station_10_h10] Starting section property calculation …
2025-07-31 13:38:36,926 - DEBUG - [Station_10_h10] Section analysis row returned
2025-07-31 13:38:36,926 - INFO - [Station_10_h10] Section analysis completed successfully.
2025-07-31 13:38:36,926 - INFO - [3/3] Processing mesh size h = 2.5
2025-07-31 13:38:36,926 - DEBUG - [Station_10_h2.5] Copying geometry and initiating meshing …
2025-07-31 13:38:36,945 - INFO - [Station_10_h2.5] Mesh created successfully
2025-07-31 13:38:36,945 - DEBUG - [Station_10_h2.5] Starting section property calculation …
2025-07-31 13:38:37,815 - DEBUG - [Station_10_h2.5] Section analysis row returned
2025-07-31 13:38:37,820 - INFO - [Station_10_h2.5] Section analysis completed successfully.
2025-07-31 13:38:37,820 - INFO - Convergence study completed: 3 successful, 3 attempted
2025-07-31 13:38:37,820 - INFO - Generating convergence visualisation …
2025-07-31 13:38:39,165 - INFO - Convergence visualisation completed.
