2025-08-20 02:55:54,924 | INFO     | Logging initialized for ProcessSectionAnalysis
2025-08-20 02:55:54,924 | INFO     | Station sec_082_r0.850 [Analysis]: DXF=C:\Users\samea\Desktop\geometry_tools\n_sections\blade\sec_082_r0.850.dxf, twist=1.7°, origin: CP-proxy @ 33.0% chord
2025-08-20 02:55:54,924 | INFO     | Starting raw geometry processing …
2025-08-20 02:55:54,925 | INFO     | Instantiating RawGeometry for DXF: C:\Users\samea\Desktop\geometry_tools\n_sections\blade\sec_082_r0.850.dxf
2025-08-20 02:55:54,926 | INFO     | RawGeometry created successfully.
2025-08-20 02:55:54,926 | INFO     | Generating raw geometry plot …
2025-08-20 02:55:55,241 | INFO     | Raw geometry visualisation completed and saved.
2025-08-20 02:55:55,242 | INFO     | Processing and visualising aligned geometry …
2025-08-20 02:55:55,242 | INFO     | Instantiating ProcessedGeometry with spline/segment settings …
2025-08-20 02:55:55,244 | INFO     | ProcessedGeometry successfully instantiated.
2025-08-20 02:55:55,244 | INFO     | Extracting (pass-through orientation & origin): twist=1.7°, origin_mode=cop, cop_fraction=0.330, cx=0.00, cy=0.00, resample_exterior=True
2025-08-20 02:55:55,272 | INFO     | Geometry extracted (no twist/origin applied).
2025-08-20 02:55:55,272 | INFO     | Generating processed geometry visualisation with trailing edge zoom …
2025-08-20 02:55:56,461 | INFO     | Processed geometry preview saved -> C:\Users\samea\Desktop\geometry_tools\n_sections\results\analysis\2025-08-20_02-49-41\sec_082_r0.850\processed_sec_082_r0.850.png
2025-08-20 02:55:56,461 | INFO     | Launching convergence study pipeline …
2025-08-20 02:55:56,461 | INFO     | Starting section convergence study using 1 mesh sizes: [40.]
2025-08-20 02:55:58,838 | INFO     | ConvergenceStudy instantiated. Running results computation …
2025-08-20 02:55:58,838 | INFO     | Convergence study completed successfully.
2025-08-20 02:55:58,838 | INFO     | Creating convergence visualisation …
2025-08-20 02:55:59,503 | INFO     | Convergence visualisation saved.
2025-08-20 02:55:59,503 | INFO     | Building metadata container for section sec_082_r0.850 …
2025-08-20 02:55:59,503 | INFO     | MetadataBin created.
2025-08-20 02:55:59,503 | INFO     | Composing SectionAnalysisResultSet …
2025-08-20 02:55:59,503 | INFO     | SectionAnalysisResultSet successfully built.
2025-08-20 02:55:59,503 | INFO     | Saving results to directory: C:\Users\samea\Desktop\geometry_tools\n_sections\results\analysis\2025-08-20_02-49-41\sec_082_r0.850
2025-08-20 02:55:59,503 | INFO     | Section analysis results successfully saved.
