2025-08-20 02:31:43,839 - INFO - Logger initialized for ConvergenceStudy [sec_013_r0.240]
2025-08-20 02:31:43,839 - INFO - Starting convergence study over 3 mesh sizes: [40.  10.   2.5]
2025-08-20 02:31:43,839 - INFO - [1/3] Processing mesh size h = 40
2025-08-20 02:31:43,839 - DEBUG - [sec_013_r0.240_h40] Copying geometry and initiating meshing …
2025-08-20 02:31:43,856 - INFO - [sec_013_r0.240_h40] Mesh created successfully
2025-08-20 02:31:43,857 - DEBUG - [sec_013_r0.240_h40] Starting section property calculation …
2025-08-20 02:31:45,369 - DEBUG - [sec_013_r0.240_h40] Section analysis row returned
2025-08-20 02:31:45,382 - INFO - [sec_013_r0.240_h40] Section analysis completed successfully.
2025-08-20 02:31:45,383 - INFO - [2/3] Processing mesh size h = 10
2025-08-20 02:31:45,383 - DEBUG - [sec_013_r0.240_h10] Copying geometry and initiating meshing …
2025-08-20 02:31:45,385 - INFO - [sec_013_r0.240_h10] Mesh created successfully
2025-08-20 02:31:45,385 - DEBUG - [sec_013_r0.240_h10] Starting section property calculation …
2025-08-20 02:31:46,424 - DEBUG - [sec_013_r0.240_h10] Section analysis row returned
2025-08-20 02:31:46,425 - INFO - [sec_013_r0.240_h10] Section analysis completed successfully.
2025-08-20 02:31:46,425 - INFO - [3/3] Processing mesh size h = 2.5
2025-08-20 02:31:46,426 - DEBUG - [sec_013_r0.240_h2.5] Copying geometry and initiating meshing …
2025-08-20 02:31:46,438 - INFO - [sec_013_r0.240_h2.5] Mesh created successfully
2025-08-20 02:31:46,438 - DEBUG - [sec_013_r0.240_h2.5] Starting section property calculation …
2025-08-20 02:31:47,242 - DEBUG - [sec_013_r0.240_h2.5] Section analysis row returned
2025-08-20 02:31:47,252 - INFO - [sec_013_r0.240_h2.5] Section analysis completed successfully.
2025-08-20 02:31:47,253 - INFO - Convergence study completed: 3 successful, 3 attempted
2025-08-20 02:31:47,253 - INFO - Generating convergence visualisation …
2025-08-20 02:31:49,155 - INFO - Convergence visualisation completed.
