2025-08-20 02:31:42,193 | INFO     | Logging initialized for ProcessSectionAnalysis
2025-08-20 02:31:42,193 | INFO     | Station sec_013_r0.240 [Analysis]: DXF=C:\Users\samea\Desktop\geometry_tools\n_sections\blade\sec_013_r0.240.dxf, twist=19.7°, origin: CP-proxy @ 33.0% chord
2025-08-20 02:31:42,193 | INFO     | Starting raw geometry processing …
2025-08-20 02:31:42,193 | INFO     | Instantiating RawGeometry for DXF: C:\Users\samea\Desktop\geometry_tools\n_sections\blade\sec_013_r0.240.dxf
2025-08-20 02:31:42,193 | INFO     | RawGeometry created successfully.
2025-08-20 02:31:42,193 | INFO     | Generating raw geometry plot …
2025-08-20 02:31:42,592 | INFO     | Raw geometry visualisation completed and saved.
2025-08-20 02:31:42,592 | INFO     | Processing and visualising aligned geometry …
2025-08-20 02:31:42,592 | INFO     | Instantiating ProcessedGeometry with spline/segment settings …
2025-08-20 02:31:42,605 | INFO     | ProcessedGeometry successfully instantiated.
2025-08-20 02:31:42,605 | INFO     | Extracting + aligning: twist=19.7°, origin_mode=cop, cop_fraction=0.330, cx=0.01, cy=0.01
2025-08-20 02:31:42,644 | INFO     | Geometry aligned and transformed successfully.
2025-08-20 02:31:42,644 | INFO     | Generating processed geometry visualisation with trailing edge zoom …
2025-08-20 02:31:43,839 | INFO     | Processed geometry preview saved -> C:\Users\samea\Desktop\geometry_tools\n_sections\results\analysis\2025-08-20_02-29-55\sec_013_r0.240\processed_sec_013_r0.240.png
2025-08-20 02:31:43,839 | INFO     | Launching convergence study pipeline …
2025-08-20 02:31:43,839 | INFO     | Starting section convergence study using 3 mesh sizes: [40.  10.   2.5]
2025-08-20 02:31:49,155 | INFO     | ConvergenceStudy instantiated. Running results computation …
2025-08-20 02:31:49,155 | INFO     | Convergence study completed successfully.
2025-08-20 02:31:49,155 | INFO     | Creating convergence visualisation …
2025-08-20 02:31:51,005 | INFO     | Convergence visualisation saved.
2025-08-20 02:31:51,005 | INFO     | Building metadata container for section sec_013_r0.240 …
2025-08-20 02:31:51,005 | INFO     | MetadataBin created.
2025-08-20 02:31:51,005 | INFO     | Composing SectionAnalysisResultSet …
2025-08-20 02:31:51,005 | INFO     | SectionAnalysisResultSet successfully built.
2025-08-20 02:31:51,005 | INFO     | Saving results to directory: C:\Users\samea\Desktop\geometry_tools\n_sections\results\analysis\2025-08-20_02-29-55\sec_013_r0.240
2025-08-20 02:31:51,005 | INFO     | Section analysis results successfully saved.
