2025-08-20 02:56:46,516 | INFO     | Logging initialized for ProcessSectionAnalysis
2025-08-20 02:56:46,516 | INFO     | Station sec_093_r0.947 [Analysis]: DXF=C:\Users\samea\Desktop\geometry_tools\n_sections\blade\sec_093_r0.947.dxf, twist=0.8°, origin: CP-proxy @ 33.0% chord
2025-08-20 02:56:46,517 | INFO     | Starting raw geometry processing …
2025-08-20 02:56:46,517 | INFO     | Instantiating RawGeometry for DXF: C:\Users\samea\Desktop\geometry_tools\n_sections\blade\sec_093_r0.947.dxf
2025-08-20 02:56:46,518 | INFO     | RawGeometry created successfully.
2025-08-20 02:56:46,518 | INFO     | Generating raw geometry plot …
2025-08-20 02:56:46,850 | INFO     | Raw geometry visualisation completed and saved.
2025-08-20 02:56:46,850 | INFO     | Processing and visualising aligned geometry …
2025-08-20 02:56:46,850 | INFO     | Instantiating ProcessedGeometry with spline/segment settings …
2025-08-20 02:56:46,851 | INFO     | ProcessedGeometry successfully instantiated.
2025-08-20 02:56:46,852 | INFO     | Extracting (pass-through orientation & origin): twist=0.8°, origin_mode=cop, cop_fraction=0.330, cx=0.00, cy=0.00, resample_exterior=True
2025-08-20 02:56:46,870 | INFO     | Geometry extracted (no twist/origin applied).
2025-08-20 02:56:46,870 | INFO     | Generating processed geometry visualisation with trailing edge zoom …
2025-08-20 02:56:48,006 | INFO     | Processed geometry preview saved -> C:\Users\samea\Desktop\geometry_tools\n_sections\results\analysis\2025-08-20_02-49-41\sec_093_r0.947\processed_sec_093_r0.947.png
2025-08-20 02:56:48,007 | INFO     | Launching convergence study pipeline …
2025-08-20 02:56:48,007 | INFO     | Starting section convergence study using 1 mesh sizes: [40.]
2025-08-20 02:56:50,501 | INFO     | ConvergenceStudy instantiated. Running results computation …
2025-08-20 02:56:50,501 | INFO     | Convergence study completed successfully.
2025-08-20 02:56:50,501 | INFO     | Creating convergence visualisation …
2025-08-20 02:56:51,227 | INFO     | Convergence visualisation saved.
2025-08-20 02:56:51,227 | INFO     | Building metadata container for section sec_093_r0.947 …
2025-08-20 02:56:51,228 | INFO     | MetadataBin created.
2025-08-20 02:56:51,228 | INFO     | Composing SectionAnalysisResultSet …
2025-08-20 02:56:51,228 | INFO     | SectionAnalysisResultSet successfully built.
2025-08-20 02:56:51,228 | INFO     | Saving results to directory: C:\Users\samea\Desktop\geometry_tools\n_sections\results\analysis\2025-08-20_02-49-41\sec_093_r0.947
2025-08-20 02:56:51,231 | INFO     | Section analysis results successfully saved.
