2025-08-20 02:52:12,194 | INFO     | Logging initialized for ProcessSectionAnalysis
2025-08-20 02:52:12,194 | INFO     | Station sec_033_r0.417 [Analysis]: DXF=C:\Users\samea\Desktop\geometry_tools\n_sections\blade\sec_033_r0.417.dxf, twist=9.3°, origin: CP-proxy @ 33.0% chord
2025-08-20 02:52:12,194 | INFO     | Starting raw geometry processing …
2025-08-20 02:52:12,194 | INFO     | Instantiating RawGeometry for DXF: C:\Users\samea\Desktop\geometry_tools\n_sections\blade\sec_033_r0.417.dxf
2025-08-20 02:52:12,195 | INFO     | RawGeometry created successfully.
2025-08-20 02:52:12,195 | INFO     | Generating raw geometry plot …
2025-08-20 02:52:12,587 | INFO     | Raw geometry visualisation completed and saved.
2025-08-20 02:52:12,588 | INFO     | Processing and visualising aligned geometry …
2025-08-20 02:52:12,588 | INFO     | Instantiating ProcessedGeometry with spline/segment settings …
2025-08-20 02:52:12,589 | INFO     | ProcessedGeometry successfully instantiated.
2025-08-20 02:52:12,589 | INFO     | Extracting (pass-through orientation & origin): twist=9.3°, origin_mode=cop, cop_fraction=0.330, cx=0.01, cy=0.00, resample_exterior=True
2025-08-20 02:52:12,612 | INFO     | Geometry extracted (no twist/origin applied).
2025-08-20 02:52:12,612 | INFO     | Generating processed geometry visualisation with trailing edge zoom …
2025-08-20 02:52:13,771 | INFO     | Processed geometry preview saved -> C:\Users\samea\Desktop\geometry_tools\n_sections\results\analysis\2025-08-20_02-49-41\sec_033_r0.417\processed_sec_033_r0.417.png
2025-08-20 02:52:13,771 | INFO     | Launching convergence study pipeline …
2025-08-20 02:52:13,771 | INFO     | Starting section convergence study using 1 mesh sizes: [40.]
2025-08-20 02:52:16,153 | INFO     | ConvergenceStudy instantiated. Running results computation …
2025-08-20 02:52:16,153 | INFO     | Convergence study completed successfully.
2025-08-20 02:52:16,153 | INFO     | Creating convergence visualisation …
2025-08-20 02:52:16,858 | INFO     | Convergence visualisation saved.
2025-08-20 02:52:16,858 | INFO     | Building metadata container for section sec_033_r0.417 …
2025-08-20 02:52:16,858 | INFO     | MetadataBin created.
2025-08-20 02:52:16,858 | INFO     | Composing SectionAnalysisResultSet …
2025-08-20 02:52:16,858 | INFO     | SectionAnalysisResultSet successfully built.
2025-08-20 02:52:16,858 | INFO     | Saving results to directory: C:\Users\samea\Desktop\geometry_tools\n_sections\results\analysis\2025-08-20_02-49-41\sec_033_r0.417
2025-08-20 02:52:16,860 | INFO     | Section analysis results successfully saved.
