2025-08-20 02:30:37,835 - INFO - Logger initialized for ConvergenceStudy [sec_005_r0.169]
2025-08-20 02:30:37,835 - INFO - Starting convergence study over 3 mesh sizes: [40.  10.   2.5]
2025-08-20 02:30:37,836 - INFO - [1/3] Processing mesh size h = 40
2025-08-20 02:30:37,836 - DEBUG - [sec_005_r0.169_h40] Copying geometry and initiating meshing …
2025-08-20 02:30:37,855 - INFO - [sec_005_r0.169_h40] Mesh created successfully
2025-08-20 02:30:37,855 - DEBUG - [sec_005_r0.169_h40] Starting section property calculation …
2025-08-20 02:30:39,373 - DEBUG - [sec_005_r0.169_h40] Section analysis row returned
2025-08-20 02:30:39,376 - INFO - [sec_005_r0.169_h40] Section analysis completed successfully.
2025-08-20 02:30:39,377 - INFO - [2/3] Processing mesh size h = 10
2025-08-20 02:30:39,377 - DEBUG - [sec_005_r0.169_h10] Copying geometry and initiating meshing …
2025-08-20 02:30:39,389 - INFO - [sec_005_r0.169_h10] Mesh created successfully
2025-08-20 02:30:39,389 - DEBUG - [sec_005_r0.169_h10] Starting section property calculation …
2025-08-20 02:30:40,362 - DEBUG - [sec_005_r0.169_h10] Section analysis row returned
2025-08-20 02:30:40,364 - INFO - [sec_005_r0.169_h10] Section analysis completed successfully.
2025-08-20 02:30:40,364 - INFO - [3/3] Processing mesh size h = 2.5
2025-08-20 02:30:40,365 - DEBUG - [sec_005_r0.169_h2.5] Copying geometry and initiating meshing …
2025-08-20 02:30:40,384 - INFO - [sec_005_r0.169_h2.5] Mesh created successfully
2025-08-20 02:30:40,384 - DEBUG - [sec_005_r0.169_h2.5] Starting section property calculation …
2025-08-20 02:30:41,256 - DEBUG - [sec_005_r0.169_h2.5] Section analysis row returned
2025-08-20 02:30:41,259 - INFO - [sec_005_r0.169_h2.5] Section analysis completed successfully.
2025-08-20 02:30:41,259 - INFO - Convergence study completed: 3 successful, 3 attempted
2025-08-20 02:30:41,259 - INFO - Generating convergence visualisation …
2025-08-20 02:30:43,185 - INFO - Convergence visualisation completed.
