2025-08-20 02:30:36,273 | INFO     | Logging initialized for ProcessSectionAnalysis
2025-08-20 02:30:36,273 | INFO     | Station sec_005_r0.169 [Analysis]: DXF=C:\Users\samea\Desktop\geometry_tools\n_sections\blade\sec_005_r0.169.dxf, twist=28.4°, origin: CP-proxy @ 33.0% chord
2025-08-20 02:30:36,273 | INFO     | Starting raw geometry processing …
2025-08-20 02:30:36,273 | INFO     | Instantiating RawGeometry for DXF: C:\Users\samea\Desktop\geometry_tools\n_sections\blade\sec_005_r0.169.dxf
2025-08-20 02:30:36,273 | INFO     | RawGeometry created successfully.
2025-08-20 02:30:36,273 | INFO     | Generating raw geometry plot …
2025-08-20 02:30:36,646 | INFO     | Raw geometry visualisation completed and saved.
2025-08-20 02:30:36,646 | INFO     | Processing and visualising aligned geometry …
2025-08-20 02:30:36,646 | INFO     | Instantiating ProcessedGeometry with spline/segment settings …
2025-08-20 02:30:36,646 | INFO     | ProcessedGeometry successfully instantiated.
2025-08-20 02:30:36,646 | INFO     | Extracting + aligning: twist=28.4°, origin_mode=cop, cop_fraction=0.330, cx=0.01, cy=0.01
2025-08-20 02:30:36,681 | INFO     | Geometry aligned and transformed successfully.
2025-08-20 02:30:36,681 | INFO     | Generating processed geometry visualisation with trailing edge zoom …
2025-08-20 02:30:37,834 | INFO     | Processed geometry preview saved -> C:\Users\samea\Desktop\geometry_tools\n_sections\results\analysis\2025-08-20_02-29-55\sec_005_r0.169\processed_sec_005_r0.169.png
2025-08-20 02:30:37,834 | INFO     | Launching convergence study pipeline …
2025-08-20 02:30:37,834 | INFO     | Starting section convergence study using 3 mesh sizes: [40.  10.   2.5]
2025-08-20 02:30:43,185 | INFO     | ConvergenceStudy instantiated. Running results computation …
2025-08-20 02:30:43,185 | INFO     | Convergence study completed successfully.
2025-08-20 02:30:43,185 | INFO     | Creating convergence visualisation …
2025-08-20 02:30:44,787 | INFO     | Convergence visualisation saved.
2025-08-20 02:30:44,787 | INFO     | Building metadata container for section sec_005_r0.169 …
2025-08-20 02:30:44,787 | INFO     | MetadataBin created.
2025-08-20 02:30:44,787 | INFO     | Composing SectionAnalysisResultSet …
2025-08-20 02:30:44,787 | INFO     | SectionAnalysisResultSet successfully built.
2025-08-20 02:30:44,787 | INFO     | Saving results to directory: C:\Users\samea\Desktop\geometry_tools\n_sections\results\analysis\2025-08-20_02-29-55\sec_005_r0.169
2025-08-20 02:30:44,790 | INFO     | Section analysis results successfully saved.
