2025-08-20 02:32:00,792 - INFO - Logger initialized for ConvergenceStudy [sec_015_r0.258]
2025-08-20 02:32:00,792 - INFO - Starting convergence study over 3 mesh sizes: [40.  10.   2.5]
2025-08-20 02:32:00,793 - INFO - [1/3] Processing mesh size h = 40
2025-08-20 02:32:00,793 - DEBUG - [sec_015_r0.258_h40] Copying geometry and initiating meshing …
2025-08-20 02:32:00,806 - INFO - [sec_015_r0.258_h40] Mesh created successfully
2025-08-20 02:32:00,806 - DEBUG - [sec_015_r0.258_h40] Starting section property calculation …
2025-08-20 02:32:02,234 - DEBUG - [sec_015_r0.258_h40] Section analysis row returned
2025-08-20 02:32:02,236 - INFO - [sec_015_r0.258_h40] Section analysis completed successfully.
2025-08-20 02:32:02,237 - INFO - [2/3] Processing mesh size h = 10
2025-08-20 02:32:02,237 - DEBUG - [sec_015_r0.258_h10] Copying geometry and initiating meshing …
2025-08-20 02:32:02,249 - INFO - [sec_015_r0.258_h10] Mesh created successfully
2025-08-20 02:32:02,249 - DEBUG - [sec_015_r0.258_h10] Starting section property calculation …
2025-08-20 02:32:03,132 - DEBUG - [sec_015_r0.258_h10] Section analysis row returned
2025-08-20 02:32:03,133 - INFO - [sec_015_r0.258_h10] Section analysis completed successfully.
2025-08-20 02:32:03,134 - INFO - [3/3] Processing mesh size h = 2.5
2025-08-20 02:32:03,134 - DEBUG - [sec_015_r0.258_h2.5] Copying geometry and initiating meshing …
2025-08-20 02:32:03,145 - INFO - [sec_015_r0.258_h2.5] Mesh created successfully
2025-08-20 02:32:03,145 - DEBUG - [sec_015_r0.258_h2.5] Starting section property calculation …
2025-08-20 02:32:03,949 - DEBUG - [sec_015_r0.258_h2.5] Section analysis row returned
2025-08-20 02:32:03,951 - INFO - [sec_015_r0.258_h2.5] Section analysis completed successfully.
2025-08-20 02:32:03,951 - INFO - Convergence study completed: 3 successful, 3 attempted
2025-08-20 02:32:03,952 - INFO - Generating convergence visualisation …
2025-08-20 02:32:05,692 - INFO - Convergence visualisation completed.
