2025-08-20 02:31:59,153 | INFO     | Logging initialized for ProcessSectionAnalysis
2025-08-20 02:31:59,153 | INFO     | Station sec_015_r0.258 [Analysis]: DXF=C:\Users\samea\Desktop\geometry_tools\n_sections\blade\sec_015_r0.258.dxf, twist=18.0°, origin: CP-proxy @ 33.0% chord
2025-08-20 02:31:59,153 | INFO     | Starting raw geometry processing …
2025-08-20 02:31:59,153 | INFO     | Instantiating RawGeometry for DXF: C:\Users\samea\Desktop\geometry_tools\n_sections\blade\sec_015_r0.258.dxf
2025-08-20 02:31:59,153 | INFO     | RawGeometry created successfully.
2025-08-20 02:31:59,153 | INFO     | Generating raw geometry plot …
2025-08-20 02:31:59,525 | INFO     | Raw geometry visualisation completed and saved.
2025-08-20 02:31:59,525 | INFO     | Processing and visualising aligned geometry …
2025-08-20 02:31:59,538 | INFO     | Instantiating ProcessedGeometry with spline/segment settings …
2025-08-20 02:31:59,539 | INFO     | ProcessedGeometry successfully instantiated.
2025-08-20 02:31:59,539 | INFO     | Extracting + aligning: twist=18.0°, origin_mode=cop, cop_fraction=0.330, cx=0.01, cy=0.01
2025-08-20 02:31:59,582 | INFO     | Geometry aligned and transformed successfully.
2025-08-20 02:31:59,582 | INFO     | Generating processed geometry visualisation with trailing edge zoom …
2025-08-20 02:32:00,791 | INFO     | Processed geometry preview saved -> C:\Users\samea\Desktop\geometry_tools\n_sections\results\analysis\2025-08-20_02-29-55\sec_015_r0.258\processed_sec_015_r0.258.png
2025-08-20 02:32:00,791 | INFO     | Launching convergence study pipeline …
2025-08-20 02:32:00,791 | INFO     | Starting section convergence study using 3 mesh sizes: [40.  10.   2.5]
2025-08-20 02:32:05,692 | INFO     | ConvergenceStudy instantiated. Running results computation …
2025-08-20 02:32:05,692 | INFO     | Convergence study completed successfully.
2025-08-20 02:32:05,692 | INFO     | Creating convergence visualisation …
2025-08-20 02:32:07,600 | INFO     | Convergence visualisation saved.
2025-08-20 02:32:07,600 | INFO     | Building metadata container for section sec_015_r0.258 …
2025-08-20 02:32:07,600 | INFO     | MetadataBin created.
2025-08-20 02:32:07,601 | INFO     | Composing SectionAnalysisResultSet …
2025-08-20 02:32:07,601 | INFO     | SectionAnalysisResultSet successfully built.
2025-08-20 02:32:07,601 | INFO     | Saving results to directory: C:\Users\samea\Desktop\geometry_tools\n_sections\results\analysis\2025-08-20_02-29-55\sec_015_r0.258
2025-08-20 02:32:07,606 | INFO     | Section analysis results successfully saved.
