2025-08-20 02:54:38,080 | INFO     | Logging initialized for ProcessSectionAnalysis
2025-08-20 02:54:38,080 | INFO     | Station sec_065_r0.699 [Analysis]: DXF=C:\Users\samea\Desktop\geometry_tools\n_sections\blade\sec_065_r0.699.dxf, twist=3.3°, origin: CP-proxy @ 33.0% chord
2025-08-20 02:54:38,081 | INFO     | Starting raw geometry processing …
2025-08-20 02:54:38,081 | INFO     | Instantiating RawGeometry for DXF: C:\Users\samea\Desktop\geometry_tools\n_sections\blade\sec_065_r0.699.dxf
2025-08-20 02:54:38,082 | INFO     | RawGeometry created successfully.
2025-08-20 02:54:38,082 | INFO     | Generating raw geometry plot …
2025-08-20 02:54:38,584 | INFO     | Raw geometry visualisation completed and saved.
2025-08-20 02:54:38,584 | INFO     | Processing and visualising aligned geometry …
2025-08-20 02:54:38,584 | INFO     | Instantiating ProcessedGeometry with spline/segment settings …
2025-08-20 02:54:38,585 | INFO     | ProcessedGeometry successfully instantiated.
2025-08-20 02:54:38,585 | INFO     | Extracting (pass-through orientation & origin): twist=3.3°, origin_mode=cop, cop_fraction=0.330, cx=0.00, cy=0.00, resample_exterior=True
2025-08-20 02:54:38,612 | INFO     | Geometry extracted (no twist/origin applied).
2025-08-20 02:54:38,612 | INFO     | Generating processed geometry visualisation with trailing edge zoom …
2025-08-20 02:54:39,770 | INFO     | Processed geometry preview saved -> C:\Users\samea\Desktop\geometry_tools\n_sections\results\analysis\2025-08-20_02-49-41\sec_065_r0.699\processed_sec_065_r0.699.png
2025-08-20 02:54:39,770 | INFO     | Launching convergence study pipeline …
2025-08-20 02:54:39,770 | INFO     | Starting section convergence study using 1 mesh sizes: [40.]
2025-08-20 02:54:42,047 | INFO     | ConvergenceStudy instantiated. Running results computation …
2025-08-20 02:54:42,047 | INFO     | Convergence study completed successfully.
2025-08-20 02:54:42,047 | INFO     | Creating convergence visualisation …
2025-08-20 02:54:42,766 | INFO     | Convergence visualisation saved.
2025-08-20 02:54:42,767 | INFO     | Building metadata container for section sec_065_r0.699 …
2025-08-20 02:54:42,767 | INFO     | MetadataBin created.
2025-08-20 02:54:42,767 | INFO     | Composing SectionAnalysisResultSet …
2025-08-20 02:54:42,767 | INFO     | SectionAnalysisResultSet successfully built.
2025-08-20 02:54:42,767 | INFO     | Saving results to directory: C:\Users\samea\Desktop\geometry_tools\n_sections\results\analysis\2025-08-20_02-49-41\sec_065_r0.699
2025-08-20 02:54:42,769 | INFO     | Section analysis results successfully saved.
