2025-07-03 01:38:27,474 - INFO - [Station_14] Geometry meshed with mesh_sizes=0.5.
2025-07-03 01:38:27,755 - INFO - [Station_14] Actual centroid: (0.0178, 0.0007)
2025-07-03 01:38:27,772 - INFO - [Station_14] Desired centroid: (0.0008, -0.0024)
2025-07-03 01:38:27,780 - INFO - [Station_14] Applying translation dx=-0.0169, dy=-0.0031
2025-07-03 01:38:27,789 - INFO - [Station_14] Section translated.
2025-07-03 01:38:27,831 - INFO - Processed and aligned geometry extracted for Station_14
2025-07-03 01:38:28,497 - INFO - Processed geometry preview saved -> section_calc_n\results\Station_14\processed_Station_14.png
2025-07-03 01:38:28,507 - INFO - [1/3] meshing Station_14 with target h = 3
2025-07-03 01:38:28,520 - INFO - [Station_14_h3] Meshing with target h = 3 …
2025-07-03 01:38:28,536 - WARNING - [Station_14_h3] 466 sliver triangles removed
2025-07-03 01:38:28,546 - INFO - [Station_14_h3] mesh ok | nodes=4065 elems=1354 | A[min=1.02e-08 max=1.21e-06 mean=1.28e-07 med=6.78e-08] | q[min=0.604 max=1.000 mean=0.877]
2025-07-03 01:38:29,369 - INFO - [Station_14_h3] Row appended (h=3.0)
2025-07-03 01:38:29,380 - INFO - [2/3] meshing Station_14 with target h = 0.75
2025-07-03 01:38:29,396 - INFO - [Station_14_h0.75] Meshing with target h = 0.75 …
2025-07-03 01:38:29,413 - WARNING - [Station_14_h0.75] 466 sliver triangles removed
2025-07-03 01:38:29,423 - INFO - [Station_14_h0.75] mesh ok | nodes=4065 elems=1354 | A[min=1.02e-08 max=1.21e-06 mean=1.28e-07 med=6.78e-08] | q[min=0.604 max=1.000 mean=0.877]
2025-07-03 01:38:29,999 - INFO - [Station_14_h0.75] Row appended (h=0.75)
2025-07-03 01:38:30,008 - INFO - [3/3] meshing Station_14 with target h = 0.1875
2025-07-03 01:38:30,023 - INFO - [Station_14_h0.1875] Meshing with target h = 0.1875 …
2025-07-03 01:38:30,039 - WARNING - [Station_14_h0.1875] 466 sliver triangles removed
2025-07-03 01:38:30,049 - INFO - [Station_14_h0.1875] mesh ok | nodes=4065 elems=1354 | A[min=1.02e-08 max=1.21e-06 mean=1.28e-07 med=6.78e-08] | q[min=0.604 max=1.000 mean=0.877]
2025-07-03 01:38:30,608 - INFO - [Station_14_h0.1875] Row appended (h=0.1875)
2025-07-03 01:38:31,108 - INFO - Global batch 1 saved -> section_calc_n\results\Station_14\mesh_conv_Station_14_batch1_global.png
2025-07-03 01:38:31,616 - INFO - Local batch 1 saved -> section_calc_n\results\Station_14\mesh_conv_Station_14_batch1_local.png
