2025-08-20 02:50:04,662 | INFO     | Logging initialized for ProcessSectionAnalysis
2025-08-20 02:50:04,662 | INFO     | Station sec_005_r0.169 [Analysis]: DXF=C:\Users\samea\Desktop\geometry_tools\n_sections\blade\sec_005_r0.169.dxf, twist=28.4°, origin: CP-proxy @ 33.0% chord
2025-08-20 02:50:04,662 | INFO     | Starting raw geometry processing …
2025-08-20 02:50:04,662 | INFO     | Instantiating RawGeometry for DXF: C:\Users\samea\Desktop\geometry_tools\n_sections\blade\sec_005_r0.169.dxf
2025-08-20 02:50:04,662 | INFO     | RawGeometry created successfully.
2025-08-20 02:50:04,662 | INFO     | Generating raw geometry plot …
2025-08-20 02:50:05,059 | INFO     | Raw geometry visualisation completed and saved.
2025-08-20 02:50:05,059 | INFO     | Processing and visualising aligned geometry …
2025-08-20 02:50:05,059 | INFO     | Instantiating ProcessedGeometry with spline/segment settings …
2025-08-20 02:50:05,061 | INFO     | ProcessedGeometry successfully instantiated.
2025-08-20 02:50:05,061 | INFO     | Extracting (pass-through orientation & origin): twist=28.4°, origin_mode=cop, cop_fraction=0.330, cx=0.01, cy=0.01, resample_exterior=True
2025-08-20 02:50:05,117 | INFO     | Geometry extracted (no twist/origin applied).
2025-08-20 02:50:05,117 | INFO     | Generating processed geometry visualisation with trailing edge zoom …
2025-08-20 02:50:06,343 | INFO     | Processed geometry preview saved -> C:\Users\samea\Desktop\geometry_tools\n_sections\results\analysis\2025-08-20_02-49-41\sec_005_r0.169\processed_sec_005_r0.169.png
2025-08-20 02:50:06,343 | INFO     | Launching convergence study pipeline …
2025-08-20 02:50:06,343 | INFO     | Starting section convergence study using 1 mesh sizes: [40.]
2025-08-20 02:50:08,827 | INFO     | ConvergenceStudy instantiated. Running results computation …
2025-08-20 02:50:08,827 | INFO     | Convergence study completed successfully.
2025-08-20 02:50:08,827 | INFO     | Creating convergence visualisation …
2025-08-20 02:50:09,674 | INFO     | Convergence visualisation saved.
2025-08-20 02:50:09,674 | INFO     | Building metadata container for section sec_005_r0.169 …
2025-08-20 02:50:09,674 | INFO     | MetadataBin created.
2025-08-20 02:50:09,674 | INFO     | Composing SectionAnalysisResultSet …
2025-08-20 02:50:09,674 | INFO     | SectionAnalysisResultSet successfully built.
2025-08-20 02:50:09,674 | INFO     | Saving results to directory: C:\Users\samea\Desktop\geometry_tools\n_sections\results\analysis\2025-08-20_02-49-41\sec_005_r0.169
2025-08-20 02:50:09,679 | INFO     | Section analysis results successfully saved.
