2025-08-21 03:44:45,125 | INFO     | Logging initialized for ProcessSectionAnalysis
2025-08-21 03:44:45,125 | INFO     | Station sec_006_r0.768 [Analysis]: DXF=C:\Users\samea\Desktop\geometry_tools\n_sections\blade\sec_006_r0.768.dxf, twist=2.5°, origin: CP-proxy @ 33.0% chord
2025-08-21 03:44:45,125 | INFO     | Starting raw geometry processing …
2025-08-21 03:44:45,126 | INFO     | Instantiating RawGeometry for DXF: C:\Users\samea\Desktop\geometry_tools\n_sections\blade\sec_006_r0.768.dxf
2025-08-21 03:44:45,127 | INFO     | RawGeometry created successfully.
2025-08-21 03:44:45,127 | INFO     | Generating raw geometry plot …
2025-08-21 03:44:45,453 | INFO     | Raw geometry visualisation completed and saved.
2025-08-21 03:44:45,454 | INFO     | Processing and visualising aligned geometry …
2025-08-21 03:44:45,454 | INFO     | Instantiating ProcessedGeometry with spline/segment settings …
2025-08-21 03:44:45,455 | INFO     | ProcessedGeometry successfully instantiated.
2025-08-21 03:44:45,455 | INFO     | Extracting (pass-through orientation & origin): twist=2.5°, origin_mode=cop, cop_fraction=0.330, cx=0.00, cy=0.00, resample_exterior=True
2025-08-21 03:44:45,482 | INFO     | Geometry extracted (no twist/origin applied).
2025-08-21 03:44:45,482 | INFO     | Generating processed geometry visualisation with trailing edge zoom …
2025-08-21 03:44:46,550 | INFO     | Processed geometry preview saved -> C:\Users\samea\Desktop\geometry_tools\n_sections\results\analysis\2025-08-21_03-44-16\sec_006_r0.768\processed_sec_006_r0.768.png
2025-08-21 03:44:46,550 | INFO     | Launching convergence study pipeline …
2025-08-21 03:44:46,550 | INFO     | Starting section convergence study using 1 mesh sizes: [40.]
2025-08-21 03:44:48,985 | INFO     | ConvergenceStudy instantiated. Running results computation …
2025-08-21 03:44:48,985 | INFO     | Convergence study completed successfully.
2025-08-21 03:44:48,985 | INFO     | Creating convergence visualisation …
2025-08-21 03:44:49,626 | INFO     | Convergence visualisation saved.
2025-08-21 03:44:49,626 | INFO     | Building metadata container for section sec_006_r0.768 …
2025-08-21 03:44:49,626 | INFO     | MetadataBin created.
2025-08-21 03:44:49,626 | INFO     | Composing SectionAnalysisResultSet …
2025-08-21 03:44:49,626 | INFO     | SectionAnalysisResultSet successfully built.
2025-08-21 03:44:49,626 | INFO     | Saving results to directory: C:\Users\samea\Desktop\geometry_tools\n_sections\results\analysis\2025-08-21_03-44-16\sec_006_r0.768
2025-08-21 03:44:49,628 | INFO     | Section analysis results successfully saved.
