2025-08-20 02:33:05,500 - INFO - Logger initialized for ConvergenceStudy [sec_023_r0.328]
2025-08-20 02:33:05,500 - INFO - Starting convergence study over 3 mesh sizes: [40.  10.   2.5]
2025-08-20 02:33:05,500 - INFO - [1/3] Processing mesh size h = 40
2025-08-20 02:33:05,500 - DEBUG - [sec_023_r0.328_h40] Copying geometry and initiating meshing …
2025-08-20 02:33:05,515 - INFO - [sec_023_r0.328_h40] Mesh created successfully
2025-08-20 02:33:05,515 - DEBUG - [sec_023_r0.328_h40] Starting section property calculation …
2025-08-20 02:33:06,942 - DEBUG - [sec_023_r0.328_h40] Section analysis row returned
2025-08-20 02:33:06,945 - INFO - [sec_023_r0.328_h40] Section analysis completed successfully.
2025-08-20 02:33:06,946 - INFO - [2/3] Processing mesh size h = 10
2025-08-20 02:33:06,946 - DEBUG - [sec_023_r0.328_h10] Copying geometry and initiating meshing …
2025-08-20 02:33:06,956 - INFO - [sec_023_r0.328_h10] Mesh created successfully
2025-08-20 02:33:06,956 - DEBUG - [sec_023_r0.328_h10] Starting section property calculation …
2025-08-20 02:33:07,780 - DEBUG - [sec_023_r0.328_h10] Section analysis row returned
2025-08-20 02:33:07,781 - INFO - [sec_023_r0.328_h10] Section analysis completed successfully.
2025-08-20 02:33:07,782 - INFO - [3/3] Processing mesh size h = 2.5
2025-08-20 02:33:07,782 - DEBUG - [sec_023_r0.328_h2.5] Copying geometry and initiating meshing …
2025-08-20 02:33:07,793 - INFO - [sec_023_r0.328_h2.5] Mesh created successfully
2025-08-20 02:33:07,793 - DEBUG - [sec_023_r0.328_h2.5] Starting section property calculation …
2025-08-20 02:33:08,610 - DEBUG - [sec_023_r0.328_h2.5] Section analysis row returned
2025-08-20 02:33:08,612 - INFO - [sec_023_r0.328_h2.5] Section analysis completed successfully.
2025-08-20 02:33:08,612 - INFO - Convergence study completed: 3 successful, 3 attempted
2025-08-20 02:33:08,612 - INFO - Generating convergence visualisation …
2025-08-20 02:33:10,494 - INFO - Convergence visualisation completed.
