2025-08-20 02:33:03,994 | INFO     | Logging initialized for ProcessSectionAnalysis
2025-08-20 02:33:03,994 | INFO     | Station sec_023_r0.328 [Analysis]: DXF=C:\Users\samea\Desktop\geometry_tools\n_sections\blade\sec_023_r0.328.dxf, twist=13.1°, origin: CP-proxy @ 33.0% chord
2025-08-20 02:33:03,994 | INFO     | Starting raw geometry processing …
2025-08-20 02:33:03,994 | INFO     | Instantiating RawGeometry for DXF: C:\Users\samea\Desktop\geometry_tools\n_sections\blade\sec_023_r0.328.dxf
2025-08-20 02:33:03,995 | INFO     | RawGeometry created successfully.
2025-08-20 02:33:03,995 | INFO     | Generating raw geometry plot …
2025-08-20 02:33:04,333 | INFO     | Raw geometry visualisation completed and saved.
2025-08-20 02:33:04,334 | INFO     | Processing and visualising aligned geometry …
2025-08-20 02:33:04,334 | INFO     | Instantiating ProcessedGeometry with spline/segment settings …
2025-08-20 02:33:04,335 | INFO     | ProcessedGeometry successfully instantiated.
2025-08-20 02:33:04,335 | INFO     | Extracting + aligning: twist=13.1°, origin_mode=cop, cop_fraction=0.330, cx=0.01, cy=0.00
2025-08-20 02:33:04,372 | INFO     | Geometry aligned and transformed successfully.
2025-08-20 02:33:04,372 | INFO     | Generating processed geometry visualisation with trailing edge zoom …
2025-08-20 02:33:05,500 | INFO     | Processed geometry preview saved -> C:\Users\samea\Desktop\geometry_tools\n_sections\results\analysis\2025-08-20_02-29-55\sec_023_r0.328\processed_sec_023_r0.328.png
2025-08-20 02:33:05,500 | INFO     | Launching convergence study pipeline …
2025-08-20 02:33:05,500 | INFO     | Starting section convergence study using 3 mesh sizes: [40.  10.   2.5]
2025-08-20 02:33:10,494 | INFO     | ConvergenceStudy instantiated. Running results computation …
2025-08-20 02:33:10,495 | INFO     | Convergence study completed successfully.
2025-08-20 02:33:10,495 | INFO     | Creating convergence visualisation …
2025-08-20 02:33:12,325 | INFO     | Convergence visualisation saved.
2025-08-20 02:33:12,325 | INFO     | Building metadata container for section sec_023_r0.328 …
2025-08-20 02:33:12,325 | INFO     | MetadataBin created.
2025-08-20 02:33:12,325 | INFO     | Composing SectionAnalysisResultSet …
2025-08-20 02:33:12,326 | INFO     | SectionAnalysisResultSet successfully built.
2025-08-20 02:33:12,326 | INFO     | Saving results to directory: C:\Users\samea\Desktop\geometry_tools\n_sections\results\analysis\2025-08-20_02-29-55\sec_023_r0.328
2025-08-20 02:33:12,328 | INFO     | Section analysis results successfully saved.
