2025-07-31 13:38:06,985 - INFO - Logger initialized for ConvergenceStudy [Station_2]
2025-07-31 13:38:06,985 - INFO - Starting convergence study over 3 mesh sizes: [40.  10.   2.5]
2025-07-31 13:38:06,985 - INFO - [1/3] Processing mesh size h = 40
2025-07-31 13:38:06,985 - DEBUG - [Station_2_h40] Copying geometry and initiating meshing …
2025-07-31 13:38:07,050 - INFO - [Station_2_h40] Mesh created successfully
2025-07-31 13:38:07,050 - DEBUG - [Station_2_h40] Starting section property calculation …
2025-07-31 13:38:08,263 - DEBUG - [Station_2_h40] Section analysis row returned
2025-07-31 13:38:08,263 - INFO - [Station_2_h40] Section analysis completed successfully.
2025-07-31 13:38:08,265 - INFO - [2/3] Processing mesh size h = 10
2025-07-31 13:38:08,265 - DEBUG - [Station_2_h10] Copying geometry and initiating meshing …
2025-07-31 13:38:08,276 - INFO - [Station_2_h10] Mesh created successfully
2025-07-31 13:38:08,276 - DEBUG - [Station_2_h10] Starting section property calculation …
2025-07-31 13:38:08,980 - DEBUG - [Station_2_h10] Section analysis row returned
2025-07-31 13:38:08,985 - INFO - [Station_2_h10] Section analysis completed successfully.
2025-07-31 13:38:08,985 - INFO - [3/3] Processing mesh size h = 2.5
2025-07-31 13:38:08,985 - DEBUG - [Station_2_h2.5] Copying geometry and initiating meshing …
2025-07-31 13:38:08,996 - INFO - [Station_2_h2.5] Mesh created successfully
2025-07-31 13:38:08,996 - DEBUG - [Station_2_h2.5] Starting section property calculation …
2025-07-31 13:38:09,705 - DEBUG - [Station_2_h2.5] Section analysis row returned
2025-07-31 13:38:09,705 - INFO - [Station_2_h2.5] Section analysis completed successfully.
2025-07-31 13:38:09,705 - INFO - Convergence study completed: 3 successful, 3 attempted
2025-07-31 13:38:09,705 - INFO - Generating convergence visualisation …
2025-07-31 13:38:10,945 - INFO - Convergence visualisation completed.
