2025-07-31 13:38:05,159 | INFO     | Logging initialized for ProcessSectionAnalysis
2025-07-31 13:38:05,159 | INFO     | Station Station_2 [Analysis]: DXF=C:\Users\Sam Hughes\Desktop\geometry_tools\n_sections\blade\Station_2.dxf, twist=18.7°, centroid=(0.01, -0.01)
2025-07-31 13:38:05,159 | INFO     | Starting raw geometry processing …
2025-07-31 13:38:05,159 | INFO     | Instantiating RawGeometry for DXF: C:\Users\Sam Hughes\Desktop\geometry_tools\n_sections\blade\Station_2.dxf
2025-07-31 13:38:05,159 | INFO     | RawGeometry created successfully.
2025-07-31 13:38:05,159 | INFO     | Generating raw geometry plot …
2025-07-31 13:38:05,556 | INFO     | Raw geometry visualisation completed and saved.
2025-07-31 13:38:05,556 | INFO     | Processing and visualising aligned geometry …
2025-07-31 13:38:05,556 | INFO     | Instantiating ProcessedGeometry with spline/segment settings …
2025-07-31 13:38:05,557 | INFO     | ProcessedGeometry successfully instantiated.
2025-07-31 13:38:05,557 | INFO     | Extracting and aligning geometry with twist=18.7°, cx=0.01, cy=-0.01
2025-07-31 13:38:06,205 | INFO     | Geometry aligned and transformed successfully.
2025-07-31 13:38:06,205 | INFO     | Generating processed geometry visualisation with trailing edge zoom …
2025-07-31 13:38:06,985 | INFO     | Processed geometry preview saved -> C:\Users\Sam Hughes\Desktop\geometry_tools\n_sections\results\analysis\2025-07-31_13-38-05\Station_2\processed_Station_2.png
2025-07-31 13:38:06,985 | INFO     | Launching convergence study pipeline …
2025-07-31 13:38:06,985 | INFO     | Starting section convergence study using 3 mesh sizes: [40.  10.   2.5]
2025-07-31 13:38:10,945 | INFO     | ConvergenceStudy instantiated. Running results computation …
2025-07-31 13:38:10,945 | INFO     | Convergence study completed successfully.
2025-07-31 13:38:10,945 | INFO     | Creating convergence visualisation …
2025-07-31 13:38:12,165 | INFO     | Convergence visualisation saved.
2025-07-31 13:38:12,165 | INFO     | Building metadata container for section Station_2 …
2025-07-31 13:38:12,165 | INFO     | MetadataBin created.
2025-07-31 13:38:12,165 | INFO     | Composing SectionAnalysisResultSet …
2025-07-31 13:38:12,165 | INFO     | SectionAnalysisResultSet successfully built.
2025-07-31 13:38:12,165 | INFO     | Saving results to directory: C:\Users\Sam Hughes\Desktop\geometry_tools\n_sections\results\analysis\2025-07-31_13-38-05\Station_2
2025-07-31 13:38:12,165 | INFO     | Section analysis results successfully saved.
