2025-08-22 00:20:33,806 | INFO     | Logging initialized for ProcessSectionAnalysis
2025-08-22 00:20:33,806 | INFO     | Station sec_008_r0.777 [Analysis]: DXF=C:\Users\samea\Desktop\geometry_tools\n_sections\blade\sec_008_r0.777.dxf, twist=2.4°, origin: CP-proxy @ 33.0% chord
2025-08-22 00:20:33,806 | INFO     | Starting raw geometry processing …
2025-08-22 00:20:33,806 | INFO     | Instantiating RawGeometry for DXF: C:\Users\samea\Desktop\geometry_tools\n_sections\blade\sec_008_r0.777.dxf
2025-08-22 00:20:33,806 | INFO     | RawGeometry created successfully.
2025-08-22 00:20:33,806 | INFO     | Generating raw geometry plot …
2025-08-22 00:20:34,193 | INFO     | Raw geometry visualisation completed and saved.
2025-08-22 00:20:34,193 | INFO     | Processing and visualising aligned geometry …
2025-08-22 00:20:34,193 | INFO     | Instantiating ProcessedGeometry with spline/segment settings …
2025-08-22 00:20:34,205 | INFO     | ProcessedGeometry successfully instantiated.
2025-08-22 00:20:34,205 | INFO     | Extracting (pass-through orientation & origin): twist=2.4°, origin_mode=cop, cop_fraction=0.330, cx=0.00, cy=0.00, resample_exterior=True
2025-08-22 00:20:34,227 | INFO     | Geometry extracted (no twist/origin applied).
2025-08-22 00:20:34,227 | INFO     | Generating processed geometry visualisation with trailing edge zoom …
2025-08-22 00:20:35,221 | INFO     | Processed geometry preview saved -> C:\Users\samea\Desktop\geometry_tools\n_sections\results\analysis\2025-08-22_00-19-57\sec_008_r0.777\processed_sec_008_r0.777.png
2025-08-22 00:20:35,221 | INFO     | Launching convergence study pipeline …
2025-08-22 00:20:35,221 | INFO     | Starting section convergence study using 1 mesh sizes: [40.]
2025-08-22 00:20:37,364 | INFO     | ConvergenceStudy instantiated. Running results computation …
2025-08-22 00:20:37,364 | INFO     | Convergence study completed successfully.
2025-08-22 00:20:37,364 | INFO     | Creating convergence visualisation …
2025-08-22 00:20:38,085 | INFO     | Convergence visualisation saved.
2025-08-22 00:20:38,086 | INFO     | Building metadata container for section sec_008_r0.777 …
2025-08-22 00:20:38,086 | INFO     | MetadataBin created.
2025-08-22 00:20:38,086 | INFO     | Composing SectionAnalysisResultSet …
2025-08-22 00:20:38,086 | INFO     | SectionAnalysisResultSet successfully built.
2025-08-22 00:20:38,086 | INFO     | Saving results to directory: C:\Users\samea\Desktop\geometry_tools\n_sections\results\analysis\2025-08-22_00-19-57\sec_008_r0.777
2025-08-22 00:20:38,088 | INFO     | Section analysis results successfully saved.
