2025-08-20 02:55:31,247 | INFO     | Logging initialized for ProcessSectionAnalysis
2025-08-20 02:55:31,247 | INFO     | Station sec_077_r0.806 [Analysis]: DXF=C:\Users\samea\Desktop\geometry_tools\n_sections\blade\sec_077_r0.806.dxf, twist=2.1°, origin: CP-proxy @ 33.0% chord
2025-08-20 02:55:31,248 | INFO     | Starting raw geometry processing …
2025-08-20 02:55:31,248 | INFO     | Instantiating RawGeometry for DXF: C:\Users\samea\Desktop\geometry_tools\n_sections\blade\sec_077_r0.806.dxf
2025-08-20 02:55:31,249 | INFO     | RawGeometry created successfully.
2025-08-20 02:55:31,249 | INFO     | Generating raw geometry plot …
2025-08-20 02:55:31,605 | INFO     | Raw geometry visualisation completed and saved.
2025-08-20 02:55:31,605 | INFO     | Processing and visualising aligned geometry …
2025-08-20 02:55:31,605 | INFO     | Instantiating ProcessedGeometry with spline/segment settings …
2025-08-20 02:55:31,607 | INFO     | ProcessedGeometry successfully instantiated.
2025-08-20 02:55:31,607 | INFO     | Extracting (pass-through orientation & origin): twist=2.1°, origin_mode=cop, cop_fraction=0.330, cx=0.00, cy=0.00, resample_exterior=True
2025-08-20 02:55:31,634 | INFO     | Geometry extracted (no twist/origin applied).
2025-08-20 02:55:31,635 | INFO     | Generating processed geometry visualisation with trailing edge zoom …
2025-08-20 02:55:32,710 | INFO     | Processed geometry preview saved -> C:\Users\samea\Desktop\geometry_tools\n_sections\results\analysis\2025-08-20_02-49-41\sec_077_r0.806\processed_sec_077_r0.806.png
2025-08-20 02:55:32,710 | INFO     | Launching convergence study pipeline …
2025-08-20 02:55:32,710 | INFO     | Starting section convergence study using 1 mesh sizes: [40.]
2025-08-20 02:55:34,849 | INFO     | ConvergenceStudy instantiated. Running results computation …
2025-08-20 02:55:34,849 | INFO     | Convergence study completed successfully.
2025-08-20 02:55:34,849 | INFO     | Creating convergence visualisation …
2025-08-20 02:55:35,475 | INFO     | Convergence visualisation saved.
2025-08-20 02:55:35,475 | INFO     | Building metadata container for section sec_077_r0.806 …
2025-08-20 02:55:35,475 | INFO     | MetadataBin created.
2025-08-20 02:55:35,475 | INFO     | Composing SectionAnalysisResultSet …
2025-08-20 02:55:35,475 | INFO     | SectionAnalysisResultSet successfully built.
2025-08-20 02:55:35,475 | INFO     | Saving results to directory: C:\Users\samea\Desktop\geometry_tools\n_sections\results\analysis\2025-08-20_02-49-41\sec_077_r0.806
2025-08-20 02:55:35,475 | INFO     | Section analysis results successfully saved.
