2025-08-20 02:56:56,043 | INFO     | Logging initialized for ProcessSectionAnalysis
2025-08-20 02:56:56,044 | INFO     | Station sec_095_r0.965 [Analysis]: DXF=C:\Users\samea\Desktop\geometry_tools\n_sections\blade\sec_095_r0.965.dxf, twist=0.6°, origin: CP-proxy @ 33.0% chord
2025-08-20 02:56:56,044 | INFO     | Starting raw geometry processing …
2025-08-20 02:56:56,044 | INFO     | Instantiating RawGeometry for DXF: C:\Users\samea\Desktop\geometry_tools\n_sections\blade\sec_095_r0.965.dxf
2025-08-20 02:56:56,045 | INFO     | RawGeometry created successfully.
2025-08-20 02:56:56,045 | INFO     | Generating raw geometry plot …
2025-08-20 02:56:56,372 | INFO     | Raw geometry visualisation completed and saved.
2025-08-20 02:56:56,372 | INFO     | Processing and visualising aligned geometry …
2025-08-20 02:56:56,372 | INFO     | Instantiating ProcessedGeometry with spline/segment settings …
2025-08-20 02:56:56,372 | INFO     | ProcessedGeometry successfully instantiated.
2025-08-20 02:56:56,372 | INFO     | Extracting (pass-through orientation & origin): twist=0.6°, origin_mode=cop, cop_fraction=0.330, cx=0.00, cy=0.00, resample_exterior=True
2025-08-20 02:56:56,412 | INFO     | Geometry extracted (no twist/origin applied).
2025-08-20 02:56:56,412 | INFO     | Generating processed geometry visualisation with trailing edge zoom …
2025-08-20 02:56:57,640 | INFO     | Processed geometry preview saved -> C:\Users\samea\Desktop\geometry_tools\n_sections\results\analysis\2025-08-20_02-49-41\sec_095_r0.965\processed_sec_095_r0.965.png
2025-08-20 02:56:57,640 | INFO     | Launching convergence study pipeline …
2025-08-20 02:56:57,640 | INFO     | Starting section convergence study using 1 mesh sizes: [40.]
2025-08-20 02:57:00,185 | INFO     | ConvergenceStudy instantiated. Running results computation …
2025-08-20 02:57:00,185 | INFO     | Convergence study completed successfully.
2025-08-20 02:57:00,185 | INFO     | Creating convergence visualisation …
2025-08-20 02:57:00,879 | INFO     | Convergence visualisation saved.
2025-08-20 02:57:00,879 | INFO     | Building metadata container for section sec_095_r0.965 …
2025-08-20 02:57:00,880 | INFO     | MetadataBin created.
2025-08-20 02:57:00,880 | INFO     | Composing SectionAnalysisResultSet …
2025-08-20 02:57:00,880 | INFO     | SectionAnalysisResultSet successfully built.
2025-08-20 02:57:00,880 | INFO     | Saving results to directory: C:\Users\samea\Desktop\geometry_tools\n_sections\results\analysis\2025-08-20_02-49-41\sec_095_r0.965
2025-08-20 02:57:00,883 | INFO     | Section analysis results successfully saved.
