2025-08-20 02:55:49,929 | INFO     | Logging initialized for ProcessSectionAnalysis
2025-08-20 02:55:49,929 | INFO     | Station sec_081_r0.841 [Analysis]: DXF=C:\Users\samea\Desktop\geometry_tools\n_sections\blade\sec_081_r0.841.dxf, twist=1.7°, origin: CP-proxy @ 33.0% chord
2025-08-20 02:55:49,929 | INFO     | Starting raw geometry processing …
2025-08-20 02:55:49,929 | INFO     | Instantiating RawGeometry for DXF: C:\Users\samea\Desktop\geometry_tools\n_sections\blade\sec_081_r0.841.dxf
2025-08-20 02:55:49,929 | INFO     | RawGeometry created successfully.
2025-08-20 02:55:49,929 | INFO     | Generating raw geometry plot …
2025-08-20 02:55:50,291 | INFO     | Raw geometry visualisation completed and saved.
2025-08-20 02:55:50,291 | INFO     | Processing and visualising aligned geometry …
2025-08-20 02:55:50,291 | INFO     | Instantiating ProcessedGeometry with spline/segment settings …
2025-08-20 02:55:50,292 | INFO     | ProcessedGeometry successfully instantiated.
2025-08-20 02:55:50,292 | INFO     | Extracting (pass-through orientation & origin): twist=1.7°, origin_mode=cop, cop_fraction=0.330, cx=0.00, cy=0.00, resample_exterior=True
2025-08-20 02:55:50,321 | INFO     | Geometry extracted (no twist/origin applied).
2025-08-20 02:55:50,321 | INFO     | Generating processed geometry visualisation with trailing edge zoom …
2025-08-20 02:55:51,426 | INFO     | Processed geometry preview saved -> C:\Users\samea\Desktop\geometry_tools\n_sections\results\analysis\2025-08-20_02-49-41\sec_081_r0.841\processed_sec_081_r0.841.png
2025-08-20 02:55:51,427 | INFO     | Launching convergence study pipeline …
2025-08-20 02:55:51,427 | INFO     | Starting section convergence study using 1 mesh sizes: [40.]
2025-08-20 02:55:54,241 | INFO     | ConvergenceStudy instantiated. Running results computation …
2025-08-20 02:55:54,241 | INFO     | Convergence study completed successfully.
2025-08-20 02:55:54,241 | INFO     | Creating convergence visualisation …
2025-08-20 02:55:54,920 | INFO     | Convergence visualisation saved.
2025-08-20 02:55:54,920 | INFO     | Building metadata container for section sec_081_r0.841 …
2025-08-20 02:55:54,920 | INFO     | MetadataBin created.
2025-08-20 02:55:54,920 | INFO     | Composing SectionAnalysisResultSet …
2025-08-20 02:55:54,920 | INFO     | SectionAnalysisResultSet successfully built.
2025-08-20 02:55:54,920 | INFO     | Saving results to directory: C:\Users\samea\Desktop\geometry_tools\n_sections\results\analysis\2025-08-20_02-49-41\sec_081_r0.841
2025-08-20 02:55:54,922 | INFO     | Section analysis results successfully saved.
