2025-08-12 00:36:13,297 - INFO - Logger initialized for ConvergenceStudy [Station_2]
2025-08-12 00:36:13,297 - INFO - Starting convergence study over 3 mesh sizes: [40.  10.   2.5]
2025-08-12 00:36:13,298 - INFO - [1/3] Processing mesh size h = 40
2025-08-12 00:36:13,298 - DEBUG - [Station_2_h40] Copying geometry and initiating meshing …
2025-08-12 00:36:13,373 - INFO - [Station_2_h40] Mesh created successfully
2025-08-12 00:36:13,374 - DEBUG - [Station_2_h40] Starting section property calculation …
2025-08-12 00:36:14,867 - DEBUG - [Station_2_h40] Section analysis row returned
2025-08-12 00:36:14,869 - INFO - [Station_2_h40] Section analysis completed successfully.
2025-08-12 00:36:14,869 - INFO - [2/3] Processing mesh size h = 10
2025-08-12 00:36:14,870 - DEBUG - [Station_2_h10] Copying geometry and initiating meshing …
2025-08-12 00:36:14,885 - INFO - [Station_2_h10] Mesh created successfully
2025-08-12 00:36:14,885 - DEBUG - [Station_2_h10] Starting section property calculation …
2025-08-12 00:36:15,787 - DEBUG - [Station_2_h10] Section analysis row returned
2025-08-12 00:36:15,788 - INFO - [Station_2_h10] Section analysis completed successfully.
2025-08-12 00:36:15,788 - INFO - [3/3] Processing mesh size h = 2.5
2025-08-12 00:36:15,789 - DEBUG - [Station_2_h2.5] Copying geometry and initiating meshing …
2025-08-12 00:36:15,802 - INFO - [Station_2_h2.5] Mesh created successfully
2025-08-12 00:36:15,802 - DEBUG - [Station_2_h2.5] Starting section property calculation …
2025-08-12 00:36:16,714 - DEBUG - [Station_2_h2.5] Section analysis row returned
2025-08-12 00:36:16,715 - INFO - [Station_2_h2.5] Section analysis completed successfully.
2025-08-12 00:36:16,716 - INFO - Convergence study completed: 3 successful, 3 attempted
2025-08-12 00:36:16,716 - INFO - Generating convergence visualisation …
2025-08-12 00:36:18,533 - INFO - Convergence visualisation completed.
