2025-08-12 00:36:10,400 | INFO     | Logging initialized for ProcessSectionAnalysis
2025-08-12 00:36:10,400 | INFO     | Station Station_2 [Analysis]: DXF=C:\Users\samea\Desktop\geometry_tools\n_sections\blade\Station_2.dxf, twist=18.7°, centroid=(0.01, -0.01)
2025-08-12 00:36:10,400 | INFO     | Starting raw geometry processing …
2025-08-12 00:36:10,400 | INFO     | Instantiating RawGeometry for DXF: C:\Users\samea\Desktop\geometry_tools\n_sections\blade\Station_2.dxf
2025-08-12 00:36:10,404 | INFO     | RawGeometry created successfully.
2025-08-12 00:36:10,404 | INFO     | Generating raw geometry plot …
2025-08-12 00:36:11,520 | INFO     | Raw geometry visualisation completed and saved.
2025-08-12 00:36:11,520 | INFO     | Processing and visualising aligned geometry …
2025-08-12 00:36:11,520 | INFO     | Instantiating ProcessedGeometry with spline/segment settings …
2025-08-12 00:36:11,522 | INFO     | ProcessedGeometry successfully instantiated.
2025-08-12 00:36:11,522 | INFO     | Extracting and aligning geometry with twist=18.7°, cx=0.01, cy=-0.01
2025-08-12 00:36:12,323 | INFO     | Geometry aligned and transformed successfully.
2025-08-12 00:36:12,323 | INFO     | Generating processed geometry visualisation with trailing edge zoom …
2025-08-12 00:36:13,296 | INFO     | Processed geometry preview saved -> C:\Users\samea\Desktop\geometry_tools\n_sections\results\analysis\2025-08-12_00-36-10\Station_2\processed_Station_2.png
2025-08-12 00:36:13,296 | INFO     | Launching convergence study pipeline …
2025-08-12 00:36:13,296 | INFO     | Starting section convergence study using 3 mesh sizes: [40.  10.   2.5]
2025-08-12 00:36:18,533 | INFO     | ConvergenceStudy instantiated. Running results computation …
2025-08-12 00:36:18,533 | INFO     | Convergence study completed successfully.
2025-08-12 00:36:18,533 | INFO     | Creating convergence visualisation …
2025-08-12 00:36:20,283 | INFO     | Convergence visualisation saved.
2025-08-12 00:36:20,283 | INFO     | Building metadata container for section Station_2 …
2025-08-12 00:36:20,283 | INFO     | MetadataBin created.
2025-08-12 00:36:20,283 | INFO     | Composing SectionAnalysisResultSet …
2025-08-12 00:36:20,283 | INFO     | SectionAnalysisResultSet successfully built.
2025-08-12 00:36:20,283 | INFO     | Saving results to directory: C:\Users\samea\Desktop\geometry_tools\n_sections\results\analysis\2025-08-12_00-36-10\Station_2
2025-08-12 00:36:20,286 | INFO     | Section analysis results successfully saved.
