2025-08-20 02:57:00,885 | INFO     | Logging initialized for ProcessSectionAnalysis
2025-08-20 02:57:00,885 | INFO     | Station sec_096_r0.973 [Analysis]: DXF=C:\Users\samea\Desktop\geometry_tools\n_sections\blade\sec_096_r0.973.dxf, twist=0.6°, origin: CP-proxy @ 33.0% chord
2025-08-20 02:57:00,885 | INFO     | Starting raw geometry processing …
2025-08-20 02:57:00,885 | INFO     | Instantiating RawGeometry for DXF: C:\Users\samea\Desktop\geometry_tools\n_sections\blade\sec_096_r0.973.dxf
2025-08-20 02:57:00,887 | INFO     | RawGeometry created successfully.
2025-08-20 02:57:00,887 | INFO     | Generating raw geometry plot …
2025-08-20 02:57:01,230 | INFO     | Raw geometry visualisation completed and saved.
2025-08-20 02:57:01,230 | INFO     | Processing and visualising aligned geometry …
2025-08-20 02:57:01,230 | INFO     | Instantiating ProcessedGeometry with spline/segment settings …
2025-08-20 02:57:01,232 | INFO     | ProcessedGeometry successfully instantiated.
2025-08-20 02:57:01,232 | INFO     | Extracting (pass-through orientation & origin): twist=0.6°, origin_mode=cop, cop_fraction=0.330, cx=0.00, cy=0.00, resample_exterior=True
2025-08-20 02:57:01,260 | INFO     | Geometry extracted (no twist/origin applied).
2025-08-20 02:57:01,260 | INFO     | Generating processed geometry visualisation with trailing edge zoom …
2025-08-20 02:57:02,504 | INFO     | Processed geometry preview saved -> C:\Users\samea\Desktop\geometry_tools\n_sections\results\analysis\2025-08-20_02-49-41\sec_096_r0.973\processed_sec_096_r0.973.png
2025-08-20 02:57:02,504 | INFO     | Launching convergence study pipeline …
2025-08-20 02:57:02,504 | INFO     | Starting section convergence study using 1 mesh sizes: [40.]
2025-08-20 02:57:05,264 | INFO     | ConvergenceStudy instantiated. Running results computation …
2025-08-20 02:57:05,265 | INFO     | Convergence study completed successfully.
2025-08-20 02:57:05,265 | INFO     | Creating convergence visualisation …
2025-08-20 02:57:05,935 | INFO     | Convergence visualisation saved.
2025-08-20 02:57:05,935 | INFO     | Building metadata container for section sec_096_r0.973 …
2025-08-20 02:57:05,935 | INFO     | MetadataBin created.
2025-08-20 02:57:05,935 | INFO     | Composing SectionAnalysisResultSet …
2025-08-20 02:57:05,935 | INFO     | SectionAnalysisResultSet successfully built.
2025-08-20 02:57:05,935 | INFO     | Saving results to directory: C:\Users\samea\Desktop\geometry_tools\n_sections\results\analysis\2025-08-20_02-49-41\sec_096_r0.973
2025-08-20 02:57:05,938 | INFO     | Section analysis results successfully saved.
