2025-08-22 00:20:15,977 | INFO     | Logging initialized for ProcessSectionAnalysis
2025-08-22 00:20:15,977 | INFO     | Station sec_004_r0.240 [Analysis]: DXF=C:\Users\samea\Desktop\geometry_tools\n_sections\blade\sec_004_r0.240.dxf, twist=19.6°, origin: CP-proxy @ 33.0% chord
2025-08-22 00:20:15,977 | INFO     | Starting raw geometry processing …
2025-08-22 00:20:15,977 | INFO     | Instantiating RawGeometry for DXF: C:\Users\samea\Desktop\geometry_tools\n_sections\blade\sec_004_r0.240.dxf
2025-08-22 00:20:15,977 | INFO     | RawGeometry created successfully.
2025-08-22 00:20:15,977 | INFO     | Generating raw geometry plot …
2025-08-22 00:20:16,406 | INFO     | Raw geometry visualisation completed and saved.
2025-08-22 00:20:16,406 | INFO     | Processing and visualising aligned geometry …
2025-08-22 00:20:16,406 | INFO     | Instantiating ProcessedGeometry with spline/segment settings …
2025-08-22 00:20:16,407 | INFO     | ProcessedGeometry successfully instantiated.
2025-08-22 00:20:16,408 | INFO     | Extracting (pass-through orientation & origin): twist=19.6°, origin_mode=cop, cop_fraction=0.330, cx=0.01, cy=0.01, resample_exterior=True
2025-08-22 00:20:16,418 | INFO     | Geometry extracted (no twist/origin applied).
2025-08-22 00:20:16,418 | INFO     | Generating processed geometry visualisation with trailing edge zoom …
2025-08-22 00:20:17,621 | INFO     | Processed geometry preview saved -> C:\Users\samea\Desktop\geometry_tools\n_sections\results\analysis\2025-08-22_00-19-57\sec_004_r0.240\processed_sec_004_r0.240.png
2025-08-22 00:20:17,621 | INFO     | Launching convergence study pipeline …
2025-08-22 00:20:17,621 | INFO     | Starting section convergence study using 1 mesh sizes: [40.]
2025-08-22 00:20:19,882 | INFO     | ConvergenceStudy instantiated. Running results computation …
2025-08-22 00:20:19,882 | INFO     | Convergence study completed successfully.
2025-08-22 00:20:19,882 | INFO     | Creating convergence visualisation …
2025-08-22 00:20:20,505 | INFO     | Convergence visualisation saved.
2025-08-22 00:20:20,505 | INFO     | Building metadata container for section sec_004_r0.240 …
2025-08-22 00:20:20,505 | INFO     | MetadataBin created.
2025-08-22 00:20:20,505 | INFO     | Composing SectionAnalysisResultSet …
2025-08-22 00:20:20,505 | INFO     | SectionAnalysisResultSet successfully built.
2025-08-22 00:20:20,505 | INFO     | Saving results to directory: C:\Users\samea\Desktop\geometry_tools\n_sections\results\analysis\2025-08-22_00-19-57\sec_004_r0.240
2025-08-22 00:20:20,507 | INFO     | Section analysis results successfully saved.
