2025-08-20 02:55:26,556 | INFO     | Logging initialized for ProcessSectionAnalysis
2025-08-20 02:55:26,556 | INFO     | Station sec_076_r0.797 [Analysis]: DXF=C:\Users\samea\Desktop\geometry_tools\n_sections\blade\sec_076_r0.797.dxf, twist=2.2°, origin: CP-proxy @ 33.0% chord
2025-08-20 02:55:26,556 | INFO     | Starting raw geometry processing …
2025-08-20 02:55:26,556 | INFO     | Instantiating RawGeometry for DXF: C:\Users\samea\Desktop\geometry_tools\n_sections\blade\sec_076_r0.797.dxf
2025-08-20 02:55:26,556 | INFO     | RawGeometry created successfully.
2025-08-20 02:55:26,556 | INFO     | Generating raw geometry plot …
2025-08-20 02:55:26,871 | INFO     | Raw geometry visualisation completed and saved.
2025-08-20 02:55:26,871 | INFO     | Processing and visualising aligned geometry …
2025-08-20 02:55:26,871 | INFO     | Instantiating ProcessedGeometry with spline/segment settings …
2025-08-20 02:55:26,871 | INFO     | ProcessedGeometry successfully instantiated.
2025-08-20 02:55:26,871 | INFO     | Extracting (pass-through orientation & origin): twist=2.2°, origin_mode=cop, cop_fraction=0.330, cx=0.00, cy=0.00, resample_exterior=True
2025-08-20 02:55:26,904 | INFO     | Geometry extracted (no twist/origin applied).
2025-08-20 02:55:26,904 | INFO     | Generating processed geometry visualisation with trailing edge zoom …
2025-08-20 02:55:27,975 | INFO     | Processed geometry preview saved -> C:\Users\samea\Desktop\geometry_tools\n_sections\results\analysis\2025-08-20_02-49-41\sec_076_r0.797\processed_sec_076_r0.797.png
2025-08-20 02:55:27,975 | INFO     | Launching convergence study pipeline …
2025-08-20 02:55:27,975 | INFO     | Starting section convergence study using 1 mesh sizes: [40.]
2025-08-20 02:55:30,427 | INFO     | ConvergenceStudy instantiated. Running results computation …
2025-08-20 02:55:30,427 | INFO     | Convergence study completed successfully.
2025-08-20 02:55:30,427 | INFO     | Creating convergence visualisation …
2025-08-20 02:55:31,244 | INFO     | Convergence visualisation saved.
2025-08-20 02:55:31,244 | INFO     | Building metadata container for section sec_076_r0.797 …
2025-08-20 02:55:31,244 | INFO     | MetadataBin created.
2025-08-20 02:55:31,244 | INFO     | Composing SectionAnalysisResultSet …
2025-08-20 02:55:31,244 | INFO     | SectionAnalysisResultSet successfully built.
2025-08-20 02:55:31,244 | INFO     | Saving results to directory: C:\Users\samea\Desktop\geometry_tools\n_sections\results\analysis\2025-08-20_02-49-41\sec_076_r0.797
2025-08-20 02:55:31,246 | INFO     | Section analysis results successfully saved.
