2025-08-20 02:56:23,052 | INFO     | Logging initialized for ProcessSectionAnalysis
2025-08-20 02:56:23,052 | INFO     | Station sec_088_r0.903 [Analysis]: DXF=C:\Users\samea\Desktop\geometry_tools\n_sections\blade\sec_088_r0.903.dxf, twist=1.2°, origin: CP-proxy @ 33.0% chord
2025-08-20 02:56:23,052 | INFO     | Starting raw geometry processing …
2025-08-20 02:56:23,052 | INFO     | Instantiating RawGeometry for DXF: C:\Users\samea\Desktop\geometry_tools\n_sections\blade\sec_088_r0.903.dxf
2025-08-20 02:56:23,052 | INFO     | RawGeometry created successfully.
2025-08-20 02:56:23,052 | INFO     | Generating raw geometry plot …
2025-08-20 02:56:23,463 | INFO     | Raw geometry visualisation completed and saved.
2025-08-20 02:56:23,463 | INFO     | Processing and visualising aligned geometry …
2025-08-20 02:56:23,463 | INFO     | Instantiating ProcessedGeometry with spline/segment settings …
2025-08-20 02:56:23,467 | INFO     | ProcessedGeometry successfully instantiated.
2025-08-20 02:56:23,467 | INFO     | Extracting (pass-through orientation & origin): twist=1.2°, origin_mode=cop, cop_fraction=0.330, cx=0.00, cy=0.00, resample_exterior=True
2025-08-20 02:56:23,493 | INFO     | Geometry extracted (no twist/origin applied).
2025-08-20 02:56:23,493 | INFO     | Generating processed geometry visualisation with trailing edge zoom …
2025-08-20 02:56:24,883 | INFO     | Processed geometry preview saved -> C:\Users\samea\Desktop\geometry_tools\n_sections\results\analysis\2025-08-20_02-49-41\sec_088_r0.903\processed_sec_088_r0.903.png
2025-08-20 02:56:24,883 | INFO     | Launching convergence study pipeline …
2025-08-20 02:56:24,883 | INFO     | Starting section convergence study using 1 mesh sizes: [40.]
2025-08-20 02:56:27,287 | INFO     | ConvergenceStudy instantiated. Running results computation …
2025-08-20 02:56:27,287 | INFO     | Convergence study completed successfully.
2025-08-20 02:56:27,287 | INFO     | Creating convergence visualisation …
2025-08-20 02:56:27,952 | INFO     | Convergence visualisation saved.
2025-08-20 02:56:27,952 | INFO     | Building metadata container for section sec_088_r0.903 …
2025-08-20 02:56:27,952 | INFO     | MetadataBin created.
2025-08-20 02:56:27,952 | INFO     | Composing SectionAnalysisResultSet …
2025-08-20 02:56:27,952 | INFO     | SectionAnalysisResultSet successfully built.
2025-08-20 02:56:27,952 | INFO     | Saving results to directory: C:\Users\samea\Desktop\geometry_tools\n_sections\results\analysis\2025-08-20_02-49-41\sec_088_r0.903
2025-08-20 02:56:27,952 | INFO     | Section analysis results successfully saved.
