2025-07-21 03:49:42,405 - INFO - [Station_12] Geometry meshed with mesh_sizes=0.5.
2025-07-21 03:49:42,621 - INFO - [Station_12] Actual centroid: (0.0131, 0.0012)
2025-07-21 03:49:42,621 - INFO - [Station_12] Desired centroid: (0.0011, -0.0045)
2025-07-21 03:49:42,621 - INFO - [Station_12] Applying translation dx=-0.0121, dy=-0.0057
2025-07-21 03:49:42,621 - INFO - [Station_12] Section translated.
2025-07-21 03:49:44,276 - INFO - Starting optimisation run: Station_12_s0.941_s0.941_h3.000
2025-07-21 03:49:44,279 - INFO - [Station_12_s0.941_s0.941_h3.000] Meshing with target h = 3 …
2025-07-21 03:49:44,286 - WARNING - [Station_12_s0.941_s0.941_h3.000] 1118 sliver triangles removed
2025-07-21 03:49:44,295 - INFO - [Station_12_s0.941_s0.941_h3.000] mesh ok | nodes=5037 elems=863 | A[min=1.01e-08 max=9.75e-08 mean=3.1e-08 med=3.35e-08] | q[min=0.610 max=1.000 mean=0.902]
2025-07-21 03:49:44,779 - INFO - [Station_12_s0.941_s0.941_h3.000] Mesh plot saved to C:\Users\samea\Desktop\geometry_tools\section_calc_n\results\optimisation\Station_12\s0.941\mesh_Station_12_s0.941_s0.941_h3.000.png
2025-07-21 03:49:44,779 - INFO - [Station_12_s0.941_s0.941_h3.000] Starting geometric analysis...
2025-07-21 03:49:45,532 - INFO - [Station_12_s0.941_s0.941_h3.000] Starting warping analysis (required for J)...
2025-07-21 03:49:46,682 - INFO - [Station_12_s0.941_s0.941_h3.000] Success at h = 3.0000
2025-07-21 03:49:46,682 - INFO - [Station_12_s0.941_s0.941_h3.000] Optimisation result generated (Jt=312.2, Iz=190)
2025-07-21 03:49:48,901 - INFO - [Station_12] Importing DXF: 'C:\Users\samea\Desktop\geometry_tools\section_calc_n\blade\Station_12.dxf'
2025-07-21 03:49:48,909 - INFO - DXF version upgrade to DXF R2000.
2025-07-21 03:49:48,919 - INFO - creating ACAD_COLOR dictionary
2025-07-21 03:49:48,924 - INFO - creating ACAD_PLOTSTYLENAME dictionary
2025-07-21 03:49:48,926 - INFO - creating ACAD_TABLESTYLE dictionary
2025-07-21 03:49:48,929 - INFO - cleanup is depreciated BTW. Use the polygonize function instead
2025-07-21 03:49:49,003 - INFO - Zipped 91 points
2025-07-21 03:49:49,024 - INFO - [Station_12] Geometry meshed with mesh_sizes=0.5.
2025-07-21 03:49:49,248 - INFO - [Station_12] Actual centroid: (0.0131, 0.0012)
2025-07-21 03:49:49,249 - INFO - [Station_12] Desired centroid: (0.0011, -0.0045)
2025-07-21 03:49:49,249 - INFO - [Station_12] Applying translation dx=-0.0121, dy=-0.0057
2025-07-21 03:49:49,249 - INFO - [Station_12] Section translated.
2025-07-21 03:49:51,561 - INFO - Starting optimisation run: Station_12_s0.995_s0.995_h3.000
2025-07-21 03:49:51,564 - INFO - [Station_12_s0.995_s0.995_h3.000] Meshing with target h = 3 …
2025-07-21 03:49:51,789 - WARNING - [Station_12_s0.995_s0.995_h3.000] 9119 sliver triangles removed
2025-07-21 03:49:51,804 - ERROR - [Station_12_s0.995_s0.995_h3.000] mesh failed: zero-size array to reduction operation minimum which has no identity
Traceback (most recent call last):
  File "c:\Users\samea\Desktop\geometry_tools\section_calc_n\geometry_utils\mesh_dxf.py", line 92, in _mesh
    self.min_a, self.max_a = float(tri_area.min()), float(tri_area.max())
                                   ^^^^^^^^^^^^^^
  File "C:\Users\samea\AppData\Local\Programs\Python\Python311\Lib\site-packages\numpy\_core\_methods.py", line 47, in _amin
    return umr_minimum(a, axis, None, out, keepdims, initial, where)
           ^^^^^^^^^^^^^^^^^^^^^^^^^^^^^^^^^^^^^^^^^^^^^^^^^^^^^^^^^
ValueError: zero-size array to reduction operation minimum which has no identity
2025-07-21 03:49:51,821 - ERROR - [Station_12_s0.995_s0.995_h3.000] Mesh missing or invalid — skipping
2025-07-21 03:49:52,065 - INFO - Processing station: Station_14
2025-07-21 03:49:52,300 - INFO - [Station_14] Importing DXF: 'C:\Users\samea\Desktop\geometry_tools\section_calc_n\blade\Station_14.dxf'
2025-07-21 03:49:52,318 - INFO - DXF version upgrade to DXF R2000.
2025-07-21 03:49:52,322 - INFO - creating ACAD_COLOR dictionary
2025-07-21 03:49:52,324 - INFO - creating ACAD_PLOTSTYLENAME dictionary
2025-07-21 03:49:52,326 - INFO - creating ACAD_TABLESTYLE dictionary
2025-07-21 03:49:52,329 - INFO - cleanup is depreciated BTW. Use the polygonize function instead
2025-07-21 03:49:52,448 - INFO - Zipped 73 points
2025-07-21 03:49:52,469 - INFO - [Station_14] Geometry meshed with mesh_sizes=0.5.
2025-07-21 03:49:53,481 - INFO - [Station_14] Actual centroid: (0.0178, 0.0006)
2025-07-21 03:49:53,481 - INFO - [Station_14] Desired centroid: (0.0008, -0.0024)
2025-07-21 03:49:53,481 - INFO - [Station_14] Applying translation dx=-0.0169, dy=-0.0031
2025-07-21 03:49:53,481 - INFO - [Station_14] Section translated.
2025-07-21 03:49:55,674 - INFO - Starting optimisation run: Station_14_s0.600_s0.600_h3.000
2025-07-21 03:49:55,677 - INFO - [Station_14_s0.600_s0.600_h3.000] Meshing with target h = 3 …
2025-07-21 03:49:55,686 - WARNING - [Station_14_s0.600_s0.600_h3.000] 1287 sliver triangles removed
2025-07-21 03:49:55,699 - INFO - [Station_14_s0.600_s0.600_h3.000] mesh ok | nodes=7845 elems=2216 | A[min=1e-08 max=6.79e-07 mean=4.87e-08 med=3.52e-08] | q[min=0.604 max=1.000 mean=0.880]
2025-07-21 03:49:56,379 - INFO - [Station_14_s0.600_s0.600_h3.000] Mesh plot saved to C:\Users\samea\Desktop\geometry_tools\section_calc_n\results\optimisation\Station_14\s0.600\mesh_Station_14_s0.600_s0.600_h3.000.png
2025-07-21 03:49:56,382 - INFO - [Station_14_s0.600_s0.600_h3.000] Starting geometric analysis...
2025-07-21 03:49:57,430 - INFO - [Station_14_s0.600_s0.600_h3.000] Starting warping analysis (required for J)...
2025-07-21 03:49:59,564 - INFO - [Station_14_s0.600_s0.600_h3.000] Success at h = 3.0000
2025-07-21 03:49:59,566 - INFO - [Station_14_s0.600_s0.600_h3.000] Optimisation result generated (Jt=1231, Iz=350.3)
2025-07-21 03:50:01,962 - INFO - [Station_14] Importing DXF: 'C:\Users\samea\Desktop\geometry_tools\section_calc_n\blade\Station_14.dxf'
2025-07-21 03:50:01,985 - INFO - DXF version upgrade to DXF R2000.
2025-07-21 03:50:01,990 - INFO - creating ACAD_COLOR dictionary
2025-07-21 03:50:01,992 - INFO - creating ACAD_PLOTSTYLENAME dictionary
2025-07-21 03:50:01,994 - INFO - creating ACAD_TABLESTYLE dictionary
2025-07-21 03:50:01,998 - INFO - cleanup is depreciated BTW. Use the polygonize function instead
2025-07-21 03:50:02,134 - INFO - Zipped 73 points
2025-07-21 03:50:02,392 - INFO - [Station_14] Geometry meshed with mesh_sizes=0.5.
2025-07-21 03:50:02,605 - INFO - [Station_14] Actual centroid: (0.0178, 0.0006)
2025-07-21 03:50:02,605 - INFO - [Station_14] Desired centroid: (0.0008, -0.0024)
2025-07-21 03:50:02,605 - INFO - [Station_14] Applying translation dx=-0.0169, dy=-0.0031
2025-07-21 03:50:02,614 - INFO - [Station_14] Section translated.
2025-07-21 03:50:04,272 - INFO - Starting optimisation run: Station_14_s0.635_s0.635_h3.000
2025-07-21 03:50:04,272 - INFO - [Station_14_s0.635_s0.635_h3.000] Meshing with target h = 3 …
2025-07-21 03:50:04,293 - WARNING - [Station_14_s0.635_s0.635_h3.000] 1238 sliver triangles removed
2025-07-21 03:50:04,300 - INFO - [Station_14_s0.635_s0.635_h3.000] mesh ok | nodes=7634 elems=2160 | A[min=1e-08 max=4.94e-07 mean=4.65e-08 med=3.47e-08] | q[min=0.605 max=1.000 mean=0.885]
2025-07-21 03:50:04,914 - INFO - [Station_14_s0.635_s0.635_h3.000] Mesh plot saved to C:\Users\samea\Desktop\geometry_tools\section_calc_n\results\optimisation\Station_14\s0.635\mesh_Station_14_s0.635_s0.635_h3.000.png
2025-07-21 03:50:04,914 - INFO - [Station_14_s0.635_s0.635_h3.000] Starting geometric analysis...
2025-07-21 03:50:05,737 - INFO - [Station_14_s0.635_s0.635_h3.000] Starting warping analysis (required for J)...
2025-07-21 03:50:08,035 - INFO - [Station_14_s0.635_s0.635_h3.000] Success at h = 3.0000
2025-07-21 03:50:08,035 - INFO - [Station_14_s0.635_s0.635_h3.000] Optimisation result generated (Jt=1169, Iz=337.2)
2025-07-21 03:50:10,143 - INFO - [Station_14] Importing DXF: 'C:\Users\samea\Desktop\geometry_tools\section_calc_n\blade\Station_14.dxf'
2025-07-21 03:50:10,163 - INFO - DXF version upgrade to DXF R2000.
2025-07-21 03:50:10,168 - INFO - creating ACAD_COLOR dictionary
2025-07-21 03:50:10,170 - INFO - creating ACAD_PLOTSTYLENAME dictionary
2025-07-21 03:50:10,172 - INFO - creating ACAD_TABLESTYLE dictionary
2025-07-21 03:50:10,175 - INFO - cleanup is depreciated BTW. Use the polygonize function instead
2025-07-21 03:50:10,293 - INFO - Zipped 73 points
2025-07-21 03:50:10,316 - INFO - [Station_14] Geometry meshed with mesh_sizes=0.5.
2025-07-21 03:50:10,590 - INFO - [Station_14] Actual centroid: (0.0178, 0.0006)
2025-07-21 03:50:10,590 - INFO - [Station_14] Desired centroid: (0.0008, -0.0024)
2025-07-21 03:50:10,590 - INFO - [Station_14] Applying translation dx=-0.0169, dy=-0.0031
2025-07-21 03:50:10,590 - INFO - [Station_14] Section translated.
2025-07-21 03:50:13,002 - INFO - Starting optimisation run: Station_14_s0.671_s0.671_h3.000
2025-07-21 03:50:13,004 - INFO - [Station_14_s0.671_s0.671_h3.000] Meshing with target h = 3 …
2025-07-21 03:50:13,016 - WARNING - [Station_14_s0.671_s0.671_h3.000] 1187 sliver triangles removed
2025-07-21 03:50:13,016 - INFO - [Station_14_s0.671_s0.671_h3.000] mesh ok | nodes=7317 elems=2052 | A[min=1e-08 max=4.58e-07 mean=4.5e-08 med=3.47e-08] | q[min=0.601 max=1.000 mean=0.883]
2025-07-21 03:50:13,714 - INFO - [Station_14_s0.671_s0.671_h3.000] Mesh plot saved to C:\Users\samea\Desktop\geometry_tools\section_calc_n\results\optimisation\Station_14\s0.671\mesh_Station_14_s0.671_s0.671_h3.000.png
2025-07-21 03:50:13,714 - INFO - [Station_14_s0.671_s0.671_h3.000] Starting geometric analysis...
2025-07-21 03:50:14,556 - INFO - [Station_14_s0.671_s0.671_h3.000] Starting warping analysis (required for J)...
2025-07-21 03:50:16,732 - INFO - [Station_14_s0.671_s0.671_h3.000] Success at h = 3.0000
2025-07-21 03:50:16,734 - INFO - [Station_14_s0.671_s0.671_h3.000] Optimisation result generated (Jt=1096, Iz=320.7)
2025-07-21 03:50:18,974 - INFO - [Station_14] Importing DXF: 'C:\Users\samea\Desktop\geometry_tools\section_calc_n\blade\Station_14.dxf'
2025-07-21 03:50:18,994 - INFO - DXF version upgrade to DXF R2000.
2025-07-21 03:50:18,997 - INFO - creating ACAD_COLOR dictionary
2025-07-21 03:50:19,002 - INFO - creating ACAD_PLOTSTYLENAME dictionary
2025-07-21 03:50:19,004 - INFO - creating ACAD_TABLESTYLE dictionary
2025-07-21 03:50:19,007 - INFO - cleanup is depreciated BTW. Use the polygonize function instead
2025-07-21 03:50:19,108 - INFO - Zipped 73 points
2025-07-21 03:50:19,348 - INFO - [Station_14] Geometry meshed with mesh_sizes=0.5.
2025-07-21 03:50:19,582 - INFO - [Station_14] Actual centroid: (0.0178, 0.0006)
2025-07-21 03:50:19,582 - INFO - [Station_14] Desired centroid: (0.0008, -0.0024)
2025-07-21 03:50:19,582 - INFO - [Station_14] Applying translation dx=-0.0169, dy=-0.0031
2025-07-21 03:50:19,582 - INFO - [Station_14] Section translated.
2025-07-21 03:50:21,452 - INFO - Starting optimisation run: Station_14_s0.710_s0.710_h3.000
2025-07-21 03:50:21,454 - INFO - [Station_14_s0.710_s0.710_h3.000] Meshing with target h = 3 …
2025-07-21 03:50:21,474 - WARNING - [Station_14_s0.710_s0.710_h3.000] 1155 sliver triangles removed
2025-07-21 03:50:21,476 - INFO - [Station_14_s0.710_s0.710_h3.000] mesh ok | nodes=6980 elems=1915 | A[min=1e-08 max=7.06e-07 mean=4.34e-08 med=3.47e-08] | q[min=0.603 max=1.000 mean=0.879]
2025-07-21 03:50:22,064 - INFO - [Station_14_s0.710_s0.710_h3.000] Mesh plot saved to C:\Users\samea\Desktop\geometry_tools\section_calc_n\results\optimisation\Station_14\s0.710\mesh_Station_14_s0.710_s0.710_h3.000.png
2025-07-21 03:50:22,081 - INFO - [Station_14_s0.710_s0.710_h3.000] Starting geometric analysis...
2025-07-21 03:50:22,848 - INFO - [Station_14_s0.710_s0.710_h3.000] Starting warping analysis (required for J)...
2025-07-21 03:50:24,832 - INFO - [Station_14_s0.710_s0.710_h3.000] Success at h = 3.0000
2025-07-21 03:50:24,834 - INFO - [Station_14_s0.710_s0.710_h3.000] Optimisation result generated (Jt=1007, Iz=300.1)
2025-07-21 03:50:27,300 - INFO - [Station_14] Importing DXF: 'C:\Users\samea\Desktop\geometry_tools\section_calc_n\blade\Station_14.dxf'
2025-07-21 03:50:27,319 - INFO - DXF version upgrade to DXF R2000.
2025-07-21 03:50:27,326 - INFO - creating ACAD_COLOR dictionary
2025-07-21 03:50:27,329 - INFO - creating ACAD_PLOTSTYLENAME dictionary
2025-07-21 03:50:27,329 - INFO - creating ACAD_TABLESTYLE dictionary
2025-07-21 03:50:27,329 - INFO - cleanup is depreciated BTW. Use the polygonize function instead
2025-07-21 03:50:27,442 - INFO - Zipped 73 points
2025-07-21 03:50:27,471 - INFO - [Station_14] Geometry meshed with mesh_sizes=0.5.
2025-07-21 03:50:27,727 - INFO - [Station_14] Actual centroid: (0.0178, 0.0006)
2025-07-21 03:50:27,729 - INFO - [Station_14] Desired centroid: (0.0008, -0.0024)
2025-07-21 03:50:27,730 - INFO - [Station_14] Applying translation dx=-0.0169, dy=-0.0031
2025-07-21 03:50:27,735 - INFO - [Station_14] Section translated.
2025-07-21 03:50:29,562 - INFO - Starting optimisation run: Station_14_s0.751_s0.751_h3.000
2025-07-21 03:50:29,564 - INFO - [Station_14_s0.751_s0.751_h3.000] Meshing with target h = 3 …
2025-07-21 03:50:29,702 - WARNING - [Station_14_s0.751_s0.751_h3.000] 1097 sliver triangles removed
2025-07-21 03:50:29,704 - INFO - [Station_14_s0.751_s0.751_h3.000] mesh ok | nodes=6526 elems=1747 | A[min=1e-08 max=3.77e-07 mean=4.17e-08 med=3.44e-08] | q[min=0.607 max=1.000 mean=0.881]
2025-07-21 03:50:30,285 - INFO - [Station_14_s0.751_s0.751_h3.000] Mesh plot saved to C:\Users\samea\Desktop\geometry_tools\section_calc_n\results\optimisation\Station_14\s0.751\mesh_Station_14_s0.751_s0.751_h3.000.png
2025-07-21 03:50:30,285 - INFO - [Station_14_s0.751_s0.751_h3.000] Starting geometric analysis...
2025-07-21 03:50:31,034 - INFO - [Station_14_s0.751_s0.751_h3.000] Starting warping analysis (required for J)...
2025-07-21 03:50:32,863 - INFO - [Station_14_s0.751_s0.751_h3.000] Success at h = 3.0000
2025-07-21 03:50:32,865 - INFO - [Station_14_s0.751_s0.751_h3.000] Optimisation result generated (Jt=900, Iz=274.3)
2025-07-21 03:50:35,114 - INFO - [Station_14] Importing DXF: 'C:\Users\samea\Desktop\geometry_tools\section_calc_n\blade\Station_14.dxf'
2025-07-21 03:50:35,130 - INFO - DXF version upgrade to DXF R2000.
2025-07-21 03:50:35,136 - INFO - creating ACAD_COLOR dictionary
2025-07-21 03:50:35,137 - INFO - creating ACAD_PLOTSTYLENAME dictionary
2025-07-21 03:50:35,139 - INFO - creating ACAD_TABLESTYLE dictionary
2025-07-21 03:50:35,142 - INFO - cleanup is depreciated BTW. Use the polygonize function instead
2025-07-21 03:50:35,326 - INFO - Zipped 73 points
2025-07-21 03:50:35,347 - INFO - [Station_14] Geometry meshed with mesh_sizes=0.5.
2025-07-21 03:50:35,577 - INFO - [Station_14] Actual centroid: (0.0178, 0.0006)
2025-07-21 03:50:35,578 - INFO - [Station_14] Desired centroid: (0.0008, -0.0024)
2025-07-21 03:50:35,580 - INFO - [Station_14] Applying translation dx=-0.0169, dy=-0.0031
2025-07-21 03:50:35,580 - INFO - [Station_14] Section translated.
2025-07-21 03:50:37,228 - INFO - Starting optimisation run: Station_14_s0.795_s0.795_h3.000
2025-07-21 03:50:37,231 - INFO - [Station_14_s0.795_s0.795_h3.000] Meshing with target h = 3 …
2025-07-21 03:50:37,247 - WARNING - [Station_14_s0.795_s0.795_h3.000] 1087 sliver triangles removed
2025-07-21 03:50:37,250 - INFO - [Station_14_s0.795_s0.795_h3.000] mesh ok | nodes=6129 elems=1556 | A[min=1e-08 max=3.3e-07 mean=3.93e-08 med=3.28e-08] | q[min=0.603 max=1.000 mean=0.888]
2025-07-21 03:50:37,929 - INFO - [Station_14_s0.795_s0.795_h3.000] Mesh plot saved to C:\Users\samea\Desktop\geometry_tools\section_calc_n\results\optimisation\Station_14\s0.795\mesh_Station_14_s0.795_s0.795_h3.000.png
2025-07-21 03:50:37,929 - INFO - [Station_14_s0.795_s0.795_h3.000] Starting geometric analysis...
2025-07-21 03:50:38,654 - INFO - [Station_14_s0.795_s0.795_h3.000] Starting warping analysis (required for J)...
2025-07-21 03:50:40,186 - INFO - [Station_14_s0.795_s0.795_h3.000] Success at h = 3.0000
2025-07-21 03:50:40,186 - INFO - [Station_14_s0.795_s0.795_h3.000] Optimisation result generated (Jt=769.9, Iz=242)
2025-07-21 03:50:42,307 - INFO - [Station_14] Importing DXF: 'C:\Users\samea\Desktop\geometry_tools\section_calc_n\blade\Station_14.dxf'
2025-07-21 03:50:42,321 - INFO - DXF version upgrade to DXF R2000.
2025-07-21 03:50:42,321 - INFO - creating ACAD_COLOR dictionary
2025-07-21 03:50:42,321 - INFO - creating ACAD_PLOTSTYLENAME dictionary
2025-07-21 03:50:42,321 - INFO - creating ACAD_TABLESTYLE dictionary
2025-07-21 03:50:42,321 - INFO - cleanup is depreciated BTW. Use the polygonize function instead
2025-07-21 03:50:42,430 - INFO - Zipped 73 points
2025-07-21 03:50:42,460 - INFO - [Station_14] Geometry meshed with mesh_sizes=0.5.
2025-07-21 03:50:42,708 - INFO - [Station_14] Actual centroid: (0.0178, 0.0006)
2025-07-21 03:50:42,709 - INFO - [Station_14] Desired centroid: (0.0008, -0.0024)
2025-07-21 03:50:42,711 - INFO - [Station_14] Applying translation dx=-0.0169, dy=-0.0031
2025-07-21 03:50:42,713 - INFO - [Station_14] Section translated.
2025-07-21 03:50:44,642 - INFO - Starting optimisation run: Station_14_s0.841_s0.841_h3.000
2025-07-21 03:50:44,642 - INFO - [Station_14_s0.841_s0.841_h3.000] Meshing with target h = 3 …
2025-07-21 03:50:44,662 - WARNING - [Station_14_s0.841_s0.841_h3.000] 978 sliver triangles removed
2025-07-21 03:50:44,665 - INFO - [Station_14_s0.841_s0.841_h3.000] mesh ok | nodes=5452 elems=1320 | A[min=1e-08 max=2.8e-07 mean=3.67e-08 med=3.16e-08] | q[min=0.602 max=1.000 mean=0.907]
2025-07-21 03:50:45,251 - INFO - [Station_14_s0.841_s0.841_h3.000] Mesh plot saved to C:\Users\samea\Desktop\geometry_tools\section_calc_n\results\optimisation\Station_14\s0.841\mesh_Station_14_s0.841_s0.841_h3.000.png
2025-07-21 03:50:45,251 - INFO - [Station_14_s0.841_s0.841_h3.000] Starting geometric analysis...
2025-07-21 03:50:45,896 - INFO - [Station_14_s0.841_s0.841_h3.000] Starting warping analysis (required for J)...
2025-07-21 03:50:47,375 - INFO - [Station_14_s0.841_s0.841_h3.000] Success at h = 3.0000
2025-07-21 03:50:47,377 - INFO - [Station_14_s0.841_s0.841_h3.000] Optimisation result generated (Jt=570.7, Iz=201.5)
2025-07-21 03:50:49,489 - INFO - [Station_14] Importing DXF: 'C:\Users\samea\Desktop\geometry_tools\section_calc_n\blade\Station_14.dxf'
2025-07-21 03:50:49,505 - INFO - DXF version upgrade to DXF R2000.
2025-07-21 03:50:49,510 - INFO - creating ACAD_COLOR dictionary
2025-07-21 03:50:49,514 - INFO - creating ACAD_PLOTSTYLENAME dictionary
2025-07-21 03:50:49,517 - INFO - creating ACAD_TABLESTYLE dictionary
2025-07-21 03:50:49,517 - INFO - cleanup is depreciated BTW. Use the polygonize function instead
2025-07-21 03:50:49,642 - INFO - Zipped 73 points
2025-07-21 03:50:49,661 - INFO - [Station_14] Geometry meshed with mesh_sizes=0.5.
2025-07-21 03:50:49,868 - INFO - [Station_14] Actual centroid: (0.0178, 0.0006)
2025-07-21 03:50:49,868 - INFO - [Station_14] Desired centroid: (0.0008, -0.0024)
2025-07-21 03:50:49,868 - INFO - [Station_14] Applying translation dx=-0.0169, dy=-0.0031
2025-07-21 03:50:49,868 - INFO - [Station_14] Section translated.
2025-07-21 03:50:51,860 - INFO - Starting optimisation run: Station_14_s0.889_s0.889_h3.000
2025-07-21 03:50:51,860 - INFO - [Station_14_s0.889_s0.889_h3.000] Meshing with target h = 3 …
2025-07-21 03:50:51,879 - WARNING - [Station_14_s0.889_s0.889_h3.000] 974 sliver triangles removed
2025-07-21 03:50:51,882 - INFO - [Station_14_s0.889_s0.889_h3.000] mesh ok | nodes=4547 elems=841 | A[min=1e-08 max=1.57e-07 mean=4.07e-08 med=4.34e-08] | q[min=0.603 max=1.000 mean=0.887]
2025-07-21 03:50:52,401 - INFO - [Station_14_s0.889_s0.889_h3.000] Mesh plot saved to C:\Users\samea\Desktop\geometry_tools\section_calc_n\results\optimisation\Station_14\s0.889\mesh_Station_14_s0.889_s0.889_h3.000.png
2025-07-21 03:50:52,405 - INFO - [Station_14_s0.889_s0.889_h3.000] Starting geometric analysis...
2025-07-21 03:50:53,074 - INFO - [Station_14_s0.889_s0.889_h3.000] Starting warping analysis (required for J)...
2025-07-21 03:50:54,129 - INFO - [Station_14_s0.889_s0.889_h3.000] Success at h = 3.0000
2025-07-21 03:50:54,148 - INFO - [Station_14_s0.889_s0.889_h3.000] Optimisation result generated (Jt=298.5, Iz=150.9)
2025-07-21 03:50:56,313 - INFO - [Station_14] Importing DXF: 'C:\Users\samea\Desktop\geometry_tools\section_calc_n\blade\Station_14.dxf'
2025-07-21 03:50:56,331 - INFO - DXF version upgrade to DXF R2000.
2025-07-21 03:50:56,338 - INFO - creating ACAD_COLOR dictionary
2025-07-21 03:50:56,340 - INFO - creating ACAD_PLOTSTYLENAME dictionary
2025-07-21 03:50:56,342 - INFO - creating ACAD_TABLESTYLE dictionary
2025-07-21 03:50:56,345 - INFO - cleanup is depreciated BTW. Use the polygonize function instead
2025-07-21 03:50:56,444 - INFO - Zipped 73 points
2025-07-21 03:50:56,475 - INFO - [Station_14] Geometry meshed with mesh_sizes=0.5.
2025-07-21 03:50:56,679 - INFO - [Station_14] Actual centroid: (0.0178, 0.0006)
2025-07-21 03:50:56,679 - INFO - [Station_14] Desired centroid: (0.0008, -0.0024)
2025-07-21 03:50:56,696 - INFO - [Station_14] Applying translation dx=-0.0169, dy=-0.0031
2025-07-21 03:50:56,699 - INFO - [Station_14] Section translated.
2025-07-21 03:50:58,738 - INFO - Starting optimisation run: Station_14_s0.941_s0.941_h3.000
2025-07-21 03:50:58,740 - INFO - [Station_14_s0.941_s0.941_h3.000] Meshing with target h = 3 …
2025-07-21 03:50:58,756 - WARNING - [Station_14_s0.941_s0.941_h3.000] 1009 sliver triangles removed
2025-07-21 03:50:58,757 - INFO - [Station_14_s0.941_s0.941_h3.000] mesh ok | nodes=4242 elems=591 | A[min=1.01e-08 max=1.07e-07 mean=3.15e-08 med=2.7e-08] | q[min=0.750 max=1.000 mean=0.912]
2025-07-21 03:50:59,218 - INFO - [Station_14_s0.941_s0.941_h3.000] Mesh plot saved to C:\Users\samea\Desktop\geometry_tools\section_calc_n\results\optimisation\Station_14\s0.941\mesh_Station_14_s0.941_s0.941_h3.000.png
2025-07-21 03:50:59,221 - INFO - [Station_14_s0.941_s0.941_h3.000] Starting geometric analysis...
2025-07-21 03:50:59,719 - INFO - [Station_14_s0.941_s0.941_h3.000] Starting warping analysis (required for J)...
2025-07-21 03:51:00,646 - INFO - [Station_14_s0.941_s0.941_h3.000] Success at h = 3.0000
2025-07-21 03:51:00,646 - INFO - [Station_14_s0.941_s0.941_h3.000] Optimisation result generated (Jt=162.5, Iz=87.51)
2025-07-21 03:51:03,193 - INFO - [Station_14] Importing DXF: 'C:\Users\samea\Desktop\geometry_tools\section_calc_n\blade\Station_14.dxf'
2025-07-21 03:51:03,215 - INFO - DXF version upgrade to DXF R2000.
2025-07-21 03:51:03,220 - INFO - creating ACAD_COLOR dictionary
2025-07-21 03:51:03,222 - INFO - creating ACAD_PLOTSTYLENAME dictionary
2025-07-21 03:51:03,222 - INFO - creating ACAD_TABLESTYLE dictionary
2025-07-21 03:51:03,222 - INFO - cleanup is depreciated BTW. Use the polygonize function instead
2025-07-21 03:51:03,329 - INFO - Zipped 73 points
2025-07-21 03:51:03,352 - INFO - [Station_14] Geometry meshed with mesh_sizes=0.5.
2025-07-21 03:51:03,573 - INFO - [Station_14] Actual centroid: (0.0178, 0.0006)
2025-07-21 03:51:03,575 - INFO - [Station_14] Desired centroid: (0.0008, -0.0024)
2025-07-21 03:51:03,576 - INFO - [Station_14] Applying translation dx=-0.0169, dy=-0.0031
2025-07-21 03:51:03,580 - INFO - [Station_14] Section translated.
2025-07-21 03:51:05,544 - INFO - Starting optimisation run: Station_14_s0.995_s0.995_h3.000
2025-07-21 03:51:05,550 - INFO - [Station_14_s0.995_s0.995_h3.000] Meshing with target h = 3 …
2025-07-21 03:51:05,724 - WARNING - [Station_14_s0.995_s0.995_h3.000] 7719 sliver triangles removed
2025-07-21 03:51:05,726 - ERROR - [Station_14_s0.995_s0.995_h3.000] mesh failed: zero-size array to reduction operation minimum which has no identity
Traceback (most recent call last):
  File "c:\Users\samea\Desktop\geometry_tools\section_calc_n\geometry_utils\mesh_dxf.py", line 92, in _mesh
    self.min_a, self.max_a = float(tri_area.min()), float(tri_area.max())
                                   ^^^^^^^^^^^^^^
  File "C:\Users\samea\AppData\Local\Programs\Python\Python311\Lib\site-packages\numpy\_core\_methods.py", line 47, in _amin
    return umr_minimum(a, axis, None, out, keepdims, initial, where)
           ^^^^^^^^^^^^^^^^^^^^^^^^^^^^^^^^^^^^^^^^^^^^^^^^^^^^^^^^^
ValueError: zero-size array to reduction operation minimum which has no identity
2025-07-21 03:51:05,730 - ERROR - [Station_14_s0.995_s0.995_h3.000] Mesh missing or invalid — skipping
2025-07-21 03:51:05,987 - INFO - Section optimisation process complete — results in: C:\Users\samea\Desktop\geometry_tools\section_calc_n\results\optimisation
