2025-08-18 17:52:01,652 - INFO - Logger initialized for ConvergenceStudy [Station_12]
2025-08-18 17:52:01,653 - INFO - Starting convergence study over 3 mesh sizes: [40.  10.   2.5]
2025-08-18 17:52:01,655 - INFO - [1/3] Processing mesh size h = 40
2025-08-18 17:52:01,656 - DEBUG - [Station_12_h40] Copying geometry and initiating meshing …
2025-08-18 17:52:01,680 - INFO - [Station_12_h40] Mesh created successfully
2025-08-18 17:52:01,681 - DEBUG - [Station_12_h40] Starting section property calculation …
2025-08-18 17:52:02,423 - DEBUG - [Station_12_h40] Section analysis row returned
2025-08-18 17:52:02,427 - INFO - [Station_12_h40] Section analysis completed successfully.
2025-08-18 17:52:02,430 - INFO - [2/3] Processing mesh size h = 10
2025-08-18 17:52:02,431 - DEBUG - [Station_12_h10] Copying geometry and initiating meshing …
2025-08-18 17:52:02,453 - INFO - [Station_12_h10] Mesh created successfully
2025-08-18 17:52:02,455 - DEBUG - [Station_12_h10] Starting section property calculation …
2025-08-18 17:52:02,989 - DEBUG - [Station_12_h10] Section analysis row returned
2025-08-18 17:52:02,992 - INFO - [Station_12_h10] Section analysis completed successfully.
2025-08-18 17:52:02,994 - INFO - [3/3] Processing mesh size h = 2.5
2025-08-18 17:52:02,996 - DEBUG - [Station_12_h2.5] Copying geometry and initiating meshing …
2025-08-18 17:52:03,017 - INFO - [Station_12_h2.5] Mesh created successfully
2025-08-18 17:52:03,019 - DEBUG - [Station_12_h2.5] Starting section property calculation …
2025-08-18 17:52:03,505 - DEBUG - [Station_12_h2.5] Section analysis row returned
2025-08-18 17:52:03,507 - INFO - [Station_12_h2.5] Section analysis completed successfully.
2025-08-18 17:52:03,509 - INFO - Convergence study completed: 3 successful, 3 attempted
2025-08-18 17:52:03,510 - INFO - Generating convergence visualisation …
2025-08-18 17:52:04,344 - INFO - Convergence visualisation completed.
