2025-08-18 17:52:00,492 | INFO     | Logging initialized for ProcessSectionAnalysis
2025-08-18 17:52:00,494 | INFO     | Station Station_12 [Analysis]: DXF=\\mull.sms.ed.ac.uk\home\s1834431\Win7\Desktop\geometry_tools\n_sections\blade\Station_12.dxf, twist=1.4°, origin: CP-proxy @ 33.0% chord
2025-08-18 17:52:00,494 | INFO     | Starting raw geometry processing …
2025-08-18 17:52:00,495 | INFO     | Instantiating RawGeometry for DXF: \\mull.sms.ed.ac.uk\home\s1834431\Win7\Desktop\geometry_tools\n_sections\blade\Station_12.dxf
2025-08-18 17:52:00,506 | INFO     | RawGeometry created successfully.
2025-08-18 17:52:00,507 | INFO     | Generating raw geometry plot …
2025-08-18 17:52:00,889 | INFO     | Raw geometry visualisation completed and saved.
2025-08-18 17:52:00,893 | INFO     | Processing and visualising aligned geometry …
2025-08-18 17:52:00,894 | INFO     | Instantiating ProcessedGeometry with spline/segment settings …
2025-08-18 17:52:00,901 | INFO     | ProcessedGeometry successfully instantiated.
2025-08-18 17:52:00,902 | INFO     | Extracting + aligning: twist=1.4°, origin_mode=cop, cop_fraction=0.330, cx=0.00, cy=-0.00
2025-08-18 17:52:01,014 | INFO     | Geometry aligned and transformed successfully.
2025-08-18 17:52:01,015 | INFO     | Generating processed geometry visualisation with trailing edge zoom …
2025-08-18 17:52:01,642 | INFO     | Processed geometry preview saved -> \\mull.sms.ed.ac.uk\home\s1834431\Win7\Desktop\geometry_tools\n_sections\results\analysis\2025-08-18_17-51-37\Station_12\processed_Station_12.png
2025-08-18 17:52:01,643 | INFO     | Launching convergence study pipeline …
2025-08-18 17:52:01,643 | INFO     | Starting section convergence study using 3 mesh sizes: [40.  10.   2.5]
2025-08-18 17:52:04,346 | INFO     | ConvergenceStudy instantiated. Running results computation …
2025-08-18 17:52:04,346 | INFO     | Convergence study completed successfully.
2025-08-18 17:52:04,347 | INFO     | Creating convergence visualisation …
2025-08-18 17:52:05,194 | INFO     | Convergence visualisation saved.
2025-08-18 17:52:05,195 | INFO     | Building metadata container for section Station_12 …
2025-08-18 17:52:05,196 | INFO     | MetadataBin created.
2025-08-18 17:52:05,196 | INFO     | Composing SectionAnalysisResultSet …
2025-08-18 17:52:05,197 | INFO     | SectionAnalysisResultSet successfully built.
2025-08-18 17:52:05,198 | INFO     | Saving results to directory: \\mull.sms.ed.ac.uk\home\s1834431\Win7\Desktop\geometry_tools\n_sections\results\analysis\2025-08-18_17-51-37\Station_12
2025-08-18 17:52:05,220 | INFO     | Section analysis results successfully saved.
