2025-08-20 02:30:29,706 - INFO - Logger initialized for ConvergenceStudy [sec_004_r0.160]
2025-08-20 02:30:29,706 - INFO - Starting convergence study over 3 mesh sizes: [40.  10.   2.5]
2025-08-20 02:30:29,706 - INFO - [1/3] Processing mesh size h = 40
2025-08-20 02:30:29,706 - DEBUG - [sec_004_r0.160_h40] Copying geometry and initiating meshing …
2025-08-20 02:30:29,706 - INFO - [sec_004_r0.160_h40] Mesh created successfully
2025-08-20 02:30:29,706 - DEBUG - [sec_004_r0.160_h40] Starting section property calculation …
2025-08-20 02:30:31,087 - DEBUG - [sec_004_r0.160_h40] Section analysis row returned
2025-08-20 02:30:31,090 - INFO - [sec_004_r0.160_h40] Section analysis completed successfully.
2025-08-20 02:30:31,091 - INFO - [2/3] Processing mesh size h = 10
2025-08-20 02:30:31,091 - DEBUG - [sec_004_r0.160_h10] Copying geometry and initiating meshing …
2025-08-20 02:30:31,102 - INFO - [sec_004_r0.160_h10] Mesh created successfully
2025-08-20 02:30:31,103 - DEBUG - [sec_004_r0.160_h10] Starting section property calculation …
2025-08-20 02:30:31,914 - DEBUG - [sec_004_r0.160_h10] Section analysis row returned
2025-08-20 02:30:31,916 - INFO - [sec_004_r0.160_h10] Section analysis completed successfully.
2025-08-20 02:30:31,916 - INFO - [3/3] Processing mesh size h = 2.5
2025-08-20 02:30:31,917 - DEBUG - [sec_004_r0.160_h2.5] Copying geometry and initiating meshing …
2025-08-20 02:30:31,926 - INFO - [sec_004_r0.160_h2.5] Mesh created successfully
2025-08-20 02:30:31,926 - DEBUG - [sec_004_r0.160_h2.5] Starting section property calculation …
2025-08-20 02:30:32,755 - DEBUG - [sec_004_r0.160_h2.5] Section analysis row returned
2025-08-20 02:30:32,770 - INFO - [sec_004_r0.160_h2.5] Section analysis completed successfully.
2025-08-20 02:30:32,770 - INFO - Convergence study completed: 3 successful, 3 attempted
2025-08-20 02:30:32,770 - INFO - Generating convergence visualisation …
2025-08-20 02:30:34,604 - INFO - Convergence visualisation completed.
