2025-08-20 02:30:28,204 | INFO     | Logging initialized for ProcessSectionAnalysis
2025-08-20 02:30:28,207 | INFO     | Station sec_004_r0.160 [Analysis]: DXF=C:\Users\samea\Desktop\geometry_tools\n_sections\blade\sec_004_r0.160.dxf, twist=29.8°, origin: CP-proxy @ 33.0% chord
2025-08-20 02:30:28,207 | INFO     | Starting raw geometry processing …
2025-08-20 02:30:28,207 | INFO     | Instantiating RawGeometry for DXF: C:\Users\samea\Desktop\geometry_tools\n_sections\blade\sec_004_r0.160.dxf
2025-08-20 02:30:28,208 | INFO     | RawGeometry created successfully.
2025-08-20 02:30:28,208 | INFO     | Generating raw geometry plot …
2025-08-20 02:30:28,577 | INFO     | Raw geometry visualisation completed and saved.
2025-08-20 02:30:28,577 | INFO     | Processing and visualising aligned geometry …
2025-08-20 02:30:28,577 | INFO     | Instantiating ProcessedGeometry with spline/segment settings …
2025-08-20 02:30:28,577 | INFO     | ProcessedGeometry successfully instantiated.
2025-08-20 02:30:28,577 | INFO     | Extracting + aligning: twist=29.8°, origin_mode=cop, cop_fraction=0.330, cx=0.01, cy=0.01
2025-08-20 02:30:28,623 | INFO     | Geometry aligned and transformed successfully.
2025-08-20 02:30:28,623 | INFO     | Generating processed geometry visualisation with trailing edge zoom …
2025-08-20 02:30:29,706 | INFO     | Processed geometry preview saved -> C:\Users\samea\Desktop\geometry_tools\n_sections\results\analysis\2025-08-20_02-29-55\sec_004_r0.160\processed_sec_004_r0.160.png
2025-08-20 02:30:29,706 | INFO     | Launching convergence study pipeline …
2025-08-20 02:30:29,706 | INFO     | Starting section convergence study using 3 mesh sizes: [40.  10.   2.5]
2025-08-20 02:30:34,604 | INFO     | ConvergenceStudy instantiated. Running results computation …
2025-08-20 02:30:34,604 | INFO     | Convergence study completed successfully.
2025-08-20 02:30:34,604 | INFO     | Creating convergence visualisation …
2025-08-20 02:30:36,273 | INFO     | Convergence visualisation saved.
2025-08-20 02:30:36,273 | INFO     | Building metadata container for section sec_004_r0.160 …
2025-08-20 02:30:36,273 | INFO     | MetadataBin created.
2025-08-20 02:30:36,273 | INFO     | Composing SectionAnalysisResultSet …
2025-08-20 02:30:36,273 | INFO     | SectionAnalysisResultSet successfully built.
2025-08-20 02:30:36,273 | INFO     | Saving results to directory: C:\Users\samea\Desktop\geometry_tools\n_sections\results\analysis\2025-08-20_02-29-55\sec_004_r0.160
2025-08-20 02:30:36,273 | INFO     | Section analysis results successfully saved.
