2025-08-20 02:56:37,150 | INFO     | Logging initialized for ProcessSectionAnalysis
2025-08-20 02:56:37,150 | INFO     | Station sec_091_r0.929 [Analysis]: DXF=C:\Users\samea\Desktop\geometry_tools\n_sections\blade\sec_091_r0.929.dxf, twist=1.0°, origin: CP-proxy @ 33.0% chord
2025-08-20 02:56:37,150 | INFO     | Starting raw geometry processing …
2025-08-20 02:56:37,150 | INFO     | Instantiating RawGeometry for DXF: C:\Users\samea\Desktop\geometry_tools\n_sections\blade\sec_091_r0.929.dxf
2025-08-20 02:56:37,150 | INFO     | RawGeometry created successfully.
2025-08-20 02:56:37,150 | INFO     | Generating raw geometry plot …
2025-08-20 02:56:37,500 | INFO     | Raw geometry visualisation completed and saved.
2025-08-20 02:56:37,500 | INFO     | Processing and visualising aligned geometry …
2025-08-20 02:56:37,500 | INFO     | Instantiating ProcessedGeometry with spline/segment settings …
2025-08-20 02:56:37,502 | INFO     | ProcessedGeometry successfully instantiated.
2025-08-20 02:56:37,502 | INFO     | Extracting (pass-through orientation & origin): twist=1.0°, origin_mode=cop, cop_fraction=0.330, cx=0.00, cy=0.00, resample_exterior=True
2025-08-20 02:56:37,518 | INFO     | Geometry extracted (no twist/origin applied).
2025-08-20 02:56:37,518 | INFO     | Generating processed geometry visualisation with trailing edge zoom …
2025-08-20 02:56:38,641 | INFO     | Processed geometry preview saved -> C:\Users\samea\Desktop\geometry_tools\n_sections\results\analysis\2025-08-20_02-49-41\sec_091_r0.929\processed_sec_091_r0.929.png
2025-08-20 02:56:38,641 | INFO     | Launching convergence study pipeline …
2025-08-20 02:56:38,641 | INFO     | Starting section convergence study using 1 mesh sizes: [40.]
2025-08-20 02:56:41,058 | INFO     | ConvergenceStudy instantiated. Running results computation …
2025-08-20 02:56:41,058 | INFO     | Convergence study completed successfully.
2025-08-20 02:56:41,058 | INFO     | Creating convergence visualisation …
2025-08-20 02:56:41,761 | INFO     | Convergence visualisation saved.
2025-08-20 02:56:41,761 | INFO     | Building metadata container for section sec_091_r0.929 …
2025-08-20 02:56:41,761 | INFO     | MetadataBin created.
2025-08-20 02:56:41,761 | INFO     | Composing SectionAnalysisResultSet …
2025-08-20 02:56:41,761 | INFO     | SectionAnalysisResultSet successfully built.
2025-08-20 02:56:41,761 | INFO     | Saving results to directory: C:\Users\samea\Desktop\geometry_tools\n_sections\results\analysis\2025-08-20_02-49-41\sec_091_r0.929
2025-08-20 02:56:41,763 | INFO     | Section analysis results successfully saved.
