2025-08-20 02:51:12,604 | INFO     | Logging initialized for ProcessSectionAnalysis
2025-08-20 02:51:12,604 | INFO     | Station sec_020_r0.302 [Analysis]: DXF=C:\Users\samea\Desktop\geometry_tools\n_sections\blade\sec_020_r0.302.dxf, twist=14.6°, origin: CP-proxy @ 33.0% chord
2025-08-20 02:51:12,604 | INFO     | Starting raw geometry processing …
2025-08-20 02:51:12,604 | INFO     | Instantiating RawGeometry for DXF: C:\Users\samea\Desktop\geometry_tools\n_sections\blade\sec_020_r0.302.dxf
2025-08-20 02:51:12,604 | INFO     | RawGeometry created successfully.
2025-08-20 02:51:12,604 | INFO     | Generating raw geometry plot …
2025-08-20 02:51:12,931 | INFO     | Raw geometry visualisation completed and saved.
2025-08-20 02:51:12,931 | INFO     | Processing and visualising aligned geometry …
2025-08-20 02:51:12,931 | INFO     | Instantiating ProcessedGeometry with spline/segment settings …
2025-08-20 02:51:12,932 | INFO     | ProcessedGeometry successfully instantiated.
2025-08-20 02:51:12,932 | INFO     | Extracting (pass-through orientation & origin): twist=14.6°, origin_mode=cop, cop_fraction=0.330, cx=0.01, cy=0.00, resample_exterior=True
2025-08-20 02:51:12,960 | INFO     | Geometry extracted (no twist/origin applied).
2025-08-20 02:51:12,960 | INFO     | Generating processed geometry visualisation with trailing edge zoom …
2025-08-20 02:51:14,039 | INFO     | Processed geometry preview saved -> C:\Users\samea\Desktop\geometry_tools\n_sections\results\analysis\2025-08-20_02-49-41\sec_020_r0.302\processed_sec_020_r0.302.png
2025-08-20 02:51:14,039 | INFO     | Launching convergence study pipeline …
2025-08-20 02:51:14,039 | INFO     | Starting section convergence study using 1 mesh sizes: [40.]
2025-08-20 02:51:16,478 | INFO     | ConvergenceStudy instantiated. Running results computation …
2025-08-20 02:51:16,478 | INFO     | Convergence study completed successfully.
2025-08-20 02:51:16,478 | INFO     | Creating convergence visualisation …
2025-08-20 02:51:17,216 | INFO     | Convergence visualisation saved.
2025-08-20 02:51:17,216 | INFO     | Building metadata container for section sec_020_r0.302 …
2025-08-20 02:51:17,216 | INFO     | MetadataBin created.
2025-08-20 02:51:17,217 | INFO     | Composing SectionAnalysisResultSet …
2025-08-20 02:51:17,217 | INFO     | SectionAnalysisResultSet successfully built.
2025-08-20 02:51:17,217 | INFO     | Saving results to directory: C:\Users\samea\Desktop\geometry_tools\n_sections\results\analysis\2025-08-20_02-49-41\sec_020_r0.302
2025-08-20 02:51:17,219 | INFO     | Section analysis results successfully saved.
