2025-08-20 02:54:28,839 | INFO     | Logging initialized for ProcessSectionAnalysis
2025-08-20 02:54:28,839 | INFO     | Station sec_063_r0.682 [Analysis]: DXF=C:\Users\samea\Desktop\geometry_tools\n_sections\blade\sec_063_r0.682.dxf, twist=3.6°, origin: CP-proxy @ 33.0% chord
2025-08-20 02:54:28,839 | INFO     | Starting raw geometry processing …
2025-08-20 02:54:28,839 | INFO     | Instantiating RawGeometry for DXF: C:\Users\samea\Desktop\geometry_tools\n_sections\blade\sec_063_r0.682.dxf
2025-08-20 02:54:28,841 | INFO     | RawGeometry created successfully.
2025-08-20 02:54:28,841 | INFO     | Generating raw geometry plot …
2025-08-20 02:54:29,184 | INFO     | Raw geometry visualisation completed and saved.
2025-08-20 02:54:29,184 | INFO     | Processing and visualising aligned geometry …
2025-08-20 02:54:29,184 | INFO     | Instantiating ProcessedGeometry with spline/segment settings …
2025-08-20 02:54:29,185 | INFO     | ProcessedGeometry successfully instantiated.
2025-08-20 02:54:29,185 | INFO     | Extracting (pass-through orientation & origin): twist=3.6°, origin_mode=cop, cop_fraction=0.330, cx=0.01, cy=0.00, resample_exterior=True
2025-08-20 02:54:29,212 | INFO     | Geometry extracted (no twist/origin applied).
2025-08-20 02:54:29,212 | INFO     | Generating processed geometry visualisation with trailing edge zoom …
2025-08-20 02:54:30,369 | INFO     | Processed geometry preview saved -> C:\Users\samea\Desktop\geometry_tools\n_sections\results\analysis\2025-08-20_02-49-41\sec_063_r0.682\processed_sec_063_r0.682.png
2025-08-20 02:54:30,369 | INFO     | Launching convergence study pipeline …
2025-08-20 02:54:30,369 | INFO     | Starting section convergence study using 1 mesh sizes: [40.]
2025-08-20 02:54:32,820 | INFO     | ConvergenceStudy instantiated. Running results computation …
2025-08-20 02:54:32,820 | INFO     | Convergence study completed successfully.
2025-08-20 02:54:32,820 | INFO     | Creating convergence visualisation …
2025-08-20 02:54:33,625 | INFO     | Convergence visualisation saved.
2025-08-20 02:54:33,625 | INFO     | Building metadata container for section sec_063_r0.682 …
2025-08-20 02:54:33,625 | INFO     | MetadataBin created.
2025-08-20 02:54:33,625 | INFO     | Composing SectionAnalysisResultSet …
2025-08-20 02:54:33,625 | INFO     | SectionAnalysisResultSet successfully built.
2025-08-20 02:54:33,625 | INFO     | Saving results to directory: C:\Users\samea\Desktop\geometry_tools\n_sections\results\analysis\2025-08-20_02-49-41\sec_063_r0.682
2025-08-20 02:54:33,627 | INFO     | Section analysis results successfully saved.
