2025-08-20 02:57:15,231 | INFO     | Logging initialized for ProcessSectionAnalysis
2025-08-20 02:57:15,231 | INFO     | Station sec_099_r1.000 [Analysis]: DXF=C:\Users\samea\Desktop\geometry_tools\n_sections\blade\sec_099_r1.000.dxf, twist=0.3°, origin: CP-proxy @ 33.0% chord
2025-08-20 02:57:15,231 | INFO     | Starting raw geometry processing …
2025-08-20 02:57:15,231 | INFO     | Instantiating RawGeometry for DXF: C:\Users\samea\Desktop\geometry_tools\n_sections\blade\sec_099_r1.000.dxf
2025-08-20 02:57:15,233 | INFO     | RawGeometry created successfully.
2025-08-20 02:57:15,233 | INFO     | Generating raw geometry plot …
2025-08-20 02:57:15,562 | INFO     | Raw geometry visualisation completed and saved.
2025-08-20 02:57:15,563 | INFO     | Processing and visualising aligned geometry …
2025-08-20 02:57:15,563 | INFO     | Instantiating ProcessedGeometry with spline/segment settings …
2025-08-20 02:57:15,565 | INFO     | ProcessedGeometry successfully instantiated.
2025-08-20 02:57:15,565 | INFO     | Extracting (pass-through orientation & origin): twist=0.3°, origin_mode=cop, cop_fraction=0.330, cx=0.00, cy=0.00, resample_exterior=True
2025-08-20 02:57:15,587 | INFO     | Geometry extracted (no twist/origin applied).
2025-08-20 02:57:15,587 | INFO     | Generating processed geometry visualisation with trailing edge zoom …
2025-08-20 02:57:16,799 | INFO     | Processed geometry preview saved -> C:\Users\samea\Desktop\geometry_tools\n_sections\results\analysis\2025-08-20_02-49-41\sec_099_r1.000\processed_sec_099_r1.000.png
2025-08-20 02:57:16,799 | INFO     | Launching convergence study pipeline …
2025-08-20 02:57:16,799 | INFO     | Starting section convergence study using 1 mesh sizes: [40.]
2025-08-20 02:57:19,002 | INFO     | ConvergenceStudy instantiated. Running results computation …
2025-08-20 02:57:19,002 | INFO     | Convergence study completed successfully.
2025-08-20 02:57:19,002 | INFO     | Creating convergence visualisation …
2025-08-20 02:57:19,647 | INFO     | Convergence visualisation saved.
2025-08-20 02:57:19,647 | INFO     | Building metadata container for section sec_099_r1.000 …
2025-08-20 02:57:19,647 | INFO     | MetadataBin created.
2025-08-20 02:57:19,647 | INFO     | Composing SectionAnalysisResultSet …
2025-08-20 02:57:19,647 | INFO     | SectionAnalysisResultSet successfully built.
2025-08-20 02:57:19,647 | INFO     | Saving results to directory: C:\Users\samea\Desktop\geometry_tools\n_sections\results\analysis\2025-08-20_02-49-41\sec_099_r1.000
2025-08-20 02:57:19,647 | INFO     | Section analysis results successfully saved.
