2025-08-18 17:51:42,991 - INFO - Logger initialized for ConvergenceStudy [Station_4]
2025-08-18 17:51:42,993 - INFO - Starting convergence study over 3 mesh sizes: [40.  10.   2.5]
2025-08-18 17:51:42,994 - INFO - [1/3] Processing mesh size h = 40
2025-08-18 17:51:42,996 - DEBUG - [Station_4_h40] Copying geometry and initiating meshing …
2025-08-18 17:51:43,018 - INFO - [Station_4_h40] Mesh created successfully
2025-08-18 17:51:43,020 - DEBUG - [Station_4_h40] Starting section property calculation …
2025-08-18 17:51:43,752 - DEBUG - [Station_4_h40] Section analysis row returned
2025-08-18 17:51:43,754 - INFO - [Station_4_h40] Section analysis completed successfully.
2025-08-18 17:51:43,755 - INFO - [2/3] Processing mesh size h = 10
2025-08-18 17:51:43,758 - DEBUG - [Station_4_h10] Copying geometry and initiating meshing …
2025-08-18 17:51:43,778 - INFO - [Station_4_h10] Mesh created successfully
2025-08-18 17:51:43,779 - DEBUG - [Station_4_h10] Starting section property calculation …
2025-08-18 17:51:44,253 - DEBUG - [Station_4_h10] Section analysis row returned
2025-08-18 17:51:44,255 - INFO - [Station_4_h10] Section analysis completed successfully.
2025-08-18 17:51:44,257 - INFO - [3/3] Processing mesh size h = 2.5
2025-08-18 17:51:44,259 - DEBUG - [Station_4_h2.5] Copying geometry and initiating meshing …
2025-08-18 17:51:44,279 - INFO - [Station_4_h2.5] Mesh created successfully
2025-08-18 17:51:44,281 - DEBUG - [Station_4_h2.5] Starting section property calculation …
2025-08-18 17:51:44,746 - DEBUG - [Station_4_h2.5] Section analysis row returned
2025-08-18 17:51:44,749 - INFO - [Station_4_h2.5] Section analysis completed successfully.
2025-08-18 17:51:44,750 - INFO - Convergence study completed: 3 successful, 3 attempted
2025-08-18 17:51:44,752 - INFO - Generating convergence visualisation …
2025-08-18 17:51:45,565 - INFO - Convergence visualisation completed.
