2025-08-18 17:51:41,858 | INFO     | Logging initialized for ProcessSectionAnalysis
2025-08-18 17:51:41,858 | INFO     | Station Station_4 [Analysis]: DXF=\\mull.sms.ed.ac.uk\home\s1834431\Win7\Desktop\geometry_tools\n_sections\blade\Station_4.dxf, twist=10.9°, origin: CP-proxy @ 33.0% chord
2025-08-18 17:51:41,859 | INFO     | Starting raw geometry processing …
2025-08-18 17:51:41,860 | INFO     | Instantiating RawGeometry for DXF: \\mull.sms.ed.ac.uk\home\s1834431\Win7\Desktop\geometry_tools\n_sections\blade\Station_4.dxf
2025-08-18 17:51:41,871 | INFO     | RawGeometry created successfully.
2025-08-18 17:51:41,872 | INFO     | Generating raw geometry plot …
2025-08-18 17:51:42,258 | INFO     | Raw geometry visualisation completed and saved.
2025-08-18 17:51:42,260 | INFO     | Processing and visualising aligned geometry …
2025-08-18 17:51:42,261 | INFO     | Instantiating ProcessedGeometry with spline/segment settings …
2025-08-18 17:51:42,268 | INFO     | ProcessedGeometry successfully instantiated.
2025-08-18 17:51:42,269 | INFO     | Extracting + aligning: twist=10.9°, origin_mode=cop, cop_fraction=0.330, cx=0.00, cy=-0.01
2025-08-18 17:51:42,403 | INFO     | Geometry aligned and transformed successfully.
2025-08-18 17:51:42,403 | INFO     | Generating processed geometry visualisation with trailing edge zoom …
2025-08-18 17:51:42,980 | INFO     | Processed geometry preview saved -> \\mull.sms.ed.ac.uk\home\s1834431\Win7\Desktop\geometry_tools\n_sections\results\analysis\2025-08-18_17-51-37\Station_4\processed_Station_4.png
2025-08-18 17:51:42,980 | INFO     | Launching convergence study pipeline …
2025-08-18 17:51:42,981 | INFO     | Starting section convergence study using 3 mesh sizes: [40.  10.   2.5]
2025-08-18 17:51:45,567 | INFO     | ConvergenceStudy instantiated. Running results computation …
2025-08-18 17:51:45,568 | INFO     | Convergence study completed successfully.
2025-08-18 17:51:45,568 | INFO     | Creating convergence visualisation …
2025-08-18 17:51:46,402 | INFO     | Convergence visualisation saved.
2025-08-18 17:51:46,403 | INFO     | Building metadata container for section Station_4 …
2025-08-18 17:51:46,403 | INFO     | MetadataBin created.
2025-08-18 17:51:46,404 | INFO     | Composing SectionAnalysisResultSet …
2025-08-18 17:51:46,404 | INFO     | SectionAnalysisResultSet successfully built.
2025-08-18 17:51:46,404 | INFO     | Saving results to directory: \\mull.sms.ed.ac.uk\home\s1834431\Win7\Desktop\geometry_tools\n_sections\results\analysis\2025-08-18_17-51-37\Station_4
2025-08-18 17:51:46,430 | INFO     | Section analysis results successfully saved.
