2025-08-20 02:54:42,771 | INFO     | Logging initialized for ProcessSectionAnalysis
2025-08-20 02:54:42,771 | INFO     | Station sec_066_r0.708 [Analysis]: DXF=C:\Users\samea\Desktop\geometry_tools\n_sections\blade\sec_066_r0.708.dxf, twist=3.2°, origin: CP-proxy @ 33.0% chord
2025-08-20 02:54:42,771 | INFO     | Starting raw geometry processing …
2025-08-20 02:54:42,771 | INFO     | Instantiating RawGeometry for DXF: C:\Users\samea\Desktop\geometry_tools\n_sections\blade\sec_066_r0.708.dxf
2025-08-20 02:54:42,773 | INFO     | RawGeometry created successfully.
2025-08-20 02:54:42,773 | INFO     | Generating raw geometry plot …
2025-08-20 02:54:43,121 | INFO     | Raw geometry visualisation completed and saved.
2025-08-20 02:54:43,122 | INFO     | Processing and visualising aligned geometry …
2025-08-20 02:54:43,122 | INFO     | Instantiating ProcessedGeometry with spline/segment settings …
2025-08-20 02:54:43,123 | INFO     | ProcessedGeometry successfully instantiated.
2025-08-20 02:54:43,123 | INFO     | Extracting (pass-through orientation & origin): twist=3.2°, origin_mode=cop, cop_fraction=0.330, cx=0.00, cy=0.00, resample_exterior=True
2025-08-20 02:54:43,150 | INFO     | Geometry extracted (no twist/origin applied).
2025-08-20 02:54:43,150 | INFO     | Generating processed geometry visualisation with trailing edge zoom …
2025-08-20 02:54:44,428 | INFO     | Processed geometry preview saved -> C:\Users\samea\Desktop\geometry_tools\n_sections\results\analysis\2025-08-20_02-49-41\sec_066_r0.708\processed_sec_066_r0.708.png
2025-08-20 02:54:44,428 | INFO     | Launching convergence study pipeline …
2025-08-20 02:54:44,429 | INFO     | Starting section convergence study using 1 mesh sizes: [40.]
2025-08-20 02:54:46,662 | INFO     | ConvergenceStudy instantiated. Running results computation …
2025-08-20 02:54:46,662 | INFO     | Convergence study completed successfully.
2025-08-20 02:54:46,662 | INFO     | Creating convergence visualisation …
2025-08-20 02:54:47,336 | INFO     | Convergence visualisation saved.
2025-08-20 02:54:47,336 | INFO     | Building metadata container for section sec_066_r0.708 …
2025-08-20 02:54:47,336 | INFO     | MetadataBin created.
2025-08-20 02:54:47,336 | INFO     | Composing SectionAnalysisResultSet …
2025-08-20 02:54:47,336 | INFO     | SectionAnalysisResultSet successfully built.
2025-08-20 02:54:47,336 | INFO     | Saving results to directory: C:\Users\samea\Desktop\geometry_tools\n_sections\results\analysis\2025-08-20_02-49-41\sec_066_r0.708
2025-08-20 02:54:47,336 | INFO     | Section analysis results successfully saved.
