2025-08-22 00:20:20,507 | INFO     | Logging initialized for ProcessSectionAnalysis
2025-08-22 00:20:20,507 | INFO     | Station sec_005_r0.326 [Analysis]: DXF=C:\Users\samea\Desktop\geometry_tools\n_sections\blade\sec_005_r0.326.dxf, twist=13.2°, origin: CP-proxy @ 33.0% chord
2025-08-22 00:20:20,507 | INFO     | Starting raw geometry processing …
2025-08-22 00:20:20,507 | INFO     | Instantiating RawGeometry for DXF: C:\Users\samea\Desktop\geometry_tools\n_sections\blade\sec_005_r0.326.dxf
2025-08-22 00:20:20,507 | INFO     | RawGeometry created successfully.
2025-08-22 00:20:20,507 | INFO     | Generating raw geometry plot …
2025-08-22 00:20:20,894 | INFO     | Raw geometry visualisation completed and saved.
2025-08-22 00:20:20,894 | INFO     | Processing and visualising aligned geometry …
2025-08-22 00:20:20,894 | INFO     | Instantiating ProcessedGeometry with spline/segment settings …
2025-08-22 00:20:20,894 | INFO     | ProcessedGeometry successfully instantiated.
2025-08-22 00:20:20,894 | INFO     | Extracting (pass-through orientation & origin): twist=13.2°, origin_mode=cop, cop_fraction=0.330, cx=0.01, cy=0.00, resample_exterior=True
2025-08-22 00:20:20,916 | INFO     | Geometry extracted (no twist/origin applied).
2025-08-22 00:20:20,916 | INFO     | Generating processed geometry visualisation with trailing edge zoom …
2025-08-22 00:20:21,957 | INFO     | Processed geometry preview saved -> C:\Users\samea\Desktop\geometry_tools\n_sections\results\analysis\2025-08-22_00-19-57\sec_005_r0.326\processed_sec_005_r0.326.png
2025-08-22 00:20:21,957 | INFO     | Launching convergence study pipeline …
2025-08-22 00:20:21,957 | INFO     | Starting section convergence study using 1 mesh sizes: [40.]
2025-08-22 00:20:24,243 | INFO     | ConvergenceStudy instantiated. Running results computation …
2025-08-22 00:20:24,243 | INFO     | Convergence study completed successfully.
2025-08-22 00:20:24,243 | INFO     | Creating convergence visualisation …
2025-08-22 00:20:24,874 | INFO     | Convergence visualisation saved.
2025-08-22 00:20:24,874 | INFO     | Building metadata container for section sec_005_r0.326 …
2025-08-22 00:20:24,874 | INFO     | MetadataBin created.
2025-08-22 00:20:24,874 | INFO     | Composing SectionAnalysisResultSet …
2025-08-22 00:20:24,874 | INFO     | SectionAnalysisResultSet successfully built.
2025-08-22 00:20:24,874 | INFO     | Saving results to directory: C:\Users\samea\Desktop\geometry_tools\n_sections\results\analysis\2025-08-22_00-19-57\sec_005_r0.326
2025-08-22 00:20:24,874 | INFO     | Section analysis results successfully saved.
