2025-08-20 02:32:25,759 - INFO - Logger initialized for ConvergenceStudy [sec_018_r0.284]
2025-08-20 02:32:25,759 - INFO - Starting convergence study over 3 mesh sizes: [40.  10.   2.5]
2025-08-20 02:32:25,759 - INFO - [1/3] Processing mesh size h = 40
2025-08-20 02:32:25,760 - DEBUG - [sec_018_r0.284_h40] Copying geometry and initiating meshing …
2025-08-20 02:32:25,772 - INFO - [sec_018_r0.284_h40] Mesh created successfully
2025-08-20 02:32:25,772 - DEBUG - [sec_018_r0.284_h40] Starting section property calculation …
2025-08-20 02:32:27,052 - DEBUG - [sec_018_r0.284_h40] Section analysis row returned
2025-08-20 02:32:27,063 - INFO - [sec_018_r0.284_h40] Section analysis completed successfully.
2025-08-20 02:32:27,064 - INFO - [2/3] Processing mesh size h = 10
2025-08-20 02:32:27,064 - DEBUG - [sec_018_r0.284_h10] Copying geometry and initiating meshing …
2025-08-20 02:32:27,074 - INFO - [sec_018_r0.284_h10] Mesh created successfully
2025-08-20 02:32:27,074 - DEBUG - [sec_018_r0.284_h10] Starting section property calculation …
2025-08-20 02:32:27,928 - DEBUG - [sec_018_r0.284_h10] Section analysis row returned
2025-08-20 02:32:27,930 - INFO - [sec_018_r0.284_h10] Section analysis completed successfully.
2025-08-20 02:32:27,930 - INFO - [3/3] Processing mesh size h = 2.5
2025-08-20 02:32:27,930 - DEBUG - [sec_018_r0.284_h2.5] Copying geometry and initiating meshing …
2025-08-20 02:32:27,941 - INFO - [sec_018_r0.284_h2.5] Mesh created successfully
2025-08-20 02:32:27,941 - DEBUG - [sec_018_r0.284_h2.5] Starting section property calculation …
2025-08-20 02:32:28,705 - DEBUG - [sec_018_r0.284_h2.5] Section analysis row returned
2025-08-20 02:32:28,707 - INFO - [sec_018_r0.284_h2.5] Section analysis completed successfully.
2025-08-20 02:32:28,707 - INFO - Convergence study completed: 3 successful, 3 attempted
2025-08-20 02:32:28,708 - INFO - Generating convergence visualisation …
2025-08-20 02:32:30,267 - INFO - Convergence visualisation completed.
