2025-08-20 02:32:24,322 | INFO     | Logging initialized for ProcessSectionAnalysis
2025-08-20 02:32:24,322 | INFO     | Station sec_018_r0.284 [Analysis]: DXF=C:\Users\samea\Desktop\geometry_tools\n_sections\blade\sec_018_r0.284.dxf, twist=15.8°, origin: CP-proxy @ 33.0% chord
2025-08-20 02:32:24,322 | INFO     | Starting raw geometry processing …
2025-08-20 02:32:24,322 | INFO     | Instantiating RawGeometry for DXF: C:\Users\samea\Desktop\geometry_tools\n_sections\blade\sec_018_r0.284.dxf
2025-08-20 02:32:24,322 | INFO     | RawGeometry created successfully.
2025-08-20 02:32:24,322 | INFO     | Generating raw geometry plot …
2025-08-20 02:32:24,663 | INFO     | Raw geometry visualisation completed and saved.
2025-08-20 02:32:24,663 | INFO     | Processing and visualising aligned geometry …
2025-08-20 02:32:24,663 | INFO     | Instantiating ProcessedGeometry with spline/segment settings …
2025-08-20 02:32:24,669 | INFO     | ProcessedGeometry successfully instantiated.
2025-08-20 02:32:24,669 | INFO     | Extracting + aligning: twist=15.8°, origin_mode=cop, cop_fraction=0.330, cx=0.01, cy=0.01
2025-08-20 02:32:24,701 | INFO     | Geometry aligned and transformed successfully.
2025-08-20 02:32:24,701 | INFO     | Generating processed geometry visualisation with trailing edge zoom …
2025-08-20 02:32:25,758 | INFO     | Processed geometry preview saved -> C:\Users\samea\Desktop\geometry_tools\n_sections\results\analysis\2025-08-20_02-29-55\sec_018_r0.284\processed_sec_018_r0.284.png
2025-08-20 02:32:25,758 | INFO     | Launching convergence study pipeline …
2025-08-20 02:32:25,758 | INFO     | Starting section convergence study using 3 mesh sizes: [40.  10.   2.5]
2025-08-20 02:32:30,267 | INFO     | ConvergenceStudy instantiated. Running results computation …
2025-08-20 02:32:30,267 | INFO     | Convergence study completed successfully.
2025-08-20 02:32:30,267 | INFO     | Creating convergence visualisation …
2025-08-20 02:32:31,825 | INFO     | Convergence visualisation saved.
2025-08-20 02:32:31,825 | INFO     | Building metadata container for section sec_018_r0.284 …
2025-08-20 02:32:31,825 | INFO     | MetadataBin created.
2025-08-20 02:32:31,825 | INFO     | Composing SectionAnalysisResultSet …
2025-08-20 02:32:31,825 | INFO     | SectionAnalysisResultSet successfully built.
2025-08-20 02:32:31,825 | INFO     | Saving results to directory: C:\Users\samea\Desktop\geometry_tools\n_sections\results\analysis\2025-08-20_02-29-55\sec_018_r0.284
2025-08-20 02:32:31,833 | INFO     | Section analysis results successfully saved.
