2025-08-18 17:51:51,913 - INFO - Logger initialized for ConvergenceStudy [Station_8]
2025-08-18 17:51:51,914 - INFO - Starting convergence study over 3 mesh sizes: [40.  10.   2.5]
2025-08-18 17:51:51,916 - INFO - [1/3] Processing mesh size h = 40
2025-08-18 17:51:51,916 - DEBUG - [Station_8_h40] Copying geometry and initiating meshing …
2025-08-18 17:51:51,937 - INFO - [Station_8_h40] Mesh created successfully
2025-08-18 17:51:51,939 - DEBUG - [Station_8_h40] Starting section property calculation …
2025-08-18 17:51:52,736 - DEBUG - [Station_8_h40] Section analysis row returned
2025-08-18 17:51:52,743 - INFO - [Station_8_h40] Section analysis completed successfully.
2025-08-18 17:51:52,745 - INFO - [2/3] Processing mesh size h = 10
2025-08-18 17:51:52,747 - DEBUG - [Station_8_h10] Copying geometry and initiating meshing …
2025-08-18 17:51:52,771 - INFO - [Station_8_h10] Mesh created successfully
2025-08-18 17:51:52,772 - DEBUG - [Station_8_h10] Starting section property calculation …
2025-08-18 17:51:53,264 - DEBUG - [Station_8_h10] Section analysis row returned
2025-08-18 17:51:53,266 - INFO - [Station_8_h10] Section analysis completed successfully.
2025-08-18 17:51:53,268 - INFO - [3/3] Processing mesh size h = 2.5
2025-08-18 17:51:53,269 - DEBUG - [Station_8_h2.5] Copying geometry and initiating meshing …
2025-08-18 17:51:53,290 - INFO - [Station_8_h2.5] Mesh created successfully
2025-08-18 17:51:53,291 - DEBUG - [Station_8_h2.5] Starting section property calculation …
2025-08-18 17:51:53,775 - DEBUG - [Station_8_h2.5] Section analysis row returned
2025-08-18 17:51:53,779 - INFO - [Station_8_h2.5] Section analysis completed successfully.
2025-08-18 17:51:53,779 - INFO - Convergence study completed: 3 successful, 3 attempted
2025-08-18 17:51:53,781 - INFO - Generating convergence visualisation …
2025-08-18 17:51:54,662 - INFO - Convergence visualisation completed.
