2025-08-18 17:51:50,870 | INFO     | Logging initialized for ProcessSectionAnalysis
2025-08-18 17:51:50,870 | INFO     | Station Station_8 [Analysis]: DXF=\\mull.sms.ed.ac.uk\home\s1834431\Win7\Desktop\geometry_tools\n_sections\blade\Station_8.dxf, twist=4.4°, origin: CP-proxy @ 33.0% chord
2025-08-18 17:51:50,871 | INFO     | Starting raw geometry processing …
2025-08-18 17:51:50,872 | INFO     | Instantiating RawGeometry for DXF: \\mull.sms.ed.ac.uk\home\s1834431\Win7\Desktop\geometry_tools\n_sections\blade\Station_8.dxf
2025-08-18 17:51:50,881 | INFO     | RawGeometry created successfully.
2025-08-18 17:51:50,882 | INFO     | Generating raw geometry plot …
2025-08-18 17:51:51,216 | INFO     | Raw geometry visualisation completed and saved.
2025-08-18 17:51:51,220 | INFO     | Processing and visualising aligned geometry …
2025-08-18 17:51:51,221 | INFO     | Instantiating ProcessedGeometry with spline/segment settings …
2025-08-18 17:51:51,228 | INFO     | ProcessedGeometry successfully instantiated.
2025-08-18 17:51:51,228 | INFO     | Extracting + aligning: twist=4.4°, origin_mode=cop, cop_fraction=0.330, cx=0.00, cy=-0.01
2025-08-18 17:51:51,374 | INFO     | Geometry aligned and transformed successfully.
2025-08-18 17:51:51,375 | INFO     | Generating processed geometry visualisation with trailing edge zoom …
2025-08-18 17:51:51,902 | INFO     | Processed geometry preview saved -> \\mull.sms.ed.ac.uk\home\s1834431\Win7\Desktop\geometry_tools\n_sections\results\analysis\2025-08-18_17-51-37\Station_8\processed_Station_8.png
2025-08-18 17:51:51,902 | INFO     | Launching convergence study pipeline …
2025-08-18 17:51:51,903 | INFO     | Starting section convergence study using 3 mesh sizes: [40.  10.   2.5]
2025-08-18 17:51:54,663 | INFO     | ConvergenceStudy instantiated. Running results computation …
2025-08-18 17:51:54,663 | INFO     | Convergence study completed successfully.
2025-08-18 17:51:54,664 | INFO     | Creating convergence visualisation …
2025-08-18 17:51:55,518 | INFO     | Convergence visualisation saved.
2025-08-18 17:51:55,519 | INFO     | Building metadata container for section Station_8 …
2025-08-18 17:51:55,520 | INFO     | MetadataBin created.
2025-08-18 17:51:55,521 | INFO     | Composing SectionAnalysisResultSet …
2025-08-18 17:51:55,521 | INFO     | SectionAnalysisResultSet successfully built.
2025-08-18 17:51:55,522 | INFO     | Saving results to directory: \\mull.sms.ed.ac.uk\home\s1834431\Win7\Desktop\geometry_tools\n_sections\results\analysis\2025-08-18_17-51-37\Station_8
2025-08-18 17:51:55,545 | INFO     | Section analysis results successfully saved.
