2025-08-20 02:51:49,589 | INFO     | Logging initialized for ProcessSectionAnalysis
2025-08-20 02:51:49,589 | INFO     | Station sec_028_r0.372 [Analysis]: DXF=C:\Users\samea\Desktop\geometry_tools\n_sections\blade\sec_028_r0.372.dxf, twist=11.0°, origin: CP-proxy @ 33.0% chord
2025-08-20 02:51:49,589 | INFO     | Starting raw geometry processing …
2025-08-20 02:51:49,589 | INFO     | Instantiating RawGeometry for DXF: C:\Users\samea\Desktop\geometry_tools\n_sections\blade\sec_028_r0.372.dxf
2025-08-20 02:51:49,589 | INFO     | RawGeometry created successfully.
2025-08-20 02:51:49,589 | INFO     | Generating raw geometry plot …
2025-08-20 02:51:49,920 | INFO     | Raw geometry visualisation completed and saved.
2025-08-20 02:51:49,920 | INFO     | Processing and visualising aligned geometry …
2025-08-20 02:51:49,920 | INFO     | Instantiating ProcessedGeometry with spline/segment settings …
2025-08-20 02:51:49,921 | INFO     | ProcessedGeometry successfully instantiated.
2025-08-20 02:51:49,921 | INFO     | Extracting (pass-through orientation & origin): twist=11.0°, origin_mode=cop, cop_fraction=0.330, cx=0.01, cy=0.00, resample_exterior=True
2025-08-20 02:51:49,952 | INFO     | Geometry extracted (no twist/origin applied).
2025-08-20 02:51:49,952 | INFO     | Generating processed geometry visualisation with trailing edge zoom …
2025-08-20 02:51:51,041 | INFO     | Processed geometry preview saved -> C:\Users\samea\Desktop\geometry_tools\n_sections\results\analysis\2025-08-20_02-49-41\sec_028_r0.372\processed_sec_028_r0.372.png
2025-08-20 02:51:51,041 | INFO     | Launching convergence study pipeline …
2025-08-20 02:51:51,041 | INFO     | Starting section convergence study using 1 mesh sizes: [40.]
2025-08-20 02:51:53,412 | INFO     | ConvergenceStudy instantiated. Running results computation …
2025-08-20 02:51:53,412 | INFO     | Convergence study completed successfully.
2025-08-20 02:51:53,412 | INFO     | Creating convergence visualisation …
2025-08-20 02:51:54,083 | INFO     | Convergence visualisation saved.
2025-08-20 02:51:54,083 | INFO     | Building metadata container for section sec_028_r0.372 …
2025-08-20 02:51:54,084 | INFO     | MetadataBin created.
2025-08-20 02:51:54,084 | INFO     | Composing SectionAnalysisResultSet …
2025-08-20 02:51:54,084 | INFO     | SectionAnalysisResultSet successfully built.
2025-08-20 02:51:54,084 | INFO     | Saving results to directory: C:\Users\samea\Desktop\geometry_tools\n_sections\results\analysis\2025-08-20_02-49-41\sec_028_r0.372
2025-08-20 02:51:54,086 | INFO     | Section analysis results successfully saved.
