2025-08-20 02:51:17,220 | INFO     | Logging initialized for ProcessSectionAnalysis
2025-08-20 02:51:17,220 | INFO     | Station sec_021_r0.311 [Analysis]: DXF=C:\Users\samea\Desktop\geometry_tools\n_sections\blade\sec_021_r0.311.dxf, twist=14.1°, origin: CP-proxy @ 33.0% chord
2025-08-20 02:51:17,220 | INFO     | Starting raw geometry processing …
2025-08-20 02:51:17,221 | INFO     | Instantiating RawGeometry for DXF: C:\Users\samea\Desktop\geometry_tools\n_sections\blade\sec_021_r0.311.dxf
2025-08-20 02:51:17,222 | INFO     | RawGeometry created successfully.
2025-08-20 02:51:17,222 | INFO     | Generating raw geometry plot …
2025-08-20 02:51:17,555 | INFO     | Raw geometry visualisation completed and saved.
2025-08-20 02:51:17,555 | INFO     | Processing and visualising aligned geometry …
2025-08-20 02:51:17,555 | INFO     | Instantiating ProcessedGeometry with spline/segment settings …
2025-08-20 02:51:17,556 | INFO     | ProcessedGeometry successfully instantiated.
2025-08-20 02:51:17,556 | INFO     | Extracting (pass-through orientation & origin): twist=14.1°, origin_mode=cop, cop_fraction=0.330, cx=0.01, cy=0.00, resample_exterior=True
2025-08-20 02:51:17,587 | INFO     | Geometry extracted (no twist/origin applied).
2025-08-20 02:51:17,587 | INFO     | Generating processed geometry visualisation with trailing edge zoom …
2025-08-20 02:51:18,681 | INFO     | Processed geometry preview saved -> C:\Users\samea\Desktop\geometry_tools\n_sections\results\analysis\2025-08-20_02-49-41\sec_021_r0.311\processed_sec_021_r0.311.png
2025-08-20 02:51:18,681 | INFO     | Launching convergence study pipeline …
2025-08-20 02:51:18,681 | INFO     | Starting section convergence study using 1 mesh sizes: [40.]
2025-08-20 02:51:20,912 | INFO     | ConvergenceStudy instantiated. Running results computation …
2025-08-20 02:51:20,912 | INFO     | Convergence study completed successfully.
2025-08-20 02:51:20,912 | INFO     | Creating convergence visualisation …
2025-08-20 02:51:21,661 | INFO     | Convergence visualisation saved.
2025-08-20 02:51:21,661 | INFO     | Building metadata container for section sec_021_r0.311 …
2025-08-20 02:51:21,661 | INFO     | MetadataBin created.
2025-08-20 02:51:21,661 | INFO     | Composing SectionAnalysisResultSet …
2025-08-20 02:51:21,661 | INFO     | SectionAnalysisResultSet successfully built.
2025-08-20 02:51:21,661 | INFO     | Saving results to directory: C:\Users\samea\Desktop\geometry_tools\n_sections\results\analysis\2025-08-20_02-49-41\sec_021_r0.311
2025-08-20 02:51:21,661 | INFO     | Section analysis results successfully saved.
