2025-08-12 00:36:22,729 - INFO - Logger initialized for ConvergenceStudy [Station_4]
2025-08-12 00:36:22,729 - INFO - Starting convergence study over 3 mesh sizes: [40.  10.   2.5]
2025-08-12 00:36:22,730 - INFO - [1/3] Processing mesh size h = 40
2025-08-12 00:36:22,730 - DEBUG - [Station_4_h40] Copying geometry and initiating meshing …
2025-08-12 00:36:22,747 - INFO - [Station_4_h40] Mesh created successfully
2025-08-12 00:36:22,747 - DEBUG - [Station_4_h40] Starting section property calculation …
2025-08-12 00:36:24,303 - DEBUG - [Station_4_h40] Section analysis row returned
2025-08-12 00:36:24,307 - INFO - [Station_4_h40] Section analysis completed successfully.
2025-08-12 00:36:24,307 - INFO - [2/3] Processing mesh size h = 10
2025-08-12 00:36:24,308 - DEBUG - [Station_4_h10] Copying geometry and initiating meshing …
2025-08-12 00:36:24,321 - INFO - [Station_4_h10] Mesh created successfully
2025-08-12 00:36:24,322 - DEBUG - [Station_4_h10] Starting section property calculation …
2025-08-12 00:36:25,368 - DEBUG - [Station_4_h10] Section analysis row returned
2025-08-12 00:36:25,369 - INFO - [Station_4_h10] Section analysis completed successfully.
2025-08-12 00:36:25,370 - INFO - [3/3] Processing mesh size h = 2.5
2025-08-12 00:36:25,370 - DEBUG - [Station_4_h2.5] Copying geometry and initiating meshing …
2025-08-12 00:36:25,454 - INFO - [Station_4_h2.5] Mesh created successfully
2025-08-12 00:36:25,454 - DEBUG - [Station_4_h2.5] Starting section property calculation …
2025-08-12 00:36:26,450 - DEBUG - [Station_4_h2.5] Section analysis row returned
2025-08-12 00:36:26,451 - INFO - [Station_4_h2.5] Section analysis completed successfully.
2025-08-12 00:36:26,452 - INFO - Convergence study completed: 3 successful, 3 attempted
2025-08-12 00:36:26,452 - INFO - Generating convergence visualisation …
2025-08-12 00:36:28,175 - INFO - Convergence visualisation completed.
