2025-08-12 00:36:20,288 | INFO     | Logging initialized for ProcessSectionAnalysis
2025-08-12 00:36:20,288 | INFO     | Station Station_4 [Analysis]: DXF=C:\Users\samea\Desktop\geometry_tools\n_sections\blade\Station_4.dxf, twist=10.9°, centroid=(0.00, -0.01)
2025-08-12 00:36:20,288 | INFO     | Starting raw geometry processing …
2025-08-12 00:36:20,288 | INFO     | Instantiating RawGeometry for DXF: C:\Users\samea\Desktop\geometry_tools\n_sections\blade\Station_4.dxf
2025-08-12 00:36:20,289 | INFO     | RawGeometry created successfully.
2025-08-12 00:36:20,289 | INFO     | Generating raw geometry plot …
2025-08-12 00:36:20,932 | INFO     | Raw geometry visualisation completed and saved.
2025-08-12 00:36:20,932 | INFO     | Processing and visualising aligned geometry …
2025-08-12 00:36:20,932 | INFO     | Instantiating ProcessedGeometry with spline/segment settings …
2025-08-12 00:36:20,933 | INFO     | ProcessedGeometry successfully instantiated.
2025-08-12 00:36:20,933 | INFO     | Extracting and aligning geometry with twist=10.9°, cx=0.00, cy=-0.01
2025-08-12 00:36:21,715 | INFO     | Geometry aligned and transformed successfully.
2025-08-12 00:36:21,715 | INFO     | Generating processed geometry visualisation with trailing edge zoom …
2025-08-12 00:36:22,728 | INFO     | Processed geometry preview saved -> C:\Users\samea\Desktop\geometry_tools\n_sections\results\analysis\2025-08-12_00-36-10\Station_4\processed_Station_4.png
2025-08-12 00:36:22,728 | INFO     | Launching convergence study pipeline …
2025-08-12 00:36:22,728 | INFO     | Starting section convergence study using 3 mesh sizes: [40.  10.   2.5]
2025-08-12 00:36:28,175 | INFO     | ConvergenceStudy instantiated. Running results computation …
2025-08-12 00:36:28,175 | INFO     | Convergence study completed successfully.
2025-08-12 00:36:28,175 | INFO     | Creating convergence visualisation …
2025-08-12 00:36:29,881 | INFO     | Convergence visualisation saved.
2025-08-12 00:36:29,881 | INFO     | Building metadata container for section Station_4 …
2025-08-12 00:36:29,881 | INFO     | MetadataBin created.
2025-08-12 00:36:29,881 | INFO     | Composing SectionAnalysisResultSet …
2025-08-12 00:36:29,881 | INFO     | SectionAnalysisResultSet successfully built.
2025-08-12 00:36:29,881 | INFO     | Saving results to directory: C:\Users\samea\Desktop\geometry_tools\n_sections\results\analysis\2025-08-12_00-36-10\Station_4
2025-08-12 00:36:29,884 | INFO     | Section analysis results successfully saved.
