2025-07-31 13:42:49,375 - INFO - Logger initialized for ConvergenceStudy [Station_2]
2025-07-31 13:42:49,375 - INFO - Starting convergence study over 3 mesh sizes: [40.  10.   2.5]
2025-07-31 13:42:49,375 - INFO - [1/3] Processing mesh size h = 40
2025-07-31 13:42:49,375 - DEBUG - [Station_2_h40] Copying geometry and initiating meshing …
2025-07-31 13:42:49,438 - INFO - [Station_2_h40] Mesh created successfully
2025-07-31 13:42:49,438 - DEBUG - [Station_2_h40] Starting section property calculation …
2025-07-31 13:42:50,620 - DEBUG - [Station_2_h40] Section analysis row returned
2025-07-31 13:42:50,621 - INFO - [Station_2_h40] Section analysis completed successfully.
2025-07-31 13:42:50,621 - INFO - [2/3] Processing mesh size h = 10
2025-07-31 13:42:50,621 - DEBUG - [Station_2_h10] Copying geometry and initiating meshing …
2025-07-31 13:42:50,634 - INFO - [Station_2_h10] Mesh created successfully
2025-07-31 13:42:50,634 - DEBUG - [Station_2_h10] Starting section property calculation …
2025-07-31 13:42:51,325 - DEBUG - [Station_2_h10] Section analysis row returned
2025-07-31 13:42:51,325 - INFO - [Station_2_h10] Section analysis completed successfully.
2025-07-31 13:42:51,325 - INFO - [3/3] Processing mesh size h = 2.5
2025-07-31 13:42:51,325 - DEBUG - [Station_2_h2.5] Copying geometry and initiating meshing …
2025-07-31 13:42:51,337 - INFO - [Station_2_h2.5] Mesh created successfully
2025-07-31 13:42:51,337 - DEBUG - [Station_2_h2.5] Starting section property calculation …
2025-07-31 13:42:52,032 - DEBUG - [Station_2_h2.5] Section analysis row returned
2025-07-31 13:42:52,032 - INFO - [Station_2_h2.5] Section analysis completed successfully.
2025-07-31 13:42:52,035 - INFO - Convergence study completed: 3 successful, 3 attempted
2025-07-31 13:42:52,035 - INFO - Generating convergence visualisation …
2025-07-31 13:42:53,295 - INFO - Convergence visualisation completed.
