2025-08-20 02:32:49,628 - INFO - Logger initialized for ConvergenceStudy [sec_021_r0.311]
2025-08-20 02:32:49,628 - INFO - Starting convergence study over 3 mesh sizes: [40.  10.   2.5]
2025-08-20 02:32:49,628 - INFO - [1/3] Processing mesh size h = 40
2025-08-20 02:32:49,628 - DEBUG - [sec_021_r0.311_h40] Copying geometry and initiating meshing …
2025-08-20 02:32:49,643 - INFO - [sec_021_r0.311_h40] Mesh created successfully
2025-08-20 02:32:49,643 - DEBUG - [sec_021_r0.311_h40] Starting section property calculation …
2025-08-20 02:32:50,918 - DEBUG - [sec_021_r0.311_h40] Section analysis row returned
2025-08-20 02:32:50,921 - INFO - [sec_021_r0.311_h40] Section analysis completed successfully.
2025-08-20 02:32:50,921 - INFO - [2/3] Processing mesh size h = 10
2025-08-20 02:32:50,922 - DEBUG - [sec_021_r0.311_h10] Copying geometry and initiating meshing …
2025-08-20 02:32:50,933 - INFO - [sec_021_r0.311_h10] Mesh created successfully
2025-08-20 02:32:50,933 - DEBUG - [sec_021_r0.311_h10] Starting section property calculation …
2025-08-20 02:32:51,687 - DEBUG - [sec_021_r0.311_h10] Section analysis row returned
2025-08-20 02:32:51,694 - INFO - [sec_021_r0.311_h10] Section analysis completed successfully.
2025-08-20 02:32:51,695 - INFO - [3/3] Processing mesh size h = 2.5
2025-08-20 02:32:51,696 - DEBUG - [sec_021_r0.311_h2.5] Copying geometry and initiating meshing …
2025-08-20 02:32:51,707 - INFO - [sec_021_r0.311_h2.5] Mesh created successfully
2025-08-20 02:32:51,707 - DEBUG - [sec_021_r0.311_h2.5] Starting section property calculation …
2025-08-20 02:32:52,460 - DEBUG - [sec_021_r0.311_h2.5] Section analysis row returned
2025-08-20 02:32:52,467 - INFO - [sec_021_r0.311_h2.5] Section analysis completed successfully.
2025-08-20 02:32:52,467 - INFO - Convergence study completed: 3 successful, 3 attempted
2025-08-20 02:32:52,468 - INFO - Generating convergence visualisation …
2025-08-20 02:32:54,073 - INFO - Convergence visualisation completed.
