2025-08-20 02:32:48,132 | INFO     | Logging initialized for ProcessSectionAnalysis
2025-08-20 02:32:48,132 | INFO     | Station sec_021_r0.311 [Analysis]: DXF=C:\Users\samea\Desktop\geometry_tools\n_sections\blade\sec_021_r0.311.dxf, twist=14.1°, origin: CP-proxy @ 33.0% chord
2025-08-20 02:32:48,132 | INFO     | Starting raw geometry processing …
2025-08-20 02:32:48,132 | INFO     | Instantiating RawGeometry for DXF: C:\Users\samea\Desktop\geometry_tools\n_sections\blade\sec_021_r0.311.dxf
2025-08-20 02:32:48,132 | INFO     | RawGeometry created successfully.
2025-08-20 02:32:48,132 | INFO     | Generating raw geometry plot …
2025-08-20 02:32:48,452 | INFO     | Raw geometry visualisation completed and saved.
2025-08-20 02:32:48,468 | INFO     | Processing and visualising aligned geometry …
2025-08-20 02:32:48,468 | INFO     | Instantiating ProcessedGeometry with spline/segment settings …
2025-08-20 02:32:48,468 | INFO     | ProcessedGeometry successfully instantiated.
2025-08-20 02:32:48,468 | INFO     | Extracting + aligning: twist=14.1°, origin_mode=cop, cop_fraction=0.330, cx=0.01, cy=0.00
2025-08-20 02:32:48,505 | INFO     | Geometry aligned and transformed successfully.
2025-08-20 02:32:48,505 | INFO     | Generating processed geometry visualisation with trailing edge zoom …
2025-08-20 02:32:49,628 | INFO     | Processed geometry preview saved -> C:\Users\samea\Desktop\geometry_tools\n_sections\results\analysis\2025-08-20_02-29-55\sec_021_r0.311\processed_sec_021_r0.311.png
2025-08-20 02:32:49,628 | INFO     | Launching convergence study pipeline …
2025-08-20 02:32:49,628 | INFO     | Starting section convergence study using 3 mesh sizes: [40.  10.   2.5]
2025-08-20 02:32:54,073 | INFO     | ConvergenceStudy instantiated. Running results computation …
2025-08-20 02:32:54,073 | INFO     | Convergence study completed successfully.
2025-08-20 02:32:54,073 | INFO     | Creating convergence visualisation …
2025-08-20 02:32:55,623 | INFO     | Convergence visualisation saved.
2025-08-20 02:32:55,623 | INFO     | Building metadata container for section sec_021_r0.311 …
2025-08-20 02:32:55,623 | INFO     | MetadataBin created.
2025-08-20 02:32:55,623 | INFO     | Composing SectionAnalysisResultSet …
2025-08-20 02:32:55,623 | INFO     | SectionAnalysisResultSet successfully built.
2025-08-20 02:32:55,623 | INFO     | Saving results to directory: C:\Users\samea\Desktop\geometry_tools\n_sections\results\analysis\2025-08-20_02-29-55\sec_021_r0.311
2025-08-20 02:32:55,623 | INFO     | Section analysis results successfully saved.
