2025-07-31 13:43:32,528 - INFO - Logger initialized for ConvergenceStudy [Station_14]
2025-07-31 13:43:32,528 - INFO - Starting convergence study over 3 mesh sizes: [40.  10.   2.5]
2025-07-31 13:43:32,528 - INFO - [1/3] Processing mesh size h = 40
2025-07-31 13:43:32,528 - DEBUG - [Station_14_h40] Copying geometry and initiating meshing …
2025-07-31 13:43:32,610 - INFO - [Station_14_h40] Mesh created successfully
2025-07-31 13:43:32,611 - DEBUG - [Station_14_h40] Starting section property calculation …
2025-07-31 13:43:33,895 - DEBUG - [Station_14_h40] Section analysis row returned
2025-07-31 13:43:33,895 - INFO - [Station_14_h40] Section analysis completed successfully.
2025-07-31 13:43:33,895 - INFO - [2/3] Processing mesh size h = 10
2025-07-31 13:43:33,895 - DEBUG - [Station_14_h10] Copying geometry and initiating meshing …
2025-07-31 13:43:33,908 - INFO - [Station_14_h10] Mesh created successfully
2025-07-31 13:43:33,908 - DEBUG - [Station_14_h10] Starting section property calculation …
2025-07-31 13:43:34,635 - DEBUG - [Station_14_h10] Section analysis row returned
2025-07-31 13:43:34,643 - INFO - [Station_14_h10] Section analysis completed successfully.
2025-07-31 13:43:34,643 - INFO - [3/3] Processing mesh size h = 2.5
2025-07-31 13:43:34,644 - DEBUG - [Station_14_h2.5] Copying geometry and initiating meshing …
2025-07-31 13:43:34,654 - INFO - [Station_14_h2.5] Mesh created successfully
2025-07-31 13:43:34,654 - DEBUG - [Station_14_h2.5] Starting section property calculation …
2025-07-31 13:43:35,427 - DEBUG - [Station_14_h2.5] Section analysis row returned
2025-07-31 13:43:35,427 - INFO - [Station_14_h2.5] Section analysis completed successfully.
2025-07-31 13:43:35,427 - INFO - Convergence study completed: 3 successful, 3 attempted
2025-07-31 13:43:35,427 - INFO - Generating convergence visualisation …
2025-07-31 13:43:36,725 - INFO - Convergence visualisation completed.
