2025-07-31 13:38:13,894 - INFO - Logger initialized for ConvergenceStudy [Station_4]
2025-07-31 13:38:13,894 - INFO - Starting convergence study over 3 mesh sizes: [40.  10.   2.5]
2025-07-31 13:38:13,894 - INFO - [1/3] Processing mesh size h = 40
2025-07-31 13:38:13,895 - DEBUG - [Station_4_h40] Copying geometry and initiating meshing …
2025-07-31 13:38:13,903 - INFO - [Station_4_h40] Mesh created successfully
2025-07-31 13:38:13,903 - DEBUG - [Station_4_h40] Starting section property calculation …
2025-07-31 13:38:15,116 - DEBUG - [Station_4_h40] Section analysis row returned
2025-07-31 13:38:15,116 - INFO - [Station_4_h40] Section analysis completed successfully.
2025-07-31 13:38:15,116 - INFO - [2/3] Processing mesh size h = 10
2025-07-31 13:38:15,116 - DEBUG - [Station_4_h10] Copying geometry and initiating meshing …
2025-07-31 13:38:15,125 - INFO - [Station_4_h10] Mesh created successfully
2025-07-31 13:38:15,125 - DEBUG - [Station_4_h10] Starting section property calculation …
2025-07-31 13:38:15,830 - DEBUG - [Station_4_h10] Section analysis row returned
2025-07-31 13:38:15,835 - INFO - [Station_4_h10] Section analysis completed successfully.
2025-07-31 13:38:15,835 - INFO - [3/3] Processing mesh size h = 2.5
2025-07-31 13:38:15,835 - DEBUG - [Station_4_h2.5] Copying geometry and initiating meshing …
2025-07-31 13:38:15,845 - INFO - [Station_4_h2.5] Mesh created successfully
2025-07-31 13:38:15,845 - DEBUG - [Station_4_h2.5] Starting section property calculation …
2025-07-31 13:38:16,545 - DEBUG - [Station_4_h2.5] Section analysis row returned
2025-07-31 13:38:16,549 - INFO - [Station_4_h2.5] Section analysis completed successfully.
2025-07-31 13:38:16,549 - INFO - Convergence study completed: 3 successful, 3 attempted
2025-07-31 13:38:16,549 - INFO - Generating convergence visualisation …
2025-07-31 13:38:17,815 - INFO - Convergence visualisation completed.
