2025-07-31 13:38:13,965 - SectionDXF.Station_4_h40 - INFO - Starting analysis for section 'Station_4_h40'
2025-07-31 13:38:13,965 - SectionDXF.Station_4_h40 - INFO - Computing section bounds
2025-07-31 13:38:13,965 - SectionDXF.Station_4_h40 - INFO - Starting geometric analysis
2025-07-31 13:38:14,311 - SectionDXF.Station_4_h40 - INFO - Starting warping and shear analysis
2025-07-31 13:38:15,110 - SectionDXF.Station_4_h40 - ERROR - [Station_4_h40] Shear properties failed: 'SectionProperties' object has no attribute 'asx'
Traceback (most recent call last):
  File "C:\Users\Sam Hughes\Desktop\geometry_tools\n_sections\analysis\geom_utils\section_dxf.py", line 261, in _shear_properties
    self.asx = props.asx or 0.0
               ^^^^^^^^^
AttributeError: 'SectionProperties' object has no attribute 'asx'
2025-07-31 13:38:15,116 - SectionDXF.Station_4_h40 - INFO - Calculating derived parameters
2025-07-31 13:38:15,116 - SectionDXF.Station_4_h40 - ERROR - Derived parameters failed: 'SectionDXF' object has no attribute 'asx'
Traceback (most recent call last):
  File "C:\Users\Sam Hughes\Desktop\geometry_tools\n_sections\analysis\geom_utils\section_dxf.py", line 294, in _derived_parameters
    self._safe_div(self.asx, self.area),
                   ^^^^^^^^
AttributeError: 'SectionDXF' object has no attribute 'asx'
2025-07-31 13:38:15,116 - SectionDXF.Station_4_h40 - INFO - Property row assembled with 55.8% completion
2025-07-31 13:38:15,116 - SectionDXF.Station_4_h40 - INFO - Analysis completed in 1.15s
2025-07-31 13:38:15,196 - SectionDXF.Station_4_h10 - INFO - Starting analysis for section 'Station_4_h10'
2025-07-31 13:38:15,196 - SectionDXF.Station_4_h10 - INFO - Computing section bounds
2025-07-31 13:38:15,197 - SectionDXF.Station_4_h10 - INFO - Starting geometric analysis
2025-07-31 13:38:15,285 - SectionDXF.Station_4_h10 - INFO - Starting warping and shear analysis
2025-07-31 13:38:15,830 - SectionDXF.Station_4_h10 - ERROR - [Station_4_h10] Shear properties failed: 'SectionProperties' object has no attribute 'asx'
Traceback (most recent call last):
  File "C:\Users\Sam Hughes\Desktop\geometry_tools\n_sections\analysis\geom_utils\section_dxf.py", line 261, in _shear_properties
    self.asx = props.asx or 0.0
               ^^^^^^^^^
AttributeError: 'SectionProperties' object has no attribute 'asx'
2025-07-31 13:38:15,830 - SectionDXF.Station_4_h10 - INFO - Calculating derived parameters
2025-07-31 13:38:15,830 - SectionDXF.Station_4_h10 - ERROR - Derived parameters failed: 'SectionDXF' object has no attribute 'asx'
Traceback (most recent call last):
  File "C:\Users\Sam Hughes\Desktop\geometry_tools\n_sections\analysis\geom_utils\section_dxf.py", line 294, in _derived_parameters
    self._safe_div(self.asx, self.area),
                   ^^^^^^^^
AttributeError: 'SectionDXF' object has no attribute 'asx'
2025-07-31 13:38:15,830 - SectionDXF.Station_4_h10 - INFO - Property row assembled with 55.8% completion
2025-07-31 13:38:15,830 - SectionDXF.Station_4_h10 - INFO - Analysis completed in 0.63s
2025-07-31 13:38:15,914 - SectionDXF.Station_4_h2.5 - INFO - Starting analysis for section 'Station_4_h2.5'
2025-07-31 13:38:15,915 - SectionDXF.Station_4_h2.5 - INFO - Computing section bounds
2025-07-31 13:38:15,915 - SectionDXF.Station_4_h2.5 - INFO - Starting geometric analysis
2025-07-31 13:38:16,005 - SectionDXF.Station_4_h2.5 - INFO - Starting warping and shear analysis
2025-07-31 13:38:16,545 - SectionDXF.Station_4_h2.5 - ERROR - [Station_4_h2.5] Shear properties failed: 'SectionProperties' object has no attribute 'asx'
Traceback (most recent call last):
  File "C:\Users\Sam Hughes\Desktop\geometry_tools\n_sections\analysis\geom_utils\section_dxf.py", line 261, in _shear_properties
    self.asx = props.asx or 0.0
               ^^^^^^^^^
AttributeError: 'SectionProperties' object has no attribute 'asx'
2025-07-31 13:38:16,545 - SectionDXF.Station_4_h2.5 - INFO - Calculating derived parameters
2025-07-31 13:38:16,545 - SectionDXF.Station_4_h2.5 - ERROR - Derived parameters failed: 'SectionDXF' object has no attribute 'asx'
Traceback (most recent call last):
  File "C:\Users\Sam Hughes\Desktop\geometry_tools\n_sections\analysis\geom_utils\section_dxf.py", line 294, in _derived_parameters
    self._safe_div(self.asx, self.area),
                   ^^^^^^^^
AttributeError: 'SectionDXF' object has no attribute 'asx'
2025-07-31 13:38:16,545 - SectionDXF.Station_4_h2.5 - INFO - Property row assembled with 55.8% completion
2025-07-31 13:38:16,545 - SectionDXF.Station_4_h2.5 - INFO - Analysis completed in 0.63s
