2025-08-20 02:32:41,480 - INFO - Logger initialized for ConvergenceStudy [sec_020_r0.302]
2025-08-20 02:32:41,480 - INFO - Starting convergence study over 3 mesh sizes: [40.  10.   2.5]
2025-08-20 02:32:41,481 - INFO - [1/3] Processing mesh size h = 40
2025-08-20 02:32:41,481 - DEBUG - [sec_020_r0.302_h40] Copying geometry and initiating meshing …
2025-08-20 02:32:41,492 - INFO - [sec_020_r0.302_h40] Mesh created successfully
2025-08-20 02:32:41,493 - DEBUG - [sec_020_r0.302_h40] Starting section property calculation …
2025-08-20 02:32:42,919 - DEBUG - [sec_020_r0.302_h40] Section analysis row returned
2025-08-20 02:32:42,922 - INFO - [sec_020_r0.302_h40] Section analysis completed successfully.
2025-08-20 02:32:42,922 - INFO - [2/3] Processing mesh size h = 10
2025-08-20 02:32:42,922 - DEBUG - [sec_020_r0.302_h10] Copying geometry and initiating meshing …
2025-08-20 02:32:43,004 - INFO - [sec_020_r0.302_h10] Mesh created successfully
2025-08-20 02:32:43,004 - DEBUG - [sec_020_r0.302_h10] Starting section property calculation …
2025-08-20 02:32:43,840 - DEBUG - [sec_020_r0.302_h10] Section analysis row returned
2025-08-20 02:32:43,840 - INFO - [sec_020_r0.302_h10] Section analysis completed successfully.
2025-08-20 02:32:43,840 - INFO - [3/3] Processing mesh size h = 2.5
2025-08-20 02:32:43,840 - DEBUG - [sec_020_r0.302_h2.5] Copying geometry and initiating meshing …
2025-08-20 02:32:43,857 - INFO - [sec_020_r0.302_h2.5] Mesh created successfully
2025-08-20 02:32:43,857 - DEBUG - [sec_020_r0.302_h2.5] Starting section property calculation …
2025-08-20 02:32:44,704 - DEBUG - [sec_020_r0.302_h2.5] Section analysis row returned
2025-08-20 02:32:44,706 - INFO - [sec_020_r0.302_h2.5] Section analysis completed successfully.
2025-08-20 02:32:44,706 - INFO - Convergence study completed: 3 successful, 3 attempted
2025-08-20 02:32:44,706 - INFO - Generating convergence visualisation …
2025-08-20 02:32:46,471 - INFO - Convergence visualisation completed.
