2025-08-20 02:32:39,880 | INFO     | Logging initialized for ProcessSectionAnalysis
2025-08-20 02:32:39,880 | INFO     | Station sec_020_r0.302 [Analysis]: DXF=C:\Users\samea\Desktop\geometry_tools\n_sections\blade\sec_020_r0.302.dxf, twist=14.6°, origin: CP-proxy @ 33.0% chord
2025-08-20 02:32:39,880 | INFO     | Starting raw geometry processing …
2025-08-20 02:32:39,880 | INFO     | Instantiating RawGeometry for DXF: C:\Users\samea\Desktop\geometry_tools\n_sections\blade\sec_020_r0.302.dxf
2025-08-20 02:32:39,882 | INFO     | RawGeometry created successfully.
2025-08-20 02:32:39,882 | INFO     | Generating raw geometry plot …
2025-08-20 02:32:40,203 | INFO     | Raw geometry visualisation completed and saved.
2025-08-20 02:32:40,203 | INFO     | Processing and visualising aligned geometry …
2025-08-20 02:32:40,203 | INFO     | Instantiating ProcessedGeometry with spline/segment settings …
2025-08-20 02:32:40,203 | INFO     | ProcessedGeometry successfully instantiated.
2025-08-20 02:32:40,203 | INFO     | Extracting + aligning: twist=14.6°, origin_mode=cop, cop_fraction=0.330, cx=0.01, cy=0.00
2025-08-20 02:32:40,255 | INFO     | Geometry aligned and transformed successfully.
2025-08-20 02:32:40,255 | INFO     | Generating processed geometry visualisation with trailing edge zoom …
2025-08-20 02:32:41,479 | INFO     | Processed geometry preview saved -> C:\Users\samea\Desktop\geometry_tools\n_sections\results\analysis\2025-08-20_02-29-55\sec_020_r0.302\processed_sec_020_r0.302.png
2025-08-20 02:32:41,479 | INFO     | Launching convergence study pipeline …
2025-08-20 02:32:41,479 | INFO     | Starting section convergence study using 3 mesh sizes: [40.  10.   2.5]
2025-08-20 02:32:46,471 | INFO     | ConvergenceStudy instantiated. Running results computation …
2025-08-20 02:32:46,471 | INFO     | Convergence study completed successfully.
2025-08-20 02:32:46,471 | INFO     | Creating convergence visualisation …
2025-08-20 02:32:48,132 | INFO     | Convergence visualisation saved.
2025-08-20 02:32:48,132 | INFO     | Building metadata container for section sec_020_r0.302 …
2025-08-20 02:32:48,132 | INFO     | MetadataBin created.
2025-08-20 02:32:48,132 | INFO     | Composing SectionAnalysisResultSet …
2025-08-20 02:32:48,132 | INFO     | SectionAnalysisResultSet successfully built.
2025-08-20 02:32:48,132 | INFO     | Saving results to directory: C:\Users\samea\Desktop\geometry_tools\n_sections\results\analysis\2025-08-20_02-29-55\sec_020_r0.302
2025-08-20 02:32:48,132 | INFO     | Section analysis results successfully saved.
