2025-08-20 02:55:22,192 | INFO     | Logging initialized for ProcessSectionAnalysis
2025-08-20 02:55:22,192 | INFO     | Station sec_075_r0.788 [Analysis]: DXF=C:\Users\samea\Desktop\geometry_tools\n_sections\blade\sec_075_r0.788.dxf, twist=2.3°, origin: CP-proxy @ 33.0% chord
2025-08-20 02:55:22,192 | INFO     | Starting raw geometry processing …
2025-08-20 02:55:22,192 | INFO     | Instantiating RawGeometry for DXF: C:\Users\samea\Desktop\geometry_tools\n_sections\blade\sec_075_r0.788.dxf
2025-08-20 02:55:22,192 | INFO     | RawGeometry created successfully.
2025-08-20 02:55:22,192 | INFO     | Generating raw geometry plot …
2025-08-20 02:55:22,531 | INFO     | Raw geometry visualisation completed and saved.
2025-08-20 02:55:22,532 | INFO     | Processing and visualising aligned geometry …
2025-08-20 02:55:22,532 | INFO     | Instantiating ProcessedGeometry with spline/segment settings …
2025-08-20 02:55:22,533 | INFO     | ProcessedGeometry successfully instantiated.
2025-08-20 02:55:22,533 | INFO     | Extracting (pass-through orientation & origin): twist=2.3°, origin_mode=cop, cop_fraction=0.330, cx=0.00, cy=0.00, resample_exterior=True
2025-08-20 02:55:22,554 | INFO     | Geometry extracted (no twist/origin applied).
2025-08-20 02:55:22,554 | INFO     | Generating processed geometry visualisation with trailing edge zoom …
2025-08-20 02:55:23,634 | INFO     | Processed geometry preview saved -> C:\Users\samea\Desktop\geometry_tools\n_sections\results\analysis\2025-08-20_02-49-41\sec_075_r0.788\processed_sec_075_r0.788.png
2025-08-20 02:55:23,634 | INFO     | Launching convergence study pipeline …
2025-08-20 02:55:23,634 | INFO     | Starting section convergence study using 1 mesh sizes: [40.]
2025-08-20 02:55:25,930 | INFO     | ConvergenceStudy instantiated. Running results computation …
2025-08-20 02:55:25,930 | INFO     | Convergence study completed successfully.
2025-08-20 02:55:25,930 | INFO     | Creating convergence visualisation …
2025-08-20 02:55:26,556 | INFO     | Convergence visualisation saved.
2025-08-20 02:55:26,556 | INFO     | Building metadata container for section sec_075_r0.788 …
2025-08-20 02:55:26,556 | INFO     | MetadataBin created.
2025-08-20 02:55:26,556 | INFO     | Composing SectionAnalysisResultSet …
2025-08-20 02:55:26,556 | INFO     | SectionAnalysisResultSet successfully built.
2025-08-20 02:55:26,556 | INFO     | Saving results to directory: C:\Users\samea\Desktop\geometry_tools\n_sections\results\analysis\2025-08-20_02-49-41\sec_075_r0.788
2025-08-20 02:55:26,556 | INFO     | Section analysis results successfully saved.
