2025-08-20 02:53:16,611 | INFO     | Logging initialized for ProcessSectionAnalysis
2025-08-20 02:53:16,611 | INFO     | Station sec_047_r0.540 [Analysis]: DXF=C:\Users\samea\Desktop\geometry_tools\n_sections\blade\sec_047_r0.540.dxf, twist=6.0°, origin: CP-proxy @ 33.0% chord
2025-08-20 02:53:16,611 | INFO     | Starting raw geometry processing …
2025-08-20 02:53:16,611 | INFO     | Instantiating RawGeometry for DXF: C:\Users\samea\Desktop\geometry_tools\n_sections\blade\sec_047_r0.540.dxf
2025-08-20 02:53:16,613 | INFO     | RawGeometry created successfully.
2025-08-20 02:53:16,613 | INFO     | Generating raw geometry plot …
2025-08-20 02:53:16,956 | INFO     | Raw geometry visualisation completed and saved.
2025-08-20 02:53:16,956 | INFO     | Processing and visualising aligned geometry …
2025-08-20 02:53:16,956 | INFO     | Instantiating ProcessedGeometry with spline/segment settings …
2025-08-20 02:53:16,956 | INFO     | ProcessedGeometry successfully instantiated.
2025-08-20 02:53:16,956 | INFO     | Extracting (pass-through orientation & origin): twist=6.0°, origin_mode=cop, cop_fraction=0.330, cx=0.01, cy=0.00, resample_exterior=True
2025-08-20 02:53:16,987 | INFO     | Geometry extracted (no twist/origin applied).
2025-08-20 02:53:16,987 | INFO     | Generating processed geometry visualisation with trailing edge zoom …
2025-08-20 02:53:18,130 | INFO     | Processed geometry preview saved -> C:\Users\samea\Desktop\geometry_tools\n_sections\results\analysis\2025-08-20_02-49-41\sec_047_r0.540\processed_sec_047_r0.540.png
2025-08-20 02:53:18,130 | INFO     | Launching convergence study pipeline …
2025-08-20 02:53:18,130 | INFO     | Starting section convergence study using 1 mesh sizes: [40.]
2025-08-20 02:53:20,349 | INFO     | ConvergenceStudy instantiated. Running results computation …
2025-08-20 02:53:20,349 | INFO     | Convergence study completed successfully.
2025-08-20 02:53:20,349 | INFO     | Creating convergence visualisation …
2025-08-20 02:53:21,006 | INFO     | Convergence visualisation saved.
2025-08-20 02:53:21,006 | INFO     | Building metadata container for section sec_047_r0.540 …
2025-08-20 02:53:21,006 | INFO     | MetadataBin created.
2025-08-20 02:53:21,006 | INFO     | Composing SectionAnalysisResultSet …
2025-08-20 02:53:21,006 | INFO     | SectionAnalysisResultSet successfully built.
2025-08-20 02:53:21,006 | INFO     | Saving results to directory: C:\Users\samea\Desktop\geometry_tools\n_sections\results\analysis\2025-08-20_02-49-41\sec_047_r0.540
2025-08-20 02:53:21,006 | INFO     | Section analysis results successfully saved.
