2025-08-21 03:44:49,630 | INFO     | Logging initialized for ProcessSectionAnalysis
2025-08-21 03:44:49,630 | INFO     | Station sec_007_r1.000 [Analysis]: DXF=C:\Users\samea\Desktop\geometry_tools\n_sections\blade\sec_007_r1.000.dxf, twist=0.3°, origin: CP-proxy @ 33.0% chord
2025-08-21 03:44:49,630 | INFO     | Starting raw geometry processing …
2025-08-21 03:44:49,630 | INFO     | Instantiating RawGeometry for DXF: C:\Users\samea\Desktop\geometry_tools\n_sections\blade\sec_007_r1.000.dxf
2025-08-21 03:44:49,631 | INFO     | RawGeometry created successfully.
2025-08-21 03:44:49,631 | INFO     | Generating raw geometry plot …
2025-08-21 03:44:49,954 | INFO     | Raw geometry visualisation completed and saved.
2025-08-21 03:44:49,954 | INFO     | Processing and visualising aligned geometry …
2025-08-21 03:44:49,955 | INFO     | Instantiating ProcessedGeometry with spline/segment settings …
2025-08-21 03:44:49,956 | INFO     | ProcessedGeometry successfully instantiated.
2025-08-21 03:44:49,956 | INFO     | Extracting (pass-through orientation & origin): twist=0.3°, origin_mode=cop, cop_fraction=0.330, cx=0.00, cy=0.00, resample_exterior=True
2025-08-21 03:44:49,997 | INFO     | Geometry extracted (no twist/origin applied).
2025-08-21 03:44:49,997 | INFO     | Generating processed geometry visualisation with trailing edge zoom …
2025-08-21 03:44:51,159 | INFO     | Processed geometry preview saved -> C:\Users\samea\Desktop\geometry_tools\n_sections\results\analysis\2025-08-21_03-44-16\sec_007_r1.000\processed_sec_007_r1.000.png
2025-08-21 03:44:51,159 | INFO     | Launching convergence study pipeline …
2025-08-21 03:44:51,159 | INFO     | Starting section convergence study using 1 mesh sizes: [40.]
2025-08-21 03:44:53,491 | INFO     | ConvergenceStudy instantiated. Running results computation …
2025-08-21 03:44:53,491 | INFO     | Convergence study completed successfully.
2025-08-21 03:44:53,491 | INFO     | Creating convergence visualisation …
2025-08-21 03:44:54,136 | INFO     | Convergence visualisation saved.
2025-08-21 03:44:54,136 | INFO     | Building metadata container for section sec_007_r1.000 …
2025-08-21 03:44:54,136 | INFO     | MetadataBin created.
2025-08-21 03:44:54,136 | INFO     | Composing SectionAnalysisResultSet …
2025-08-21 03:44:54,136 | INFO     | SectionAnalysisResultSet successfully built.
2025-08-21 03:44:54,136 | INFO     | Saving results to directory: C:\Users\samea\Desktop\geometry_tools\n_sections\results\analysis\2025-08-21_03-44-16\sec_007_r1.000
2025-08-21 03:44:54,138 | INFO     | Section analysis results successfully saved.
