2025-08-18 17:51:46,442 | INFO     | Logging initialized for ProcessSectionAnalysis
2025-08-18 17:51:46,443 | INFO     | Station Station_6 [Analysis]: DXF=\\mull.sms.ed.ac.uk\home\s1834431\Win7\Desktop\geometry_tools\n_sections\blade\Station_6.dxf, twist=6.9°, origin: CP-proxy @ 33.0% chord
2025-08-18 17:51:46,444 | INFO     | Starting raw geometry processing …
2025-08-18 17:51:46,444 | INFO     | Instantiating RawGeometry for DXF: \\mull.sms.ed.ac.uk\home\s1834431\Win7\Desktop\geometry_tools\n_sections\blade\Station_6.dxf
2025-08-18 17:51:46,454 | INFO     | RawGeometry created successfully.
2025-08-18 17:51:46,454 | INFO     | Generating raw geometry plot …
2025-08-18 17:51:46,799 | INFO     | Raw geometry visualisation completed and saved.
2025-08-18 17:51:46,802 | INFO     | Processing and visualising aligned geometry …
2025-08-18 17:51:46,802 | INFO     | Instantiating ProcessedGeometry with spline/segment settings …
2025-08-18 17:51:46,808 | INFO     | ProcessedGeometry successfully instantiated.
2025-08-18 17:51:46,809 | INFO     | Extracting + aligning: twist=6.9°, origin_mode=cop, cop_fraction=0.330, cx=0.00, cy=-0.01
2025-08-18 17:51:46,921 | INFO     | Geometry aligned and transformed successfully.
2025-08-18 17:51:46,922 | INFO     | Generating processed geometry visualisation with trailing edge zoom …
2025-08-18 17:51:47,487 | INFO     | Processed geometry preview saved -> \\mull.sms.ed.ac.uk\home\s1834431\Win7\Desktop\geometry_tools\n_sections\results\analysis\2025-08-18_17-51-37\Station_6\processed_Station_6.png
2025-08-18 17:51:47,488 | INFO     | Launching convergence study pipeline …
2025-08-18 17:51:47,488 | INFO     | Starting section convergence study using 3 mesh sizes: [40.  10.   2.5]
2025-08-18 17:51:49,966 | INFO     | ConvergenceStudy instantiated. Running results computation …
2025-08-18 17:51:49,967 | INFO     | Convergence study completed successfully.
2025-08-18 17:51:49,967 | INFO     | Creating convergence visualisation …
2025-08-18 17:51:50,828 | INFO     | Convergence visualisation saved.
2025-08-18 17:51:50,828 | INFO     | Building metadata container for section Station_6 …
2025-08-18 17:51:50,829 | INFO     | MetadataBin created.
2025-08-18 17:51:50,830 | INFO     | Composing SectionAnalysisResultSet …
2025-08-18 17:51:50,831 | INFO     | SectionAnalysisResultSet successfully built.
2025-08-18 17:51:50,831 | INFO     | Saving results to directory: \\mull.sms.ed.ac.uk\home\s1834431\Win7\Desktop\geometry_tools\n_sections\results\analysis\2025-08-18_17-51-37\Station_6
2025-08-18 17:51:50,858 | INFO     | Section analysis results successfully saved.
