2025-08-20 02:51:45,046 | INFO     | Logging initialized for ProcessSectionAnalysis
2025-08-20 02:51:45,046 | INFO     | Station sec_027_r0.364 [Analysis]: DXF=C:\Users\samea\Desktop\geometry_tools\n_sections\blade\sec_027_r0.364.dxf, twist=11.3°, origin: CP-proxy @ 33.0% chord
2025-08-20 02:51:45,061 | INFO     | Starting raw geometry processing …
2025-08-20 02:51:45,061 | INFO     | Instantiating RawGeometry for DXF: C:\Users\samea\Desktop\geometry_tools\n_sections\blade\sec_027_r0.364.dxf
2025-08-20 02:51:45,061 | INFO     | RawGeometry created successfully.
2025-08-20 02:51:45,061 | INFO     | Generating raw geometry plot …
2025-08-20 02:51:45,393 | INFO     | Raw geometry visualisation completed and saved.
2025-08-20 02:51:45,393 | INFO     | Processing and visualising aligned geometry …
2025-08-20 02:51:45,393 | INFO     | Instantiating ProcessedGeometry with spline/segment settings …
2025-08-20 02:51:45,393 | INFO     | ProcessedGeometry successfully instantiated.
2025-08-20 02:51:45,393 | INFO     | Extracting (pass-through orientation & origin): twist=11.3°, origin_mode=cop, cop_fraction=0.330, cx=0.01, cy=0.00, resample_exterior=True
2025-08-20 02:51:45,432 | INFO     | Geometry extracted (no twist/origin applied).
2025-08-20 02:51:45,432 | INFO     | Generating processed geometry visualisation with trailing edge zoom …
2025-08-20 02:51:46,549 | INFO     | Processed geometry preview saved -> C:\Users\samea\Desktop\geometry_tools\n_sections\results\analysis\2025-08-20_02-49-41\sec_027_r0.364\processed_sec_027_r0.364.png
2025-08-20 02:51:46,549 | INFO     | Launching convergence study pipeline …
2025-08-20 02:51:46,549 | INFO     | Starting section convergence study using 1 mesh sizes: [40.]
2025-08-20 02:51:48,892 | INFO     | ConvergenceStudy instantiated. Running results computation …
2025-08-20 02:51:48,892 | INFO     | Convergence study completed successfully.
2025-08-20 02:51:48,892 | INFO     | Creating convergence visualisation …
2025-08-20 02:51:49,574 | INFO     | Convergence visualisation saved.
2025-08-20 02:51:49,574 | INFO     | Building metadata container for section sec_027_r0.364 …
2025-08-20 02:51:49,574 | INFO     | MetadataBin created.
2025-08-20 02:51:49,574 | INFO     | Composing SectionAnalysisResultSet …
2025-08-20 02:51:49,574 | INFO     | SectionAnalysisResultSet successfully built.
2025-08-20 02:51:49,574 | INFO     | Saving results to directory: C:\Users\samea\Desktop\geometry_tools\n_sections\results\analysis\2025-08-20_02-49-41\sec_027_r0.364
2025-08-20 02:51:49,574 | INFO     | Section analysis results successfully saved.
