2025-07-31 13:32:24,410 - INFO - Logger initialized for ConvergenceStudy [Station_2]
2025-07-31 13:32:24,415 - INFO - Starting convergence study over 3 mesh sizes: [40.  10.   2.5]
2025-07-31 13:32:24,415 - INFO - [1/3] Processing mesh size h = 40
2025-07-31 13:32:24,415 - DEBUG - [Station_2_h40] Copying geometry and initiating meshing …
2025-07-31 13:32:24,474 - INFO - [Station_2_h40] Mesh created successfully
2025-07-31 13:32:24,474 - DEBUG - [Station_2_h40] Starting section property calculation …
2025-07-31 13:32:25,753 - ERROR - [Station_2_h40] Section analysis failed: can only concatenate list (not "NoneType") to list
Traceback (most recent call last):
  File "C:\Users\Sam Hughes\Desktop\geometry_tools\n_sections\analysis\convergence\convergence_study.py", line 126, in _analyse_section
    dxf_calc = SectionDXF(
               ^^^^^^^^^^^
  File "C:\Users\Sam Hughes\Desktop\geometry_tools\n_sections\analysis\geom_utils\section_dxf.py", line 60, in __init__
    self._extract_property_row()
  File "C:\Users\Sam Hughes\Desktop\geometry_tools\n_sections\analysis\geom_utils\section_dxf.py", line 119, in _extract_property_row
    self.row = row + results["bounds"] + results["geometric"] + results["warping_shear"] + results["derived"]
               ~~~~~~~~~~~~~~~~~~~~~~~~~~~~~~~~~~~~~~~~~~~~~~~~~~~~~~~~~~~~~~~~~~~~~~~~~~^~~~~~~~~~~~~~~~~~~~
TypeError: can only concatenate list (not "NoneType") to list
2025-07-31 13:32:25,754 - WARNING - [Station_2_h40] Skipped due to section analysis failure.
2025-07-31 13:32:25,754 - INFO - [2/3] Processing mesh size h = 10
2025-07-31 13:32:25,755 - DEBUG - [Station_2_h10] Copying geometry and initiating meshing …
2025-07-31 13:32:25,764 - INFO - [Station_2_h10] Mesh created successfully
2025-07-31 13:32:25,764 - DEBUG - [Station_2_h10] Starting section property calculation …
2025-07-31 13:32:26,459 - ERROR - [Station_2_h10] Section analysis failed: can only concatenate list (not "NoneType") to list
Traceback (most recent call last):
  File "C:\Users\Sam Hughes\Desktop\geometry_tools\n_sections\analysis\convergence\convergence_study.py", line 126, in _analyse_section
    dxf_calc = SectionDXF(
               ^^^^^^^^^^^
  File "C:\Users\Sam Hughes\Desktop\geometry_tools\n_sections\analysis\geom_utils\section_dxf.py", line 60, in __init__
    self._extract_property_row()
  File "C:\Users\Sam Hughes\Desktop\geometry_tools\n_sections\analysis\geom_utils\section_dxf.py", line 119, in _extract_property_row
    self.row = row + results["bounds"] + results["geometric"] + results["warping_shear"] + results["derived"]
               ~~~~~~~~~~~~~~~~~~~~~~~~~~~~~~~~~~~~~~~~~~~~~~~~~~~~~~~~~~~~~~~~~~~~~~~~~~^~~~~~~~~~~~~~~~~~~~
TypeError: can only concatenate list (not "NoneType") to list
2025-07-31 13:32:26,459 - WARNING - [Station_2_h10] Skipped due to section analysis failure.
2025-07-31 13:32:26,459 - INFO - [3/3] Processing mesh size h = 2.5
2025-07-31 13:32:26,459 - DEBUG - [Station_2_h2.5] Copying geometry and initiating meshing …
2025-07-31 13:32:26,466 - INFO - [Station_2_h2.5] Mesh created successfully
2025-07-31 13:32:26,466 - DEBUG - [Station_2_h2.5] Starting section property calculation …
2025-07-31 13:32:27,166 - ERROR - [Station_2_h2.5] Section analysis failed: can only concatenate list (not "NoneType") to list
Traceback (most recent call last):
  File "C:\Users\Sam Hughes\Desktop\geometry_tools\n_sections\analysis\convergence\convergence_study.py", line 126, in _analyse_section
    dxf_calc = SectionDXF(
               ^^^^^^^^^^^
  File "C:\Users\Sam Hughes\Desktop\geometry_tools\n_sections\analysis\geom_utils\section_dxf.py", line 60, in __init__
    self._extract_property_row()
  File "C:\Users\Sam Hughes\Desktop\geometry_tools\n_sections\analysis\geom_utils\section_dxf.py", line 119, in _extract_property_row
    self.row = row + results["bounds"] + results["geometric"] + results["warping_shear"] + results["derived"]
               ~~~~~~~~~~~~~~~~~~~~~~~~~~~~~~~~~~~~~~~~~~~~~~~~~~~~~~~~~~~~~~~~~~~~~~~~~~^~~~~~~~~~~~~~~~~~~~
TypeError: can only concatenate list (not "NoneType") to list
2025-07-31 13:32:27,174 - WARNING - [Station_2_h2.5] Skipped due to section analysis failure.
2025-07-31 13:32:27,174 - INFO - Convergence study completed: 0 successful, 3 attempted
