2025-08-20 02:51:58,541 | INFO     | Logging initialized for ProcessSectionAnalysis
2025-08-20 02:51:58,541 | INFO     | Station sec_030_r0.390 [Analysis]: DXF=C:\Users\samea\Desktop\geometry_tools\n_sections\blade\sec_030_r0.390.dxf, twist=10.3°, origin: CP-proxy @ 33.0% chord
2025-08-20 02:51:58,541 | INFO     | Starting raw geometry processing …
2025-08-20 02:51:58,541 | INFO     | Instantiating RawGeometry for DXF: C:\Users\samea\Desktop\geometry_tools\n_sections\blade\sec_030_r0.390.dxf
2025-08-20 02:51:58,543 | INFO     | RawGeometry created successfully.
2025-08-20 02:51:58,543 | INFO     | Generating raw geometry plot …
2025-08-20 02:51:58,858 | INFO     | Raw geometry visualisation completed and saved.
2025-08-20 02:51:58,858 | INFO     | Processing and visualising aligned geometry …
2025-08-20 02:51:58,858 | INFO     | Instantiating ProcessedGeometry with spline/segment settings …
2025-08-20 02:51:58,858 | INFO     | ProcessedGeometry successfully instantiated.
2025-08-20 02:51:58,858 | INFO     | Extracting (pass-through orientation & origin): twist=10.3°, origin_mode=cop, cop_fraction=0.330, cx=0.01, cy=0.00, resample_exterior=True
2025-08-20 02:51:58,887 | INFO     | Geometry extracted (no twist/origin applied).
2025-08-20 02:51:58,887 | INFO     | Generating processed geometry visualisation with trailing edge zoom …
2025-08-20 02:52:00,011 | INFO     | Processed geometry preview saved -> C:\Users\samea\Desktop\geometry_tools\n_sections\results\analysis\2025-08-20_02-49-41\sec_030_r0.390\processed_sec_030_r0.390.png
2025-08-20 02:52:00,011 | INFO     | Launching convergence study pipeline …
2025-08-20 02:52:00,011 | INFO     | Starting section convergence study using 1 mesh sizes: [40.]
2025-08-20 02:52:02,333 | INFO     | ConvergenceStudy instantiated. Running results computation …
2025-08-20 02:52:02,333 | INFO     | Convergence study completed successfully.
2025-08-20 02:52:02,333 | INFO     | Creating convergence visualisation …
2025-08-20 02:52:02,972 | INFO     | Convergence visualisation saved.
2025-08-20 02:52:02,972 | INFO     | Building metadata container for section sec_030_r0.390 …
2025-08-20 02:52:02,972 | INFO     | MetadataBin created.
2025-08-20 02:52:02,972 | INFO     | Composing SectionAnalysisResultSet …
2025-08-20 02:52:02,972 | INFO     | SectionAnalysisResultSet successfully built.
2025-08-20 02:52:02,972 | INFO     | Saving results to directory: C:\Users\samea\Desktop\geometry_tools\n_sections\results\analysis\2025-08-20_02-49-41\sec_030_r0.390
2025-08-20 02:52:02,972 | INFO     | Section analysis results successfully saved.
