2025-08-20 02:31:52,491 - INFO - Logger initialized for ConvergenceStudy [sec_014_r0.249]
2025-08-20 02:31:52,491 - INFO - Starting convergence study over 3 mesh sizes: [40.  10.   2.5]
2025-08-20 02:31:52,492 - INFO - [1/3] Processing mesh size h = 40
2025-08-20 02:31:52,492 - DEBUG - [sec_014_r0.249_h40] Copying geometry and initiating meshing …
2025-08-20 02:31:52,505 - INFO - [sec_014_r0.249_h40] Mesh created successfully
2025-08-20 02:31:52,506 - DEBUG - [sec_014_r0.249_h40] Starting section property calculation …
2025-08-20 02:31:53,845 - DEBUG - [sec_014_r0.249_h40] Section analysis row returned
2025-08-20 02:31:53,847 - INFO - [sec_014_r0.249_h40] Section analysis completed successfully.
2025-08-20 02:31:53,848 - INFO - [2/3] Processing mesh size h = 10
2025-08-20 02:31:53,848 - DEBUG - [sec_014_r0.249_h10] Copying geometry and initiating meshing …
2025-08-20 02:31:53,858 - INFO - [sec_014_r0.249_h10] Mesh created successfully
2025-08-20 02:31:53,858 - DEBUG - [sec_014_r0.249_h10] Starting section property calculation …
2025-08-20 02:31:54,685 - DEBUG - [sec_014_r0.249_h10] Section analysis row returned
2025-08-20 02:31:54,685 - INFO - [sec_014_r0.249_h10] Section analysis completed successfully.
2025-08-20 02:31:54,685 - INFO - [3/3] Processing mesh size h = 2.5
2025-08-20 02:31:54,685 - DEBUG - [sec_014_r0.249_h2.5] Copying geometry and initiating meshing …
2025-08-20 02:31:54,771 - INFO - [sec_014_r0.249_h2.5] Mesh created successfully
2025-08-20 02:31:54,771 - DEBUG - [sec_014_r0.249_h2.5] Starting section property calculation …
2025-08-20 02:31:55,597 - DEBUG - [sec_014_r0.249_h2.5] Section analysis row returned
2025-08-20 02:31:55,613 - INFO - [sec_014_r0.249_h2.5] Section analysis completed successfully.
2025-08-20 02:31:55,614 - INFO - Convergence study completed: 3 successful, 3 attempted
2025-08-20 02:31:55,614 - INFO - Generating convergence visualisation …
2025-08-20 02:31:57,204 - INFO - Convergence visualisation completed.
