2025-08-20 02:31:51,005 | INFO     | Logging initialized for ProcessSectionAnalysis
2025-08-20 02:31:51,005 | INFO     | Station sec_014_r0.249 [Analysis]: DXF=C:\Users\samea\Desktop\geometry_tools\n_sections\blade\sec_014_r0.249.dxf, twist=18.8°, origin: CP-proxy @ 33.0% chord
2025-08-20 02:31:51,005 | INFO     | Starting raw geometry processing …
2025-08-20 02:31:51,005 | INFO     | Instantiating RawGeometry for DXF: C:\Users\samea\Desktop\geometry_tools\n_sections\blade\sec_014_r0.249.dxf
2025-08-20 02:31:51,005 | INFO     | RawGeometry created successfully.
2025-08-20 02:31:51,005 | INFO     | Generating raw geometry plot …
2025-08-20 02:31:51,340 | INFO     | Raw geometry visualisation completed and saved.
2025-08-20 02:31:51,340 | INFO     | Processing and visualising aligned geometry …
2025-08-20 02:31:51,340 | INFO     | Instantiating ProcessedGeometry with spline/segment settings …
2025-08-20 02:31:51,340 | INFO     | ProcessedGeometry successfully instantiated.
2025-08-20 02:31:51,340 | INFO     | Extracting + aligning: twist=18.8°, origin_mode=cop, cop_fraction=0.330, cx=0.01, cy=0.01
2025-08-20 02:31:51,384 | INFO     | Geometry aligned and transformed successfully.
2025-08-20 02:31:51,384 | INFO     | Generating processed geometry visualisation with trailing edge zoom …
2025-08-20 02:31:52,490 | INFO     | Processed geometry preview saved -> C:\Users\samea\Desktop\geometry_tools\n_sections\results\analysis\2025-08-20_02-29-55\sec_014_r0.249\processed_sec_014_r0.249.png
2025-08-20 02:31:52,490 | INFO     | Launching convergence study pipeline …
2025-08-20 02:31:52,490 | INFO     | Starting section convergence study using 3 mesh sizes: [40.  10.   2.5]
2025-08-20 02:31:57,204 | INFO     | ConvergenceStudy instantiated. Running results computation …
2025-08-20 02:31:57,204 | INFO     | Convergence study completed successfully.
2025-08-20 02:31:57,204 | INFO     | Creating convergence visualisation …
2025-08-20 02:31:59,153 | INFO     | Convergence visualisation saved.
2025-08-20 02:31:59,153 | INFO     | Building metadata container for section sec_014_r0.249 …
2025-08-20 02:31:59,153 | INFO     | MetadataBin created.
2025-08-20 02:31:59,153 | INFO     | Composing SectionAnalysisResultSet …
2025-08-20 02:31:59,153 | INFO     | SectionAnalysisResultSet successfully built.
2025-08-20 02:31:59,153 | INFO     | Saving results to directory: C:\Users\samea\Desktop\geometry_tools\n_sections\results\analysis\2025-08-20_02-29-55\sec_014_r0.249
2025-08-20 02:31:59,153 | INFO     | Section analysis results successfully saved.
