2025-08-20 02:53:43,845 | INFO     | Logging initialized for ProcessSectionAnalysis
2025-08-20 02:53:43,845 | INFO     | Station sec_053_r0.593 [Analysis]: DXF=C:\Users\samea\Desktop\geometry_tools\n_sections\blade\sec_053_r0.593.dxf, twist=4.9°, origin: CP-proxy @ 33.0% chord
2025-08-20 02:53:43,845 | INFO     | Starting raw geometry processing …
2025-08-20 02:53:43,845 | INFO     | Instantiating RawGeometry for DXF: C:\Users\samea\Desktop\geometry_tools\n_sections\blade\sec_053_r0.593.dxf
2025-08-20 02:53:43,845 | INFO     | RawGeometry created successfully.
2025-08-20 02:53:43,845 | INFO     | Generating raw geometry plot …
2025-08-20 02:53:44,209 | INFO     | Raw geometry visualisation completed and saved.
2025-08-20 02:53:44,209 | INFO     | Processing and visualising aligned geometry …
2025-08-20 02:53:44,209 | INFO     | Instantiating ProcessedGeometry with spline/segment settings …
2025-08-20 02:53:44,209 | INFO     | ProcessedGeometry successfully instantiated.
2025-08-20 02:53:44,209 | INFO     | Extracting (pass-through orientation & origin): twist=4.9°, origin_mode=cop, cop_fraction=0.330, cx=0.01, cy=0.00, resample_exterior=True
2025-08-20 02:53:44,244 | INFO     | Geometry extracted (no twist/origin applied).
2025-08-20 02:53:44,244 | INFO     | Generating processed geometry visualisation with trailing edge zoom …
2025-08-20 02:53:45,381 | INFO     | Processed geometry preview saved -> C:\Users\samea\Desktop\geometry_tools\n_sections\results\analysis\2025-08-20_02-49-41\sec_053_r0.593\processed_sec_053_r0.593.png
2025-08-20 02:53:45,381 | INFO     | Launching convergence study pipeline …
2025-08-20 02:53:45,381 | INFO     | Starting section convergence study using 1 mesh sizes: [40.]
2025-08-20 02:53:47,863 | INFO     | ConvergenceStudy instantiated. Running results computation …
2025-08-20 02:53:47,863 | INFO     | Convergence study completed successfully.
2025-08-20 02:53:47,863 | INFO     | Creating convergence visualisation …
2025-08-20 02:53:48,559 | INFO     | Convergence visualisation saved.
2025-08-20 02:53:48,559 | INFO     | Building metadata container for section sec_053_r0.593 …
2025-08-20 02:53:48,559 | INFO     | MetadataBin created.
2025-08-20 02:53:48,559 | INFO     | Composing SectionAnalysisResultSet …
2025-08-20 02:53:48,559 | INFO     | SectionAnalysisResultSet successfully built.
2025-08-20 02:53:48,559 | INFO     | Saving results to directory: C:\Users\samea\Desktop\geometry_tools\n_sections\results\analysis\2025-08-20_02-49-41\sec_053_r0.593
2025-08-20 02:53:48,561 | INFO     | Section analysis results successfully saved.
