2025-08-20 02:52:16,862 | INFO     | Logging initialized for ProcessSectionAnalysis
2025-08-20 02:52:16,862 | INFO     | Station sec_034_r0.426 [Analysis]: DXF=C:\Users\samea\Desktop\geometry_tools\n_sections\blade\sec_034_r0.426.dxf, twist=9.0°, origin: CP-proxy @ 33.0% chord
2025-08-20 02:52:16,862 | INFO     | Starting raw geometry processing …
2025-08-20 02:52:16,862 | INFO     | Instantiating RawGeometry for DXF: C:\Users\samea\Desktop\geometry_tools\n_sections\blade\sec_034_r0.426.dxf
2025-08-20 02:52:16,863 | INFO     | RawGeometry created successfully.
2025-08-20 02:52:16,863 | INFO     | Generating raw geometry plot …
2025-08-20 02:52:17,187 | INFO     | Raw geometry visualisation completed and saved.
2025-08-20 02:52:17,188 | INFO     | Processing and visualising aligned geometry …
2025-08-20 02:52:17,188 | INFO     | Instantiating ProcessedGeometry with spline/segment settings …
2025-08-20 02:52:17,189 | INFO     | ProcessedGeometry successfully instantiated.
2025-08-20 02:52:17,189 | INFO     | Extracting (pass-through orientation & origin): twist=9.0°, origin_mode=cop, cop_fraction=0.330, cx=0.01, cy=0.00, resample_exterior=True
2025-08-20 02:52:17,211 | INFO     | Geometry extracted (no twist/origin applied).
2025-08-20 02:52:17,211 | INFO     | Generating processed geometry visualisation with trailing edge zoom …
2025-08-20 02:52:18,647 | INFO     | Processed geometry preview saved -> C:\Users\samea\Desktop\geometry_tools\n_sections\results\analysis\2025-08-20_02-49-41\sec_034_r0.426\processed_sec_034_r0.426.png
2025-08-20 02:52:18,647 | INFO     | Launching convergence study pipeline …
2025-08-20 02:52:18,647 | INFO     | Starting section convergence study using 1 mesh sizes: [40.]
2025-08-20 02:52:20,864 | INFO     | ConvergenceStudy instantiated. Running results computation …
2025-08-20 02:52:20,864 | INFO     | Convergence study completed successfully.
2025-08-20 02:52:20,864 | INFO     | Creating convergence visualisation …
2025-08-20 02:52:21,626 | INFO     | Convergence visualisation saved.
2025-08-20 02:52:21,626 | INFO     | Building metadata container for section sec_034_r0.426 …
2025-08-20 02:52:21,626 | INFO     | MetadataBin created.
2025-08-20 02:52:21,626 | INFO     | Composing SectionAnalysisResultSet …
2025-08-20 02:52:21,626 | INFO     | SectionAnalysisResultSet successfully built.
2025-08-20 02:52:21,626 | INFO     | Saving results to directory: C:\Users\samea\Desktop\geometry_tools\n_sections\results\analysis\2025-08-20_02-49-41\sec_034_r0.426
2025-08-20 02:52:21,628 | INFO     | Section analysis results successfully saved.
