2025-07-29 15:07:30,320 - INFO - [Station_12] Geometry meshed with mesh_sizes=0.5.
2025-07-29 15:07:30,720 - INFO - [Station_12] Actual centroid: (0.0131, 0.0012)
2025-07-29 15:07:30,720 - INFO - [Station_12] Desired centroid: (0.0011, -0.0045)
2025-07-29 15:07:30,720 - INFO - [Station_12] Applying translation dx=-0.0121, dy=-0.0057
2025-07-29 15:07:30,720 - INFO - [Station_12] Section translated.
2025-07-29 15:07:30,720 - INFO - Processed and aligned geometry extracted for Station_12
2025-07-29 15:07:31,485 - INFO - Processed geometry preview saved -> C:\Users\Sam Hughes\Desktop\geometry_tools\n_sections\results\analysis\Station_12\processed_Station_12.png
2025-07-29 15:07:31,485 - INFO - Starting section convergence study …
2025-07-29 15:07:31,485 - INFO - [1/5] Meshing Station_12 with h = 40
2025-07-29 15:07:31,487 - INFO - [Station_12_h40] Meshing with target h = 40 …
2025-07-29 15:07:31,488 - WARNING - [Station_12_h40] 387 sliver triangles removed
2025-07-29 15:07:31,488 - INFO - [Station_12_h40] mesh ok | nodes=4167 elems=1462 | A[min=1e-08 max=1.1e-06 mean=1.3e-07 med=8.48e-08] | q[min=0.603 max=1.000 mean=0.883]
2025-07-29 15:07:31,561 - INFO - [Station_12_h40] Starting geometric analysis...
2025-07-29 15:07:31,897 - ERROR - [Station_12_h40] Geometric analysis failed: unsupported operand type(s) for *: 'NoneType' and 'float'
Traceback (most recent call last):
  File "C:\Users\Sam Hughes\Desktop\geometry_tools\n_sections\analysis\geom_utils\section_dxf.py", line 97, in _geometric_analysis
    sx * M3_TO_MM3, sy * M3_TO_MM3,
    ~~~^~~~~~~~~~~
TypeError: unsupported operand type(s) for *: 'NoneType' and 'float'
2025-07-29 15:07:31,897 - INFO - [Station_12_h40] Starting warping analysis...
2025-07-29 15:07:32,705 - ERROR - [Station_12_h40] Warping analysis failed: unsupported operand type(s) for *: 'NoneType' and 'float'
Traceback (most recent call last):
  File "C:\Users\Sam Hughes\Desktop\geometry_tools\n_sections\analysis\geom_utils\section_dxf.py", line 122, in _warping_analysis
    cw * M6_TO_MM6,
    ~~~^~~~~~~~~~~
TypeError: unsupported operand type(s) for *: 'NoneType' and 'float'
2025-07-29 15:07:32,705 - ERROR - [Station_12_h40] Geometric analysis failed — skipping values.
2025-07-29 15:07:32,705 - ERROR - [Station_12_h40] Warping analysis failed — skipping values.
2025-07-29 15:07:32,705 - INFO - [Station_12_h40] SectionDXF row assembled with partial success.
2025-07-29 15:07:32,705 - INFO - [2/5] Meshing Station_12 with h = 10
2025-07-29 15:07:32,705 - INFO - [Station_12_h10] Meshing with target h = 10 …
2025-07-29 15:07:32,724 - WARNING - [Station_12_h10] 387 sliver triangles removed
2025-07-29 15:07:32,725 - INFO - [Station_12_h10] mesh ok | nodes=4167 elems=1462 | A[min=1e-08 max=1.1e-06 mean=1.3e-07 med=8.48e-08] | q[min=0.603 max=1.000 mean=0.883]
2025-07-29 15:07:32,790 - INFO - [Station_12_h10] Starting geometric analysis...
2025-07-29 15:07:32,888 - ERROR - [Station_12_h10] Geometric analysis failed: unsupported operand type(s) for *: 'NoneType' and 'float'
Traceback (most recent call last):
  File "C:\Users\Sam Hughes\Desktop\geometry_tools\n_sections\analysis\geom_utils\section_dxf.py", line 97, in _geometric_analysis
    sx * M3_TO_MM3, sy * M3_TO_MM3,
    ~~~^~~~~~~~~~~
TypeError: unsupported operand type(s) for *: 'NoneType' and 'float'
2025-07-29 15:07:32,888 - INFO - [Station_12_h10] Starting warping analysis...
2025-07-29 15:07:33,456 - ERROR - [Station_12_h10] Warping analysis failed: unsupported operand type(s) for *: 'NoneType' and 'float'
Traceback (most recent call last):
  File "C:\Users\Sam Hughes\Desktop\geometry_tools\n_sections\analysis\geom_utils\section_dxf.py", line 122, in _warping_analysis
    cw * M6_TO_MM6,
    ~~~^~~~~~~~~~~
TypeError: unsupported operand type(s) for *: 'NoneType' and 'float'
2025-07-29 15:07:33,457 - ERROR - [Station_12_h10] Geometric analysis failed — skipping values.
2025-07-29 15:07:33,457 - ERROR - [Station_12_h10] Warping analysis failed — skipping values.
2025-07-29 15:07:33,458 - INFO - [Station_12_h10] SectionDXF row assembled with partial success.
2025-07-29 15:07:33,459 - INFO - [3/5] Meshing Station_12 with h = 2.5
2025-07-29 15:07:33,459 - INFO - [Station_12_h2.5] Meshing with target h = 2.5 …
2025-07-29 15:07:33,459 - WARNING - [Station_12_h2.5] 387 sliver triangles removed
2025-07-29 15:07:33,459 - INFO - [Station_12_h2.5] mesh ok | nodes=4167 elems=1462 | A[min=1e-08 max=1.1e-06 mean=1.3e-07 med=8.48e-08] | q[min=0.603 max=1.000 mean=0.883]
2025-07-29 15:07:33,587 - INFO - [Station_12_h2.5] Starting geometric analysis...
2025-07-29 15:07:33,688 - ERROR - [Station_12_h2.5] Geometric analysis failed: unsupported operand type(s) for *: 'NoneType' and 'float'
Traceback (most recent call last):
  File "C:\Users\Sam Hughes\Desktop\geometry_tools\n_sections\analysis\geom_utils\section_dxf.py", line 97, in _geometric_analysis
    sx * M3_TO_MM3, sy * M3_TO_MM3,
    ~~~^~~~~~~~~~~
TypeError: unsupported operand type(s) for *: 'NoneType' and 'float'
2025-07-29 15:07:33,688 - INFO - [Station_12_h2.5] Starting warping analysis...
2025-07-29 15:07:34,240 - ERROR - [Station_12_h2.5] Warping analysis failed: unsupported operand type(s) for *: 'NoneType' and 'float'
Traceback (most recent call last):
  File "C:\Users\Sam Hughes\Desktop\geometry_tools\n_sections\analysis\geom_utils\section_dxf.py", line 122, in _warping_analysis
    cw * M6_TO_MM6,
    ~~~^~~~~~~~~~~
TypeError: unsupported operand type(s) for *: 'NoneType' and 'float'
2025-07-29 15:07:34,240 - ERROR - [Station_12_h2.5] Geometric analysis failed — skipping values.
2025-07-29 15:07:34,240 - ERROR - [Station_12_h2.5] Warping analysis failed — skipping values.
2025-07-29 15:07:34,240 - INFO - [Station_12_h2.5] SectionDXF row assembled with partial success.
2025-07-29 15:07:34,240 - INFO - [4/5] Meshing Station_12 with h = 0.625
2025-07-29 15:07:34,240 - INFO - [Station_12_h0.625] Meshing with target h = 0.625 …
2025-07-29 15:07:34,256 - WARNING - [Station_12_h0.625] 387 sliver triangles removed
2025-07-29 15:07:34,256 - INFO - [Station_12_h0.625] mesh ok | nodes=4167 elems=1462 | A[min=1e-08 max=1.1e-06 mean=1.3e-07 med=8.48e-08] | q[min=0.603 max=1.000 mean=0.883]
2025-07-29 15:07:34,329 - INFO - [Station_12_h0.625] Starting geometric analysis...
2025-07-29 15:07:34,424 - ERROR - [Station_12_h0.625] Geometric analysis failed: unsupported operand type(s) for *: 'NoneType' and 'float'
Traceback (most recent call last):
  File "C:\Users\Sam Hughes\Desktop\geometry_tools\n_sections\analysis\geom_utils\section_dxf.py", line 97, in _geometric_analysis
    sx * M3_TO_MM3, sy * M3_TO_MM3,
    ~~~^~~~~~~~~~~
TypeError: unsupported operand type(s) for *: 'NoneType' and 'float'
2025-07-29 15:07:34,424 - INFO - [Station_12_h0.625] Starting warping analysis...
2025-07-29 15:07:34,973 - ERROR - [Station_12_h0.625] Warping analysis failed: unsupported operand type(s) for *: 'NoneType' and 'float'
Traceback (most recent call last):
  File "C:\Users\Sam Hughes\Desktop\geometry_tools\n_sections\analysis\geom_utils\section_dxf.py", line 122, in _warping_analysis
    cw * M6_TO_MM6,
    ~~~^~~~~~~~~~~
TypeError: unsupported operand type(s) for *: 'NoneType' and 'float'
2025-07-29 15:07:34,973 - ERROR - [Station_12_h0.625] Geometric analysis failed — skipping values.
2025-07-29 15:07:34,973 - ERROR - [Station_12_h0.625] Warping analysis failed — skipping values.
2025-07-29 15:07:34,973 - INFO - [Station_12_h0.625] SectionDXF row assembled with partial success.
2025-07-29 15:07:34,989 - INFO - [5/5] Meshing Station_12 with h = 0.1562
2025-07-29 15:07:34,989 - INFO - [Station_12_h0.1562] Meshing with target h = 0.1562 …
2025-07-29 15:07:34,990 - WARNING - [Station_12_h0.1562] 387 sliver triangles removed
2025-07-29 15:07:34,990 - INFO - [Station_12_h0.1562] mesh ok | nodes=4167 elems=1462 | A[min=1e-08 max=1.1e-06 mean=1.3e-07 med=8.48e-08] | q[min=0.603 max=1.000 mean=0.883]
2025-07-29 15:07:35,065 - INFO - [Station_12_h0.1562] Starting geometric analysis...
2025-07-29 15:07:35,165 - ERROR - [Station_12_h0.1562] Geometric analysis failed: unsupported operand type(s) for *: 'NoneType' and 'float'
Traceback (most recent call last):
  File "C:\Users\Sam Hughes\Desktop\geometry_tools\n_sections\analysis\geom_utils\section_dxf.py", line 97, in _geometric_analysis
    sx * M3_TO_MM3, sy * M3_TO_MM3,
    ~~~^~~~~~~~~~~
TypeError: unsupported operand type(s) for *: 'NoneType' and 'float'
2025-07-29 15:07:35,166 - INFO - [Station_12_h0.1562] Starting warping analysis...
2025-07-29 15:07:35,724 - ERROR - [Station_12_h0.1562] Warping analysis failed: unsupported operand type(s) for *: 'NoneType' and 'float'
Traceback (most recent call last):
  File "C:\Users\Sam Hughes\Desktop\geometry_tools\n_sections\analysis\geom_utils\section_dxf.py", line 122, in _warping_analysis
    cw * M6_TO_MM6,
    ~~~^~~~~~~~~~~
TypeError: unsupported operand type(s) for *: 'NoneType' and 'float'
2025-07-29 15:07:35,724 - ERROR - [Station_12_h0.1562] Geometric analysis failed — skipping values.
2025-07-29 15:07:35,724 - ERROR - [Station_12_h0.1562] Warping analysis failed — skipping values.
2025-07-29 15:07:35,724 - INFO - [Station_12_h0.1562] SectionDXF row assembled with partial success.
2025-07-29 15:07:35,724 - INFO - Convergence study completed: 5 valid results out of 5
2025-07-29 15:07:36,324 - INFO - Global batch 1 saved -> C:\Users\Sam Hughes\Desktop\geometry_tools\n_sections\results\analysis\Station_12\mesh_conv_Station_12_batch1_global.png
2025-07-29 15:07:36,971 - INFO - Local batch 1 saved -> C:\Users\Sam Hughes\Desktop\geometry_tools\n_sections\results\analysis\Station_12\mesh_conv_Station_12_batch1_local.png
2025-07-29 15:07:37,389 - INFO - Global batch 2 saved -> C:\Users\Sam Hughes\Desktop\geometry_tools\n_sections\results\analysis\Station_12\mesh_conv_Station_12_batch2_global.png
2025-07-29 15:07:37,838 - INFO - Local batch 2 saved -> C:\Users\Sam Hughes\Desktop\geometry_tools\n_sections\results\analysis\Station_12\mesh_conv_Station_12_batch2_local.png
2025-07-29 15:07:38,428 - INFO - Global batch 1 saved -> C:\Users\Sam Hughes\Desktop\geometry_tools\n_sections\results\analysis\Station_12\mesh_conv_Station_12_batch1_global.png
2025-07-29 15:07:39,087 - INFO - Local batch 1 saved -> C:\Users\Sam Hughes\Desktop\geometry_tools\n_sections\results\analysis\Station_12\mesh_conv_Station_12_batch1_local.png
2025-07-29 15:07:39,482 - INFO - Global batch 2 saved -> C:\Users\Sam Hughes\Desktop\geometry_tools\n_sections\results\analysis\Station_12\mesh_conv_Station_12_batch2_global.png
2025-07-29 15:07:39,992 - INFO - Local batch 2 saved -> C:\Users\Sam Hughes\Desktop\geometry_tools\n_sections\results\analysis\Station_12\mesh_conv_Station_12_batch2_local.png
2025-07-29 15:07:39,992 - INFO - Section analysis result set saved
2025-07-29 15:07:39,992 - INFO - Station Station_14 [Analysis]: DXF=C:\Users\Sam Hughes\Desktop\geometry_tools\n_sections\blade\Station_14.dxf, twist=0.3°, centroid=(0.00, -0.00)
2025-07-29 15:07:39,992 - INFO - Reading DXF file: C:\Users\Sam Hughes\Desktop\geometry_tools\n_sections\blade\Station_14.dxf
2025-07-29 15:07:40,012 - INFO - DXF version upgrade to DXF R2000.
2025-07-29 15:07:40,015 - INFO - creating ACAD_COLOR dictionary
2025-07-29 15:07:40,015 - INFO - creating ACAD_PLOTSTYLENAME dictionary
2025-07-29 15:07:40,015 - INFO - creating ACAD_TABLESTYLE dictionary
2025-07-29 15:07:40,015 - INFO - Raw geometry extraction complete. 52 drawable entities parsed.
2025-07-29 15:07:40,087 - INFO - Plotting 52 DXF entities for preview...
2025-07-29 15:07:40,242 - INFO - Raw preview saved -> C:\Users\Sam Hughes\Desktop\geometry_tools\n_sections\results\analysis\Station_14\raw_Station_14.png
2025-07-29 15:07:40,242 - INFO - [Station_14] Importing DXF: 'C:\Users\Sam Hughes\Desktop\geometry_tools\n_sections\blade\Station_14.dxf'
2025-07-29 15:07:40,258 - INFO - DXF version upgrade to DXF R2000.
2025-07-29 15:07:40,271 - INFO - creating ACAD_COLOR dictionary
2025-07-29 15:07:40,271 - INFO - creating ACAD_PLOTSTYLENAME dictionary
2025-07-29 15:07:40,271 - INFO - creating ACAD_TABLESTYLE dictionary
2025-07-29 15:07:40,273 - INFO - cleanup is depreciated BTW. Use the polygonize function instead
2025-07-29 15:07:40,343 - INFO - Zipped 73 points
2025-07-29 15:07:40,359 - INFO - [Station_14] Geometry meshed with mesh_sizes=0.5.
2025-07-29 15:07:40,758 - INFO - [Station_14] Actual centroid: (0.0178, 0.0006)
2025-07-29 15:07:40,758 - INFO - [Station_14] Desired centroid: (0.0008, -0.0024)
2025-07-29 15:07:40,758 - INFO - [Station_14] Applying translation dx=-0.0169, dy=-0.0031
2025-07-29 15:07:40,758 - INFO - [Station_14] Section translated.
2025-07-29 15:07:40,758 - INFO - Processed and aligned geometry extracted for Station_14
2025-07-29 15:07:41,509 - INFO - Processed geometry preview saved -> C:\Users\Sam Hughes\Desktop\geometry_tools\n_sections\results\analysis\Station_14\processed_Station_14.png
2025-07-29 15:07:41,509 - INFO - Starting section convergence study …
2025-07-29 15:07:41,509 - INFO - [1/5] Meshing Station_14 with h = 40
2025-07-29 15:07:41,524 - INFO - [Station_14_h40] Meshing with target h = 40 …
2025-07-29 15:07:41,529 - WARNING - [Station_14_h40] 464 sliver triangles removed
2025-07-29 15:07:41,529 - INFO - [Station_14_h40] mesh ok | nodes=4042 elems=1345 | A[min=1e-08 max=1.11e-06 mean=1.29e-07 med=6.68e-08] | q[min=0.601 max=1.000 mean=0.878]
2025-07-29 15:07:41,594 - INFO - [Station_14_h40] Starting geometric analysis...
2025-07-29 15:07:41,973 - ERROR - [Station_14_h40] Geometric analysis failed: unsupported operand type(s) for *: 'NoneType' and 'float'
Traceback (most recent call last):
  File "C:\Users\Sam Hughes\Desktop\geometry_tools\n_sections\analysis\geom_utils\section_dxf.py", line 97, in _geometric_analysis
    sx * M3_TO_MM3, sy * M3_TO_MM3,
    ~~~^~~~~~~~~~~
TypeError: unsupported operand type(s) for *: 'NoneType' and 'float'
2025-07-29 15:07:41,973 - INFO - [Station_14_h40] Starting warping analysis...
2025-07-29 15:07:42,772 - ERROR - [Station_14_h40] Warping analysis failed: unsupported operand type(s) for *: 'NoneType' and 'float'
Traceback (most recent call last):
  File "C:\Users\Sam Hughes\Desktop\geometry_tools\n_sections\analysis\geom_utils\section_dxf.py", line 122, in _warping_analysis
    cw * M6_TO_MM6,
    ~~~^~~~~~~~~~~
TypeError: unsupported operand type(s) for *: 'NoneType' and 'float'
2025-07-29 15:07:42,772 - ERROR - [Station_14_h40] Geometric analysis failed — skipping values.
2025-07-29 15:07:42,772 - ERROR - [Station_14_h40] Warping analysis failed — skipping values.
2025-07-29 15:07:42,772 - INFO - [Station_14_h40] SectionDXF row assembled with partial success.
2025-07-29 15:07:42,772 - INFO - [2/5] Meshing Station_14 with h = 10
2025-07-29 15:07:42,772 - INFO - [Station_14_h10] Meshing with target h = 10 …
2025-07-29 15:07:42,772 - WARNING - [Station_14_h10] 464 sliver triangles removed
2025-07-29 15:07:42,772 - INFO - [Station_14_h10] mesh ok | nodes=4042 elems=1345 | A[min=1e-08 max=1.11e-06 mean=1.29e-07 med=6.68e-08] | q[min=0.601 max=1.000 mean=0.878]
2025-07-29 15:07:42,844 - INFO - [Station_14_h10] Starting geometric analysis...
2025-07-29 15:07:42,943 - ERROR - [Station_14_h10] Geometric analysis failed: unsupported operand type(s) for *: 'NoneType' and 'float'
Traceback (most recent call last):
  File "C:\Users\Sam Hughes\Desktop\geometry_tools\n_sections\analysis\geom_utils\section_dxf.py", line 97, in _geometric_analysis
    sx * M3_TO_MM3, sy * M3_TO_MM3,
    ~~~^~~~~~~~~~~
TypeError: unsupported operand type(s) for *: 'NoneType' and 'float'
2025-07-29 15:07:42,943 - INFO - [Station_14_h10] Starting warping analysis...
2025-07-29 15:07:43,489 - ERROR - [Station_14_h10] Warping analysis failed: unsupported operand type(s) for *: 'NoneType' and 'float'
Traceback (most recent call last):
  File "C:\Users\Sam Hughes\Desktop\geometry_tools\n_sections\analysis\geom_utils\section_dxf.py", line 122, in _warping_analysis
    cw * M6_TO_MM6,
    ~~~^~~~~~~~~~~
TypeError: unsupported operand type(s) for *: 'NoneType' and 'float'
2025-07-29 15:07:43,489 - ERROR - [Station_14_h10] Geometric analysis failed — skipping values.
2025-07-29 15:07:43,489 - ERROR - [Station_14_h10] Warping analysis failed — skipping values.
2025-07-29 15:07:43,489 - INFO - [Station_14_h10] SectionDXF row assembled with partial success.
2025-07-29 15:07:43,489 - INFO - [3/5] Meshing Station_14 with h = 2.5
2025-07-29 15:07:43,489 - INFO - [Station_14_h2.5] Meshing with target h = 2.5 …
2025-07-29 15:07:43,510 - WARNING - [Station_14_h2.5] 464 sliver triangles removed
2025-07-29 15:07:43,511 - INFO - [Station_14_h2.5] mesh ok | nodes=4042 elems=1345 | A[min=1e-08 max=1.11e-06 mean=1.29e-07 med=6.68e-08] | q[min=0.601 max=1.000 mean=0.878]
2025-07-29 15:07:43,577 - INFO - [Station_14_h2.5] Starting geometric analysis...
2025-07-29 15:07:43,663 - ERROR - [Station_14_h2.5] Geometric analysis failed: unsupported operand type(s) for *: 'NoneType' and 'float'
Traceback (most recent call last):
  File "C:\Users\Sam Hughes\Desktop\geometry_tools\n_sections\analysis\geom_utils\section_dxf.py", line 97, in _geometric_analysis
    sx * M3_TO_MM3, sy * M3_TO_MM3,
    ~~~^~~~~~~~~~~
TypeError: unsupported operand type(s) for *: 'NoneType' and 'float'
2025-07-29 15:07:43,663 - INFO - [Station_14_h2.5] Starting warping analysis...
2025-07-29 15:07:44,231 - ERROR - [Station_14_h2.5] Warping analysis failed: unsupported operand type(s) for *: 'NoneType' and 'float'
Traceback (most recent call last):
  File "C:\Users\Sam Hughes\Desktop\geometry_tools\n_sections\analysis\geom_utils\section_dxf.py", line 122, in _warping_analysis
    cw * M6_TO_MM6,
    ~~~^~~~~~~~~~~
TypeError: unsupported operand type(s) for *: 'NoneType' and 'float'
2025-07-29 15:07:44,231 - ERROR - [Station_14_h2.5] Geometric analysis failed — skipping values.
2025-07-29 15:07:44,231 - ERROR - [Station_14_h2.5] Warping analysis failed — skipping values.
2025-07-29 15:07:44,231 - INFO - [Station_14_h2.5] SectionDXF row assembled with partial success.
2025-07-29 15:07:44,231 - INFO - [4/5] Meshing Station_14 with h = 0.625
2025-07-29 15:07:44,231 - INFO - [Station_14_h0.625] Meshing with target h = 0.625 …
2025-07-29 15:07:44,231 - WARNING - [Station_14_h0.625] 464 sliver triangles removed
2025-07-29 15:07:44,231 - INFO - [Station_14_h0.625] mesh ok | nodes=4042 elems=1345 | A[min=1e-08 max=1.11e-06 mean=1.29e-07 med=6.68e-08] | q[min=0.601 max=1.000 mean=0.878]
2025-07-29 15:07:44,309 - INFO - [Station_14_h0.625] Starting geometric analysis...
2025-07-29 15:07:44,395 - ERROR - [Station_14_h0.625] Geometric analysis failed: unsupported operand type(s) for *: 'NoneType' and 'float'
Traceback (most recent call last):
  File "C:\Users\Sam Hughes\Desktop\geometry_tools\n_sections\analysis\geom_utils\section_dxf.py", line 97, in _geometric_analysis
    sx * M3_TO_MM3, sy * M3_TO_MM3,
    ~~~^~~~~~~~~~~
TypeError: unsupported operand type(s) for *: 'NoneType' and 'float'
2025-07-29 15:07:44,395 - INFO - [Station_14_h0.625] Starting warping analysis...
2025-07-29 15:07:44,945 - ERROR - [Station_14_h0.625] Warping analysis failed: unsupported operand type(s) for *: 'NoneType' and 'float'
Traceback (most recent call last):
  File "C:\Users\Sam Hughes\Desktop\geometry_tools\n_sections\analysis\geom_utils\section_dxf.py", line 122, in _warping_analysis
    cw * M6_TO_MM6,
    ~~~^~~~~~~~~~~
TypeError: unsupported operand type(s) for *: 'NoneType' and 'float'
2025-07-29 15:07:44,945 - ERROR - [Station_14_h0.625] Geometric analysis failed — skipping values.
2025-07-29 15:07:44,945 - ERROR - [Station_14_h0.625] Warping analysis failed — skipping values.
2025-07-29 15:07:44,945 - INFO - [Station_14_h0.625] SectionDXF row assembled with partial success.
2025-07-29 15:07:44,945 - INFO - [5/5] Meshing Station_14 with h = 0.1562
2025-07-29 15:07:44,945 - INFO - [Station_14_h0.1562] Meshing with target h = 0.1562 …
2025-07-29 15:07:45,002 - WARNING - [Station_14_h0.1562] 464 sliver triangles removed
2025-07-29 15:07:45,002 - INFO - [Station_14_h0.1562] mesh ok | nodes=4042 elems=1345 | A[min=1e-08 max=1.11e-06 mean=1.29e-07 med=6.68e-08] | q[min=0.601 max=1.000 mean=0.878]
2025-07-29 15:07:45,071 - INFO - [Station_14_h0.1562] Starting geometric analysis...
2025-07-29 15:07:45,164 - ERROR - [Station_14_h0.1562] Geometric analysis failed: unsupported operand type(s) for *: 'NoneType' and 'float'
Traceback (most recent call last):
  File "C:\Users\Sam Hughes\Desktop\geometry_tools\n_sections\analysis\geom_utils\section_dxf.py", line 97, in _geometric_analysis
    sx * M3_TO_MM3, sy * M3_TO_MM3,
    ~~~^~~~~~~~~~~
TypeError: unsupported operand type(s) for *: 'NoneType' and 'float'
2025-07-29 15:07:45,164 - INFO - [Station_14_h0.1562] Starting warping analysis...
2025-07-29 15:07:45,718 - ERROR - [Station_14_h0.1562] Warping analysis failed: unsupported operand type(s) for *: 'NoneType' and 'float'
Traceback (most recent call last):
  File "C:\Users\Sam Hughes\Desktop\geometry_tools\n_sections\analysis\geom_utils\section_dxf.py", line 122, in _warping_analysis
    cw * M6_TO_MM6,
    ~~~^~~~~~~~~~~
TypeError: unsupported operand type(s) for *: 'NoneType' and 'float'
2025-07-29 15:07:45,718 - ERROR - [Station_14_h0.1562] Geometric analysis failed — skipping values.
2025-07-29 15:07:45,718 - ERROR - [Station_14_h0.1562] Warping analysis failed — skipping values.
2025-07-29 15:07:45,719 - INFO - [Station_14_h0.1562] SectionDXF row assembled with partial success.
2025-07-29 15:07:45,720 - INFO - Convergence study completed: 5 valid results out of 5
2025-07-29 15:07:46,278 - INFO - Global batch 1 saved -> C:\Users\Sam Hughes\Desktop\geometry_tools\n_sections\results\analysis\Station_14\mesh_conv_Station_14_batch1_global.png
2025-07-29 15:07:46,907 - INFO - Local batch 1 saved -> C:\Users\Sam Hughes\Desktop\geometry_tools\n_sections\results\analysis\Station_14\mesh_conv_Station_14_batch1_local.png
2025-07-29 15:07:47,305 - INFO - Global batch 2 saved -> C:\Users\Sam Hughes\Desktop\geometry_tools\n_sections\results\analysis\Station_14\mesh_conv_Station_14_batch2_global.png
2025-07-29 15:07:47,733 - INFO - Local batch 2 saved -> C:\Users\Sam Hughes\Desktop\geometry_tools\n_sections\results\analysis\Station_14\mesh_conv_Station_14_batch2_local.png
2025-07-29 15:07:48,354 - INFO - Global batch 1 saved -> C:\Users\Sam Hughes\Desktop\geometry_tools\n_sections\results\analysis\Station_14\mesh_conv_Station_14_batch1_global.png
2025-07-29 15:07:48,978 - INFO - Local batch 1 saved -> C:\Users\Sam Hughes\Desktop\geometry_tools\n_sections\results\analysis\Station_14\mesh_conv_Station_14_batch1_local.png
2025-07-29 15:07:49,364 - INFO - Global batch 2 saved -> C:\Users\Sam Hughes\Desktop\geometry_tools\n_sections\results\analysis\Station_14\mesh_conv_Station_14_batch2_global.png
2025-07-29 15:07:49,793 - INFO - Local batch 2 saved -> C:\Users\Sam Hughes\Desktop\geometry_tools\n_sections\results\analysis\Station_14\mesh_conv_Station_14_batch2_local.png
2025-07-29 15:07:49,793 - INFO - Section analysis result set saved
