2025-07-30 14:23:15,892 - INFO - Logger initialized for ConvergenceStudy [Station_12]
2025-07-30 14:23:15,892 - INFO - Starting convergence study over 3 mesh sizes: [40.  10.   2.5]
2025-07-30 14:23:15,893 - INFO - [1/3] Processing mesh size h = 40
2025-07-30 14:23:15,893 - DEBUG - [Station_12_h40] Copying geometry and initiating meshing …
2025-07-30 14:23:15,906 - INFO - [Station_12_h40] Mesh created successfully
2025-07-30 14:23:15,906 - DEBUG - [Station_12_h40] Starting section property calculation …
2025-07-30 14:23:15,975 - ERROR - [Station_12_h40] SectionDXF returned no data
2025-07-30 14:23:15,977 - WARNING - [Station_12_h40] Skipped due to section analysis failure.
2025-07-30 14:23:15,977 - INFO - [2/3] Processing mesh size h = 10
2025-07-30 14:23:15,977 - DEBUG - [Station_12_h10] Copying geometry and initiating meshing …
2025-07-30 14:23:15,989 - INFO - [Station_12_h10] Mesh created successfully
2025-07-30 14:23:15,989 - DEBUG - [Station_12_h10] Starting section property calculation …
2025-07-30 14:23:16,076 - ERROR - [Station_12_h10] SectionDXF returned no data
2025-07-30 14:23:16,077 - WARNING - [Station_12_h10] Skipped due to section analysis failure.
2025-07-30 14:23:16,077 - INFO - [3/3] Processing mesh size h = 2.5
2025-07-30 14:23:16,077 - DEBUG - [Station_12_h2.5] Copying geometry and initiating meshing …
2025-07-30 14:23:16,139 - INFO - [Station_12_h2.5] Mesh created successfully
2025-07-30 14:23:16,139 - DEBUG - [Station_12_h2.5] Starting section property calculation …
2025-07-30 14:23:16,205 - ERROR - [Station_12_h2.5] SectionDXF returned no data
2025-07-30 14:23:16,207 - WARNING - [Station_12_h2.5] Skipped due to section analysis failure.
2025-07-30 14:23:16,207 - INFO - Convergence study completed: 0 successful, 3 attempted
