2025-07-28 15:17:30,650 - INFO - [Station_12_h40] Starting geometric analysis...
2025-07-28 15:17:31,059 - INFO - [Station_12_h40] Starting warping analysis (required for J)...
2025-07-28 15:17:32,030 - INFO - [Station_12_h40] Success at h = 40.0000
2025-07-28 15:17:32,133 - INFO - [Station_12_h10] Starting geometric analysis...
2025-07-28 15:17:32,258 - INFO - [Station_12_h10] Starting warping analysis (required for J)...
2025-07-28 15:17:32,986 - INFO - [Station_12_h10] Success at h = 10.0000
2025-07-28 15:17:33,086 - INFO - [Station_12_h2.5] Starting geometric analysis...
2025-07-28 15:17:33,224 - INFO - [Station_12_h2.5] Starting warping analysis (required for J)...
2025-07-28 15:17:33,964 - INFO - [Station_12_h2.5] Success at h = 2.5000
2025-07-28 15:17:34,131 - INFO - [Station_12_h0.625] Starting geometric analysis...
2025-07-28 15:17:34,260 - INFO - [Station_12_h0.625] Starting warping analysis (required for J)...
2025-07-28 15:17:34,997 - INFO - [Station_12_h0.625] Success at h = 0.6250
2025-07-28 15:17:35,099 - INFO - [Station_12_h0.1562] Starting geometric analysis...
2025-07-28 15:17:35,228 - INFO - [Station_12_h0.1562] Starting warping analysis (required for J)...
2025-07-28 15:17:35,952 - INFO - [Station_12_h0.1562] Success at h = 0.1562
2025-07-28 19:18:51,682 - INFO - [Station_12_h40] Starting geometric analysis...
2025-07-28 19:18:52,129 - INFO - [Station_12_h40] Starting warping analysis (required for J)...
2025-07-28 19:18:53,249 - INFO - [Station_12_h40] Success at h = 40.0000
2025-07-28 19:18:53,412 - INFO - [Station_12_h10] Starting geometric analysis...
2025-07-28 19:18:53,565 - INFO - [Station_12_h10] Starting warping analysis (required for J)...
2025-07-28 19:18:54,345 - INFO - [Station_12_h10] Success at h = 10.0000
2025-07-28 19:18:54,470 - INFO - [Station_12_h2.5] Starting geometric analysis...
2025-07-28 19:18:54,613 - INFO - [Station_12_h2.5] Starting warping analysis (required for J)...
2025-07-28 19:18:55,329 - INFO - [Station_12_h2.5] Success at h = 2.5000
2025-07-28 19:18:55,530 - INFO - [Station_12_h0.625] Starting geometric analysis...
2025-07-28 19:18:55,690 - INFO - [Station_12_h0.625] Starting warping analysis (required for J)...
2025-07-28 19:18:56,444 - INFO - [Station_12_h0.625] Success at h = 0.6250
2025-07-28 19:18:56,574 - INFO - [Station_12_h0.1562] Starting geometric analysis...
2025-07-28 19:18:56,714 - INFO - [Station_12_h0.1562] Starting warping analysis (required for J)...
2025-07-28 19:18:57,531 - INFO - [Station_12_h0.1562] Success at h = 0.1562
