2025-08-21 03:44:40,597 | INFO     | Logging initialized for ProcessSectionAnalysis
2025-08-21 03:44:40,597 | INFO     | Station sec_005_r0.571 [Analysis]: DXF=C:\Users\samea\Desktop\geometry_tools\n_sections\blade\sec_005_r0.571.dxf, twist=5.3°, origin: CP-proxy @ 33.0% chord
2025-08-21 03:44:40,597 | INFO     | Starting raw geometry processing …
2025-08-21 03:44:40,597 | INFO     | Instantiating RawGeometry for DXF: C:\Users\samea\Desktop\geometry_tools\n_sections\blade\sec_005_r0.571.dxf
2025-08-21 03:44:40,598 | INFO     | RawGeometry created successfully.
2025-08-21 03:44:40,598 | INFO     | Generating raw geometry plot …
2025-08-21 03:44:40,957 | INFO     | Raw geometry visualisation completed and saved.
2025-08-21 03:44:40,958 | INFO     | Processing and visualising aligned geometry …
2025-08-21 03:44:40,958 | INFO     | Instantiating ProcessedGeometry with spline/segment settings …
2025-08-21 03:44:40,959 | INFO     | ProcessedGeometry successfully instantiated.
2025-08-21 03:44:40,959 | INFO     | Extracting (pass-through orientation & origin): twist=5.3°, origin_mode=cop, cop_fraction=0.330, cx=0.01, cy=0.00, resample_exterior=True
2025-08-21 03:44:40,986 | INFO     | Geometry extracted (no twist/origin applied).
2025-08-21 03:44:40,986 | INFO     | Generating processed geometry visualisation with trailing edge zoom …
2025-08-21 03:44:42,120 | INFO     | Processed geometry preview saved -> C:\Users\samea\Desktop\geometry_tools\n_sections\results\analysis\2025-08-21_03-44-16\sec_005_r0.571\processed_sec_005_r0.571.png
2025-08-21 03:44:42,120 | INFO     | Launching convergence study pipeline …
2025-08-21 03:44:42,120 | INFO     | Starting section convergence study using 1 mesh sizes: [40.]
2025-08-21 03:44:44,468 | INFO     | ConvergenceStudy instantiated. Running results computation …
2025-08-21 03:44:44,468 | INFO     | Convergence study completed successfully.
2025-08-21 03:44:44,468 | INFO     | Creating convergence visualisation …
2025-08-21 03:44:45,121 | INFO     | Convergence visualisation saved.
2025-08-21 03:44:45,121 | INFO     | Building metadata container for section sec_005_r0.571 …
2025-08-21 03:44:45,121 | INFO     | MetadataBin created.
2025-08-21 03:44:45,121 | INFO     | Composing SectionAnalysisResultSet …
2025-08-21 03:44:45,121 | INFO     | SectionAnalysisResultSet successfully built.
2025-08-21 03:44:45,121 | INFO     | Saving results to directory: C:\Users\samea\Desktop\geometry_tools\n_sections\results\analysis\2025-08-21_03-44-16\sec_005_r0.571
2025-08-21 03:44:45,123 | INFO     | Section analysis results successfully saved.
