2025-07-31 13:38:49,313 - INFO - Logger initialized for ConvergenceStudy [Station_14]
2025-07-31 13:38:49,313 - INFO - Starting convergence study over 3 mesh sizes: [40.  10.   2.5]
2025-07-31 13:38:49,314 - INFO - [1/3] Processing mesh size h = 40
2025-07-31 13:38:49,314 - DEBUG - [Station_14_h40] Copying geometry and initiating meshing …
2025-07-31 13:38:49,385 - INFO - [Station_14_h40] Mesh created successfully
2025-07-31 13:38:49,385 - DEBUG - [Station_14_h40] Starting section property calculation …
2025-07-31 13:38:50,590 - DEBUG - [Station_14_h40] Section analysis row returned
2025-07-31 13:38:50,590 - INFO - [Station_14_h40] Section analysis completed successfully.
2025-07-31 13:38:50,590 - INFO - [2/3] Processing mesh size h = 10
2025-07-31 13:38:50,590 - DEBUG - [Station_14_h10] Copying geometry and initiating meshing …
2025-07-31 13:38:50,603 - INFO - [Station_14_h10] Mesh created successfully
2025-07-31 13:38:50,603 - DEBUG - [Station_14_h10] Starting section property calculation …
2025-07-31 13:38:51,307 - DEBUG - [Station_14_h10] Section analysis row returned
2025-07-31 13:38:51,307 - INFO - [Station_14_h10] Section analysis completed successfully.
2025-07-31 13:38:51,307 - INFO - [3/3] Processing mesh size h = 2.5
2025-07-31 13:38:51,307 - DEBUG - [Station_14_h2.5] Copying geometry and initiating meshing …
2025-07-31 13:38:51,315 - INFO - [Station_14_h2.5] Mesh created successfully
2025-07-31 13:38:51,315 - DEBUG - [Station_14_h2.5] Starting section property calculation …
2025-07-31 13:38:52,052 - DEBUG - [Station_14_h2.5] Section analysis row returned
2025-07-31 13:38:52,055 - INFO - [Station_14_h2.5] Section analysis completed successfully.
2025-07-31 13:38:52,056 - INFO - Convergence study completed: 3 successful, 3 attempted
2025-07-31 13:38:52,056 - INFO - Generating convergence visualisation …
2025-07-31 13:38:53,317 - INFO - Convergence visualisation completed.
