2025-07-31 13:38:49,449 - SectionDXF.Station_14_h40 - INFO - Starting analysis for section 'Station_14_h40'
2025-07-31 13:38:49,449 - SectionDXF.Station_14_h40 - INFO - Computing section bounds
2025-07-31 13:38:49,449 - SectionDXF.Station_14_h40 - INFO - Starting geometric analysis
2025-07-31 13:38:49,788 - SectionDXF.Station_14_h40 - INFO - Starting warping and shear analysis
2025-07-31 13:38:50,585 - SectionDXF.Station_14_h40 - ERROR - [Station_14_h40] Shear properties failed: 'SectionProperties' object has no attribute 'asx'
Traceback (most recent call last):
  File "C:\Users\Sam Hughes\Desktop\geometry_tools\n_sections\analysis\geom_utils\section_dxf.py", line 261, in _shear_properties
    self.asx = props.asx or 0.0
               ^^^^^^^^^
AttributeError: 'SectionProperties' object has no attribute 'asx'
2025-07-31 13:38:50,590 - SectionDXF.Station_14_h40 - INFO - Calculating derived parameters
2025-07-31 13:38:50,590 - SectionDXF.Station_14_h40 - ERROR - Derived parameters failed: 'SectionDXF' object has no attribute 'asx'
Traceback (most recent call last):
  File "C:\Users\Sam Hughes\Desktop\geometry_tools\n_sections\analysis\geom_utils\section_dxf.py", line 294, in _derived_parameters
    self._safe_div(self.asx, self.area),
                   ^^^^^^^^
AttributeError: 'SectionDXF' object has no attribute 'asx'
2025-07-31 13:38:50,590 - SectionDXF.Station_14_h40 - INFO - Property row assembled with 55.8% completion
2025-07-31 13:38:50,590 - SectionDXF.Station_14_h40 - INFO - Analysis completed in 1.14s
2025-07-31 13:38:50,665 - SectionDXF.Station_14_h10 - INFO - Starting analysis for section 'Station_14_h10'
2025-07-31 13:38:50,665 - SectionDXF.Station_14_h10 - INFO - Computing section bounds
2025-07-31 13:38:50,665 - SectionDXF.Station_14_h10 - INFO - Starting geometric analysis
2025-07-31 13:38:50,765 - SectionDXF.Station_14_h10 - INFO - Starting warping and shear analysis
2025-07-31 13:38:51,307 - SectionDXF.Station_14_h10 - ERROR - [Station_14_h10] Shear properties failed: 'SectionProperties' object has no attribute 'asx'
Traceback (most recent call last):
  File "C:\Users\Sam Hughes\Desktop\geometry_tools\n_sections\analysis\geom_utils\section_dxf.py", line 261, in _shear_properties
    self.asx = props.asx or 0.0
               ^^^^^^^^^
AttributeError: 'SectionProperties' object has no attribute 'asx'
2025-07-31 13:38:51,307 - SectionDXF.Station_14_h10 - INFO - Calculating derived parameters
2025-07-31 13:38:51,307 - SectionDXF.Station_14_h10 - ERROR - Derived parameters failed: 'SectionDXF' object has no attribute 'asx'
Traceback (most recent call last):
  File "C:\Users\Sam Hughes\Desktop\geometry_tools\n_sections\analysis\geom_utils\section_dxf.py", line 294, in _derived_parameters
    self._safe_div(self.asx, self.area),
                   ^^^^^^^^
AttributeError: 'SectionDXF' object has no attribute 'asx'
2025-07-31 13:38:51,307 - SectionDXF.Station_14_h10 - INFO - Property row assembled with 55.8% completion
2025-07-31 13:38:51,307 - SectionDXF.Station_14_h10 - INFO - Analysis completed in 0.64s
2025-07-31 13:38:51,387 - SectionDXF.Station_14_h2.5 - INFO - Starting analysis for section 'Station_14_h2.5'
2025-07-31 13:38:51,387 - SectionDXF.Station_14_h2.5 - INFO - Computing section bounds
2025-07-31 13:38:51,387 - SectionDXF.Station_14_h2.5 - INFO - Starting geometric analysis
2025-07-31 13:38:51,487 - SectionDXF.Station_14_h2.5 - INFO - Starting warping and shear analysis
2025-07-31 13:38:52,052 - SectionDXF.Station_14_h2.5 - ERROR - [Station_14_h2.5] Shear properties failed: 'SectionProperties' object has no attribute 'asx'
Traceback (most recent call last):
  File "C:\Users\Sam Hughes\Desktop\geometry_tools\n_sections\analysis\geom_utils\section_dxf.py", line 261, in _shear_properties
    self.asx = props.asx or 0.0
               ^^^^^^^^^
AttributeError: 'SectionProperties' object has no attribute 'asx'
2025-07-31 13:38:52,052 - SectionDXF.Station_14_h2.5 - INFO - Calculating derived parameters
2025-07-31 13:38:52,052 - SectionDXF.Station_14_h2.5 - ERROR - Derived parameters failed: 'SectionDXF' object has no attribute 'asx'
Traceback (most recent call last):
  File "C:\Users\Sam Hughes\Desktop\geometry_tools\n_sections\analysis\geom_utils\section_dxf.py", line 294, in _derived_parameters
    self._safe_div(self.asx, self.area),
                   ^^^^^^^^
AttributeError: 'SectionDXF' object has no attribute 'asx'
2025-07-31 13:38:52,052 - SectionDXF.Station_14_h2.5 - INFO - Property row assembled with 55.8% completion
2025-07-31 13:38:52,052 - SectionDXF.Station_14_h2.5 - INFO - Analysis completed in 0.67s
