2025-08-20 02:54:56,270 | INFO     | Logging initialized for ProcessSectionAnalysis
2025-08-20 02:54:56,270 | INFO     | Station sec_069_r0.735 [Analysis]: DXF=C:\Users\samea\Desktop\geometry_tools\n_sections\blade\sec_069_r0.735.dxf, twist=2.9°, origin: CP-proxy @ 33.0% chord
2025-08-20 02:54:56,270 | INFO     | Starting raw geometry processing …
2025-08-20 02:54:56,270 | INFO     | Instantiating RawGeometry for DXF: C:\Users\samea\Desktop\geometry_tools\n_sections\blade\sec_069_r0.735.dxf
2025-08-20 02:54:56,270 | INFO     | RawGeometry created successfully.
2025-08-20 02:54:56,270 | INFO     | Generating raw geometry plot …
2025-08-20 02:54:56,592 | INFO     | Raw geometry visualisation completed and saved.
2025-08-20 02:54:56,592 | INFO     | Processing and visualising aligned geometry …
2025-08-20 02:54:56,592 | INFO     | Instantiating ProcessedGeometry with spline/segment settings …
2025-08-20 02:54:56,607 | INFO     | ProcessedGeometry successfully instantiated.
2025-08-20 02:54:56,607 | INFO     | Extracting (pass-through orientation & origin): twist=2.9°, origin_mode=cop, cop_fraction=0.330, cx=0.00, cy=0.00, resample_exterior=True
2025-08-20 02:54:56,641 | INFO     | Geometry extracted (no twist/origin applied).
2025-08-20 02:54:56,641 | INFO     | Generating processed geometry visualisation with trailing edge zoom …
2025-08-20 02:54:57,694 | INFO     | Processed geometry preview saved -> C:\Users\samea\Desktop\geometry_tools\n_sections\results\analysis\2025-08-20_02-49-41\sec_069_r0.735\processed_sec_069_r0.735.png
2025-08-20 02:54:57,694 | INFO     | Launching convergence study pipeline …
2025-08-20 02:54:57,694 | INFO     | Starting section convergence study using 1 mesh sizes: [40.]
2025-08-20 02:54:59,936 | INFO     | ConvergenceStudy instantiated. Running results computation …
2025-08-20 02:54:59,936 | INFO     | Convergence study completed successfully.
2025-08-20 02:54:59,936 | INFO     | Creating convergence visualisation …
2025-08-20 02:55:00,576 | INFO     | Convergence visualisation saved.
2025-08-20 02:55:00,576 | INFO     | Building metadata container for section sec_069_r0.735 …
2025-08-20 02:55:00,576 | INFO     | MetadataBin created.
2025-08-20 02:55:00,576 | INFO     | Composing SectionAnalysisResultSet …
2025-08-20 02:55:00,576 | INFO     | SectionAnalysisResultSet successfully built.
2025-08-20 02:55:00,576 | INFO     | Saving results to directory: C:\Users\samea\Desktop\geometry_tools\n_sections\results\analysis\2025-08-20_02-49-41\sec_069_r0.735
2025-08-20 02:55:00,576 | INFO     | Section analysis results successfully saved.
