2025-08-20 02:50:09,681 | INFO     | Logging initialized for ProcessSectionAnalysis
2025-08-20 02:50:09,681 | INFO     | Station sec_006_r0.178 [Analysis]: DXF=C:\Users\samea\Desktop\geometry_tools\n_sections\blade\sec_006_r0.178.dxf, twist=27.1°, origin: CP-proxy @ 33.0% chord
2025-08-20 02:50:09,681 | INFO     | Starting raw geometry processing …
2025-08-20 02:50:09,681 | INFO     | Instantiating RawGeometry for DXF: C:\Users\samea\Desktop\geometry_tools\n_sections\blade\sec_006_r0.178.dxf
2025-08-20 02:50:09,683 | INFO     | RawGeometry created successfully.
2025-08-20 02:50:09,683 | INFO     | Generating raw geometry plot …
2025-08-20 02:50:10,093 | INFO     | Raw geometry visualisation completed and saved.
2025-08-20 02:50:10,093 | INFO     | Processing and visualising aligned geometry …
2025-08-20 02:50:10,093 | INFO     | Instantiating ProcessedGeometry with spline/segment settings …
2025-08-20 02:50:10,093 | INFO     | ProcessedGeometry successfully instantiated.
2025-08-20 02:50:10,093 | INFO     | Extracting (pass-through orientation & origin): twist=27.1°, origin_mode=cop, cop_fraction=0.330, cx=0.01, cy=0.01, resample_exterior=True
2025-08-20 02:50:10,127 | INFO     | Geometry extracted (no twist/origin applied).
2025-08-20 02:50:10,128 | INFO     | Generating processed geometry visualisation with trailing edge zoom …
2025-08-20 02:50:11,260 | INFO     | Processed geometry preview saved -> C:\Users\samea\Desktop\geometry_tools\n_sections\results\analysis\2025-08-20_02-49-41\sec_006_r0.178\processed_sec_006_r0.178.png
2025-08-20 02:50:11,260 | INFO     | Launching convergence study pipeline …
2025-08-20 02:50:11,261 | INFO     | Starting section convergence study using 1 mesh sizes: [40.]
2025-08-20 02:50:13,713 | INFO     | ConvergenceStudy instantiated. Running results computation …
2025-08-20 02:50:13,713 | INFO     | Convergence study completed successfully.
2025-08-20 02:50:13,713 | INFO     | Creating convergence visualisation …
2025-08-20 02:50:14,332 | INFO     | Convergence visualisation saved.
2025-08-20 02:50:14,332 | INFO     | Building metadata container for section sec_006_r0.178 …
2025-08-20 02:50:14,332 | INFO     | MetadataBin created.
2025-08-20 02:50:14,332 | INFO     | Composing SectionAnalysisResultSet …
2025-08-20 02:50:14,332 | INFO     | SectionAnalysisResultSet successfully built.
2025-08-20 02:50:14,332 | INFO     | Saving results to directory: C:\Users\samea\Desktop\geometry_tools\n_sections\results\analysis\2025-08-20_02-49-41\sec_006_r0.178
2025-08-20 02:50:14,332 | INFO     | Section analysis results successfully saved.
