2025-07-07 19:01:07,104 - INFO - [Station_8] Geometry meshed with mesh_sizes=0.5.
2025-07-07 19:01:07,380 - INFO - [Station_8] Actual centroid: (0.0184, 0.0013)
2025-07-07 19:01:07,384 - INFO - [Station_8] Desired centroid: (0.0018, -0.0057)
2025-07-07 19:01:07,388 - INFO - [Station_8] Applying translation dx=-0.0166, dy=-0.0070
2025-07-07 19:01:07,393 - INFO - [Station_8] Section translated.
2025-07-07 19:01:07,397 - INFO - Processed and aligned geometry extracted for Station_8
2025-07-07 19:01:07,925 - INFO - Processed geometry preview saved -> section_calc_n\results\Station_8\processed_Station_8.png
2025-07-07 19:01:07,928 - INFO - [1/3] meshing Station_8 with target h = 3
2025-07-07 19:01:07,936 - INFO - [Station_8_h3] Meshing with target h = 3 …
2025-07-07 19:01:07,948 - WARNING - [Station_8_h3] 295 sliver triangles removed
2025-07-07 19:01:07,951 - INFO - [Station_8_h3] mesh ok | nodes=4192 elems=1561 | A[min=1.01e-08 max=2.04e-06 mean=2.41e-07 med=1.58e-07] | q[min=0.602 max=1.000 mean=0.886]
2025-07-07 19:01:08,692 - INFO - [Station_8_h3] Row appended (h=3.0)
2025-07-07 19:01:08,692 - INFO - [2/3] meshing Station_8 with target h = 0.75
2025-07-07 19:01:08,705 - INFO - [Station_8_h0.75] Meshing with target h = 0.75 …
2025-07-07 19:01:08,720 - WARNING - [Station_8_h0.75] 295 sliver triangles removed
2025-07-07 19:01:08,726 - INFO - [Station_8_h0.75] mesh ok | nodes=4192 elems=1561 | A[min=1.01e-08 max=2.04e-06 mean=2.41e-07 med=1.58e-07] | q[min=0.602 max=1.000 mean=0.886]
2025-07-07 19:01:09,240 - INFO - [Station_8_h0.75] Row appended (h=0.75)
2025-07-07 19:01:09,240 - INFO - [3/3] meshing Station_8 with target h = 0.1875
2025-07-07 19:01:09,257 - INFO - [Station_8_h0.1875] Meshing with target h = 0.1875 …
2025-07-07 19:01:09,268 - WARNING - [Station_8_h0.1875] 295 sliver triangles removed
2025-07-07 19:01:09,268 - INFO - [Station_8_h0.1875] mesh ok | nodes=4192 elems=1561 | A[min=1.01e-08 max=2.04e-06 mean=2.41e-07 med=1.58e-07] | q[min=0.602 max=1.000 mean=0.886]
2025-07-07 19:01:09,785 - INFO - [Station_8_h0.1875] Row appended (h=0.1875)
2025-07-07 19:01:10,166 - INFO - Global batch 1 saved -> section_calc_n\results\Station_8\mesh_conv_Station_8_batch1_global.png
2025-07-07 19:01:10,647 - INFO - Local batch 1 saved -> section_calc_n\results\Station_8\mesh_conv_Station_8_batch1_local.png
2025-07-07 19:01:10,654 - INFO - Station Station_10: DXF=section_calc_n\blade\Station_10.dxf, twist=2.7°, centroid=(0.00,-0.01)
2025-07-07 19:01:10,662 - INFO - Reading DXF file: section_calc_n\blade\Station_10.dxf
2025-07-07 19:01:10,680 - INFO - DXF version upgrade to DXF R2000.
2025-07-07 19:01:10,691 - INFO - creating ACAD_COLOR dictionary
2025-07-07 19:01:10,695 - INFO - creating ACAD_PLOTSTYLENAME dictionary
2025-07-07 19:01:10,696 - INFO - creating ACAD_TABLESTYLE dictionary
2025-07-07 19:01:10,705 - INFO - Raw geometry extraction complete. 77 drawable entities parsed.
2025-07-07 19:01:10,770 - INFO - Plotting 77 DXF entities for preview...
2025-07-07 19:01:10,921 - INFO - Raw preview saved -> section_calc_n\results\Station_10\raw_Station_10.png
2025-07-07 19:01:10,924 - INFO - [Station_10] Importing DXF: 'section_calc_n\blade\Station_10.dxf'
2025-07-07 19:01:10,946 - INFO - DXF version upgrade to DXF R2000.
2025-07-07 19:01:10,948 - INFO - creating ACAD_COLOR dictionary
2025-07-07 19:01:10,948 - INFO - creating ACAD_PLOTSTYLENAME dictionary
2025-07-07 19:01:10,960 - INFO - creating ACAD_TABLESTYLE dictionary
2025-07-07 19:01:10,965 - INFO - cleanup is depreciated BTW. Use the polygonize function instead
2025-07-07 19:01:11,053 - INFO - Zipped 208 points
2025-07-07 19:01:11,079 - INFO - [Station_10] Geometry meshed with mesh_sizes=0.5.
2025-07-07 19:01:11,318 - INFO - [Station_10] Actual centroid: (0.0154, 0.0012)
2025-07-07 19:01:11,324 - INFO - [Station_10] Desired centroid: (0.0014, -0.0051)
2025-07-07 19:01:11,326 - INFO - [Station_10] Applying translation dx=-0.0140, dy=-0.0064
2025-07-07 19:01:11,334 - INFO - [Station_10] Section translated.
2025-07-07 19:01:11,338 - INFO - Processed and aligned geometry extracted for Station_10
2025-07-07 19:01:11,903 - INFO - Processed geometry preview saved -> section_calc_n\results\Station_10\processed_Station_10.png
2025-07-07 19:01:11,909 - INFO - [1/3] meshing Station_10 with target h = 3
2025-07-07 19:01:11,917 - INFO - [Station_10_h3] Meshing with target h = 3 …
2025-07-07 19:01:11,933 - WARNING - [Station_10_h3] 363 sliver triangles removed
2025-07-07 19:01:11,939 - INFO - [Station_10_h3] mesh ok | nodes=4344 elems=1571 | A[min=1.02e-08 max=1.47e-06 mean=1.67e-07 med=1.21e-07] | q[min=0.602 max=1.000 mean=0.887]
2025-07-07 19:01:12,742 - INFO - [Station_10_h3] Row appended (h=3.0)
2025-07-07 19:01:12,759 - INFO - [2/3] meshing Station_10 with target h = 0.75
2025-07-07 19:01:12,769 - INFO - [Station_10_h0.75] Meshing with target h = 0.75 …
2025-07-07 19:01:12,780 - WARNING - [Station_10_h0.75] 363 sliver triangles removed
2025-07-07 19:01:12,789 - INFO - [Station_10_h0.75] mesh ok | nodes=4344 elems=1571 | A[min=1.02e-08 max=1.47e-06 mean=1.67e-07 med=1.21e-07] | q[min=0.602 max=1.000 mean=0.887]
2025-07-07 19:01:13,316 - INFO - [Station_10_h0.75] Row appended (h=0.75)
2025-07-07 19:01:13,321 - INFO - [3/3] meshing Station_10 with target h = 0.1875
2025-07-07 19:01:13,339 - INFO - [Station_10_h0.1875] Meshing with target h = 0.1875 …
2025-07-07 19:01:13,352 - WARNING - [Station_10_h0.1875] 363 sliver triangles removed
2025-07-07 19:01:13,359 - INFO - [Station_10_h0.1875] mesh ok | nodes=4344 elems=1571 | A[min=1.02e-08 max=1.47e-06 mean=1.67e-07 med=1.21e-07] | q[min=0.602 max=1.000 mean=0.887]
2025-07-07 19:01:13,877 - INFO - [Station_10_h0.1875] Row appended (h=0.1875)
2025-07-07 19:01:14,283 - INFO - Global batch 1 saved -> section_calc_n\results\Station_10\mesh_conv_Station_10_batch1_global.png
2025-07-07 19:01:14,727 - INFO - Local batch 1 saved -> section_calc_n\results\Station_10\mesh_conv_Station_10_batch1_local.png
2025-07-07 19:01:14,736 - INFO - Station Station_12: DXF=section_calc_n\blade\Station_12.dxf, twist=1.4°, centroid=(0.00,-0.00)
2025-07-07 19:01:14,743 - INFO - Reading DXF file: section_calc_n\blade\Station_12.dxf
2025-07-07 19:01:14,760 - INFO - DXF version upgrade to DXF R2000.
2025-07-07 19:01:14,772 - INFO - creating ACAD_COLOR dictionary
2025-07-07 19:01:14,777 - INFO - creating ACAD_PLOTSTYLENAME dictionary
2025-07-07 19:01:14,777 - INFO - creating ACAD_TABLESTYLE dictionary
2025-07-07 19:01:14,787 - INFO - Raw geometry extraction complete. 46 drawable entities parsed.
2025-07-07 19:01:14,851 - INFO - Plotting 46 DXF entities for preview...
2025-07-07 19:01:15,045 - INFO - Raw preview saved -> section_calc_n\results\Station_12\raw_Station_12.png
2025-07-07 19:01:15,050 - INFO - [Station_12] Importing DXF: 'section_calc_n\blade\Station_12.dxf'
2025-07-07 19:01:15,068 - INFO - DXF version upgrade to DXF R2000.
2025-07-07 19:01:15,076 - INFO - creating ACAD_COLOR dictionary
2025-07-07 19:01:15,080 - INFO - creating ACAD_PLOTSTYLENAME dictionary
2025-07-07 19:01:15,083 - INFO - creating ACAD_TABLESTYLE dictionary
2025-07-07 19:01:15,090 - INFO - cleanup is depreciated BTW. Use the polygonize function instead
2025-07-07 19:01:15,126 - INFO - Zipped 91 points
2025-07-07 19:01:15,147 - INFO - [Station_12] Geometry meshed with mesh_sizes=0.5.
2025-07-07 19:01:15,385 - INFO - [Station_12] Actual centroid: (0.0131, 0.0012)
2025-07-07 19:01:15,390 - INFO - [Station_12] Desired centroid: (0.0011, -0.0045)
2025-07-07 19:01:15,396 - INFO - [Station_12] Applying translation dx=-0.0121, dy=-0.0057
2025-07-07 19:01:15,402 - INFO - [Station_12] Section translated.
2025-07-07 19:01:15,408 - INFO - Processed and aligned geometry extracted for Station_12
2025-07-07 19:01:15,981 - INFO - Processed geometry preview saved -> section_calc_n\results\Station_12\processed_Station_12.png
2025-07-07 19:01:15,990 - INFO - [1/3] meshing Station_12 with target h = 3
2025-07-07 19:01:16,005 - INFO - [Station_12_h3] Meshing with target h = 3 …
2025-07-07 19:01:16,015 - WARNING - [Station_12_h3] 387 sliver triangles removed
2025-07-07 19:01:16,033 - INFO - [Station_12_h3] mesh ok | nodes=4167 elems=1462 | A[min=1e-08 max=1.1e-06 mean=1.3e-07 med=8.48e-08] | q[min=0.603 max=1.000 mean=0.883]
2025-07-07 19:01:16,775 - INFO - [Station_12_h3] Row appended (h=3.0)
2025-07-07 19:01:16,775 - INFO - [2/3] meshing Station_12 with target h = 0.75
2025-07-07 19:01:16,795 - INFO - [Station_12_h0.75] Meshing with target h = 0.75 …
2025-07-07 19:01:16,810 - WARNING - [Station_12_h0.75] 387 sliver triangles removed
2025-07-07 19:01:16,816 - INFO - [Station_12_h0.75] mesh ok | nodes=4167 elems=1462 | A[min=1e-08 max=1.1e-06 mean=1.3e-07 med=8.48e-08] | q[min=0.603 max=1.000 mean=0.883]
2025-07-07 19:01:17,323 - INFO - [Station_12_h0.75] Row appended (h=0.75)
2025-07-07 19:01:17,329 - INFO - [3/3] meshing Station_12 with target h = 0.1875
2025-07-07 19:01:17,340 - INFO - [Station_12_h0.1875] Meshing with target h = 0.1875 …
2025-07-07 19:01:17,344 - WARNING - [Station_12_h0.1875] 387 sliver triangles removed
2025-07-07 19:01:17,360 - INFO - [Station_12_h0.1875] mesh ok | nodes=4167 elems=1462 | A[min=1e-08 max=1.1e-06 mean=1.3e-07 med=8.48e-08] | q[min=0.603 max=1.000 mean=0.883]
2025-07-07 19:01:17,858 - INFO - [Station_12_h0.1875] Row appended (h=0.1875)
2025-07-07 19:01:18,293 - INFO - Global batch 1 saved -> section_calc_n\results\Station_12\mesh_conv_Station_12_batch1_global.png
2025-07-07 19:01:18,741 - INFO - Local batch 1 saved -> section_calc_n\results\Station_12\mesh_conv_Station_12_batch1_local.png
2025-07-07 19:01:18,753 - INFO - Station Station_14: DXF=section_calc_n\blade\Station_14.dxf, twist=0.3°, centroid=(0.00,-0.00)
2025-07-07 19:01:18,761 - INFO - Reading DXF file: section_calc_n\blade\Station_14.dxf
2025-07-07 19:01:18,777 - INFO - DXF version upgrade to DXF R2000.
2025-07-07 19:01:18,790 - INFO - creating ACAD_COLOR dictionary
2025-07-07 19:01:18,794 - INFO - creating ACAD_PLOTSTYLENAME dictionary
2025-07-07 19:01:18,799 - INFO - creating ACAD_TABLESTYLE dictionary
2025-07-07 19:01:18,801 - INFO - Raw geometry extraction complete. 52 drawable entities parsed.
2025-07-07 19:01:18,870 - INFO - Plotting 52 DXF entities for preview...
2025-07-07 19:01:19,017 - INFO - Raw preview saved -> section_calc_n\results\Station_14\raw_Station_14.png
2025-07-07 19:01:19,022 - INFO - [Station_14] Importing DXF: 'section_calc_n\blade\Station_14.dxf'
2025-07-07 19:01:19,044 - INFO - DXF version upgrade to DXF R2000.
2025-07-07 19:01:19,049 - INFO - creating ACAD_COLOR dictionary
2025-07-07 19:01:19,056 - INFO - creating ACAD_PLOTSTYLENAME dictionary
2025-07-07 19:01:19,060 - INFO - creating ACAD_TABLESTYLE dictionary
2025-07-07 19:01:19,068 - INFO - cleanup is depreciated BTW. Use the polygonize function instead
2025-07-07 19:01:19,115 - INFO - Zipped 73 points
2025-07-07 19:01:19,144 - INFO - [Station_14] Geometry meshed with mesh_sizes=0.5.
2025-07-07 19:01:19,371 - INFO - [Station_14] Actual centroid: (0.0178, 0.0006)
2025-07-07 19:01:19,371 - INFO - [Station_14] Desired centroid: (0.0008, -0.0024)
2025-07-07 19:01:19,389 - INFO - [Station_14] Applying translation dx=-0.0169, dy=-0.0031
2025-07-07 19:01:19,396 - INFO - [Station_14] Section translated.
2025-07-07 19:01:19,397 - INFO - Processed and aligned geometry extracted for Station_14
2025-07-07 19:01:19,948 - INFO - Processed geometry preview saved -> section_calc_n\results\Station_14\processed_Station_14.png
2025-07-07 19:01:19,958 - INFO - [1/3] meshing Station_14 with target h = 3
2025-07-07 19:01:19,968 - INFO - [Station_14_h3] Meshing with target h = 3 …
2025-07-07 19:01:19,978 - WARNING - [Station_14_h3] 464 sliver triangles removed
2025-07-07 19:01:19,993 - INFO - [Station_14_h3] mesh ok | nodes=4042 elems=1345 | A[min=1e-08 max=1.11e-06 mean=1.29e-07 med=6.68e-08] | q[min=0.601 max=1.000 mean=0.878]
2025-07-07 19:01:20,758 - INFO - [Station_14_h3] Row appended (h=3.0)
2025-07-07 19:01:20,758 - INFO - [2/3] meshing Station_14 with target h = 0.75
2025-07-07 19:01:20,781 - INFO - [Station_14_h0.75] Meshing with target h = 0.75 …
2025-07-07 19:01:20,792 - WARNING - [Station_14_h0.75] 464 sliver triangles removed
2025-07-07 19:01:20,797 - INFO - [Station_14_h0.75] mesh ok | nodes=4042 elems=1345 | A[min=1e-08 max=1.11e-06 mean=1.29e-07 med=6.68e-08] | q[min=0.601 max=1.000 mean=0.878]
2025-07-07 19:01:21,313 - INFO - [Station_14_h0.75] Row appended (h=0.75)
2025-07-07 19:01:21,318 - INFO - [3/3] meshing Station_14 with target h = 0.1875
2025-07-07 19:01:21,329 - INFO - [Station_14_h0.1875] Meshing with target h = 0.1875 …
2025-07-07 19:01:21,341 - WARNING - [Station_14_h0.1875] 464 sliver triangles removed
2025-07-07 19:01:21,348 - INFO - [Station_14_h0.1875] mesh ok | nodes=4042 elems=1345 | A[min=1e-08 max=1.11e-06 mean=1.29e-07 med=6.68e-08] | q[min=0.601 max=1.000 mean=0.878]
2025-07-07 19:01:21,826 - INFO - [Station_14_h0.1875] Row appended (h=0.1875)
2025-07-07 19:01:22,221 - INFO - Global batch 1 saved -> section_calc_n\results\Station_14\mesh_conv_Station_14_batch1_global.png
2025-07-07 19:01:22,672 - INFO - Local batch 1 saved -> section_calc_n\results\Station_14\mesh_conv_Station_14_batch1_local.png
