2025-08-20 02:49:46,783 | INFO     | Logging initialized for ProcessSectionAnalysis
2025-08-20 02:49:46,783 | INFO     | Station sec_001_r0.134 [Analysis]: DXF=C:\Users\samea\Desktop\geometry_tools\n_sections\blade\sec_001_r0.134.dxf, twist=33.8°, origin: CP-proxy @ 33.0% chord
2025-08-20 02:49:46,783 | INFO     | Starting raw geometry processing …
2025-08-20 02:49:46,783 | INFO     | Instantiating RawGeometry for DXF: C:\Users\samea\Desktop\geometry_tools\n_sections\blade\sec_001_r0.134.dxf
2025-08-20 02:49:46,786 | INFO     | RawGeometry created successfully.
2025-08-20 02:49:46,786 | INFO     | Generating raw geometry plot …
2025-08-20 02:49:47,216 | INFO     | Raw geometry visualisation completed and saved.
2025-08-20 02:49:47,216 | INFO     | Processing and visualising aligned geometry …
2025-08-20 02:49:47,216 | INFO     | Instantiating ProcessedGeometry with spline/segment settings …
2025-08-20 02:49:47,217 | INFO     | ProcessedGeometry successfully instantiated.
2025-08-20 02:49:47,217 | INFO     | Extracting (pass-through orientation & origin): twist=33.8°, origin_mode=cop, cop_fraction=0.330, cx=0.01, cy=0.01, resample_exterior=True
2025-08-20 02:49:47,243 | INFO     | Geometry extracted (no twist/origin applied).
2025-08-20 02:49:47,243 | INFO     | Generating processed geometry visualisation with trailing edge zoom …
2025-08-20 02:49:48,343 | INFO     | Processed geometry preview saved -> C:\Users\samea\Desktop\geometry_tools\n_sections\results\analysis\2025-08-20_02-49-41\sec_001_r0.134\processed_sec_001_r0.134.png
2025-08-20 02:49:48,343 | INFO     | Launching convergence study pipeline …
2025-08-20 02:49:48,343 | INFO     | Starting section convergence study using 1 mesh sizes: [40.]
2025-08-20 02:49:50,421 | INFO     | ConvergenceStudy instantiated. Running results computation …
2025-08-20 02:49:50,422 | INFO     | Convergence study completed successfully.
2025-08-20 02:49:50,422 | INFO     | Creating convergence visualisation …
2025-08-20 02:49:51,033 | INFO     | Convergence visualisation saved.
2025-08-20 02:49:51,033 | INFO     | Building metadata container for section sec_001_r0.134 …
2025-08-20 02:49:51,034 | INFO     | MetadataBin created.
2025-08-20 02:49:51,034 | INFO     | Composing SectionAnalysisResultSet …
2025-08-20 02:49:51,034 | INFO     | SectionAnalysisResultSet successfully built.
2025-08-20 02:49:51,034 | INFO     | Saving results to directory: C:\Users\samea\Desktop\geometry_tools\n_sections\results\analysis\2025-08-20_02-49-41\sec_001_r0.134
2025-08-20 02:49:51,035 | INFO     | Section analysis results successfully saved.
