2025-08-12 00:36:41,111 - INFO - Logger initialized for ConvergenceStudy [Station_8]
2025-08-12 00:36:41,112 - INFO - Starting convergence study over 3 mesh sizes: [40.  10.   2.5]
2025-08-12 00:36:41,113 - INFO - [1/3] Processing mesh size h = 40
2025-08-12 00:36:41,113 - DEBUG - [Station_8_h40] Copying geometry and initiating meshing …
2025-08-12 00:36:41,127 - INFO - [Station_8_h40] Mesh created successfully
2025-08-12 00:36:41,127 - DEBUG - [Station_8_h40] Starting section property calculation …
2025-08-12 00:36:43,012 - DEBUG - [Station_8_h40] Section analysis row returned
2025-08-12 00:36:43,014 - INFO - [Station_8_h40] Section analysis completed successfully.
2025-08-12 00:36:43,015 - INFO - [2/3] Processing mesh size h = 10
2025-08-12 00:36:43,015 - DEBUG - [Station_8_h10] Copying geometry and initiating meshing …
2025-08-12 00:36:43,035 - INFO - [Station_8_h10] Mesh created successfully
2025-08-12 00:36:43,036 - DEBUG - [Station_8_h10] Starting section property calculation …
2025-08-12 00:36:44,415 - DEBUG - [Station_8_h10] Section analysis row returned
2025-08-12 00:36:44,417 - INFO - [Station_8_h10] Section analysis completed successfully.
2025-08-12 00:36:44,417 - INFO - [3/3] Processing mesh size h = 2.5
2025-08-12 00:36:44,417 - DEBUG - [Station_8_h2.5] Copying geometry and initiating meshing …
2025-08-12 00:36:44,431 - INFO - [Station_8_h2.5] Mesh created successfully
2025-08-12 00:36:44,431 - DEBUG - [Station_8_h2.5] Starting section property calculation …
2025-08-12 00:36:45,503 - DEBUG - [Station_8_h2.5] Section analysis row returned
2025-08-12 00:36:45,506 - INFO - [Station_8_h2.5] Section analysis completed successfully.
2025-08-12 00:36:45,507 - INFO - Convergence study completed: 3 successful, 3 attempted
2025-08-12 00:36:45,507 - INFO - Generating convergence visualisation …
2025-08-12 00:36:48,227 - INFO - Convergence visualisation completed.
