2025-08-12 00:36:38,748 | INFO     | Logging initialized for ProcessSectionAnalysis
2025-08-12 00:36:38,748 | INFO     | Station Station_8 [Analysis]: DXF=C:\Users\samea\Desktop\geometry_tools\n_sections\blade\Station_8.dxf, twist=4.4°, centroid=(0.00, -0.01)
2025-08-12 00:36:38,748 | INFO     | Starting raw geometry processing …
2025-08-12 00:36:38,748 | INFO     | Instantiating RawGeometry for DXF: C:\Users\samea\Desktop\geometry_tools\n_sections\blade\Station_8.dxf
2025-08-12 00:36:38,749 | INFO     | RawGeometry created successfully.
2025-08-12 00:36:38,749 | INFO     | Generating raw geometry plot …
2025-08-12 00:36:39,162 | INFO     | Raw geometry visualisation completed and saved.
2025-08-12 00:36:39,162 | INFO     | Processing and visualising aligned geometry …
2025-08-12 00:36:39,162 | INFO     | Instantiating ProcessedGeometry with spline/segment settings …
2025-08-12 00:36:39,163 | INFO     | ProcessedGeometry successfully instantiated.
2025-08-12 00:36:39,163 | INFO     | Extracting and aligning geometry with twist=4.4°, cx=0.00, cy=-0.01
2025-08-12 00:36:39,846 | INFO     | Geometry aligned and transformed successfully.
2025-08-12 00:36:39,846 | INFO     | Generating processed geometry visualisation with trailing edge zoom …
2025-08-12 00:36:41,110 | INFO     | Processed geometry preview saved -> C:\Users\samea\Desktop\geometry_tools\n_sections\results\analysis\2025-08-12_00-36-10\Station_8\processed_Station_8.png
2025-08-12 00:36:41,110 | INFO     | Launching convergence study pipeline …
2025-08-12 00:36:41,111 | INFO     | Starting section convergence study using 3 mesh sizes: [40.  10.   2.5]
2025-08-12 00:36:48,227 | INFO     | ConvergenceStudy instantiated. Running results computation …
2025-08-12 00:36:48,227 | INFO     | Convergence study completed successfully.
2025-08-12 00:36:48,227 | INFO     | Creating convergence visualisation …
2025-08-12 00:36:50,289 | INFO     | Convergence visualisation saved.
2025-08-12 00:36:50,289 | INFO     | Building metadata container for section Station_8 …
2025-08-12 00:36:50,289 | INFO     | MetadataBin created.
2025-08-12 00:36:50,289 | INFO     | Composing SectionAnalysisResultSet …
2025-08-12 00:36:50,290 | INFO     | SectionAnalysisResultSet successfully built.
2025-08-12 00:36:50,290 | INFO     | Saving results to directory: C:\Users\samea\Desktop\geometry_tools\n_sections\results\analysis\2025-08-12_00-36-10\Station_8
2025-08-12 00:36:50,292 | INFO     | Section analysis results successfully saved.
