2025-08-20 02:33:39,599 - INFO - Logger initialized for ConvergenceStudy [sec_027_r0.364]
2025-08-20 02:33:39,599 - INFO - Starting convergence study over 3 mesh sizes: [40.  10.   2.5]
2025-08-20 02:33:39,599 - INFO - [1/3] Processing mesh size h = 40
2025-08-20 02:33:39,599 - DEBUG - [sec_027_r0.364_h40] Copying geometry and initiating meshing …
2025-08-20 02:33:39,625 - INFO - [sec_027_r0.364_h40] Mesh created successfully
2025-08-20 02:33:39,625 - DEBUG - [sec_027_r0.364_h40] Starting section property calculation …
2025-08-20 02:33:40,975 - DEBUG - [sec_027_r0.364_h40] Section analysis row returned
2025-08-20 02:33:40,978 - INFO - [sec_027_r0.364_h40] Section analysis completed successfully.
2025-08-20 02:33:40,978 - INFO - [2/3] Processing mesh size h = 10
2025-08-20 02:33:40,978 - DEBUG - [sec_027_r0.364_h10] Copying geometry and initiating meshing …
2025-08-20 02:33:40,980 - INFO - [sec_027_r0.364_h10] Mesh created successfully
2025-08-20 02:33:40,980 - DEBUG - [sec_027_r0.364_h10] Starting section property calculation …
2025-08-20 02:33:41,848 - DEBUG - [sec_027_r0.364_h10] Section analysis row returned
2025-08-20 02:33:41,849 - INFO - [sec_027_r0.364_h10] Section analysis completed successfully.
2025-08-20 02:33:41,849 - INFO - [3/3] Processing mesh size h = 2.5
2025-08-20 02:33:41,850 - DEBUG - [sec_027_r0.364_h2.5] Copying geometry and initiating meshing …
2025-08-20 02:33:41,861 - INFO - [sec_027_r0.364_h2.5] Mesh created successfully
2025-08-20 02:33:41,861 - DEBUG - [sec_027_r0.364_h2.5] Starting section property calculation …
2025-08-20 02:33:42,751 - DEBUG - [sec_027_r0.364_h2.5] Section analysis row returned
2025-08-20 02:33:42,758 - INFO - [sec_027_r0.364_h2.5] Section analysis completed successfully.
2025-08-20 02:33:42,758 - INFO - Convergence study completed: 3 successful, 3 attempted
2025-08-20 02:33:42,759 - INFO - Generating convergence visualisation …
