2025-08-20 02:52:26,208 | INFO     | Logging initialized for ProcessSectionAnalysis
2025-08-20 02:52:26,209 | INFO     | Station sec_036_r0.443 [Analysis]: DXF=C:\Users\samea\Desktop\geometry_tools\n_sections\blade\sec_036_r0.443.dxf, twist=8.5°, origin: CP-proxy @ 33.0% chord
2025-08-20 02:52:26,209 | INFO     | Starting raw geometry processing …
2025-08-20 02:52:26,209 | INFO     | Instantiating RawGeometry for DXF: C:\Users\samea\Desktop\geometry_tools\n_sections\blade\sec_036_r0.443.dxf
2025-08-20 02:52:26,210 | INFO     | RawGeometry created successfully.
2025-08-20 02:52:26,210 | INFO     | Generating raw geometry plot …
2025-08-20 02:52:26,522 | INFO     | Raw geometry visualisation completed and saved.
2025-08-20 02:52:26,522 | INFO     | Processing and visualising aligned geometry …
2025-08-20 02:52:26,522 | INFO     | Instantiating ProcessedGeometry with spline/segment settings …
2025-08-20 02:52:26,523 | INFO     | ProcessedGeometry successfully instantiated.
2025-08-20 02:52:26,523 | INFO     | Extracting (pass-through orientation & origin): twist=8.5°, origin_mode=cop, cop_fraction=0.330, cx=0.01, cy=0.00, resample_exterior=True
2025-08-20 02:52:26,562 | INFO     | Geometry extracted (no twist/origin applied).
2025-08-20 02:52:26,562 | INFO     | Generating processed geometry visualisation with trailing edge zoom …
2025-08-20 02:52:27,639 | INFO     | Processed geometry preview saved -> C:\Users\samea\Desktop\geometry_tools\n_sections\results\analysis\2025-08-20_02-49-41\sec_036_r0.443\processed_sec_036_r0.443.png
2025-08-20 02:52:27,639 | INFO     | Launching convergence study pipeline …
2025-08-20 02:52:27,639 | INFO     | Starting section convergence study using 1 mesh sizes: [40.]
2025-08-20 02:52:29,839 | INFO     | ConvergenceStudy instantiated. Running results computation …
2025-08-20 02:52:29,839 | INFO     | Convergence study completed successfully.
2025-08-20 02:52:29,839 | INFO     | Creating convergence visualisation …
2025-08-20 02:52:30,516 | INFO     | Convergence visualisation saved.
2025-08-20 02:52:30,516 | INFO     | Building metadata container for section sec_036_r0.443 …
2025-08-20 02:52:30,516 | INFO     | MetadataBin created.
2025-08-20 02:52:30,516 | INFO     | Composing SectionAnalysisResultSet …
2025-08-20 02:52:30,516 | INFO     | SectionAnalysisResultSet successfully built.
2025-08-20 02:52:30,516 | INFO     | Saving results to directory: C:\Users\samea\Desktop\geometry_tools\n_sections\results\analysis\2025-08-20_02-49-41\sec_036_r0.443
2025-08-20 02:52:30,518 | INFO     | Section analysis results successfully saved.
