2025-08-20 02:56:41,766 | INFO     | Logging initialized for ProcessSectionAnalysis
2025-08-20 02:56:41,766 | INFO     | Station sec_092_r0.938 [Analysis]: DXF=C:\Users\samea\Desktop\geometry_tools\n_sections\blade\sec_092_r0.938.dxf, twist=0.9°, origin: CP-proxy @ 33.0% chord
2025-08-20 02:56:41,766 | INFO     | Starting raw geometry processing …
2025-08-20 02:56:41,766 | INFO     | Instantiating RawGeometry for DXF: C:\Users\samea\Desktop\geometry_tools\n_sections\blade\sec_092_r0.938.dxf
2025-08-20 02:56:41,768 | INFO     | RawGeometry created successfully.
2025-08-20 02:56:41,768 | INFO     | Generating raw geometry plot …
2025-08-20 02:56:42,101 | INFO     | Raw geometry visualisation completed and saved.
2025-08-20 02:56:42,102 | INFO     | Processing and visualising aligned geometry …
2025-08-20 02:56:42,102 | INFO     | Instantiating ProcessedGeometry with spline/segment settings …
2025-08-20 02:56:42,103 | INFO     | ProcessedGeometry successfully instantiated.
2025-08-20 02:56:42,103 | INFO     | Extracting (pass-through orientation & origin): twist=0.9°, origin_mode=cop, cop_fraction=0.330, cx=0.00, cy=0.00, resample_exterior=True
2025-08-20 02:56:42,125 | INFO     | Geometry extracted (no twist/origin applied).
2025-08-20 02:56:42,125 | INFO     | Generating processed geometry visualisation with trailing edge zoom …
2025-08-20 02:56:43,402 | INFO     | Processed geometry preview saved -> C:\Users\samea\Desktop\geometry_tools\n_sections\results\analysis\2025-08-20_02-49-41\sec_092_r0.938\processed_sec_092_r0.938.png
2025-08-20 02:56:43,403 | INFO     | Launching convergence study pipeline …
2025-08-20 02:56:43,403 | INFO     | Starting section convergence study using 1 mesh sizes: [40.]
2025-08-20 02:56:45,847 | INFO     | ConvergenceStudy instantiated. Running results computation …
2025-08-20 02:56:45,847 | INFO     | Convergence study completed successfully.
2025-08-20 02:56:45,847 | INFO     | Creating convergence visualisation …
2025-08-20 02:56:46,512 | INFO     | Convergence visualisation saved.
2025-08-20 02:56:46,512 | INFO     | Building metadata container for section sec_092_r0.938 …
2025-08-20 02:56:46,512 | INFO     | MetadataBin created.
2025-08-20 02:56:46,512 | INFO     | Composing SectionAnalysisResultSet …
2025-08-20 02:56:46,512 | INFO     | SectionAnalysisResultSet successfully built.
2025-08-20 02:56:46,512 | INFO     | Saving results to directory: C:\Users\samea\Desktop\geometry_tools\n_sections\results\analysis\2025-08-20_02-49-41\sec_092_r0.938
2025-08-20 02:56:46,514 | INFO     | Section analysis results successfully saved.
