2025-07-03 01:38:18,069 - INFO - [Station_10] Geometry meshed with mesh_sizes=0.5.
2025-07-03 01:38:18,335 - INFO - [Station_10] Actual centroid: (0.0154, 0.0012)
2025-07-03 01:38:18,386 - INFO - [Station_10] Desired centroid: (0.0014, -0.0051)
2025-07-03 01:38:18,393 - INFO - [Station_10] Applying translation dx=-0.0140, dy=-0.0063
2025-07-03 01:38:18,402 - INFO - [Station_10] Section translated.
2025-07-03 01:38:18,450 - INFO - Processed and aligned geometry extracted for Station_10
2025-07-03 01:38:19,034 - INFO - Processed geometry preview saved -> section_calc_n\results\Station_10\processed_Station_10.png
2025-07-03 01:38:19,044 - INFO - [1/3] meshing Station_10 with target h = 3
2025-07-03 01:38:19,057 - INFO - [Station_10_h3] Meshing with target h = 3 …
2025-07-03 01:38:19,071 - WARNING - [Station_10_h3] 364 sliver triangles removed
2025-07-03 01:38:19,079 - INFO - [Station_10_h3] mesh ok | nodes=4386 elems=1592 | A[min=1.01e-08 max=1.45e-06 mean=1.65e-07 med=1.19e-07] | q[min=0.602 max=1.000 mean=0.887]
2025-07-03 01:38:19,968 - INFO - [Station_10_h3] Row appended (h=3.0)
2025-07-03 01:38:19,980 - INFO - [2/3] meshing Station_10 with target h = 0.75
2025-07-03 01:38:19,993 - INFO - [Station_10_h0.75] Meshing with target h = 0.75 …
2025-07-03 01:38:20,009 - WARNING - [Station_10_h0.75] 364 sliver triangles removed
2025-07-03 01:38:20,018 - INFO - [Station_10_h0.75] mesh ok | nodes=4386 elems=1592 | A[min=1.01e-08 max=1.45e-06 mean=1.65e-07 med=1.19e-07] | q[min=0.602 max=1.000 mean=0.887]
2025-07-03 01:38:20,660 - INFO - [Station_10_h0.75] Row appended (h=0.75)
2025-07-03 01:38:20,668 - INFO - [3/3] meshing Station_10 with target h = 0.1875
2025-07-03 01:38:20,681 - INFO - [Station_10_h0.1875] Meshing with target h = 0.1875 …
2025-07-03 01:38:20,696 - WARNING - [Station_10_h0.1875] 364 sliver triangles removed
2025-07-03 01:38:20,705 - INFO - [Station_10_h0.1875] mesh ok | nodes=4386 elems=1592 | A[min=1.01e-08 max=1.45e-06 mean=1.65e-07 med=1.19e-07] | q[min=0.602 max=1.000 mean=0.887]
2025-07-03 01:38:21,305 - INFO - [Station_10_h0.1875] Row appended (h=0.1875)
2025-07-03 01:38:21,759 - INFO - Global batch 1 saved -> section_calc_n\results\Station_10\mesh_conv_Station_10_batch1_global.png
2025-07-03 01:38:22,270 - INFO - Local batch 1 saved -> section_calc_n\results\Station_10\mesh_conv_Station_10_batch1_local.png
2025-07-03 01:38:22,281 - INFO - Station Station_12: DXF=section_calc_n\blade\Station_12.dxf, twist=1.4°, centroid=(0.00,-0.00)
2025-07-03 01:38:22,292 - INFO - Reading DXF file: section_calc_n\blade\Station_12.dxf
2025-07-03 01:38:22,333 - INFO - DXF version upgrade to DXF R2000.
2025-07-03 01:38:22,344 - INFO - creating ACAD_COLOR dictionary
2025-07-03 01:38:22,352 - INFO - creating ACAD_PLOTSTYLENAME dictionary
2025-07-03 01:38:22,359 - INFO - creating ACAD_TABLESTYLE dictionary
2025-07-03 01:38:22,370 - INFO - Raw geometry extraction complete. 46 drawable entities parsed.
2025-07-03 01:38:22,469 - INFO - Plotting 46 DXF entities for preview...
2025-07-03 01:38:22,622 - INFO - Raw preview saved -> section_calc_n\results\Station_12\raw_Station_12.png
2025-07-03 01:38:22,630 - INFO - [Station_12] Importing DXF: 'section_calc_n\blade\Station_12.dxf'
2025-07-03 01:38:22,658 - INFO - DXF version upgrade to DXF R2000.
2025-07-03 01:38:22,668 - INFO - creating ACAD_COLOR dictionary
2025-07-03 01:38:22,675 - INFO - creating ACAD_PLOTSTYLENAME dictionary
2025-07-03 01:38:22,682 - INFO - creating ACAD_TABLESTYLE dictionary
2025-07-03 01:38:22,691 - INFO - cleanup is depreciated BTW. Use the polygonize function instead
2025-07-03 01:38:22,734 - INFO - Zipped 91 points
2025-07-03 01:38:22,748 - INFO - [Station_12] Current twist: -0.38°, Desired: 1.43°, Delta: 1.81°
2025-07-03 01:38:22,756 - INFO - [Station_12] Section rotated by 1.81°.
2025-07-03 01:38:22,771 - INFO - [Station_12] Geometry meshed with mesh_sizes=0.5.
2025-07-03 01:38:23,026 - INFO - [Station_12] Actual centroid: (0.0131, 0.0011)
2025-07-03 01:38:23,034 - INFO - [Station_12] Desired centroid: (0.0011, -0.0045)
2025-07-03 01:38:23,043 - INFO - [Station_12] Applying translation dx=-0.0121, dy=-0.0056
2025-07-03 01:38:23,052 - INFO - [Station_12] Section translated.
2025-07-03 01:38:23,061 - INFO - Processed and aligned geometry extracted for Station_12
2025-07-03 01:38:23,693 - INFO - Processed geometry preview saved -> section_calc_n\results\Station_12\processed_Station_12.png
2025-07-03 01:38:23,702 - INFO - [1/3] meshing Station_12 with target h = 3
2025-07-03 01:38:23,715 - INFO - [Station_12_h3] Meshing with target h = 3 …
2025-07-03 01:38:23,733 - WARNING - [Station_12_h3] 387 sliver triangles removed
2025-07-03 01:38:23,743 - INFO - [Station_12_h3] mesh ok | nodes=4130 elems=1443 | A[min=1e-08 max=9.57e-07 mean=1.31e-07 med=8.59e-08] | q[min=0.603 max=1.000 mean=0.881]
2025-07-03 01:38:24,612 - INFO - [Station_12_h3] Row appended (h=3.0)
2025-07-03 01:38:24,619 - INFO - [2/3] meshing Station_12 with target h = 0.75
2025-07-03 01:38:24,632 - INFO - [Station_12_h0.75] Meshing with target h = 0.75 …
2025-07-03 01:38:24,646 - WARNING - [Station_12_h0.75] 387 sliver triangles removed
2025-07-03 01:38:24,654 - INFO - [Station_12_h0.75] mesh ok | nodes=4130 elems=1443 | A[min=1e-08 max=9.57e-07 mean=1.31e-07 med=8.59e-08] | q[min=0.603 max=1.000 mean=0.881]
2025-07-03 01:38:25,209 - INFO - [Station_12_h0.75] Row appended (h=0.75)
2025-07-03 01:38:25,217 - INFO - [3/3] meshing Station_12 with target h = 0.1875
2025-07-03 01:38:25,234 - INFO - [Station_12_h0.1875] Meshing with target h = 0.1875 …
2025-07-03 01:38:25,252 - WARNING - [Station_12_h0.1875] 387 sliver triangles removed
2025-07-03 01:38:25,261 - INFO - [Station_12_h0.1875] mesh ok | nodes=4130 elems=1443 | A[min=1e-08 max=9.57e-07 mean=1.31e-07 med=8.59e-08] | q[min=0.603 max=1.000 mean=0.881]
2025-07-03 01:38:25,827 - INFO - [Station_12_h0.1875] Row appended (h=0.1875)
2025-07-03 01:38:26,291 - INFO - Global batch 1 saved -> section_calc_n\results\Station_12\mesh_conv_Station_12_batch1_global.png
2025-07-03 01:38:26,818 - INFO - Local batch 1 saved -> section_calc_n\results\Station_12\mesh_conv_Station_12_batch1_local.png
2025-07-03 01:38:26,834 - INFO - Station Station_14: DXF=section_calc_n\blade\Station_14.dxf, twist=0.3°, centroid=(0.00,-0.00)
2025-07-03 01:38:26,847 - INFO - Reading DXF file: section_calc_n\blade\Station_14.dxf
2025-07-03 01:38:26,875 - INFO - DXF version upgrade to DXF R2000.
2025-07-03 01:38:26,884 - INFO - creating ACAD_COLOR dictionary
2025-07-03 01:38:26,892 - INFO - creating ACAD_PLOTSTYLENAME dictionary
2025-07-03 01:38:26,899 - INFO - creating ACAD_TABLESTYLE dictionary
2025-07-03 01:38:26,907 - INFO - Raw geometry extraction complete. 52 drawable entities parsed.
2025-07-03 01:38:26,986 - INFO - Plotting 52 DXF entities for preview...
2025-07-03 01:38:27,268 - INFO - Raw preview saved -> section_calc_n\results\Station_14\raw_Station_14.png
2025-07-03 01:38:27,278 - INFO - [Station_14] Importing DXF: 'section_calc_n\blade\Station_14.dxf'
2025-07-03 01:38:27,302 - INFO - DXF version upgrade to DXF R2000.
2025-07-03 01:38:27,312 - INFO - creating ACAD_COLOR dictionary
2025-07-03 01:38:27,319 - INFO - creating ACAD_PLOTSTYLENAME dictionary
2025-07-03 01:38:27,327 - INFO - creating ACAD_TABLESTYLE dictionary
2025-07-03 01:38:27,335 - INFO - cleanup is depreciated BTW. Use the polygonize function instead
2025-07-03 01:38:27,396 - INFO - Zipped 73 points
2025-07-03 01:38:27,409 - INFO - [Station_14] Current twist: 0.36°, Desired: 0.32°, Delta: -0.05°
2025-07-03 01:38:27,458 - INFO - [Station_14] Twist offset negligible — no rotation applied.
2025-07-03 01:38:27,474 - INFO - [Station_14] Geometry meshed with mesh_sizes=0.5.
2025-07-03 01:38:27,755 - INFO - [Station_14] Actual centroid: (0.0178, 0.0007)
2025-07-03 01:38:27,772 - INFO - [Station_14] Desired centroid: (0.0008, -0.0024)
2025-07-03 01:38:27,780 - INFO - [Station_14] Applying translation dx=-0.0169, dy=-0.0031
2025-07-03 01:38:27,789 - INFO - [Station_14] Section translated.
2025-07-03 01:38:27,831 - INFO - Processed and aligned geometry extracted for Station_14
2025-07-03 01:38:28,497 - INFO - Processed geometry preview saved -> section_calc_n\results\Station_14\processed_Station_14.png
2025-07-03 01:38:28,507 - INFO - [1/3] meshing Station_14 with target h = 3
2025-07-03 01:38:28,520 - INFO - [Station_14_h3] Meshing with target h = 3 …
2025-07-03 01:38:28,536 - WARNING - [Station_14_h3] 466 sliver triangles removed
2025-07-03 01:38:28,546 - INFO - [Station_14_h3] mesh ok | nodes=4065 elems=1354 | A[min=1.02e-08 max=1.21e-06 mean=1.28e-07 med=6.78e-08] | q[min=0.604 max=1.000 mean=0.877]
2025-07-03 01:38:29,369 - INFO - [Station_14_h3] Row appended (h=3.0)
2025-07-03 01:38:29,380 - INFO - [2/3] meshing Station_14 with target h = 0.75
2025-07-03 01:38:29,396 - INFO - [Station_14_h0.75] Meshing with target h = 0.75 …
2025-07-03 01:38:29,413 - WARNING - [Station_14_h0.75] 466 sliver triangles removed
2025-07-03 01:38:29,423 - INFO - [Station_14_h0.75] mesh ok | nodes=4065 elems=1354 | A[min=1.02e-08 max=1.21e-06 mean=1.28e-07 med=6.78e-08] | q[min=0.604 max=1.000 mean=0.877]
2025-07-03 01:38:29,999 - INFO - [Station_14_h0.75] Row appended (h=0.75)
2025-07-03 01:38:30,008 - INFO - [3/3] meshing Station_14 with target h = 0.1875
2025-07-03 01:38:30,023 - INFO - [Station_14_h0.1875] Meshing with target h = 0.1875 …
2025-07-03 01:38:30,039 - WARNING - [Station_14_h0.1875] 466 sliver triangles removed
2025-07-03 01:38:30,049 - INFO - [Station_14_h0.1875] mesh ok | nodes=4065 elems=1354 | A[min=1.02e-08 max=1.21e-06 mean=1.28e-07 med=6.78e-08] | q[min=0.604 max=1.000 mean=0.877]
2025-07-03 01:38:30,608 - INFO - [Station_14_h0.1875] Row appended (h=0.1875)
2025-07-03 01:38:31,108 - INFO - Global batch 1 saved -> section_calc_n\results\Station_14\mesh_conv_Station_14_batch1_global.png
2025-07-03 01:38:31,616 - INFO - Local batch 1 saved -> section_calc_n\results\Station_14\mesh_conv_Station_14_batch1_local.png
