2025-07-30 14:23:06,338 - INFO - Logger initialized for ConvergenceStudy [Station_2]
2025-07-30 14:23:06,338 - INFO - Starting convergence study over 3 mesh sizes: [40.  10.   2.5]
2025-07-30 14:23:06,340 - INFO - [1/3] Processing mesh size h = 40
2025-07-30 14:23:06,340 - DEBUG - [Station_2_h40] Copying geometry and initiating meshing …
2025-07-30 14:23:06,402 - INFO - [Station_2_h40] Mesh created successfully
2025-07-30 14:23:06,402 - DEBUG - [Station_2_h40] Starting section property calculation …
2025-07-30 14:23:06,467 - ERROR - [Station_2_h40] SectionDXF returned no data
2025-07-30 14:23:06,469 - WARNING - [Station_2_h40] Skipped due to section analysis failure.
2025-07-30 14:23:06,470 - INFO - [2/3] Processing mesh size h = 10
2025-07-30 14:23:06,470 - DEBUG - [Station_2_h10] Copying geometry and initiating meshing …
2025-07-30 14:23:06,479 - INFO - [Station_2_h10] Mesh created successfully
2025-07-30 14:23:06,479 - DEBUG - [Station_2_h10] Starting section property calculation …
2025-07-30 14:23:06,546 - ERROR - [Station_2_h10] SectionDXF returned no data
2025-07-30 14:23:06,547 - WARNING - [Station_2_h10] Skipped due to section analysis failure.
2025-07-30 14:23:06,547 - INFO - [3/3] Processing mesh size h = 2.5
2025-07-30 14:23:06,547 - DEBUG - [Station_2_h2.5] Copying geometry and initiating meshing …
2025-07-30 14:23:06,557 - INFO - [Station_2_h2.5] Mesh created successfully
2025-07-30 14:23:06,557 - DEBUG - [Station_2_h2.5] Starting section property calculation …
2025-07-30 14:23:06,624 - ERROR - [Station_2_h2.5] SectionDXF returned no data
2025-07-30 14:23:06,625 - WARNING - [Station_2_h2.5] Skipped due to section analysis failure.
2025-07-30 14:23:06,625 - INFO - Convergence study completed: 0 successful, 3 attempted
