2025-08-20 02:50:46,177 | INFO     | Logging initialized for ProcessSectionAnalysis
2025-08-20 02:50:46,178 | INFO     | Station sec_014_r0.249 [Analysis]: DXF=C:\Users\samea\Desktop\geometry_tools\n_sections\blade\sec_014_r0.249.dxf, twist=18.8°, origin: CP-proxy @ 33.0% chord
2025-08-20 02:50:46,178 | INFO     | Starting raw geometry processing …
2025-08-20 02:50:46,178 | INFO     | Instantiating RawGeometry for DXF: C:\Users\samea\Desktop\geometry_tools\n_sections\blade\sec_014_r0.249.dxf
2025-08-20 02:50:46,179 | INFO     | RawGeometry created successfully.
2025-08-20 02:50:46,179 | INFO     | Generating raw geometry plot …
2025-08-20 02:50:46,512 | INFO     | Raw geometry visualisation completed and saved.
2025-08-20 02:50:46,512 | INFO     | Processing and visualising aligned geometry …
2025-08-20 02:50:46,512 | INFO     | Instantiating ProcessedGeometry with spline/segment settings …
2025-08-20 02:50:46,512 | INFO     | ProcessedGeometry successfully instantiated.
2025-08-20 02:50:46,512 | INFO     | Extracting (pass-through orientation & origin): twist=18.8°, origin_mode=cop, cop_fraction=0.330, cx=0.01, cy=0.01, resample_exterior=True
2025-08-20 02:50:46,544 | INFO     | Geometry extracted (no twist/origin applied).
2025-08-20 02:50:46,544 | INFO     | Generating processed geometry visualisation with trailing edge zoom …
2025-08-20 02:50:47,649 | INFO     | Processed geometry preview saved -> C:\Users\samea\Desktop\geometry_tools\n_sections\results\analysis\2025-08-20_02-49-41\sec_014_r0.249\processed_sec_014_r0.249.png
2025-08-20 02:50:47,649 | INFO     | Launching convergence study pipeline …
2025-08-20 02:50:47,649 | INFO     | Starting section convergence study using 1 mesh sizes: [40.]
2025-08-20 02:50:50,009 | INFO     | ConvergenceStudy instantiated. Running results computation …
2025-08-20 02:50:50,009 | INFO     | Convergence study completed successfully.
2025-08-20 02:50:50,009 | INFO     | Creating convergence visualisation …
2025-08-20 02:50:50,757 | INFO     | Convergence visualisation saved.
2025-08-20 02:50:50,757 | INFO     | Building metadata container for section sec_014_r0.249 …
2025-08-20 02:50:50,757 | INFO     | MetadataBin created.
2025-08-20 02:50:50,757 | INFO     | Composing SectionAnalysisResultSet …
2025-08-20 02:50:50,757 | INFO     | SectionAnalysisResultSet successfully built.
2025-08-20 02:50:50,757 | INFO     | Saving results to directory: C:\Users\samea\Desktop\geometry_tools\n_sections\results\analysis\2025-08-20_02-49-41\sec_014_r0.249
2025-08-20 02:50:50,759 | INFO     | Section analysis results successfully saved.
