2025-07-30 14:23:08,266 - INFO - Logger initialized for ConvergenceStudy [Station_4]
2025-07-30 14:23:08,266 - INFO - Starting convergence study over 3 mesh sizes: [40.  10.   2.5]
2025-07-30 14:23:08,267 - INFO - [1/3] Processing mesh size h = 40
2025-07-30 14:23:08,267 - DEBUG - [Station_4_h40] Copying geometry and initiating meshing …
2025-07-30 14:23:08,277 - INFO - [Station_4_h40] Mesh created successfully
2025-07-30 14:23:08,277 - DEBUG - [Station_4_h40] Starting section property calculation …
2025-07-30 14:23:08,346 - ERROR - [Station_4_h40] SectionDXF returned no data
2025-07-30 14:23:08,348 - WARNING - [Station_4_h40] Skipped due to section analysis failure.
2025-07-30 14:23:08,348 - INFO - [2/3] Processing mesh size h = 10
2025-07-30 14:23:08,348 - DEBUG - [Station_4_h10] Copying geometry and initiating meshing …
2025-07-30 14:23:08,358 - INFO - [Station_4_h10] Mesh created successfully
2025-07-30 14:23:08,358 - DEBUG - [Station_4_h10] Starting section property calculation …
2025-07-30 14:23:08,427 - ERROR - [Station_4_h10] SectionDXF returned no data
2025-07-30 14:23:08,428 - WARNING - [Station_4_h10] Skipped due to section analysis failure.
2025-07-30 14:23:08,428 - INFO - [3/3] Processing mesh size h = 2.5
2025-07-30 14:23:08,428 - DEBUG - [Station_4_h2.5] Copying geometry and initiating meshing …
2025-07-30 14:23:08,486 - INFO - [Station_4_h2.5] Mesh created successfully
2025-07-30 14:23:08,486 - DEBUG - [Station_4_h2.5] Starting section property calculation …
2025-07-30 14:23:08,563 - ERROR - [Station_4_h2.5] SectionDXF returned no data
2025-07-30 14:23:08,564 - WARNING - [Station_4_h2.5] Skipped due to section analysis failure.
2025-07-30 14:23:08,564 - INFO - Convergence study completed: 0 successful, 3 attempted
