2025-07-30 14:23:06,627 | INFO     | Logging initialized for ProcessSectionAnalysis
2025-07-30 14:23:06,627 | INFO     | Station Station_4 [Analysis]: DXF=C:\Users\Sam Hughes\Desktop\geometry_tools\n_sections\blade\Station_4.dxf, twist=10.9°, centroid=(0.00, -0.01)
2025-07-30 14:23:06,628 | INFO     | Logger initialized for RawGeometry Station_4
2025-07-30 14:23:06,628 | INFO     | Reading DXF file: C:\Users\Sam Hughes\Desktop\geometry_tools\n_sections\blade\Station_4.dxf
2025-07-30 14:23:06,641 | INFO     | DXF version upgrade to DXF R2000.
2025-07-30 14:23:06,643 | INFO     | creating ACAD_COLOR dictionary
2025-07-30 14:23:06,644 | INFO     | creating ACAD_PLOTSTYLENAME dictionary
2025-07-30 14:23:06,644 | INFO     | creating ACAD_TABLESTYLE dictionary
2025-07-30 14:23:06,645 | DEBUG    | Parsed LINE entity with 50 points
2025-07-30 14:23:06,645 | DEBUG    | Parsed LINE entity with 50 points
2025-07-30 14:23:06,645 | DEBUG    | Parsed LINE entity with 50 points
2025-07-30 14:23:06,646 | DEBUG    | Parsed LINE entity with 50 points
2025-07-30 14:23:06,646 | DEBUG    | Parsed LINE entity with 50 points
2025-07-30 14:23:06,646 | DEBUG    | Parsed LINE entity with 50 points
2025-07-30 14:23:06,646 | DEBUG    | Parsed LINE entity with 50 points
2025-07-30 14:23:06,647 | DEBUG    | Parsed LINE entity with 50 points
2025-07-30 14:23:06,647 | DEBUG    | Parsed LINE entity with 50 points
2025-07-30 14:23:06,647 | DEBUG    | Parsed LINE entity with 50 points
2025-07-30 14:23:06,647 | DEBUG    | Parsed LINE entity with 50 points
2025-07-30 14:23:06,647 | DEBUG    | Parsed LINE entity with 50 points
2025-07-30 14:23:06,647 | DEBUG    | Parsed LINE entity with 50 points
2025-07-30 14:23:06,648 | DEBUG    | Parsed LINE entity with 50 points
2025-07-30 14:23:06,648 | DEBUG    | Parsed LINE entity with 50 points
2025-07-30 14:23:06,648 | DEBUG    | Parsed LINE entity with 50 points
2025-07-30 14:23:06,648 | DEBUG    | Parsed LINE entity with 50 points
2025-07-30 14:23:06,648 | DEBUG    | Parsed LINE entity with 50 points
2025-07-30 14:23:06,648 | DEBUG    | Parsed LINE entity with 50 points
2025-07-30 14:23:06,649 | DEBUG    | Parsed LINE entity with 50 points
2025-07-30 14:23:06,649 | DEBUG    | Parsed LINE entity with 50 points
2025-07-30 14:23:06,649 | DEBUG    | Parsed LINE entity with 50 points
2025-07-30 14:23:06,649 | DEBUG    | Parsed LINE entity with 50 points
2025-07-30 14:23:06,649 | DEBUG    | Parsed LINE entity with 50 points
2025-07-30 14:23:06,649 | DEBUG    | Parsed LINE entity with 50 points
2025-07-30 14:23:06,649 | DEBUG    | Parsed LINE entity with 50 points
2025-07-30 14:23:06,649 | DEBUG    | Parsed LINE entity with 50 points
2025-07-30 14:23:06,650 | DEBUG    | Parsed ARC entity with 100 points
2025-07-30 14:23:06,650 | DEBUG    | Parsed LINE entity with 50 points
2025-07-30 14:23:06,650 | DEBUG    | Parsed LINE entity with 50 points
2025-07-30 14:23:06,650 | DEBUG    | Parsed LINE entity with 50 points
2025-07-30 14:23:06,652 | DEBUG    | Parsed LINE entity with 50 points
2025-07-30 14:23:06,652 | DEBUG    | Parsed LINE entity with 50 points
2025-07-30 14:23:06,652 | DEBUG    | Parsed LINE entity with 50 points
2025-07-30 14:23:06,653 | DEBUG    | Parsed LINE entity with 50 points
2025-07-30 14:23:06,653 | DEBUG    | Parsed LINE entity with 50 points
2025-07-30 14:23:06,653 | DEBUG    | Parsed LINE entity with 50 points
2025-07-30 14:23:06,653 | DEBUG    | Parsed LINE entity with 50 points
2025-07-30 14:23:06,653 | DEBUG    | Parsed LINE entity with 50 points
2025-07-30 14:23:06,654 | DEBUG    | Parsed ARC entity with 100 points
2025-07-30 14:23:06,654 | DEBUG    | Parsed LINE entity with 50 points
2025-07-30 14:23:06,654 | DEBUG    | Parsed LINE entity with 50 points
2025-07-30 14:23:06,654 | DEBUG    | Parsed LINE entity with 50 points
2025-07-30 14:23:06,654 | DEBUG    | Parsed LINE entity with 50 points
2025-07-30 14:23:06,655 | DEBUG    | Parsed LINE entity with 50 points
2025-07-30 14:23:06,655 | DEBUG    | Parsed LINE entity with 50 points
2025-07-30 14:23:06,655 | DEBUG    | Parsed LINE entity with 50 points
2025-07-30 14:23:06,655 | DEBUG    | Parsed LINE entity with 50 points
2025-07-30 14:23:06,655 | DEBUG    | Parsed LINE entity with 50 points
2025-07-30 14:23:06,655 | DEBUG    | Parsed LINE entity with 50 points
2025-07-30 14:23:06,655 | DEBUG    | Parsed LINE entity with 50 points
2025-07-30 14:23:06,656 | DEBUG    | Parsed ARC entity with 100 points
2025-07-30 14:23:06,656 | DEBUG    | Parsed ARC entity with 100 points
2025-07-30 14:23:06,656 | DEBUG    | Parsed LINE entity with 50 points
2025-07-30 14:23:06,656 | DEBUG    | Parsed LINE entity with 50 points
2025-07-30 14:23:06,657 | DEBUG    | Parsed LINE entity with 50 points
2025-07-30 14:23:06,657 | DEBUG    | Parsed LINE entity with 50 points
2025-07-30 14:23:06,657 | DEBUG    | Parsed LINE entity with 50 points
2025-07-30 14:23:06,657 | DEBUG    | Parsed LINE entity with 50 points
2025-07-30 14:23:06,657 | DEBUG    | Parsed LINE entity with 50 points
2025-07-30 14:23:06,657 | DEBUG    | Parsed LINE entity with 50 points
2025-07-30 14:23:06,658 | DEBUG    | Parsed LINE entity with 50 points
2025-07-30 14:23:06,658 | DEBUG    | Parsed LINE entity with 50 points
2025-07-30 14:23:06,658 | DEBUG    | Parsed ARC entity with 100 points
2025-07-30 14:23:06,658 | DEBUG    | Parsed LINE entity with 50 points
2025-07-30 14:23:06,658 | INFO     | Extraction complete: 65 entities, 3500 total points.
2025-07-30 14:23:06,726 | INFO     | Plotting 65 DXF entities for preview...
2025-07-30 14:23:06,908 | INFO     | Raw preview saved -> C:\Users\Sam Hughes\Desktop\geometry_tools\n_sections\results\analysis\Station_4\raw_Station_4.png
2025-07-30 14:23:06,909 | INFO     | Logger initialized for ProcessedGeometry [Station_4]
2025-07-30 14:23:06,909 | INFO     | Importing DXF geometry from C:\Users\Sam Hughes\Desktop\geometry_tools\n_sections\blade\Station_4.dxf
2025-07-30 14:23:06,922 | INFO     | DXF version upgrade to DXF R2000.
2025-07-30 14:23:06,925 | INFO     | creating ACAD_COLOR dictionary
2025-07-30 14:23:06,926 | INFO     | creating ACAD_PLOTSTYLENAME dictionary
2025-07-30 14:23:06,926 | INFO     | creating ACAD_TABLESTYLE dictionary
2025-07-30 14:23:06,928 | INFO     | cleanup is depreciated BTW. Use the polygonize function instead
2025-07-30 14:23:07,056 | INFO     | Zipped 61 points
2025-07-30 14:23:07,058 | INFO     | DXF import complete
2025-07-30 14:23:07,059 | DEBUG    | Scaled single geometry to metres
2025-07-30 14:23:07,059 | DEBUG    | Resampling polygon: 110 points, target=400 points, perimeter=0.231738
2025-07-30 14:23:07,060 | DEBUG    | Resampled exterior generated with 400 points
2025-07-30 14:23:07,060 | DEBUG    | Resampled polygon 0 with 400 exterior nodes
2025-07-30 14:23:07,062 | INFO     | Resampling and geometry reconstruction complete
2025-07-30 14:23:07,063 | INFO     | [Station_4] Current blade twist: -0.02°, Desired: 10.86°, Delta: 10.88°
2025-07-30 14:23:07,065 | INFO     | [Station_4] Section rotated by 10.88° (about origin, twist axis ratio was 33.30%).
2025-07-30 14:23:07,065 | INFO     | Applied twist rotation: 10.86°
2025-07-30 14:23:07,066 | INFO     | Logger initialized for CentroidOffset [Station_4]
2025-07-30 14:23:07,075 | INFO     | Geometry meshed with mesh_sizes = 0.5
2025-07-30 14:23:07,475 | INFO     | Actual centroid: (0.0295, 0.0010)
2025-07-30 14:23:07,475 | INFO     | Target centroid: (0.0038, -0.0103)
2025-07-30 14:23:07,475 | INFO     | Translation to apply: dx=-0.0257, dy=-0.0113
2025-07-30 14:23:07,477 | INFO     | Section successfully translated.
2025-07-30 14:23:07,478 | INFO     | Applied centroid translation to (0.004, -0.010)
2025-07-30 14:23:07,478 | INFO     | Processed geometry completed for Station_4
2025-07-30 14:23:07,479 | INFO     | Processed and aligned geometry extracted for Station_4
2025-07-30 14:23:07,479 | WARNING  | Material assignment failed for Station_4: 'Geometry' object has no attribute 'assign_material'
Traceback (most recent call last):
  File "c:\Users\Sam Hughes\Desktop\geometry_tools\n_sections\analysis\process_section_analysis.py", line 121, in _process_and_preview_geometry
    geom_aligned.assign_material(self.material)
    ^^^^^^^^^^^^^^^^^^^^^^^^^^^^
AttributeError: 'Geometry' object has no attribute 'assign_material'
2025-07-30 14:23:08,265 | INFO     | Processed geometry preview saved -> C:\Users\Sam Hughes\Desktop\geometry_tools\n_sections\results\analysis\Station_4\processed_Station_4.png
2025-07-30 14:23:08,265 | INFO     | Starting section convergence study …
2025-07-30 14:23:08,266 | INFO     | Logger initialized for ConvergenceStudy [Station_4]
2025-07-30 14:23:08,266 | INFO     | Starting convergence study over 3 mesh sizes: [40.  10.   2.5]
2025-07-30 14:23:08,267 | INFO     | [1/3] Processing mesh size h = 40
2025-07-30 14:23:08,267 | DEBUG    | [Station_4_h40] Copying geometry and initiating meshing …
2025-07-30 14:23:08,269 | INFO     | Logger initialized for MeshDXF [Station_4_h40]
2025-07-30 14:23:08,269 | INFO     | [Station_4_h40] Meshing started with target h = 40
2025-07-30 14:23:08,277 | ERROR    | [Station_4_h40] Mesh contains no points or triangles
2025-07-30 14:23:08,277 | INFO     | [Station_4_h40] Mesh created successfully
2025-07-30 14:23:08,277 | DEBUG    | [Station_4_h40] Starting section property calculation …
2025-07-30 14:23:08,346 | ERROR    | [Station_4_h40] SectionDXF returned no data
2025-07-30 14:23:08,348 | WARNING  | [Station_4_h40] Skipped due to section analysis failure.
2025-07-30 14:23:08,348 | INFO     | [2/3] Processing mesh size h = 10
2025-07-30 14:23:08,348 | DEBUG    | [Station_4_h10] Copying geometry and initiating meshing …
2025-07-30 14:23:08,350 | INFO     | Logger initialized for MeshDXF [Station_4_h10]
2025-07-30 14:23:08,351 | INFO     | [Station_4_h10] Meshing started with target h = 10
2025-07-30 14:23:08,358 | ERROR    | [Station_4_h10] Mesh contains no points or triangles
2025-07-30 14:23:08,358 | INFO     | [Station_4_h10] Mesh created successfully
2025-07-30 14:23:08,358 | DEBUG    | [Station_4_h10] Starting section property calculation …
2025-07-30 14:23:08,427 | ERROR    | [Station_4_h10] SectionDXF returned no data
2025-07-30 14:23:08,428 | WARNING  | [Station_4_h10] Skipped due to section analysis failure.
2025-07-30 14:23:08,428 | INFO     | [3/3] Processing mesh size h = 2.5
2025-07-30 14:23:08,428 | DEBUG    | [Station_4_h2.5] Copying geometry and initiating meshing …
2025-07-30 14:23:08,430 | INFO     | Logger initialized for MeshDXF [Station_4_h2.5]
2025-07-30 14:23:08,431 | INFO     | [Station_4_h2.5] Meshing started with target h = 2.5
2025-07-30 14:23:08,486 | ERROR    | [Station_4_h2.5] Mesh contains no points or triangles
2025-07-30 14:23:08,486 | INFO     | [Station_4_h2.5] Mesh created successfully
2025-07-30 14:23:08,486 | DEBUG    | [Station_4_h2.5] Starting section property calculation …
2025-07-30 14:23:08,563 | ERROR    | [Station_4_h2.5] SectionDXF returned no data
2025-07-30 14:23:08,564 | WARNING  | [Station_4_h2.5] Skipped due to section analysis failure.
2025-07-30 14:23:08,564 | INFO     | Convergence study completed: 0 successful, 3 attempted
2025-07-30 14:23:08,566 | INFO     | Section analysis result set saved
2025-07-30 14:23:08,568 | INFO     | Logging initialized for ProcessSectionAnalysis
2025-07-30 14:23:08,569 | INFO     | Station Station_6 [Analysis]: DXF=C:\Users\Sam Hughes\Desktop\geometry_tools\n_sections\blade\Station_6.dxf, twist=6.9°, centroid=(0.00, -0.01)
2025-07-30 14:23:08,570 | INFO     | Logger initialized for RawGeometry Station_6
2025-07-30 14:23:08,571 | INFO     | Reading DXF file: C:\Users\Sam Hughes\Desktop\geometry_tools\n_sections\blade\Station_6.dxf
2025-07-30 14:23:08,597 | INFO     | DXF version upgrade to DXF R2000.
2025-07-30 14:23:08,602 | INFO     | creating ACAD_COLOR dictionary
2025-07-30 14:23:08,603 | INFO     | creating ACAD_PLOTSTYLENAME dictionary
2025-07-30 14:23:08,603 | INFO     | creating ACAD_TABLESTYLE dictionary
2025-07-30 14:23:08,604 | DEBUG    | Parsed LINE entity with 50 points
2025-07-30 14:23:08,604 | DEBUG    | Parsed LINE entity with 50 points
2025-07-30 14:23:08,605 | DEBUG    | Parsed LINE entity with 50 points
2025-07-30 14:23:08,605 | DEBUG    | Parsed LINE entity with 50 points
2025-07-30 14:23:08,606 | DEBUG    | Parsed LINE entity with 50 points
2025-07-30 14:23:08,606 | DEBUG    | Parsed LINE entity with 50 points
2025-07-30 14:23:08,607 | DEBUG    | Parsed LINE entity with 50 points
2025-07-30 14:23:08,607 | DEBUG    | Parsed LINE entity with 50 points
2025-07-30 14:23:08,607 | DEBUG    | Parsed LINE entity with 50 points
2025-07-30 14:23:08,607 | DEBUG    | Parsed LINE entity with 50 points
2025-07-30 14:23:08,608 | DEBUG    | Parsed LINE entity with 50 points
2025-07-30 14:23:08,608 | DEBUG    | Parsed LINE entity with 50 points
2025-07-30 14:23:08,608 | DEBUG    | Parsed LINE entity with 50 points
2025-07-30 14:23:08,609 | DEBUG    | Parsed LINE entity with 50 points
2025-07-30 14:23:08,609 | DEBUG    | Parsed LINE entity with 50 points
2025-07-30 14:23:08,609 | DEBUG    | Parsed LINE entity with 50 points
2025-07-30 14:23:08,609 | DEBUG    | Parsed LINE entity with 50 points
2025-07-30 14:23:08,609 | DEBUG    | Parsed LINE entity with 50 points
2025-07-30 14:23:08,611 | DEBUG    | Parsed LINE entity with 50 points
2025-07-30 14:23:08,611 | DEBUG    | Parsed LINE entity with 50 points
2025-07-30 14:23:08,611 | DEBUG    | Parsed LINE entity with 50 points
2025-07-30 14:23:08,611 | DEBUG    | Parsed LINE entity with 50 points
2025-07-30 14:23:08,612 | DEBUG    | Parsed LINE entity with 50 points
2025-07-30 14:23:08,612 | DEBUG    | Parsed LINE entity with 50 points
2025-07-30 14:23:08,612 | DEBUG    | Parsed ARC entity with 100 points
2025-07-30 14:23:08,613 | DEBUG    | Parsed ARC entity with 100 points
2025-07-30 14:23:08,613 | DEBUG    | Parsed LINE entity with 50 points
2025-07-30 14:23:08,613 | DEBUG    | Parsed LINE entity with 50 points
2025-07-30 14:23:08,614 | DEBUG    | Parsed LINE entity with 50 points
2025-07-30 14:23:08,614 | DEBUG    | Parsed LINE entity with 50 points
2025-07-30 14:23:08,614 | DEBUG    | Parsed LINE entity with 50 points
2025-07-30 14:23:08,614 | DEBUG    | Parsed LINE entity with 50 points
2025-07-30 14:23:08,615 | DEBUG    | Parsed LINE entity with 50 points
2025-07-30 14:23:08,615 | DEBUG    | Parsed LINE entity with 50 points
2025-07-30 14:23:08,615 | DEBUG    | Parsed LINE entity with 50 points
2025-07-30 14:23:08,616 | DEBUG    | Parsed ARC entity with 100 points
2025-07-30 14:23:08,616 | DEBUG    | Parsed LINE entity with 50 points
2025-07-30 14:23:08,616 | DEBUG    | Parsed LINE entity with 50 points
2025-07-30 14:23:08,617 | DEBUG    | Parsed LINE entity with 50 points
2025-07-30 14:23:08,617 | DEBUG    | Parsed LINE entity with 50 points
2025-07-30 14:23:08,618 | DEBUG    | Parsed LINE entity with 50 points
2025-07-30 14:23:08,618 | DEBUG    | Parsed LINE entity with 50 points
2025-07-30 14:23:08,618 | DEBUG    | Parsed LINE entity with 50 points
2025-07-30 14:23:08,619 | DEBUG    | Parsed ARC entity with 100 points
2025-07-30 14:23:08,619 | DEBUG    | Parsed LINE entity with 50 points
2025-07-30 14:23:08,619 | DEBUG    | Parsed LINE entity with 50 points
2025-07-30 14:23:08,620 | DEBUG    | Parsed LINE entity with 50 points
2025-07-30 14:23:08,620 | DEBUG    | Parsed LINE entity with 50 points
2025-07-30 14:23:08,620 | DEBUG    | Parsed LINE entity with 50 points
2025-07-30 14:23:08,620 | DEBUG    | Parsed LINE entity with 50 points
2025-07-30 14:23:08,621 | DEBUG    | Parsed LINE entity with 50 points
2025-07-30 14:23:08,621 | DEBUG    | Parsed LINE entity with 50 points
2025-07-30 14:23:08,621 | DEBUG    | Parsed LINE entity with 50 points
2025-07-30 14:23:08,622 | INFO     | Extraction complete: 53 entities, 2850 total points.
2025-07-30 14:23:08,703 | INFO     | Plotting 53 DXF entities for preview...
2025-07-30 14:23:08,873 | INFO     | Raw preview saved -> C:\Users\Sam Hughes\Desktop\geometry_tools\n_sections\results\analysis\Station_6\raw_Station_6.png
2025-07-30 14:23:08,874 | INFO     | Logger initialized for ProcessedGeometry [Station_6]
2025-07-30 14:23:08,874 | INFO     | Importing DXF geometry from C:\Users\Sam Hughes\Desktop\geometry_tools\n_sections\blade\Station_6.dxf
2025-07-30 14:23:08,886 | INFO     | DXF version upgrade to DXF R2000.
2025-07-30 14:23:08,889 | INFO     | creating ACAD_COLOR dictionary
2025-07-30 14:23:08,890 | INFO     | creating ACAD_PLOTSTYLENAME dictionary
2025-07-30 14:23:08,890 | INFO     | creating ACAD_TABLESTYLE dictionary
2025-07-30 14:23:08,891 | INFO     | cleanup is depreciated BTW. Use the polygonize function instead
2025-07-30 14:23:08,977 | INFO     | Zipped 30 points
2025-07-30 14:23:08,978 | INFO     | DXF import complete
2025-07-30 14:23:08,979 | DEBUG    | Scaled single geometry to metres
2025-07-30 14:23:08,980 | DEBUG    | Resampling polygon: 147 points, target=400 points, perimeter=0.182069
2025-07-30 14:23:08,981 | DEBUG    | Resampled exterior generated with 400 points
2025-07-30 14:23:08,981 | DEBUG    | Resampled polygon 0 with 400 exterior nodes
2025-07-30 14:23:08,983 | INFO     | Resampling and geometry reconstruction complete
2025-07-30 14:23:08,983 | INFO     | [Station_6] Current blade twist: 0.15°, Desired: 6.90°, Delta: 6.75°
2025-07-30 14:23:08,986 | INFO     | [Station_6] Section rotated by 6.75° (about origin, twist axis ratio was 33.30%).
2025-07-30 14:23:08,986 | INFO     | Applied twist rotation: 6.90°
2025-07-30 14:23:08,987 | INFO     | Logger initialized for CentroidOffset [Station_6]
2025-07-30 14:23:08,994 | INFO     | Geometry meshed with mesh_sizes = 0.5
2025-07-30 14:23:09,359 | INFO     | Actual centroid: (0.0228, 0.0013)
2025-07-30 14:23:09,359 | INFO     | Target centroid: (0.0025, -0.0070)
2025-07-30 14:23:09,361 | INFO     | Translation to apply: dx=-0.0203, dy=-0.0083
2025-07-30 14:23:09,362 | INFO     | Section successfully translated.
2025-07-30 14:23:09,363 | INFO     | Applied centroid translation to (0.003, -0.007)
2025-07-30 14:23:09,363 | INFO     | Processed geometry completed for Station_6
2025-07-30 14:23:09,364 | INFO     | Processed and aligned geometry extracted for Station_6
2025-07-30 14:23:09,364 | WARNING  | Material assignment failed for Station_6: 'Geometry' object has no attribute 'assign_material'
Traceback (most recent call last):
  File "c:\Users\Sam Hughes\Desktop\geometry_tools\n_sections\analysis\process_section_analysis.py", line 121, in _process_and_preview_geometry
    geom_aligned.assign_material(self.material)
    ^^^^^^^^^^^^^^^^^^^^^^^^^^^^
AttributeError: 'Geometry' object has no attribute 'assign_material'
2025-07-30 14:23:10,142 | INFO     | Processed geometry preview saved -> C:\Users\Sam Hughes\Desktop\geometry_tools\n_sections\results\analysis\Station_6\processed_Station_6.png
2025-07-30 14:23:10,142 | INFO     | Starting section convergence study …
2025-07-30 14:23:10,143 | INFO     | Logger initialized for ConvergenceStudy [Station_6]
2025-07-30 14:23:10,143 | INFO     | Starting convergence study over 3 mesh sizes: [40.  10.   2.5]
2025-07-30 14:23:10,144 | INFO     | [1/3] Processing mesh size h = 40
2025-07-30 14:23:10,144 | DEBUG    | [Station_6_h40] Copying geometry and initiating meshing …
2025-07-30 14:23:10,146 | INFO     | Logger initialized for MeshDXF [Station_6_h40]
2025-07-30 14:23:10,146 | INFO     | [Station_6_h40] Meshing started with target h = 40
2025-07-30 14:23:10,154 | ERROR    | [Station_6_h40] Mesh contains no points or triangles
2025-07-30 14:23:10,155 | INFO     | [Station_6_h40] Mesh created successfully
2025-07-30 14:23:10,155 | DEBUG    | [Station_6_h40] Starting section property calculation …
2025-07-30 14:23:10,221 | ERROR    | [Station_6_h40] SectionDXF returned no data
2025-07-30 14:23:10,223 | WARNING  | [Station_6_h40] Skipped due to section analysis failure.
2025-07-30 14:23:10,223 | INFO     | [2/3] Processing mesh size h = 10
2025-07-30 14:23:10,223 | DEBUG    | [Station_6_h10] Copying geometry and initiating meshing …
2025-07-30 14:23:10,225 | INFO     | Logger initialized for MeshDXF [Station_6_h10]
2025-07-30 14:23:10,225 | INFO     | [Station_6_h10] Meshing started with target h = 10
2025-07-30 14:23:10,231 | ERROR    | [Station_6_h10] Mesh contains no points or triangles
2025-07-30 14:23:10,231 | INFO     | [Station_6_h10] Mesh created successfully
2025-07-30 14:23:10,232 | DEBUG    | [Station_6_h10] Starting section property calculation …
2025-07-30 14:23:10,295 | ERROR    | [Station_6_h10] SectionDXF returned no data
2025-07-30 14:23:10,296 | WARNING  | [Station_6_h10] Skipped due to section analysis failure.
2025-07-30 14:23:10,296 | INFO     | [3/3] Processing mesh size h = 2.5
2025-07-30 14:23:10,297 | DEBUG    | [Station_6_h2.5] Copying geometry and initiating meshing …
2025-07-30 14:23:10,299 | INFO     | Logger initialized for MeshDXF [Station_6_h2.5]
2025-07-30 14:23:10,299 | INFO     | [Station_6_h2.5] Meshing started with target h = 2.5
2025-07-30 14:23:10,356 | ERROR    | [Station_6_h2.5] Mesh contains no points or triangles
2025-07-30 14:23:10,357 | INFO     | [Station_6_h2.5] Mesh created successfully
2025-07-30 14:23:10,357 | DEBUG    | [Station_6_h2.5] Starting section property calculation …
2025-07-30 14:23:10,417 | ERROR    | [Station_6_h2.5] SectionDXF returned no data
2025-07-30 14:23:10,419 | WARNING  | [Station_6_h2.5] Skipped due to section analysis failure.
2025-07-30 14:23:10,419 | INFO     | Convergence study completed: 0 successful, 3 attempted
2025-07-30 14:23:10,421 | INFO     | Section analysis result set saved
2025-07-30 14:23:10,422 | INFO     | Logging initialized for ProcessSectionAnalysis
2025-07-30 14:23:10,422 | INFO     | Station Station_8 [Analysis]: DXF=C:\Users\Sam Hughes\Desktop\geometry_tools\n_sections\blade\Station_8.dxf, twist=4.4°, centroid=(0.00, -0.01)
2025-07-30 14:23:10,424 | INFO     | Logger initialized for RawGeometry Station_8
2025-07-30 14:23:10,424 | INFO     | Reading DXF file: C:\Users\Sam Hughes\Desktop\geometry_tools\n_sections\blade\Station_8.dxf
2025-07-30 14:23:10,435 | INFO     | DXF version upgrade to DXF R2000.
2025-07-30 14:23:10,439 | INFO     | creating ACAD_COLOR dictionary
2025-07-30 14:23:10,439 | INFO     | creating ACAD_PLOTSTYLENAME dictionary
2025-07-30 14:23:10,440 | INFO     | creating ACAD_TABLESTYLE dictionary
2025-07-30 14:23:10,440 | DEBUG    | Parsed LINE entity with 50 points
2025-07-30 14:23:10,441 | DEBUG    | Parsed LINE entity with 50 points
2025-07-30 14:23:10,441 | DEBUG    | Parsed LINE entity with 50 points
2025-07-30 14:23:10,441 | DEBUG    | Parsed LINE entity with 50 points
2025-07-30 14:23:10,442 | DEBUG    | Parsed LINE entity with 50 points
2025-07-30 14:23:10,442 | DEBUG    | Parsed LINE entity with 50 points
2025-07-30 14:23:10,442 | DEBUG    | Parsed LINE entity with 50 points
2025-07-30 14:23:10,442 | DEBUG    | Parsed LINE entity with 50 points
2025-07-30 14:23:10,442 | DEBUG    | Parsed LINE entity with 50 points
2025-07-30 14:23:10,443 | DEBUG    | Parsed LINE entity with 50 points
2025-07-30 14:23:10,443 | DEBUG    | Parsed LINE entity with 50 points
2025-07-30 14:23:10,443 | DEBUG    | Parsed LINE entity with 50 points
2025-07-30 14:23:10,443 | DEBUG    | Parsed LINE entity with 50 points
2025-07-30 14:23:10,443 | DEBUG    | Parsed LINE entity with 50 points
2025-07-30 14:23:10,444 | DEBUG    | Parsed ARC entity with 100 points
2025-07-30 14:23:10,444 | DEBUG    | Parsed ARC entity with 100 points
2025-07-30 14:23:10,444 | DEBUG    | Parsed LINE entity with 50 points
2025-07-30 14:23:10,444 | DEBUG    | Parsed LINE entity with 50 points
2025-07-30 14:23:10,444 | DEBUG    | Parsed LINE entity with 50 points
2025-07-30 14:23:10,444 | DEBUG    | Parsed LINE entity with 50 points
2025-07-30 14:23:10,445 | DEBUG    | Parsed LINE entity with 50 points
2025-07-30 14:23:10,445 | DEBUG    | Parsed LINE entity with 50 points
2025-07-30 14:23:10,445 | DEBUG    | Parsed LINE entity with 50 points
2025-07-30 14:23:10,445 | DEBUG    | Parsed LINE entity with 50 points
2025-07-30 14:23:10,445 | DEBUG    | Parsed LINE entity with 50 points
2025-07-30 14:23:10,446 | DEBUG    | Parsed ARC entity with 100 points
2025-07-30 14:23:10,446 | DEBUG    | Parsed LINE entity with 50 points
2025-07-30 14:23:10,446 | DEBUG    | Parsed LINE entity with 50 points
2025-07-30 14:23:10,446 | DEBUG    | Parsed LINE entity with 50 points
2025-07-30 14:23:10,446 | DEBUG    | Parsed LINE entity with 50 points
2025-07-30 14:23:10,446 | DEBUG    | Parsed LINE entity with 50 points
2025-07-30 14:23:10,446 | DEBUG    | Parsed LINE entity with 50 points
2025-07-30 14:23:10,447 | DEBUG    | Parsed LINE entity with 50 points
2025-07-30 14:23:10,447 | DEBUG    | Parsed LINE entity with 50 points
2025-07-30 14:23:10,447 | DEBUG    | Parsed LINE entity with 50 points
2025-07-30 14:23:10,447 | DEBUG    | Parsed LINE entity with 50 points
2025-07-30 14:23:10,447 | DEBUG    | Parsed LINE entity with 50 points
2025-07-30 14:23:10,448 | DEBUG    | Parsed LINE entity with 50 points
2025-07-30 14:23:10,448 | DEBUG    | Parsed LINE entity with 50 points
2025-07-30 14:23:10,448 | DEBUG    | Parsed LINE entity with 50 points
2025-07-30 14:23:10,448 | DEBUG    | Parsed LINE entity with 50 points
2025-07-30 14:23:10,448 | DEBUG    | Parsed LINE entity with 50 points
2025-07-30 14:23:10,449 | DEBUG    | Parsed ARC entity with 100 points
2025-07-30 14:23:10,449 | INFO     | Extraction complete: 43 entities, 2350 total points.
2025-07-30 14:23:10,522 | INFO     | Plotting 43 DXF entities for preview...
2025-07-30 14:23:10,693 | INFO     | Raw preview saved -> C:\Users\Sam Hughes\Desktop\geometry_tools\n_sections\results\analysis\Station_8\raw_Station_8.png
2025-07-30 14:23:10,694 | INFO     | Logger initialized for ProcessedGeometry [Station_8]
2025-07-30 14:23:10,694 | INFO     | Importing DXF geometry from C:\Users\Sam Hughes\Desktop\geometry_tools\n_sections\blade\Station_8.dxf
2025-07-30 14:23:10,707 | INFO     | DXF version upgrade to DXF R2000.
2025-07-30 14:23:10,709 | INFO     | creating ACAD_COLOR dictionary
2025-07-30 14:23:10,709 | INFO     | creating ACAD_PLOTSTYLENAME dictionary
2025-07-30 14:23:10,709 | INFO     | creating ACAD_TABLESTYLE dictionary
2025-07-30 14:23:10,712 | INFO     | cleanup is depreciated BTW. Use the polygonize function instead
2025-07-30 14:23:10,771 | INFO     | Zipped 26 points
2025-07-30 14:23:10,772 | INFO     | DXF import complete
2025-07-30 14:23:10,773 | DEBUG    | Scaled single geometry to metres
2025-07-30 14:23:10,774 | DEBUG    | Resampling polygon: 147 points, target=400 points, perimeter=0.141683
2025-07-30 14:23:10,775 | DEBUG    | Resampled exterior generated with 400 points
2025-07-30 14:23:10,776 | DEBUG    | Resampled polygon 0 with 400 exterior nodes
2025-07-30 14:23:10,777 | INFO     | Resampling and geometry reconstruction complete
2025-07-30 14:23:10,778 | INFO     | [Station_8] Current blade twist: 0.20°, Desired: 4.40°, Delta: 4.21°
2025-07-30 14:23:10,779 | INFO     | [Station_8] Section rotated by 4.21° (about origin, twist axis ratio was 33.30%).
2025-07-30 14:23:10,779 | INFO     | Applied twist rotation: 4.40°
2025-07-30 14:23:10,780 | INFO     | Logger initialized for CentroidOffset [Station_8]
2025-07-30 14:23:10,789 | INFO     | Geometry meshed with mesh_sizes = 0.5
2025-07-30 14:23:11,194 | INFO     | Actual centroid: (0.0184, 0.0013)
2025-07-30 14:23:11,194 | INFO     | Target centroid: (0.0018, -0.0057)
2025-07-30 14:23:11,194 | INFO     | Translation to apply: dx=-0.0166, dy=-0.0070
2025-07-30 14:23:11,196 | INFO     | Section successfully translated.
2025-07-30 14:23:11,197 | INFO     | Applied centroid translation to (0.002, -0.006)
2025-07-30 14:23:11,197 | INFO     | Processed geometry completed for Station_8
2025-07-30 14:23:11,197 | INFO     | Processed and aligned geometry extracted for Station_8
2025-07-30 14:23:11,198 | WARNING  | Material assignment failed for Station_8: 'Geometry' object has no attribute 'assign_material'
Traceback (most recent call last):
  File "c:\Users\Sam Hughes\Desktop\geometry_tools\n_sections\analysis\process_section_analysis.py", line 121, in _process_and_preview_geometry
    geom_aligned.assign_material(self.material)
    ^^^^^^^^^^^^^^^^^^^^^^^^^^^^
AttributeError: 'Geometry' object has no attribute 'assign_material'
2025-07-30 14:23:11,972 | INFO     | Processed geometry preview saved -> C:\Users\Sam Hughes\Desktop\geometry_tools\n_sections\results\analysis\Station_8\processed_Station_8.png
2025-07-30 14:23:11,973 | INFO     | Starting section convergence study …
2025-07-30 14:23:11,973 | INFO     | Logger initialized for ConvergenceStudy [Station_8]
2025-07-30 14:23:11,973 | INFO     | Starting convergence study over 3 mesh sizes: [40.  10.   2.5]
2025-07-30 14:23:11,975 | INFO     | [1/3] Processing mesh size h = 40
2025-07-30 14:23:11,975 | DEBUG    | [Station_8_h40] Copying geometry and initiating meshing …
2025-07-30 14:23:11,977 | INFO     | Logger initialized for MeshDXF [Station_8_h40]
2025-07-30 14:23:11,977 | INFO     | [Station_8_h40] Meshing started with target h = 40
2025-07-30 14:23:11,987 | ERROR    | [Station_8_h40] Mesh contains no points or triangles
2025-07-30 14:23:11,988 | INFO     | [Station_8_h40] Mesh created successfully
2025-07-30 14:23:11,988 | DEBUG    | [Station_8_h40] Starting section property calculation …
2025-07-30 14:23:12,058 | ERROR    | [Station_8_h40] SectionDXF returned no data
2025-07-30 14:23:12,059 | WARNING  | [Station_8_h40] Skipped due to section analysis failure.
2025-07-30 14:23:12,060 | INFO     | [2/3] Processing mesh size h = 10
2025-07-30 14:23:12,060 | DEBUG    | [Station_8_h10] Copying geometry and initiating meshing …
2025-07-30 14:23:12,062 | INFO     | Logger initialized for MeshDXF [Station_8_h10]
2025-07-30 14:23:12,062 | INFO     | [Station_8_h10] Meshing started with target h = 10
2025-07-30 14:23:12,069 | ERROR    | [Station_8_h10] Mesh contains no points or triangles
2025-07-30 14:23:12,069 | INFO     | [Station_8_h10] Mesh created successfully
2025-07-30 14:23:12,071 | DEBUG    | [Station_8_h10] Starting section property calculation …
2025-07-30 14:23:12,138 | ERROR    | [Station_8_h10] SectionDXF returned no data
2025-07-30 14:23:12,139 | WARNING  | [Station_8_h10] Skipped due to section analysis failure.
2025-07-30 14:23:12,139 | INFO     | [3/3] Processing mesh size h = 2.5
2025-07-30 14:23:12,140 | DEBUG    | [Station_8_h2.5] Copying geometry and initiating meshing …
2025-07-30 14:23:12,142 | INFO     | Logger initialized for MeshDXF [Station_8_h2.5]
2025-07-30 14:23:12,142 | INFO     | [Station_8_h2.5] Meshing started with target h = 2.5
2025-07-30 14:23:12,211 | ERROR    | [Station_8_h2.5] Mesh contains no points or triangles
2025-07-30 14:23:12,211 | INFO     | [Station_8_h2.5] Mesh created successfully
2025-07-30 14:23:12,211 | DEBUG    | [Station_8_h2.5] Starting section property calculation …
2025-07-30 14:23:12,285 | ERROR    | [Station_8_h2.5] SectionDXF returned no data
2025-07-30 14:23:12,287 | WARNING  | [Station_8_h2.5] Skipped due to section analysis failure.
2025-07-30 14:23:12,287 | INFO     | Convergence study completed: 0 successful, 3 attempted
2025-07-30 14:23:12,289 | INFO     | Section analysis result set saved
2025-07-30 14:23:12,290 | INFO     | Logging initialized for ProcessSectionAnalysis
2025-07-30 14:23:12,291 | INFO     | Station Station_10 [Analysis]: DXF=C:\Users\Sam Hughes\Desktop\geometry_tools\n_sections\blade\Station_10.dxf, twist=2.7°, centroid=(0.00, -0.01)
2025-07-30 14:23:12,291 | INFO     | Logger initialized for RawGeometry Station_10
2025-07-30 14:23:12,292 | INFO     | Reading DXF file: C:\Users\Sam Hughes\Desktop\geometry_tools\n_sections\blade\Station_10.dxf
2025-07-30 14:23:12,306 | INFO     | DXF version upgrade to DXF R2000.
2025-07-30 14:23:12,309 | INFO     | creating ACAD_COLOR dictionary
2025-07-30 14:23:12,310 | INFO     | creating ACAD_PLOTSTYLENAME dictionary
2025-07-30 14:23:12,310 | INFO     | creating ACAD_TABLESTYLE dictionary
2025-07-30 14:23:12,311 | DEBUG    | Parsed LINE entity with 50 points
2025-07-30 14:23:12,311 | DEBUG    | Parsed LINE entity with 50 points
2025-07-30 14:23:12,311 | DEBUG    | Parsed LINE entity with 50 points
2025-07-30 14:23:12,311 | DEBUG    | Parsed LINE entity with 50 points
2025-07-30 14:23:12,312 | DEBUG    | Parsed LINE entity with 50 points
2025-07-30 14:23:12,312 | DEBUG    | Parsed LINE entity with 50 points
2025-07-30 14:23:12,312 | DEBUG    | Parsed LINE entity with 50 points
2025-07-30 14:23:12,312 | DEBUG    | Parsed LINE entity with 50 points
2025-07-30 14:23:12,313 | DEBUG    | Parsed LINE entity with 50 points
2025-07-30 14:23:12,313 | DEBUG    | Parsed LINE entity with 50 points
2025-07-30 14:23:12,313 | DEBUG    | Parsed LINE entity with 50 points
2025-07-30 14:23:12,313 | DEBUG    | Parsed LINE entity with 50 points
2025-07-30 14:23:12,313 | DEBUG    | Parsed LINE entity with 50 points
2025-07-30 14:23:12,314 | DEBUG    | Parsed LINE entity with 50 points
2025-07-30 14:23:12,314 | DEBUG    | Parsed LINE entity with 50 points
2025-07-30 14:23:12,314 | DEBUG    | Parsed LINE entity with 50 points
2025-07-30 14:23:12,314 | DEBUG    | Parsed LINE entity with 50 points
2025-07-30 14:23:12,314 | DEBUG    | Parsed LINE entity with 50 points
2025-07-30 14:23:12,314 | DEBUG    | Parsed LINE entity with 50 points
2025-07-30 14:23:12,315 | DEBUG    | Parsed LINE entity with 50 points
2025-07-30 14:23:12,315 | DEBUG    | Parsed LINE entity with 50 points
2025-07-30 14:23:12,315 | DEBUG    | Parsed LINE entity with 50 points
2025-07-30 14:23:12,315 | DEBUG    | Parsed LINE entity with 50 points
2025-07-30 14:23:12,315 | DEBUG    | Parsed LINE entity with 50 points
2025-07-30 14:23:12,316 | DEBUG    | Parsed LINE entity with 50 points
2025-07-30 14:23:12,316 | DEBUG    | Parsed LINE entity with 50 points
2025-07-30 14:23:12,316 | DEBUG    | Parsed LINE entity with 50 points
2025-07-30 14:23:12,316 | DEBUG    | Parsed LINE entity with 50 points
2025-07-30 14:23:12,316 | DEBUG    | Parsed LINE entity with 50 points
2025-07-30 14:23:12,316 | DEBUG    | Parsed LINE entity with 50 points
2025-07-30 14:23:12,317 | DEBUG    | Parsed LINE entity with 50 points
2025-07-30 14:23:12,317 | DEBUG    | Parsed LINE entity with 50 points
2025-07-30 14:23:12,317 | DEBUG    | Parsed LINE entity with 50 points
2025-07-30 14:23:12,317 | DEBUG    | Parsed LINE entity with 50 points
2025-07-30 14:23:12,317 | DEBUG    | Parsed LINE entity with 50 points
2025-07-30 14:23:12,319 | DEBUG    | Parsed LINE entity with 50 points
2025-07-30 14:23:12,319 | DEBUG    | Parsed ARC entity with 100 points
2025-07-30 14:23:12,319 | DEBUG    | Parsed LINE entity with 50 points
2025-07-30 14:23:12,319 | DEBUG    | Parsed LINE entity with 50 points
2025-07-30 14:23:12,320 | DEBUG    | Parsed LINE entity with 50 points
2025-07-30 14:23:12,320 | DEBUG    | Parsed LINE entity with 50 points
2025-07-30 14:23:12,320 | DEBUG    | Parsed LINE entity with 50 points
2025-07-30 14:23:12,320 | DEBUG    | Parsed LINE entity with 50 points
2025-07-30 14:23:12,320 | DEBUG    | Parsed LINE entity with 50 points
2025-07-30 14:23:12,321 | DEBUG    | Parsed LINE entity with 50 points
2025-07-30 14:23:12,321 | DEBUG    | Parsed LINE entity with 50 points
2025-07-30 14:23:12,321 | DEBUG    | Parsed LINE entity with 50 points
2025-07-30 14:23:12,321 | DEBUG    | Parsed LINE entity with 50 points
2025-07-30 14:23:12,322 | DEBUG    | Parsed LINE entity with 50 points
2025-07-30 14:23:12,322 | DEBUG    | Parsed LINE entity with 50 points
2025-07-30 14:23:12,322 | DEBUG    | Parsed LINE entity with 50 points
2025-07-30 14:23:12,322 | DEBUG    | Parsed LINE entity with 50 points
2025-07-30 14:23:12,323 | DEBUG    | Parsed LINE entity with 50 points
2025-07-30 14:23:12,323 | DEBUG    | Parsed LINE entity with 50 points
2025-07-30 14:23:12,323 | DEBUG    | Parsed LINE entity with 50 points
2025-07-30 14:23:12,323 | DEBUG    | Parsed LINE entity with 50 points
2025-07-30 14:23:12,323 | DEBUG    | Parsed LINE entity with 50 points
2025-07-30 14:23:12,323 | DEBUG    | Parsed LINE entity with 50 points
2025-07-30 14:23:12,324 | DEBUG    | Parsed LINE entity with 50 points
2025-07-30 14:23:12,324 | DEBUG    | Parsed LINE entity with 50 points
2025-07-30 14:23:12,324 | DEBUG    | Parsed LINE entity with 50 points
2025-07-30 14:23:12,324 | DEBUG    | Parsed LINE entity with 50 points
2025-07-30 14:23:12,324 | DEBUG    | Parsed LINE entity with 50 points
2025-07-30 14:23:12,325 | DEBUG    | Parsed LINE entity with 50 points
2025-07-30 14:23:12,325 | DEBUG    | Parsed ARC entity with 100 points
2025-07-30 14:23:12,325 | DEBUG    | Parsed ARC entity with 100 points
2025-07-30 14:23:12,325 | DEBUG    | Parsed LINE entity with 50 points
2025-07-30 14:23:12,326 | DEBUG    | Parsed ARC entity with 100 points
2025-07-30 14:23:12,326 | DEBUG    | Parsed LINE entity with 50 points
2025-07-30 14:23:12,326 | DEBUG    | Parsed LINE entity with 50 points
2025-07-30 14:23:12,326 | DEBUG    | Parsed LINE entity with 50 points
2025-07-30 14:23:12,326 | DEBUG    | Parsed LINE entity with 50 points
2025-07-30 14:23:12,327 | DEBUG    | Parsed LINE entity with 50 points
2025-07-30 14:23:12,327 | DEBUG    | Parsed LINE entity with 50 points
2025-07-30 14:23:12,327 | DEBUG    | Parsed LINE entity with 50 points
2025-07-30 14:23:12,327 | DEBUG    | Parsed LINE entity with 50 points
2025-07-30 14:23:12,327 | DEBUG    | Parsed LINE entity with 50 points
2025-07-30 14:23:12,328 | INFO     | Extraction complete: 77 entities, 4050 total points.
2025-07-30 14:23:12,396 | INFO     | Plotting 77 DXF entities for preview...
2025-07-30 14:23:12,592 | INFO     | Raw preview saved -> C:\Users\Sam Hughes\Desktop\geometry_tools\n_sections\results\analysis\Station_10\raw_Station_10.png
2025-07-30 14:23:12,593 | INFO     | Logger initialized for ProcessedGeometry [Station_10]
2025-07-30 14:23:12,593 | INFO     | Importing DXF geometry from C:\Users\Sam Hughes\Desktop\geometry_tools\n_sections\blade\Station_10.dxf
2025-07-30 14:23:12,606 | INFO     | DXF version upgrade to DXF R2000.
2025-07-30 14:23:12,609 | INFO     | creating ACAD_COLOR dictionary
2025-07-30 14:23:12,609 | INFO     | creating ACAD_PLOTSTYLENAME dictionary
2025-07-30 14:23:12,610 | INFO     | creating ACAD_TABLESTYLE dictionary
2025-07-30 14:23:12,612 | INFO     | cleanup is depreciated BTW. Use the polygonize function instead
2025-07-30 14:23:12,794 | INFO     | Zipped 208 points
2025-07-30 14:23:12,795 | INFO     | DXF import complete
2025-07-30 14:23:12,797 | DEBUG    | Scaled single geometry to metres
2025-07-30 14:23:12,797 | DEBUG    | Resampling polygon: 112 points, target=400 points, perimeter=0.122965
2025-07-30 14:23:12,799 | DEBUG    | Resampled exterior generated with 400 points
2025-07-30 14:23:12,800 | DEBUG    | Resampled polygon 0 with 400 exterior nodes
2025-07-30 14:23:12,801 | INFO     | Resampling and geometry reconstruction complete
2025-07-30 14:23:12,802 | INFO     | [Station_10] Current blade twist: 0.18°, Desired: 2.69°, Delta: 2.51°
2025-07-30 14:23:12,803 | INFO     | [Station_10] Section rotated by 2.51° (about origin, twist axis ratio was 33.30%).
2025-07-30 14:23:12,804 | INFO     | Applied twist rotation: 2.69°
2025-07-30 14:23:12,804 | INFO     | Logger initialized for CentroidOffset [Station_10]
2025-07-30 14:23:12,812 | INFO     | Geometry meshed with mesh_sizes = 0.5
2025-07-30 14:23:13,231 | INFO     | Actual centroid: (0.0154, 0.0012)
2025-07-30 14:23:13,231 | INFO     | Target centroid: (0.0014, -0.0051)
2025-07-30 14:23:13,231 | INFO     | Translation to apply: dx=-0.0140, dy=-0.0064
2025-07-30 14:23:13,233 | INFO     | Section successfully translated.
2025-07-30 14:23:13,235 | INFO     | Applied centroid translation to (0.001, -0.005)
2025-07-30 14:23:13,235 | INFO     | Processed geometry completed for Station_10
2025-07-30 14:23:13,236 | INFO     | Processed and aligned geometry extracted for Station_10
2025-07-30 14:23:13,236 | WARNING  | Material assignment failed for Station_10: 'Geometry' object has no attribute 'assign_material'
Traceback (most recent call last):
  File "c:\Users\Sam Hughes\Desktop\geometry_tools\n_sections\analysis\process_section_analysis.py", line 121, in _process_and_preview_geometry
    geom_aligned.assign_material(self.material)
    ^^^^^^^^^^^^^^^^^^^^^^^^^^^^
AttributeError: 'Geometry' object has no attribute 'assign_material'
2025-07-30 14:23:14,022 | INFO     | Processed geometry preview saved -> C:\Users\Sam Hughes\Desktop\geometry_tools\n_sections\results\analysis\Station_10\processed_Station_10.png
2025-07-30 14:23:14,022 | INFO     | Starting section convergence study …
2025-07-30 14:23:14,023 | INFO     | Logger initialized for ConvergenceStudy [Station_10]
2025-07-30 14:23:14,023 | INFO     | Starting convergence study over 3 mesh sizes: [40.  10.   2.5]
2025-07-30 14:23:14,024 | INFO     | [1/3] Processing mesh size h = 40
2025-07-30 14:23:14,024 | DEBUG    | [Station_10_h40] Copying geometry and initiating meshing …
2025-07-30 14:23:14,026 | INFO     | Logger initialized for MeshDXF [Station_10_h40]
2025-07-30 14:23:14,027 | INFO     | [Station_10_h40] Meshing started with target h = 40
2025-07-30 14:23:14,034 | ERROR    | [Station_10_h40] Mesh contains no points or triangles
2025-07-30 14:23:14,035 | INFO     | [Station_10_h40] Mesh created successfully
2025-07-30 14:23:14,035 | DEBUG    | [Station_10_h40] Starting section property calculation …
2025-07-30 14:23:14,106 | ERROR    | [Station_10_h40] SectionDXF returned no data
2025-07-30 14:23:14,108 | WARNING  | [Station_10_h40] Skipped due to section analysis failure.
2025-07-30 14:23:14,108 | INFO     | [2/3] Processing mesh size h = 10
2025-07-30 14:23:14,108 | DEBUG    | [Station_10_h10] Copying geometry and initiating meshing …
2025-07-30 14:23:14,110 | INFO     | Logger initialized for MeshDXF [Station_10_h10]
2025-07-30 14:23:14,111 | INFO     | [Station_10_h10] Meshing started with target h = 10
2025-07-30 14:23:14,118 | ERROR    | [Station_10_h10] Mesh contains no points or triangles
2025-07-30 14:23:14,119 | INFO     | [Station_10_h10] Mesh created successfully
2025-07-30 14:23:14,119 | DEBUG    | [Station_10_h10] Starting section property calculation …
2025-07-30 14:23:14,189 | ERROR    | [Station_10_h10] SectionDXF returned no data
2025-07-30 14:23:14,190 | WARNING  | [Station_10_h10] Skipped due to section analysis failure.
2025-07-30 14:23:14,191 | INFO     | [3/3] Processing mesh size h = 2.5
2025-07-30 14:23:14,191 | DEBUG    | [Station_10_h2.5] Copying geometry and initiating meshing …
2025-07-30 14:23:14,193 | INFO     | Logger initialized for MeshDXF [Station_10_h2.5]
2025-07-30 14:23:14,193 | INFO     | [Station_10_h2.5] Meshing started with target h = 2.5
2025-07-30 14:23:14,261 | ERROR    | [Station_10_h2.5] Mesh contains no points or triangles
2025-07-30 14:23:14,261 | INFO     | [Station_10_h2.5] Mesh created successfully
2025-07-30 14:23:14,261 | DEBUG    | [Station_10_h2.5] Starting section property calculation …
2025-07-30 14:23:14,335 | ERROR    | [Station_10_h2.5] SectionDXF returned no data
2025-07-30 14:23:14,337 | WARNING  | [Station_10_h2.5] Skipped due to section analysis failure.
2025-07-30 14:23:14,337 | INFO     | Convergence study completed: 0 successful, 3 attempted
2025-07-30 14:23:14,342 | INFO     | Section analysis result set saved
2025-07-30 14:23:14,343 | INFO     | Logging initialized for ProcessSectionAnalysis
2025-07-30 14:23:14,343 | INFO     | Station Station_12 [Analysis]: DXF=C:\Users\Sam Hughes\Desktop\geometry_tools\n_sections\blade\Station_12.dxf, twist=1.4°, centroid=(0.00, -0.00)
2025-07-30 14:23:14,343 | INFO     | Logger initialized for RawGeometry Station_12
2025-07-30 14:23:14,344 | INFO     | Reading DXF file: C:\Users\Sam Hughes\Desktop\geometry_tools\n_sections\blade\Station_12.dxf
2025-07-30 14:23:14,356 | INFO     | DXF version upgrade to DXF R2000.
2025-07-30 14:23:14,360 | INFO     | creating ACAD_COLOR dictionary
2025-07-30 14:23:14,361 | INFO     | creating ACAD_PLOTSTYLENAME dictionary
2025-07-30 14:23:14,361 | INFO     | creating ACAD_TABLESTYLE dictionary
2025-07-30 14:23:14,361 | DEBUG    | Parsed LINE entity with 50 points
2025-07-30 14:23:14,362 | DEBUG    | Parsed LINE entity with 50 points
2025-07-30 14:23:14,362 | DEBUG    | Parsed LINE entity with 50 points
2025-07-30 14:23:14,362 | DEBUG    | Parsed LINE entity with 50 points
2025-07-30 14:23:14,363 | DEBUG    | Parsed ARC entity with 100 points
2025-07-30 14:23:14,363 | DEBUG    | Parsed LINE entity with 50 points
2025-07-30 14:23:14,363 | DEBUG    | Parsed LINE entity with 50 points
2025-07-30 14:23:14,363 | DEBUG    | Parsed LINE entity with 50 points
2025-07-30 14:23:14,363 | DEBUG    | Parsed LINE entity with 50 points
2025-07-30 14:23:14,364 | DEBUG    | Parsed LINE entity with 50 points
2025-07-30 14:23:14,364 | DEBUG    | Parsed LINE entity with 50 points
2025-07-30 14:23:14,364 | DEBUG    | Parsed LINE entity with 50 points
2025-07-30 14:23:14,365 | DEBUG    | Parsed LINE entity with 50 points
2025-07-30 14:23:14,365 | DEBUG    | Parsed LINE entity with 50 points
2025-07-30 14:23:14,365 | DEBUG    | Parsed LINE entity with 50 points
2025-07-30 14:23:14,365 | DEBUG    | Parsed LINE entity with 50 points
2025-07-30 14:23:14,365 | DEBUG    | Parsed LINE entity with 50 points
2025-07-30 14:23:14,365 | DEBUG    | Parsed LINE entity with 50 points
2025-07-30 14:23:14,367 | DEBUG    | Parsed LINE entity with 50 points
2025-07-30 14:23:14,367 | DEBUG    | Parsed LINE entity with 50 points
2025-07-30 14:23:14,367 | DEBUG    | Parsed LINE entity with 50 points
2025-07-30 14:23:14,367 | DEBUG    | Parsed LINE entity with 50 points
2025-07-30 14:23:14,367 | DEBUG    | Parsed LINE entity with 50 points
2025-07-30 14:23:14,368 | DEBUG    | Parsed LINE entity with 50 points
2025-07-30 14:23:14,368 | DEBUG    | Parsed LINE entity with 50 points
2025-07-30 14:23:14,368 | DEBUG    | Parsed LINE entity with 50 points
2025-07-30 14:23:14,368 | DEBUG    | Parsed LINE entity with 50 points
2025-07-30 14:23:14,369 | DEBUG    | Parsed LINE entity with 50 points
2025-07-30 14:23:14,369 | DEBUG    | Parsed LINE entity with 50 points
2025-07-30 14:23:14,369 | DEBUG    | Parsed ARC entity with 100 points
2025-07-30 14:23:14,370 | DEBUG    | Parsed ARC entity with 100 points
2025-07-30 14:23:14,370 | DEBUG    | Parsed LINE entity with 50 points
2025-07-30 14:23:14,371 | DEBUG    | Parsed ARC entity with 100 points
2025-07-30 14:23:14,371 | DEBUG    | Parsed LINE entity with 50 points
2025-07-30 14:23:14,372 | DEBUG    | Parsed LINE entity with 50 points
2025-07-30 14:23:14,372 | DEBUG    | Parsed LINE entity with 50 points
2025-07-30 14:23:14,372 | DEBUG    | Parsed LINE entity with 50 points
2025-07-30 14:23:14,372 | DEBUG    | Parsed LINE entity with 50 points
2025-07-30 14:23:14,373 | DEBUG    | Parsed LINE entity with 50 points
2025-07-30 14:23:14,373 | DEBUG    | Parsed ARC entity with 100 points
2025-07-30 14:23:14,373 | DEBUG    | Parsed LINE entity with 50 points
2025-07-30 14:23:14,373 | DEBUG    | Parsed LINE entity with 50 points
2025-07-30 14:23:14,374 | DEBUG    | Parsed LINE entity with 50 points
2025-07-30 14:23:14,374 | DEBUG    | Parsed LINE entity with 50 points
2025-07-30 14:23:14,374 | DEBUG    | Parsed ARC entity with 100 points
2025-07-30 14:23:14,375 | DEBUG    | Parsed LINE entity with 50 points
2025-07-30 14:23:14,375 | INFO     | Extraction complete: 46 entities, 2600 total points.
2025-07-30 14:23:14,443 | INFO     | Plotting 46 DXF entities for preview...
2025-07-30 14:23:14,610 | INFO     | Raw preview saved -> C:\Users\Sam Hughes\Desktop\geometry_tools\n_sections\results\analysis\Station_12\raw_Station_12.png
2025-07-30 14:23:14,612 | INFO     | Logger initialized for ProcessedGeometry [Station_12]
2025-07-30 14:23:14,612 | INFO     | Importing DXF geometry from C:\Users\Sam Hughes\Desktop\geometry_tools\n_sections\blade\Station_12.dxf
2025-07-30 14:23:14,625 | INFO     | DXF version upgrade to DXF R2000.
2025-07-30 14:23:14,628 | INFO     | creating ACAD_COLOR dictionary
2025-07-30 14:23:14,628 | INFO     | creating ACAD_PLOTSTYLENAME dictionary
2025-07-30 14:23:14,628 | INFO     | creating ACAD_TABLESTYLE dictionary
2025-07-30 14:23:14,630 | INFO     | cleanup is depreciated BTW. Use the polygonize function instead
2025-07-30 14:23:14,697 | INFO     | Zipped 91 points
2025-07-30 14:23:14,699 | INFO     | DXF import complete
2025-07-30 14:23:14,700 | DEBUG    | Scaled single geometry to metres
2025-07-30 14:23:14,700 | DEBUG    | Resampling polygon: 182 points, target=400 points, perimeter=0.105536
2025-07-30 14:23:14,702 | DEBUG    | Resampled exterior generated with 400 points
2025-07-30 14:23:14,702 | DEBUG    | Resampled polygon 0 with 400 exterior nodes
2025-07-30 14:23:14,705 | INFO     | Resampling and geometry reconstruction complete
2025-07-30 14:23:14,705 | INFO     | [Station_12] Current blade twist: 0.38°, Desired: 1.43°, Delta: 1.06°
2025-07-30 14:23:14,707 | INFO     | [Station_12] Section rotated by 1.06° (about origin, twist axis ratio was 33.30%).
2025-07-30 14:23:14,707 | INFO     | Applied twist rotation: 1.43°
2025-07-30 14:23:14,707 | INFO     | Logger initialized for CentroidOffset [Station_12]
2025-07-30 14:23:14,715 | INFO     | Geometry meshed with mesh_sizes = 0.5
2025-07-30 14:23:15,114 | INFO     | Actual centroid: (0.0131, 0.0012)
2025-07-30 14:23:15,114 | INFO     | Target centroid: (0.0011, -0.0045)
2025-07-30 14:23:15,115 | INFO     | Translation to apply: dx=-0.0121, dy=-0.0057
2025-07-30 14:23:15,116 | INFO     | Section successfully translated.
2025-07-30 14:23:15,117 | INFO     | Applied centroid translation to (0.001, -0.005)
2025-07-30 14:23:15,117 | INFO     | Processed geometry completed for Station_12
2025-07-30 14:23:15,118 | INFO     | Processed and aligned geometry extracted for Station_12
2025-07-30 14:23:15,118 | WARNING  | Material assignment failed for Station_12: 'Geometry' object has no attribute 'assign_material'
Traceback (most recent call last):
  File "c:\Users\Sam Hughes\Desktop\geometry_tools\n_sections\analysis\process_section_analysis.py", line 121, in _process_and_preview_geometry
    geom_aligned.assign_material(self.material)
    ^^^^^^^^^^^^^^^^^^^^^^^^^^^^
AttributeError: 'Geometry' object has no attribute 'assign_material'
2025-07-30 14:23:15,891 | INFO     | Processed geometry preview saved -> C:\Users\Sam Hughes\Desktop\geometry_tools\n_sections\results\analysis\Station_12\processed_Station_12.png
2025-07-30 14:23:15,891 | INFO     | Starting section convergence study …
2025-07-30 14:23:15,892 | INFO     | Logger initialized for ConvergenceStudy [Station_12]
2025-07-30 14:23:15,892 | INFO     | Starting convergence study over 3 mesh sizes: [40.  10.   2.5]
2025-07-30 14:23:15,893 | INFO     | [1/3] Processing mesh size h = 40
2025-07-30 14:23:15,893 | DEBUG    | [Station_12_h40] Copying geometry and initiating meshing …
2025-07-30 14:23:15,895 | INFO     | Logger initialized for MeshDXF [Station_12_h40]
2025-07-30 14:23:15,896 | INFO     | [Station_12_h40] Meshing started with target h = 40
2025-07-30 14:23:15,905 | ERROR    | [Station_12_h40] Mesh contains no points or triangles
2025-07-30 14:23:15,906 | INFO     | [Station_12_h40] Mesh created successfully
2025-07-30 14:23:15,906 | DEBUG    | [Station_12_h40] Starting section property calculation …
2025-07-30 14:23:15,975 | ERROR    | [Station_12_h40] SectionDXF returned no data
2025-07-30 14:23:15,977 | WARNING  | [Station_12_h40] Skipped due to section analysis failure.
2025-07-30 14:23:15,977 | INFO     | [2/3] Processing mesh size h = 10
2025-07-30 14:23:15,977 | DEBUG    | [Station_12_h10] Copying geometry and initiating meshing …
2025-07-30 14:23:15,980 | INFO     | Logger initialized for MeshDXF [Station_12_h10]
2025-07-30 14:23:15,981 | INFO     | [Station_12_h10] Meshing started with target h = 10
2025-07-30 14:23:15,989 | ERROR    | [Station_12_h10] Mesh contains no points or triangles
2025-07-30 14:23:15,989 | INFO     | [Station_12_h10] Mesh created successfully
2025-07-30 14:23:15,989 | DEBUG    | [Station_12_h10] Starting section property calculation …
2025-07-30 14:23:16,076 | ERROR    | [Station_12_h10] SectionDXF returned no data
2025-07-30 14:23:16,077 | WARNING  | [Station_12_h10] Skipped due to section analysis failure.
2025-07-30 14:23:16,077 | INFO     | [3/3] Processing mesh size h = 2.5
2025-07-30 14:23:16,077 | DEBUG    | [Station_12_h2.5] Copying geometry and initiating meshing …
2025-07-30 14:23:16,079 | INFO     | Logger initialized for MeshDXF [Station_12_h2.5]
2025-07-30 14:23:16,080 | INFO     | [Station_12_h2.5] Meshing started with target h = 2.5
2025-07-30 14:23:16,137 | ERROR    | [Station_12_h2.5] Mesh contains no points or triangles
2025-07-30 14:23:16,139 | INFO     | [Station_12_h2.5] Mesh created successfully
2025-07-30 14:23:16,139 | DEBUG    | [Station_12_h2.5] Starting section property calculation …
2025-07-30 14:23:16,205 | ERROR    | [Station_12_h2.5] SectionDXF returned no data
2025-07-30 14:23:16,207 | WARNING  | [Station_12_h2.5] Skipped due to section analysis failure.
2025-07-30 14:23:16,207 | INFO     | Convergence study completed: 0 successful, 3 attempted
2025-07-30 14:23:16,209 | INFO     | Section analysis result set saved
2025-07-30 14:23:16,210 | INFO     | Logging initialized for ProcessSectionAnalysis
2025-07-30 14:23:16,210 | INFO     | Station Station_14 [Analysis]: DXF=C:\Users\Sam Hughes\Desktop\geometry_tools\n_sections\blade\Station_14.dxf, twist=0.3°, centroid=(0.00, -0.00)
2025-07-30 14:23:16,211 | INFO     | Logger initialized for RawGeometry Station_14
2025-07-30 14:23:16,211 | INFO     | Reading DXF file: C:\Users\Sam Hughes\Desktop\geometry_tools\n_sections\blade\Station_14.dxf
2025-07-30 14:23:16,222 | INFO     | DXF version upgrade to DXF R2000.
2025-07-30 14:23:16,227 | INFO     | creating ACAD_COLOR dictionary
2025-07-30 14:23:16,227 | INFO     | creating ACAD_PLOTSTYLENAME dictionary
2025-07-30 14:23:16,228 | INFO     | creating ACAD_TABLESTYLE dictionary
2025-07-30 14:23:16,229 | DEBUG    | Parsed LINE entity with 50 points
2025-07-30 14:23:16,229 | DEBUG    | Parsed LINE entity with 50 points
2025-07-30 14:23:16,230 | DEBUG    | Parsed LINE entity with 50 points
2025-07-30 14:23:16,230 | DEBUG    | Parsed ARC entity with 100 points
2025-07-30 14:23:16,231 | DEBUG    | Parsed LINE entity with 50 points
2025-07-30 14:23:16,231 | DEBUG    | Parsed LINE entity with 50 points
2025-07-30 14:23:16,231 | DEBUG    | Parsed LINE entity with 50 points
2025-07-30 14:23:16,232 | DEBUG    | Parsed LINE entity with 50 points
2025-07-30 14:23:16,232 | DEBUG    | Parsed LINE entity with 50 points
2025-07-30 14:23:16,232 | DEBUG    | Parsed LINE entity with 50 points
2025-07-30 14:23:16,233 | DEBUG    | Parsed LINE entity with 50 points
2025-07-30 14:23:16,233 | DEBUG    | Parsed LINE entity with 50 points
2025-07-30 14:23:16,233 | DEBUG    | Parsed LINE entity with 50 points
2025-07-30 14:23:16,234 | DEBUG    | Parsed LINE entity with 50 points
2025-07-30 14:23:16,234 | DEBUG    | Parsed LINE entity with 50 points
2025-07-30 14:23:16,234 | DEBUG    | Parsed LINE entity with 50 points
2025-07-30 14:23:16,234 | DEBUG    | Parsed LINE entity with 50 points
2025-07-30 14:23:16,234 | DEBUG    | Parsed LINE entity with 50 points
2025-07-30 14:23:16,236 | DEBUG    | Parsed LINE entity with 50 points
2025-07-30 14:23:16,236 | DEBUG    | Parsed LINE entity with 50 points
2025-07-30 14:23:16,236 | DEBUG    | Parsed LINE entity with 50 points
2025-07-30 14:23:16,236 | DEBUG    | Parsed LINE entity with 50 points
2025-07-30 14:23:16,237 | DEBUG    | Parsed LINE entity with 50 points
2025-07-30 14:23:16,237 | DEBUG    | Parsed LINE entity with 50 points
2025-07-30 14:23:16,237 | DEBUG    | Parsed LINE entity with 50 points
2025-07-30 14:23:16,238 | DEBUG    | Parsed LINE entity with 50 points
2025-07-30 14:23:16,238 | DEBUG    | Parsed LINE entity with 50 points
2025-07-30 14:23:16,238 | DEBUG    | Parsed LINE entity with 50 points
2025-07-30 14:23:16,238 | DEBUG    | Parsed LINE entity with 50 points
2025-07-30 14:23:16,238 | DEBUG    | Parsed LINE entity with 50 points
2025-07-30 14:23:16,239 | DEBUG    | Parsed LINE entity with 50 points
2025-07-30 14:23:16,239 | DEBUG    | Parsed LINE entity with 50 points
2025-07-30 14:23:16,239 | DEBUG    | Parsed LINE entity with 50 points
2025-07-30 14:23:16,239 | DEBUG    | Parsed LINE entity with 50 points
2025-07-30 14:23:16,239 | DEBUG    | Parsed LINE entity with 50 points
2025-07-30 14:23:16,240 | DEBUG    | Parsed LINE entity with 50 points
2025-07-30 14:23:16,240 | DEBUG    | Parsed LINE entity with 50 points
2025-07-30 14:23:16,240 | DEBUG    | Parsed LINE entity with 50 points
2025-07-30 14:23:16,241 | DEBUG    | Parsed LINE entity with 50 points
2025-07-30 14:23:16,241 | DEBUG    | Parsed LINE entity with 50 points
2025-07-30 14:23:16,241 | DEBUG    | Parsed LINE entity with 50 points
2025-07-30 14:23:16,241 | DEBUG    | Parsed LINE entity with 50 points
2025-07-30 14:23:16,242 | DEBUG    | Parsed LINE entity with 50 points
2025-07-30 14:23:16,242 | DEBUG    | Parsed LINE entity with 50 points
2025-07-30 14:23:16,242 | DEBUG    | Parsed LINE entity with 50 points
2025-07-30 14:23:16,242 | DEBUG    | Parsed LINE entity with 50 points
2025-07-30 14:23:16,243 | DEBUG    | Parsed LINE entity with 50 points
2025-07-30 14:23:16,243 | DEBUG    | Parsed LINE entity with 50 points
2025-07-30 14:23:16,243 | DEBUG    | Parsed LINE entity with 50 points
2025-07-30 14:23:16,243 | DEBUG    | Parsed LINE entity with 50 points
2025-07-30 14:23:16,244 | DEBUG    | Parsed LINE entity with 50 points
2025-07-30 14:23:16,244 | DEBUG    | Parsed LINE entity with 50 points
2025-07-30 14:23:16,244 | INFO     | Extraction complete: 52 entities, 2650 total points.
2025-07-30 14:23:16,312 | INFO     | Plotting 52 DXF entities for preview...
2025-07-30 14:23:16,483 | INFO     | Raw preview saved -> C:\Users\Sam Hughes\Desktop\geometry_tools\n_sections\results\analysis\Station_14\raw_Station_14.png
2025-07-30 14:23:16,484 | INFO     | Logger initialized for ProcessedGeometry [Station_14]
2025-07-30 14:23:16,485 | INFO     | Importing DXF geometry from C:\Users\Sam Hughes\Desktop\geometry_tools\n_sections\blade\Station_14.dxf
2025-07-30 14:23:16,496 | INFO     | DXF version upgrade to DXF R2000.
2025-07-30 14:23:16,499 | INFO     | creating ACAD_COLOR dictionary
2025-07-30 14:23:16,499 | INFO     | creating ACAD_PLOTSTYLENAME dictionary
2025-07-30 14:23:16,499 | INFO     | creating ACAD_TABLESTYLE dictionary
2025-07-30 14:23:16,501 | INFO     | cleanup is depreciated BTW. Use the polygonize function instead
2025-07-30 14:23:16,585 | INFO     | Zipped 73 points
2025-07-30 14:23:16,586 | INFO     | DXF import complete
2025-07-30 14:23:16,587 | DEBUG    | Scaled single geometry to metres
2025-07-30 14:23:16,587 | DEBUG    | Resampling polygon: 56 points, target=400 points, perimeter=0.086934
2025-07-30 14:23:16,589 | DEBUG    | Resampled exterior generated with 400 points
2025-07-30 14:23:16,589 | DEBUG    | Resampled polygon 0 with 400 exterior nodes
2025-07-30 14:23:16,590 | INFO     | Resampling and geometry reconstruction complete
2025-07-30 14:23:16,591 | INFO     | [Station_14] Current blade twist: -0.36°, Desired: 0.32°, Delta: 0.68°
2025-07-30 14:23:16,593 | INFO     | [Station_14] Section rotated by 0.68° (about origin, twist axis ratio was 33.30%).
2025-07-30 14:23:16,593 | INFO     | Applied twist rotation: 0.32°
2025-07-30 14:23:16,594 | INFO     | Logger initialized for CentroidOffset [Station_14]
2025-07-30 14:23:16,602 | INFO     | Geometry meshed with mesh_sizes = 0.5
2025-07-30 14:23:16,999 | INFO     | Actual centroid: (0.0178, 0.0006)
2025-07-30 14:23:16,999 | INFO     | Target centroid: (0.0008, -0.0024)
2025-07-30 14:23:17,000 | INFO     | Translation to apply: dx=-0.0169, dy=-0.0031
2025-07-30 14:23:17,001 | INFO     | Section successfully translated.
2025-07-30 14:23:17,002 | INFO     | Applied centroid translation to (0.001, -0.002)
2025-07-30 14:23:17,003 | INFO     | Processed geometry completed for Station_14
2025-07-30 14:23:17,003 | INFO     | Processed and aligned geometry extracted for Station_14
2025-07-30 14:23:17,004 | WARNING  | Material assignment failed for Station_14: 'Geometry' object has no attribute 'assign_material'
Traceback (most recent call last):
  File "c:\Users\Sam Hughes\Desktop\geometry_tools\n_sections\analysis\process_section_analysis.py", line 121, in _process_and_preview_geometry
    geom_aligned.assign_material(self.material)
    ^^^^^^^^^^^^^^^^^^^^^^^^^^^^
AttributeError: 'Geometry' object has no attribute 'assign_material'
2025-07-30 14:23:17,743 | INFO     | Processed geometry preview saved -> C:\Users\Sam Hughes\Desktop\geometry_tools\n_sections\results\analysis\Station_14\processed_Station_14.png
2025-07-30 14:23:17,743 | INFO     | Starting section convergence study …
2025-07-30 14:23:17,744 | INFO     | Logger initialized for ConvergenceStudy [Station_14]
2025-07-30 14:23:17,744 | INFO     | Starting convergence study over 3 mesh sizes: [40.  10.   2.5]
2025-07-30 14:23:17,745 | INFO     | [1/3] Processing mesh size h = 40
2025-07-30 14:23:17,746 | DEBUG    | [Station_14_h40] Copying geometry and initiating meshing …
2025-07-30 14:23:17,748 | INFO     | Logger initialized for MeshDXF [Station_14_h40]
2025-07-30 14:23:17,748 | INFO     | [Station_14_h40] Meshing started with target h = 40
2025-07-30 14:23:17,757 | ERROR    | [Station_14_h40] Mesh contains no points or triangles
2025-07-30 14:23:17,758 | INFO     | [Station_14_h40] Mesh created successfully
2025-07-30 14:23:17,758 | DEBUG    | [Station_14_h40] Starting section property calculation …
2025-07-30 14:23:17,825 | ERROR    | [Station_14_h40] SectionDXF returned no data
2025-07-30 14:23:17,827 | WARNING  | [Station_14_h40] Skipped due to section analysis failure.
2025-07-30 14:23:17,827 | INFO     | [2/3] Processing mesh size h = 10
2025-07-30 14:23:17,828 | DEBUG    | [Station_14_h10] Copying geometry and initiating meshing …
2025-07-30 14:23:17,830 | INFO     | Logger initialized for MeshDXF [Station_14_h10]
2025-07-30 14:23:17,830 | INFO     | [Station_14_h10] Meshing started with target h = 10
2025-07-30 14:23:17,837 | ERROR    | [Station_14_h10] Mesh contains no points or triangles
2025-07-30 14:23:17,837 | INFO     | [Station_14_h10] Mesh created successfully
2025-07-30 14:23:17,837 | DEBUG    | [Station_14_h10] Starting section property calculation …
2025-07-30 14:23:17,904 | ERROR    | [Station_14_h10] SectionDXF returned no data
2025-07-30 14:23:17,905 | WARNING  | [Station_14_h10] Skipped due to section analysis failure.
2025-07-30 14:23:17,905 | INFO     | [3/3] Processing mesh size h = 2.5
2025-07-30 14:23:17,905 | DEBUG    | [Station_14_h2.5] Copying geometry and initiating meshing …
2025-07-30 14:23:17,908 | INFO     | Logger initialized for MeshDXF [Station_14_h2.5]
2025-07-30 14:23:17,908 | INFO     | [Station_14_h2.5] Meshing started with target h = 2.5
2025-07-30 14:23:17,970 | ERROR    | [Station_14_h2.5] Mesh contains no points or triangles
2025-07-30 14:23:17,970 | INFO     | [Station_14_h2.5] Mesh created successfully
2025-07-30 14:23:17,970 | DEBUG    | [Station_14_h2.5] Starting section property calculation …
2025-07-30 14:23:18,037 | ERROR    | [Station_14_h2.5] SectionDXF returned no data
2025-07-30 14:23:18,038 | WARNING  | [Station_14_h2.5] Skipped due to section analysis failure.
2025-07-30 14:23:18,038 | INFO     | Convergence study completed: 0 successful, 3 attempted
2025-07-30 14:23:18,040 | INFO     | Section analysis result set saved
