2025-07-28 15:16:37,836 - INFO - [Station_4_h40] Starting geometric analysis...
2025-07-28 15:16:38,391 - INFO - [Station_4_h40] Starting warping analysis (required for J)...
2025-07-28 15:16:39,399 - INFO - [Station_4_h40] Success at h = 40.0000
2025-07-28 15:16:39,501 - INFO - [Station_4_h10] Starting geometric analysis...
2025-07-28 15:16:39,626 - INFO - [Station_4_h10] Starting warping analysis (required for J)...
2025-07-28 15:16:40,372 - INFO - [Station_4_h10] Success at h = 10.0000
2025-07-28 15:16:40,516 - INFO - [Station_4_h2.5] Starting geometric analysis...
2025-07-28 15:16:40,671 - INFO - [Station_4_h2.5] Starting warping analysis (required for J)...
2025-07-28 15:16:41,518 - INFO - [Station_4_h2.5] Success at h = 2.5000
2025-07-28 15:16:41,618 - INFO - [Station_4_h0.625] Starting geometric analysis...
2025-07-28 15:16:41,755 - INFO - [Station_4_h0.625] Starting warping analysis (required for J)...
2025-07-28 15:16:42,532 - INFO - [Station_4_h0.625] Success at h = 0.6250
2025-07-28 15:16:42,637 - INFO - [Station_4_h0.1562] Starting geometric analysis...
2025-07-28 15:16:42,828 - INFO - [Station_4_h0.1562] Starting warping analysis (required for J)...
2025-07-28 15:16:43,582 - INFO - [Station_4_h0.1562] Success at h = 0.1562
2025-07-28 19:17:54,641 - INFO - [Station_4_h40] Starting geometric analysis...
2025-07-28 19:17:55,112 - INFO - [Station_4_h40] Starting warping analysis (required for J)...
2025-07-28 19:17:56,200 - INFO - [Station_4_h40] Success at h = 40.0000
2025-07-28 19:17:56,313 - INFO - [Station_4_h10] Starting geometric analysis...
2025-07-28 19:17:56,456 - INFO - [Station_4_h10] Starting warping analysis (required for J)...
2025-07-28 19:17:57,244 - INFO - [Station_4_h10] Success at h = 10.0000
2025-07-28 19:17:57,331 - INFO - [Station_4_h2.5] Starting geometric analysis...
2025-07-28 19:17:57,478 - INFO - [Station_4_h2.5] Starting warping analysis (required for J)...
2025-07-28 19:17:58,197 - INFO - [Station_4_h2.5] Success at h = 2.5000
2025-07-28 19:17:58,313 - INFO - [Station_4_h0.625] Starting geometric analysis...
2025-07-28 19:17:58,465 - INFO - [Station_4_h0.625] Starting warping analysis (required for J)...
2025-07-28 19:17:59,346 - INFO - [Station_4_h0.625] Success at h = 0.6250
2025-07-28 19:17:59,481 - INFO - [Station_4_h0.1562] Starting geometric analysis...
2025-07-28 19:17:59,625 - INFO - [Station_4_h0.1562] Starting warping analysis (required for J)...
2025-07-28 19:18:00,409 - INFO - [Station_4_h0.1562] Success at h = 0.1562
2025-07-29 15:02:57,148 - INFO - [Station_4_h40] Starting geometric analysis...
2025-07-29 15:02:57,469 - ERROR - [Station_4_h40] Geometric analysis failed: unsupported operand type(s) for *: 'NoneType' and 'float'
Traceback (most recent call last):
  File "C:\Users\Sam Hughes\Desktop\geometry_tools\n_sections\analysis\geom_utils\section_dxf.py", line 97, in _geometric_analysis
    sx * M3_TO_MM3, sy * M3_TO_MM3,
    ~~~^~~~~~~~~~~
TypeError: unsupported operand type(s) for *: 'NoneType' and 'float'
2025-07-29 15:02:57,469 - INFO - [Station_4_h40] Starting warping analysis...
2025-07-29 15:02:58,230 - ERROR - [Station_4_h40] Warping analysis failed: unsupported operand type(s) for *: 'NoneType' and 'float'
Traceback (most recent call last):
  File "C:\Users\Sam Hughes\Desktop\geometry_tools\n_sections\analysis\geom_utils\section_dxf.py", line 122, in _warping_analysis
    cw * M6_TO_MM6,
    ~~~^~~~~~~~~~~
TypeError: unsupported operand type(s) for *: 'NoneType' and 'float'
2025-07-29 15:02:58,230 - ERROR - [Station_4_h40] Geometric analysis failed — skipping values.
2025-07-29 15:02:58,230 - ERROR - [Station_4_h40] Warping analysis failed — skipping values.
2025-07-29 15:02:58,230 - INFO - [Station_4_h40] SectionDXF row assembled with partial success.
2025-07-29 15:02:58,320 - INFO - [Station_4_h10] Starting geometric analysis...
2025-07-29 15:02:58,398 - ERROR - [Station_4_h10] Geometric analysis failed: unsupported operand type(s) for *: 'NoneType' and 'float'
Traceback (most recent call last):
  File "C:\Users\Sam Hughes\Desktop\geometry_tools\n_sections\analysis\geom_utils\section_dxf.py", line 97, in _geometric_analysis
    sx * M3_TO_MM3, sy * M3_TO_MM3,
    ~~~^~~~~~~~~~~
TypeError: unsupported operand type(s) for *: 'NoneType' and 'float'
2025-07-29 15:02:58,414 - INFO - [Station_4_h10] Starting warping analysis...
2025-07-29 15:02:58,939 - ERROR - [Station_4_h10] Warping analysis failed: unsupported operand type(s) for *: 'NoneType' and 'float'
Traceback (most recent call last):
  File "C:\Users\Sam Hughes\Desktop\geometry_tools\n_sections\analysis\geom_utils\section_dxf.py", line 122, in _warping_analysis
    cw * M6_TO_MM6,
    ~~~^~~~~~~~~~~
TypeError: unsupported operand type(s) for *: 'NoneType' and 'float'
2025-07-29 15:02:58,939 - ERROR - [Station_4_h10] Geometric analysis failed — skipping values.
2025-07-29 15:02:58,940 - ERROR - [Station_4_h10] Warping analysis failed — skipping values.
2025-07-29 15:02:58,940 - INFO - [Station_4_h10] SectionDXF row assembled with partial success.
2025-07-29 15:02:59,061 - INFO - [Station_4_h2.5] Starting geometric analysis...
2025-07-29 15:02:59,155 - ERROR - [Station_4_h2.5] Geometric analysis failed: unsupported operand type(s) for *: 'NoneType' and 'float'
Traceback (most recent call last):
  File "C:\Users\Sam Hughes\Desktop\geometry_tools\n_sections\analysis\geom_utils\section_dxf.py", line 97, in _geometric_analysis
    sx * M3_TO_MM3, sy * M3_TO_MM3,
    ~~~^~~~~~~~~~~
TypeError: unsupported operand type(s) for *: 'NoneType' and 'float'
2025-07-29 15:02:59,156 - INFO - [Station_4_h2.5] Starting warping analysis...
2025-07-29 15:02:59,685 - ERROR - [Station_4_h2.5] Warping analysis failed: unsupported operand type(s) for *: 'NoneType' and 'float'
Traceback (most recent call last):
  File "C:\Users\Sam Hughes\Desktop\geometry_tools\n_sections\analysis\geom_utils\section_dxf.py", line 122, in _warping_analysis
    cw * M6_TO_MM6,
    ~~~^~~~~~~~~~~
TypeError: unsupported operand type(s) for *: 'NoneType' and 'float'
2025-07-29 15:02:59,685 - ERROR - [Station_4_h2.5] Geometric analysis failed — skipping values.
2025-07-29 15:02:59,685 - ERROR - [Station_4_h2.5] Warping analysis failed — skipping values.
2025-07-29 15:02:59,685 - INFO - [Station_4_h2.5] SectionDXF row assembled with partial success.
2025-07-29 15:02:59,766 - INFO - [Station_4_h0.625] Starting geometric analysis...
2025-07-29 15:02:59,857 - ERROR - [Station_4_h0.625] Geometric analysis failed: unsupported operand type(s) for *: 'NoneType' and 'float'
Traceback (most recent call last):
  File "C:\Users\Sam Hughes\Desktop\geometry_tools\n_sections\analysis\geom_utils\section_dxf.py", line 97, in _geometric_analysis
    sx * M3_TO_MM3, sy * M3_TO_MM3,
    ~~~^~~~~~~~~~~
TypeError: unsupported operand type(s) for *: 'NoneType' and 'float'
2025-07-29 15:02:59,858 - INFO - [Station_4_h0.625] Starting warping analysis...
2025-07-29 15:03:00,400 - ERROR - [Station_4_h0.625] Warping analysis failed: unsupported operand type(s) for *: 'NoneType' and 'float'
Traceback (most recent call last):
  File "C:\Users\Sam Hughes\Desktop\geometry_tools\n_sections\analysis\geom_utils\section_dxf.py", line 122, in _warping_analysis
    cw * M6_TO_MM6,
    ~~~^~~~~~~~~~~
TypeError: unsupported operand type(s) for *: 'NoneType' and 'float'
2025-07-29 15:03:00,400 - ERROR - [Station_4_h0.625] Geometric analysis failed — skipping values.
2025-07-29 15:03:00,400 - ERROR - [Station_4_h0.625] Warping analysis failed — skipping values.
2025-07-29 15:03:00,400 - INFO - [Station_4_h0.625] SectionDXF row assembled with partial success.
2025-07-29 15:03:00,466 - INFO - [Station_4_h0.1562] Starting geometric analysis...
2025-07-29 15:03:00,570 - ERROR - [Station_4_h0.1562] Geometric analysis failed: unsupported operand type(s) for *: 'NoneType' and 'float'
Traceback (most recent call last):
  File "C:\Users\Sam Hughes\Desktop\geometry_tools\n_sections\analysis\geom_utils\section_dxf.py", line 97, in _geometric_analysis
    sx * M3_TO_MM3, sy * M3_TO_MM3,
    ~~~^~~~~~~~~~~
TypeError: unsupported operand type(s) for *: 'NoneType' and 'float'
2025-07-29 15:03:00,570 - INFO - [Station_4_h0.1562] Starting warping analysis...
2025-07-29 15:03:01,102 - ERROR - [Station_4_h0.1562] Warping analysis failed: unsupported operand type(s) for *: 'NoneType' and 'float'
Traceback (most recent call last):
  File "C:\Users\Sam Hughes\Desktop\geometry_tools\n_sections\analysis\geom_utils\section_dxf.py", line 122, in _warping_analysis
    cw * M6_TO_MM6,
    ~~~^~~~~~~~~~~
TypeError: unsupported operand type(s) for *: 'NoneType' and 'float'
2025-07-29 15:03:01,102 - ERROR - [Station_4_h0.1562] Geometric analysis failed — skipping values.
2025-07-29 15:03:01,102 - ERROR - [Station_4_h0.1562] Warping analysis failed — skipping values.
2025-07-29 15:03:01,102 - INFO - [Station_4_h0.1562] SectionDXF row assembled with partial success.
2025-07-29 15:06:51,499 - INFO - [Station_4_h40] Starting geometric analysis...
2025-07-29 15:06:51,832 - ERROR - [Station_4_h40] Geometric analysis failed: unsupported operand type(s) for *: 'NoneType' and 'float'
Traceback (most recent call last):
  File "C:\Users\Sam Hughes\Desktop\geometry_tools\n_sections\analysis\geom_utils\section_dxf.py", line 97, in _geometric_analysis
    sx * M3_TO_MM3, sy * M3_TO_MM3,
    ~~~^~~~~~~~~~~
TypeError: unsupported operand type(s) for *: 'NoneType' and 'float'
2025-07-29 15:06:51,832 - INFO - [Station_4_h40] Starting warping analysis...
2025-07-29 15:06:52,634 - ERROR - [Station_4_h40] Warping analysis failed: unsupported operand type(s) for *: 'NoneType' and 'float'
Traceback (most recent call last):
  File "C:\Users\Sam Hughes\Desktop\geometry_tools\n_sections\analysis\geom_utils\section_dxf.py", line 122, in _warping_analysis
    cw * M6_TO_MM6,
    ~~~^~~~~~~~~~~
TypeError: unsupported operand type(s) for *: 'NoneType' and 'float'
2025-07-29 15:06:52,635 - ERROR - [Station_4_h40] Geometric analysis failed — skipping values.
2025-07-29 15:06:52,635 - ERROR - [Station_4_h40] Warping analysis failed — skipping values.
2025-07-29 15:06:52,636 - INFO - [Station_4_h40] SectionDXF row assembled with partial success.
2025-07-29 15:06:52,712 - INFO - [Station_4_h10] Starting geometric analysis...
2025-07-29 15:06:52,814 - ERROR - [Station_4_h10] Geometric analysis failed: unsupported operand type(s) for *: 'NoneType' and 'float'
Traceback (most recent call last):
  File "C:\Users\Sam Hughes\Desktop\geometry_tools\n_sections\analysis\geom_utils\section_dxf.py", line 97, in _geometric_analysis
    sx * M3_TO_MM3, sy * M3_TO_MM3,
    ~~~^~~~~~~~~~~
TypeError: unsupported operand type(s) for *: 'NoneType' and 'float'
2025-07-29 15:06:52,814 - INFO - [Station_4_h10] Starting warping analysis...
2025-07-29 15:06:53,355 - ERROR - [Station_4_h10] Warping analysis failed: unsupported operand type(s) for *: 'NoneType' and 'float'
Traceback (most recent call last):
  File "C:\Users\Sam Hughes\Desktop\geometry_tools\n_sections\analysis\geom_utils\section_dxf.py", line 122, in _warping_analysis
    cw * M6_TO_MM6,
    ~~~^~~~~~~~~~~
TypeError: unsupported operand type(s) for *: 'NoneType' and 'float'
2025-07-29 15:06:53,355 - ERROR - [Station_4_h10] Geometric analysis failed — skipping values.
2025-07-29 15:06:53,355 - ERROR - [Station_4_h10] Warping analysis failed — skipping values.
2025-07-29 15:06:53,355 - INFO - [Station_4_h10] SectionDXF row assembled with partial success.
2025-07-29 15:06:53,487 - INFO - [Station_4_h2.5] Starting geometric analysis...
2025-07-29 15:06:53,581 - ERROR - [Station_4_h2.5] Geometric analysis failed: unsupported operand type(s) for *: 'NoneType' and 'float'
Traceback (most recent call last):
  File "C:\Users\Sam Hughes\Desktop\geometry_tools\n_sections\analysis\geom_utils\section_dxf.py", line 97, in _geometric_analysis
    sx * M3_TO_MM3, sy * M3_TO_MM3,
    ~~~^~~~~~~~~~~
TypeError: unsupported operand type(s) for *: 'NoneType' and 'float'
2025-07-29 15:06:53,586 - INFO - [Station_4_h2.5] Starting warping analysis...
2025-07-29 15:06:54,130 - ERROR - [Station_4_h2.5] Warping analysis failed: unsupported operand type(s) for *: 'NoneType' and 'float'
Traceback (most recent call last):
  File "C:\Users\Sam Hughes\Desktop\geometry_tools\n_sections\analysis\geom_utils\section_dxf.py", line 122, in _warping_analysis
    cw * M6_TO_MM6,
    ~~~^~~~~~~~~~~
TypeError: unsupported operand type(s) for *: 'NoneType' and 'float'
2025-07-29 15:06:54,130 - ERROR - [Station_4_h2.5] Geometric analysis failed — skipping values.
2025-07-29 15:06:54,130 - ERROR - [Station_4_h2.5] Warping analysis failed — skipping values.
2025-07-29 15:06:54,130 - INFO - [Station_4_h2.5] SectionDXF row assembled with partial success.
2025-07-29 15:06:54,212 - INFO - [Station_4_h0.625] Starting geometric analysis...
2025-07-29 15:06:54,302 - ERROR - [Station_4_h0.625] Geometric analysis failed: unsupported operand type(s) for *: 'NoneType' and 'float'
Traceback (most recent call last):
  File "C:\Users\Sam Hughes\Desktop\geometry_tools\n_sections\analysis\geom_utils\section_dxf.py", line 97, in _geometric_analysis
    sx * M3_TO_MM3, sy * M3_TO_MM3,
    ~~~^~~~~~~~~~~
TypeError: unsupported operand type(s) for *: 'NoneType' and 'float'
2025-07-29 15:06:54,302 - INFO - [Station_4_h0.625] Starting warping analysis...
2025-07-29 15:06:54,856 - ERROR - [Station_4_h0.625] Warping analysis failed: unsupported operand type(s) for *: 'NoneType' and 'float'
Traceback (most recent call last):
  File "C:\Users\Sam Hughes\Desktop\geometry_tools\n_sections\analysis\geom_utils\section_dxf.py", line 122, in _warping_analysis
    cw * M6_TO_MM6,
    ~~~^~~~~~~~~~~
TypeError: unsupported operand type(s) for *: 'NoneType' and 'float'
2025-07-29 15:06:54,856 - ERROR - [Station_4_h0.625] Geometric analysis failed — skipping values.
2025-07-29 15:06:54,856 - ERROR - [Station_4_h0.625] Warping analysis failed — skipping values.
2025-07-29 15:06:54,856 - INFO - [Station_4_h0.625] SectionDXF row assembled with partial success.
2025-07-29 15:06:54,937 - INFO - [Station_4_h0.1562] Starting geometric analysis...
2025-07-29 15:06:55,035 - ERROR - [Station_4_h0.1562] Geometric analysis failed: unsupported operand type(s) for *: 'NoneType' and 'float'
Traceback (most recent call last):
  File "C:\Users\Sam Hughes\Desktop\geometry_tools\n_sections\analysis\geom_utils\section_dxf.py", line 97, in _geometric_analysis
    sx * M3_TO_MM3, sy * M3_TO_MM3,
    ~~~^~~~~~~~~~~
TypeError: unsupported operand type(s) for *: 'NoneType' and 'float'
2025-07-29 15:06:55,035 - INFO - [Station_4_h0.1562] Starting warping analysis...
2025-07-29 15:06:55,590 - ERROR - [Station_4_h0.1562] Warping analysis failed: unsupported operand type(s) for *: 'NoneType' and 'float'
Traceback (most recent call last):
  File "C:\Users\Sam Hughes\Desktop\geometry_tools\n_sections\analysis\geom_utils\section_dxf.py", line 122, in _warping_analysis
    cw * M6_TO_MM6,
    ~~~^~~~~~~~~~~
TypeError: unsupported operand type(s) for *: 'NoneType' and 'float'
2025-07-29 15:06:55,591 - ERROR - [Station_4_h0.1562] Geometric analysis failed — skipping values.
2025-07-29 15:06:55,591 - ERROR - [Station_4_h0.1562] Warping analysis failed — skipping values.
2025-07-29 15:06:55,591 - INFO - [Station_4_h0.1562] SectionDXF row assembled with partial success.
2025-07-29 15:16:40,563 - INFO - [Station_4_h40] Starting geometric analysis...
2025-07-29 15:16:40,894 - ERROR - [Station_4_h40] Geometric analysis failed: unsupported operand type(s) for *: 'NoneType' and 'float'
Traceback (most recent call last):
  File "C:\Users\Sam Hughes\Desktop\geometry_tools\n_sections\analysis\geom_utils\section_dxf.py", line 97, in _geometric_analysis
    sx * M3_TO_MM3, sy * M3_TO_MM3,
    ~~~^~~~~~~~~~~
TypeError: unsupported operand type(s) for *: 'NoneType' and 'float'
2025-07-29 15:16:40,894 - INFO - [Station_4_h40] Starting warping analysis...
2025-07-29 15:16:41,687 - ERROR - [Station_4_h40] Geometric analysis failed — skipping values.
2025-07-29 15:16:41,687 - INFO - [Station_4_h40] SectionDXF row assembled with partial success.
2025-07-29 15:16:41,770 - INFO - [Station_4_h10] Starting geometric analysis...
2025-07-29 15:16:41,856 - ERROR - [Station_4_h10] Geometric analysis failed: unsupported operand type(s) for *: 'NoneType' and 'float'
Traceback (most recent call last):
  File "C:\Users\Sam Hughes\Desktop\geometry_tools\n_sections\analysis\geom_utils\section_dxf.py", line 97, in _geometric_analysis
    sx * M3_TO_MM3, sy * M3_TO_MM3,
    ~~~^~~~~~~~~~~
TypeError: unsupported operand type(s) for *: 'NoneType' and 'float'
2025-07-29 15:16:41,856 - INFO - [Station_4_h10] Starting warping analysis...
2025-07-29 15:16:42,497 - ERROR - [Station_4_h10] Geometric analysis failed — skipping values.
2025-07-29 15:16:42,497 - INFO - [Station_4_h10] SectionDXF row assembled with partial success.
2025-07-29 15:16:42,631 - INFO - [Station_4_h2.5] Starting geometric analysis...
2025-07-29 15:16:42,726 - ERROR - [Station_4_h2.5] Geometric analysis failed: unsupported operand type(s) for *: 'NoneType' and 'float'
Traceback (most recent call last):
  File "C:\Users\Sam Hughes\Desktop\geometry_tools\n_sections\analysis\geom_utils\section_dxf.py", line 97, in _geometric_analysis
    sx * M3_TO_MM3, sy * M3_TO_MM3,
    ~~~^~~~~~~~~~~
TypeError: unsupported operand type(s) for *: 'NoneType' and 'float'
2025-07-29 15:16:42,726 - INFO - [Station_4_h2.5] Starting warping analysis...
2025-07-29 15:16:43,272 - ERROR - [Station_4_h2.5] Geometric analysis failed — skipping values.
2025-07-29 15:16:43,272 - INFO - [Station_4_h2.5] SectionDXF row assembled with partial success.
2025-07-29 15:16:43,340 - INFO - [Station_4_h0.625] Starting geometric analysis...
2025-07-29 15:16:43,440 - ERROR - [Station_4_h0.625] Geometric analysis failed: unsupported operand type(s) for *: 'NoneType' and 'float'
Traceback (most recent call last):
  File "C:\Users\Sam Hughes\Desktop\geometry_tools\n_sections\analysis\geom_utils\section_dxf.py", line 97, in _geometric_analysis
    sx * M3_TO_MM3, sy * M3_TO_MM3,
    ~~~^~~~~~~~~~~
TypeError: unsupported operand type(s) for *: 'NoneType' and 'float'
2025-07-29 15:16:43,440 - INFO - [Station_4_h0.625] Starting warping analysis...
2025-07-29 15:16:43,992 - ERROR - [Station_4_h0.625] Geometric analysis failed — skipping values.
2025-07-29 15:16:43,992 - INFO - [Station_4_h0.625] SectionDXF row assembled with partial success.
2025-07-29 15:16:44,057 - INFO - [Station_4_h0.1562] Starting geometric analysis...
2025-07-29 15:16:44,156 - ERROR - [Station_4_h0.1562] Geometric analysis failed: unsupported operand type(s) for *: 'NoneType' and 'float'
Traceback (most recent call last):
  File "C:\Users\Sam Hughes\Desktop\geometry_tools\n_sections\analysis\geom_utils\section_dxf.py", line 97, in _geometric_analysis
    sx * M3_TO_MM3, sy * M3_TO_MM3,
    ~~~^~~~~~~~~~~
TypeError: unsupported operand type(s) for *: 'NoneType' and 'float'
2025-07-29 15:16:44,156 - INFO - [Station_4_h0.1562] Starting warping analysis...
