2025-08-12 00:36:50,293 | INFO     | Logging initialized for ProcessSectionAnalysis
2025-08-12 00:36:50,293 | INFO     | Station Station_10 [Analysis]: DXF=C:\Users\samea\Desktop\geometry_tools\n_sections\blade\Station_10.dxf, twist=2.7°, centroid=(0.00, -0.01)
2025-08-12 00:36:50,293 | INFO     | Starting raw geometry processing …
2025-08-12 00:36:50,293 | INFO     | Instantiating RawGeometry for DXF: C:\Users\samea\Desktop\geometry_tools\n_sections\blade\Station_10.dxf
2025-08-12 00:36:50,294 | INFO     | RawGeometry created successfully.
2025-08-12 00:36:50,294 | INFO     | Generating raw geometry plot …
2025-08-12 00:36:50,752 | INFO     | Raw geometry visualisation completed and saved.
2025-08-12 00:36:50,752 | INFO     | Processing and visualising aligned geometry …
2025-08-12 00:36:50,752 | INFO     | Instantiating ProcessedGeometry with spline/segment settings …
2025-08-12 00:36:50,753 | INFO     | ProcessedGeometry successfully instantiated.
2025-08-12 00:36:50,753 | INFO     | Extracting and aligning geometry with twist=2.7°, cx=0.00, cy=-0.01
2025-08-12 00:36:51,786 | INFO     | Geometry aligned and transformed successfully.
2025-08-12 00:36:51,786 | INFO     | Generating processed geometry visualisation with trailing edge zoom …
2025-08-12 00:36:52,807 | INFO     | Processed geometry preview saved -> C:\Users\samea\Desktop\geometry_tools\n_sections\results\analysis\2025-08-12_00-36-10\Station_10\processed_Station_10.png
2025-08-12 00:36:52,807 | INFO     | Launching convergence study pipeline …
2025-08-12 00:36:52,807 | INFO     | Starting section convergence study using 3 mesh sizes: [40.  10.   2.5]
2025-08-12 00:36:58,350 | INFO     | ConvergenceStudy instantiated. Running results computation …
2025-08-12 00:36:58,350 | INFO     | Convergence study completed successfully.
2025-08-12 00:36:58,350 | INFO     | Creating convergence visualisation …
2025-08-12 00:37:00,029 | INFO     | Convergence visualisation saved.
2025-08-12 00:37:00,029 | INFO     | Building metadata container for section Station_10 …
2025-08-12 00:37:00,029 | INFO     | MetadataBin created.
2025-08-12 00:37:00,029 | INFO     | Composing SectionAnalysisResultSet …
2025-08-12 00:37:00,029 | INFO     | SectionAnalysisResultSet successfully built.
2025-08-12 00:37:00,029 | INFO     | Saving results to directory: C:\Users\samea\Desktop\geometry_tools\n_sections\results\analysis\2025-08-12_00-36-10\Station_10
2025-08-12 00:37:00,033 | INFO     | Section analysis results successfully saved.
