2025-08-20 02:53:21,006 | INFO     | Logging initialized for ProcessSectionAnalysis
2025-08-20 02:53:21,006 | INFO     | Station sec_048_r0.549 [Analysis]: DXF=C:\Users\samea\Desktop\geometry_tools\n_sections\blade\sec_048_r0.549.dxf, twist=5.8°, origin: CP-proxy @ 33.0% chord
2025-08-20 02:53:21,006 | INFO     | Starting raw geometry processing …
2025-08-20 02:53:21,006 | INFO     | Instantiating RawGeometry for DXF: C:\Users\samea\Desktop\geometry_tools\n_sections\blade\sec_048_r0.549.dxf
2025-08-20 02:53:21,006 | INFO     | RawGeometry created successfully.
2025-08-20 02:53:21,006 | INFO     | Generating raw geometry plot …
2025-08-20 02:53:21,339 | INFO     | Raw geometry visualisation completed and saved.
2025-08-20 02:53:21,339 | INFO     | Processing and visualising aligned geometry …
2025-08-20 02:53:21,339 | INFO     | Instantiating ProcessedGeometry with spline/segment settings …
2025-08-20 02:53:21,341 | INFO     | ProcessedGeometry successfully instantiated.
2025-08-20 02:53:21,341 | INFO     | Extracting (pass-through orientation & origin): twist=5.8°, origin_mode=cop, cop_fraction=0.330, cx=0.01, cy=0.00, resample_exterior=True
2025-08-20 02:53:21,363 | INFO     | Geometry extracted (no twist/origin applied).
2025-08-20 02:53:21,363 | INFO     | Generating processed geometry visualisation with trailing edge zoom …
2025-08-20 02:53:22,625 | INFO     | Processed geometry preview saved -> C:\Users\samea\Desktop\geometry_tools\n_sections\results\analysis\2025-08-20_02-49-41\sec_048_r0.549\processed_sec_048_r0.549.png
2025-08-20 02:53:22,625 | INFO     | Launching convergence study pipeline …
2025-08-20 02:53:22,625 | INFO     | Starting section convergence study using 1 mesh sizes: [40.]
2025-08-20 02:53:25,171 | INFO     | ConvergenceStudy instantiated. Running results computation …
2025-08-20 02:53:25,171 | INFO     | Convergence study completed successfully.
2025-08-20 02:53:25,171 | INFO     | Creating convergence visualisation …
2025-08-20 02:53:25,945 | INFO     | Convergence visualisation saved.
2025-08-20 02:53:25,945 | INFO     | Building metadata container for section sec_048_r0.549 …
2025-08-20 02:53:25,945 | INFO     | MetadataBin created.
2025-08-20 02:53:25,945 | INFO     | Composing SectionAnalysisResultSet …
2025-08-20 02:53:25,945 | INFO     | SectionAnalysisResultSet successfully built.
2025-08-20 02:53:25,945 | INFO     | Saving results to directory: C:\Users\samea\Desktop\geometry_tools\n_sections\results\analysis\2025-08-20_02-49-41\sec_048_r0.549
2025-08-20 02:53:25,947 | INFO     | Section analysis results successfully saved.
