2025-08-20 02:51:08,352 | INFO     | Logging initialized for ProcessSectionAnalysis
2025-08-20 02:51:08,352 | INFO     | Station sec_019_r0.293 [Analysis]: DXF=C:\Users\samea\Desktop\geometry_tools\n_sections\blade\sec_019_r0.293.dxf, twist=15.2°, origin: CP-proxy @ 33.0% chord
2025-08-20 02:51:08,352 | INFO     | Starting raw geometry processing …
2025-08-20 02:51:08,352 | INFO     | Instantiating RawGeometry for DXF: C:\Users\samea\Desktop\geometry_tools\n_sections\blade\sec_019_r0.293.dxf
2025-08-20 02:51:08,352 | INFO     | RawGeometry created successfully.
2025-08-20 02:51:08,352 | INFO     | Generating raw geometry plot …
2025-08-20 02:51:08,699 | INFO     | Raw geometry visualisation completed and saved.
2025-08-20 02:51:08,699 | INFO     | Processing and visualising aligned geometry …
2025-08-20 02:51:08,699 | INFO     | Instantiating ProcessedGeometry with spline/segment settings …
2025-08-20 02:51:08,700 | INFO     | ProcessedGeometry successfully instantiated.
2025-08-20 02:51:08,700 | INFO     | Extracting (pass-through orientation & origin): twist=15.2°, origin_mode=cop, cop_fraction=0.330, cx=0.01, cy=0.01, resample_exterior=True
2025-08-20 02:51:08,728 | INFO     | Geometry extracted (no twist/origin applied).
2025-08-20 02:51:08,728 | INFO     | Generating processed geometry visualisation with trailing edge zoom …
2025-08-20 02:51:09,771 | INFO     | Processed geometry preview saved -> C:\Users\samea\Desktop\geometry_tools\n_sections\results\analysis\2025-08-20_02-49-41\sec_019_r0.293\processed_sec_019_r0.293.png
2025-08-20 02:51:09,771 | INFO     | Launching convergence study pipeline …
2025-08-20 02:51:09,771 | INFO     | Starting section convergence study using 1 mesh sizes: [40.]
2025-08-20 02:51:11,971 | INFO     | ConvergenceStudy instantiated. Running results computation …
2025-08-20 02:51:11,971 | INFO     | Convergence study completed successfully.
2025-08-20 02:51:11,971 | INFO     | Creating convergence visualisation …
2025-08-20 02:51:12,604 | INFO     | Convergence visualisation saved.
2025-08-20 02:51:12,604 | INFO     | Building metadata container for section sec_019_r0.293 …
2025-08-20 02:51:12,604 | INFO     | MetadataBin created.
2025-08-20 02:51:12,604 | INFO     | Composing SectionAnalysisResultSet …
2025-08-20 02:51:12,604 | INFO     | SectionAnalysisResultSet successfully built.
2025-08-20 02:51:12,604 | INFO     | Saving results to directory: C:\Users\samea\Desktop\geometry_tools\n_sections\results\analysis\2025-08-20_02-49-41\sec_019_r0.293
2025-08-20 02:51:12,604 | INFO     | Section analysis results successfully saved.
