2025-08-20 02:30:46,330 - INFO - Logger initialized for ConvergenceStudy [sec_006_r0.178]
2025-08-20 02:30:46,330 - INFO - Starting convergence study over 3 mesh sizes: [40.  10.   2.5]
2025-08-20 02:30:46,331 - INFO - [1/3] Processing mesh size h = 40
2025-08-20 02:30:46,331 - DEBUG - [sec_006_r0.178_h40] Copying geometry and initiating meshing …
2025-08-20 02:30:46,343 - INFO - [sec_006_r0.178_h40] Mesh created successfully
2025-08-20 02:30:46,343 - DEBUG - [sec_006_r0.178_h40] Starting section property calculation …
2025-08-20 02:30:47,877 - DEBUG - [sec_006_r0.178_h40] Section analysis row returned
2025-08-20 02:30:47,879 - INFO - [sec_006_r0.178_h40] Section analysis completed successfully.
2025-08-20 02:30:47,879 - INFO - [2/3] Processing mesh size h = 10
2025-08-20 02:30:47,880 - DEBUG - [sec_006_r0.178_h10] Copying geometry and initiating meshing …
2025-08-20 02:30:47,891 - INFO - [sec_006_r0.178_h10] Mesh created successfully
2025-08-20 02:30:47,892 - DEBUG - [sec_006_r0.178_h10] Starting section property calculation …
2025-08-20 02:30:48,816 - DEBUG - [sec_006_r0.178_h10] Section analysis row returned
2025-08-20 02:30:48,818 - INFO - [sec_006_r0.178_h10] Section analysis completed successfully.
2025-08-20 02:30:48,818 - INFO - [3/3] Processing mesh size h = 2.5
2025-08-20 02:30:48,818 - DEBUG - [sec_006_r0.178_h2.5] Copying geometry and initiating meshing …
2025-08-20 02:30:48,825 - INFO - [sec_006_r0.178_h2.5] Mesh created successfully
2025-08-20 02:30:48,825 - DEBUG - [sec_006_r0.178_h2.5] Starting section property calculation …
2025-08-20 02:30:49,705 - DEBUG - [sec_006_r0.178_h2.5] Section analysis row returned
2025-08-20 02:30:49,707 - INFO - [sec_006_r0.178_h2.5] Section analysis completed successfully.
2025-08-20 02:30:49,708 - INFO - Convergence study completed: 3 successful, 3 attempted
2025-08-20 02:30:49,708 - INFO - Generating convergence visualisation …
2025-08-20 02:30:51,444 - INFO - Convergence visualisation completed.
