2025-08-20 02:30:44,792 | INFO     | Logging initialized for ProcessSectionAnalysis
2025-08-20 02:30:44,792 | INFO     | Station sec_006_r0.178 [Analysis]: DXF=C:\Users\samea\Desktop\geometry_tools\n_sections\blade\sec_006_r0.178.dxf, twist=27.1°, origin: CP-proxy @ 33.0% chord
2025-08-20 02:30:44,792 | INFO     | Starting raw geometry processing …
2025-08-20 02:30:44,792 | INFO     | Instantiating RawGeometry for DXF: C:\Users\samea\Desktop\geometry_tools\n_sections\blade\sec_006_r0.178.dxf
2025-08-20 02:30:44,793 | INFO     | RawGeometry created successfully.
2025-08-20 02:30:44,794 | INFO     | Generating raw geometry plot …
2025-08-20 02:30:45,153 | INFO     | Raw geometry visualisation completed and saved.
2025-08-20 02:30:45,153 | INFO     | Processing and visualising aligned geometry …
2025-08-20 02:30:45,153 | INFO     | Instantiating ProcessedGeometry with spline/segment settings …
2025-08-20 02:30:45,155 | INFO     | ProcessedGeometry successfully instantiated.
2025-08-20 02:30:45,155 | INFO     | Extracting + aligning: twist=27.1°, origin_mode=cop, cop_fraction=0.330, cx=0.01, cy=0.01
2025-08-20 02:30:45,190 | INFO     | Geometry aligned and transformed successfully.
2025-08-20 02:30:45,190 | INFO     | Generating processed geometry visualisation with trailing edge zoom …
2025-08-20 02:30:46,329 | INFO     | Processed geometry preview saved -> C:\Users\samea\Desktop\geometry_tools\n_sections\results\analysis\2025-08-20_02-29-55\sec_006_r0.178\processed_sec_006_r0.178.png
2025-08-20 02:30:46,329 | INFO     | Launching convergence study pipeline …
2025-08-20 02:30:46,329 | INFO     | Starting section convergence study using 3 mesh sizes: [40.  10.   2.5]
2025-08-20 02:30:51,445 | INFO     | ConvergenceStudy instantiated. Running results computation …
2025-08-20 02:30:51,445 | INFO     | Convergence study completed successfully.
2025-08-20 02:30:51,445 | INFO     | Creating convergence visualisation …
2025-08-20 02:30:53,262 | INFO     | Convergence visualisation saved.
2025-08-20 02:30:53,262 | INFO     | Building metadata container for section sec_006_r0.178 …
2025-08-20 02:30:53,262 | INFO     | MetadataBin created.
2025-08-20 02:30:53,262 | INFO     | Composing SectionAnalysisResultSet …
2025-08-20 02:30:53,262 | INFO     | SectionAnalysisResultSet successfully built.
2025-08-20 02:30:53,262 | INFO     | Saving results to directory: C:\Users\samea\Desktop\geometry_tools\n_sections\results\analysis\2025-08-20_02-29-55\sec_006_r0.178
2025-08-20 02:30:53,264 | INFO     | Section analysis results successfully saved.
