2025-08-20 02:51:04,170 | INFO     | Logging initialized for ProcessSectionAnalysis
2025-08-20 02:51:04,170 | INFO     | Station sec_018_r0.284 [Analysis]: DXF=C:\Users\samea\Desktop\geometry_tools\n_sections\blade\sec_018_r0.284.dxf, twist=15.8°, origin: CP-proxy @ 33.0% chord
2025-08-20 02:51:04,170 | INFO     | Starting raw geometry processing …
2025-08-20 02:51:04,170 | INFO     | Instantiating RawGeometry for DXF: C:\Users\samea\Desktop\geometry_tools\n_sections\blade\sec_018_r0.284.dxf
2025-08-20 02:51:04,170 | INFO     | RawGeometry created successfully.
2025-08-20 02:51:04,170 | INFO     | Generating raw geometry plot …
2025-08-20 02:51:04,516 | INFO     | Raw geometry visualisation completed and saved.
2025-08-20 02:51:04,516 | INFO     | Processing and visualising aligned geometry …
2025-08-20 02:51:04,516 | INFO     | Instantiating ProcessedGeometry with spline/segment settings …
2025-08-20 02:51:04,517 | INFO     | ProcessedGeometry successfully instantiated.
2025-08-20 02:51:04,517 | INFO     | Extracting (pass-through orientation & origin): twist=15.8°, origin_mode=cop, cop_fraction=0.330, cx=0.01, cy=0.01, resample_exterior=True
2025-08-20 02:51:04,544 | INFO     | Geometry extracted (no twist/origin applied).
2025-08-20 02:51:04,544 | INFO     | Generating processed geometry visualisation with trailing edge zoom …
2025-08-20 02:51:05,681 | INFO     | Processed geometry preview saved -> C:\Users\samea\Desktop\geometry_tools\n_sections\results\analysis\2025-08-20_02-49-41\sec_018_r0.284\processed_sec_018_r0.284.png
2025-08-20 02:51:05,681 | INFO     | Launching convergence study pipeline …
2025-08-20 02:51:05,681 | INFO     | Starting section convergence study using 1 mesh sizes: [40.]
2025-08-20 02:51:07,720 | INFO     | ConvergenceStudy instantiated. Running results computation …
2025-08-20 02:51:07,720 | INFO     | Convergence study completed successfully.
2025-08-20 02:51:07,720 | INFO     | Creating convergence visualisation …
2025-08-20 02:51:08,352 | INFO     | Convergence visualisation saved.
2025-08-20 02:51:08,352 | INFO     | Building metadata container for section sec_018_r0.284 …
2025-08-20 02:51:08,352 | INFO     | MetadataBin created.
2025-08-20 02:51:08,352 | INFO     | Composing SectionAnalysisResultSet …
2025-08-20 02:51:08,352 | INFO     | SectionAnalysisResultSet successfully built.
2025-08-20 02:51:08,352 | INFO     | Saving results to directory: C:\Users\samea\Desktop\geometry_tools\n_sections\results\analysis\2025-08-20_02-49-41\sec_018_r0.284
2025-08-20 02:51:08,352 | INFO     | Section analysis results successfully saved.
