2025-08-20 02:49:41,927 | INFO     | Logging initialized for ProcessSectionAnalysis
2025-08-20 02:49:41,927 | INFO     | Station sec_000_r0.125 [Analysis]: DXF=C:\Users\samea\Desktop\geometry_tools\n_sections\blade\sec_000_r0.125.dxf, twist=34.1°, origin: CP-proxy @ 33.0% chord
2025-08-20 02:49:41,927 | INFO     | Starting raw geometry processing …
2025-08-20 02:49:41,927 | INFO     | Instantiating RawGeometry for DXF: C:\Users\samea\Desktop\geometry_tools\n_sections\blade\sec_000_r0.125.dxf
2025-08-20 02:49:41,927 | INFO     | RawGeometry created successfully.
2025-08-20 02:49:41,927 | INFO     | Generating raw geometry plot …
2025-08-20 02:49:42,444 | INFO     | Raw geometry visualisation completed and saved.
2025-08-20 02:49:42,445 | INFO     | Processing and visualising aligned geometry …
2025-08-20 02:49:42,445 | INFO     | Instantiating ProcessedGeometry with spline/segment settings …
2025-08-20 02:49:42,447 | INFO     | ProcessedGeometry successfully instantiated.
2025-08-20 02:49:42,448 | INFO     | Extracting (pass-through orientation & origin): twist=34.1°, origin_mode=cop, cop_fraction=0.330, cx=0.01, cy=0.01, resample_exterior=True
2025-08-20 02:49:42,529 | INFO     | Geometry extracted (no twist/origin applied).
2025-08-20 02:49:42,529 | INFO     | Generating processed geometry visualisation with trailing edge zoom …
2025-08-20 02:49:43,608 | INFO     | Processed geometry preview saved -> C:\Users\samea\Desktop\geometry_tools\n_sections\results\analysis\2025-08-20_02-49-41\sec_000_r0.125\processed_sec_000_r0.125.png
2025-08-20 02:49:43,608 | INFO     | Launching convergence study pipeline …
2025-08-20 02:49:43,608 | INFO     | Starting section convergence study using 1 mesh sizes: [40.]
2025-08-20 02:49:46,107 | INFO     | ConvergenceStudy instantiated. Running results computation …
2025-08-20 02:49:46,107 | INFO     | Convergence study completed successfully.
2025-08-20 02:49:46,107 | INFO     | Creating convergence visualisation …
2025-08-20 02:49:46,771 | INFO     | Convergence visualisation saved.
2025-08-20 02:49:46,771 | INFO     | Building metadata container for section sec_000_r0.125 …
2025-08-20 02:49:46,771 | INFO     | MetadataBin created.
2025-08-20 02:49:46,771 | INFO     | Composing SectionAnalysisResultSet …
2025-08-20 02:49:46,771 | INFO     | SectionAnalysisResultSet successfully built.
2025-08-20 02:49:46,771 | INFO     | Saving results to directory: C:\Users\samea\Desktop\geometry_tools\n_sections\results\analysis\2025-08-20_02-49-41\sec_000_r0.125
2025-08-20 02:49:46,781 | INFO     | Section analysis results successfully saved.
