2025-08-20 02:50:55,264 | INFO     | Logging initialized for ProcessSectionAnalysis
2025-08-20 02:50:55,264 | INFO     | Station sec_016_r0.266 [Analysis]: DXF=C:\Users\samea\Desktop\geometry_tools\n_sections\blade\sec_016_r0.266.dxf, twist=17.2°, origin: CP-proxy @ 33.0% chord
2025-08-20 02:50:55,264 | INFO     | Starting raw geometry processing …
2025-08-20 02:50:55,264 | INFO     | Instantiating RawGeometry for DXF: C:\Users\samea\Desktop\geometry_tools\n_sections\blade\sec_016_r0.266.dxf
2025-08-20 02:50:55,265 | INFO     | RawGeometry created successfully.
2025-08-20 02:50:55,266 | INFO     | Generating raw geometry plot …
2025-08-20 02:50:55,631 | INFO     | Raw geometry visualisation completed and saved.
2025-08-20 02:50:55,631 | INFO     | Processing and visualising aligned geometry …
2025-08-20 02:50:55,631 | INFO     | Instantiating ProcessedGeometry with spline/segment settings …
2025-08-20 02:50:55,632 | INFO     | ProcessedGeometry successfully instantiated.
2025-08-20 02:50:55,632 | INFO     | Extracting (pass-through orientation & origin): twist=17.2°, origin_mode=cop, cop_fraction=0.330, cx=0.01, cy=0.01, resample_exterior=True
2025-08-20 02:50:55,661 | INFO     | Geometry extracted (no twist/origin applied).
2025-08-20 02:50:55,661 | INFO     | Generating processed geometry visualisation with trailing edge zoom …
2025-08-20 02:50:56,920 | INFO     | Processed geometry preview saved -> C:\Users\samea\Desktop\geometry_tools\n_sections\results\analysis\2025-08-20_02-49-41\sec_016_r0.266\processed_sec_016_r0.266.png
2025-08-20 02:50:56,920 | INFO     | Launching convergence study pipeline …
2025-08-20 02:50:56,920 | INFO     | Starting section convergence study using 1 mesh sizes: [40.]
2025-08-20 02:50:59,091 | INFO     | ConvergenceStudy instantiated. Running results computation …
2025-08-20 02:50:59,091 | INFO     | Convergence study completed successfully.
2025-08-20 02:50:59,091 | INFO     | Creating convergence visualisation …
2025-08-20 02:50:59,785 | INFO     | Convergence visualisation saved.
2025-08-20 02:50:59,785 | INFO     | Building metadata container for section sec_016_r0.266 …
2025-08-20 02:50:59,785 | INFO     | MetadataBin created.
2025-08-20 02:50:59,785 | INFO     | Composing SectionAnalysisResultSet …
2025-08-20 02:50:59,785 | INFO     | SectionAnalysisResultSet successfully built.
2025-08-20 02:50:59,785 | INFO     | Saving results to directory: C:\Users\samea\Desktop\geometry_tools\n_sections\results\analysis\2025-08-20_02-49-41\sec_016_r0.266
2025-08-20 02:50:59,787 | INFO     | Section analysis results successfully saved.
