2025-07-30 14:23:11,973 - INFO - Logger initialized for ConvergenceStudy [Station_8]
2025-07-30 14:23:11,973 - INFO - Starting convergence study over 3 mesh sizes: [40.  10.   2.5]
2025-07-30 14:23:11,975 - INFO - [1/3] Processing mesh size h = 40
2025-07-30 14:23:11,975 - DEBUG - [Station_8_h40] Copying geometry and initiating meshing …
2025-07-30 14:23:11,988 - INFO - [Station_8_h40] Mesh created successfully
2025-07-30 14:23:11,988 - DEBUG - [Station_8_h40] Starting section property calculation …
2025-07-30 14:23:12,058 - ERROR - [Station_8_h40] SectionDXF returned no data
2025-07-30 14:23:12,059 - WARNING - [Station_8_h40] Skipped due to section analysis failure.
2025-07-30 14:23:12,060 - INFO - [2/3] Processing mesh size h = 10
2025-07-30 14:23:12,060 - DEBUG - [Station_8_h10] Copying geometry and initiating meshing …
2025-07-30 14:23:12,069 - INFO - [Station_8_h10] Mesh created successfully
2025-07-30 14:23:12,071 - DEBUG - [Station_8_h10] Starting section property calculation …
2025-07-30 14:23:12,138 - ERROR - [Station_8_h10] SectionDXF returned no data
2025-07-30 14:23:12,139 - WARNING - [Station_8_h10] Skipped due to section analysis failure.
2025-07-30 14:23:12,139 - INFO - [3/3] Processing mesh size h = 2.5
2025-07-30 14:23:12,140 - DEBUG - [Station_8_h2.5] Copying geometry and initiating meshing …
2025-07-30 14:23:12,211 - INFO - [Station_8_h2.5] Mesh created successfully
2025-07-30 14:23:12,211 - DEBUG - [Station_8_h2.5] Starting section property calculation …
2025-07-30 14:23:12,285 - ERROR - [Station_8_h2.5] SectionDXF returned no data
2025-07-30 14:23:12,287 - WARNING - [Station_8_h2.5] Skipped due to section analysis failure.
2025-07-30 14:23:12,287 - INFO - Convergence study completed: 0 successful, 3 attempted
