2025-07-28 15:17:04,166 - INFO - [Station_8_h40] Starting geometric analysis...
2025-07-28 15:17:04,650 - INFO - [Station_8_h40] Starting warping analysis (required for J)...
2025-07-28 15:17:05,736 - INFO - [Station_8_h40] Success at h = 40.0000
2025-07-28 15:17:05,832 - INFO - [Station_8_h10] Starting geometric analysis...
2025-07-28 15:17:05,973 - INFO - [Station_8_h10] Starting warping analysis (required for J)...
2025-07-28 15:17:06,665 - INFO - [Station_8_h10] Success at h = 10.0000
2025-07-28 15:17:06,765 - INFO - [Station_8_h2.5] Starting geometric analysis...
2025-07-28 15:17:06,932 - INFO - [Station_8_h2.5] Starting warping analysis (required for J)...
2025-07-28 15:17:07,648 - INFO - [Station_8_h2.5] Success at h = 2.5000
2025-07-28 15:17:07,748 - INFO - [Station_8_h0.625] Starting geometric analysis...
2025-07-28 15:17:07,877 - INFO - [Station_8_h0.625] Starting warping analysis (required for J)...
2025-07-28 15:17:08,564 - INFO - [Station_8_h0.625] Success at h = 0.6250
2025-07-28 15:17:08,699 - INFO - [Station_8_h0.1562] Starting geometric analysis...
2025-07-28 15:17:08,837 - INFO - [Station_8_h0.1562] Starting warping analysis (required for J)...
2025-07-28 15:17:09,531 - INFO - [Station_8_h0.1562] Success at h = 0.1562
2025-07-28 19:18:22,949 - INFO - [Station_8_h40] Starting geometric analysis...
2025-07-28 19:18:23,480 - INFO - [Station_8_h40] Starting warping analysis (required for J)...
2025-07-28 19:18:24,613 - INFO - [Station_8_h40] Success at h = 40.0000
2025-07-28 19:18:24,696 - INFO - [Station_8_h10] Starting geometric analysis...
2025-07-28 19:18:24,877 - INFO - [Station_8_h10] Starting warping analysis (required for J)...
2025-07-28 19:18:25,603 - INFO - [Station_8_h10] Success at h = 10.0000
2025-07-28 19:18:25,732 - INFO - [Station_8_h2.5] Starting geometric analysis...
2025-07-28 19:18:25,880 - INFO - [Station_8_h2.5] Starting warping analysis (required for J)...
2025-07-28 19:18:26,630 - INFO - [Station_8_h2.5] Success at h = 2.5000
2025-07-28 19:18:26,730 - INFO - [Station_8_h0.625] Starting geometric analysis...
2025-07-28 19:18:26,857 - INFO - [Station_8_h0.625] Starting warping analysis (required for J)...
2025-07-28 19:18:27,565 - INFO - [Station_8_h0.625] Success at h = 0.6250
2025-07-28 19:18:27,726 - INFO - [Station_8_h0.1562] Starting geometric analysis...
2025-07-28 19:18:27,937 - INFO - [Station_8_h0.1562] Starting warping analysis (required for J)...
2025-07-28 19:18:28,631 - INFO - [Station_8_h0.1562] Success at h = 0.1562
