2025-08-20 02:53:48,563 | INFO     | Logging initialized for ProcessSectionAnalysis
2025-08-20 02:53:48,563 | INFO     | Station sec_054_r0.602 [Analysis]: DXF=C:\Users\samea\Desktop\geometry_tools\n_sections\blade\sec_054_r0.602.dxf, twist=4.8°, origin: CP-proxy @ 33.0% chord
2025-08-20 02:53:48,563 | INFO     | Starting raw geometry processing …
2025-08-20 02:53:48,563 | INFO     | Instantiating RawGeometry for DXF: C:\Users\samea\Desktop\geometry_tools\n_sections\blade\sec_054_r0.602.dxf
2025-08-20 02:53:48,564 | INFO     | RawGeometry created successfully.
2025-08-20 02:53:48,564 | INFO     | Generating raw geometry plot …
2025-08-20 02:53:48,912 | INFO     | Raw geometry visualisation completed and saved.
2025-08-20 02:53:48,912 | INFO     | Processing and visualising aligned geometry …
2025-08-20 02:53:48,912 | INFO     | Instantiating ProcessedGeometry with spline/segment settings …
2025-08-20 02:53:48,913 | INFO     | ProcessedGeometry successfully instantiated.
2025-08-20 02:53:48,913 | INFO     | Extracting (pass-through orientation & origin): twist=4.8°, origin_mode=cop, cop_fraction=0.330, cx=0.01, cy=0.00, resample_exterior=True
2025-08-20 02:53:48,945 | INFO     | Geometry extracted (no twist/origin applied).
2025-08-20 02:53:48,945 | INFO     | Generating processed geometry visualisation with trailing edge zoom …
2025-08-20 02:53:50,043 | INFO     | Processed geometry preview saved -> C:\Users\samea\Desktop\geometry_tools\n_sections\results\analysis\2025-08-20_02-49-41\sec_054_r0.602\processed_sec_054_r0.602.png
2025-08-20 02:53:50,043 | INFO     | Launching convergence study pipeline …
2025-08-20 02:53:50,043 | INFO     | Starting section convergence study using 1 mesh sizes: [40.]
2025-08-20 02:53:52,355 | INFO     | ConvergenceStudy instantiated. Running results computation …
2025-08-20 02:53:52,355 | INFO     | Convergence study completed successfully.
2025-08-20 02:53:52,355 | INFO     | Creating convergence visualisation …
2025-08-20 02:53:53,100 | INFO     | Convergence visualisation saved.
2025-08-20 02:53:53,100 | INFO     | Building metadata container for section sec_054_r0.602 …
2025-08-20 02:53:53,100 | INFO     | MetadataBin created.
2025-08-20 02:53:53,100 | INFO     | Composing SectionAnalysisResultSet …
2025-08-20 02:53:53,101 | INFO     | SectionAnalysisResultSet successfully built.
2025-08-20 02:53:53,101 | INFO     | Saving results to directory: C:\Users\samea\Desktop\geometry_tools\n_sections\results\analysis\2025-08-20_02-49-41\sec_054_r0.602
2025-08-20 02:53:53,103 | INFO     | Section analysis results successfully saved.
