2025-07-21 13:05:14,523 - INFO - [Station_8] Geometry meshed with mesh_sizes=0.5.
2025-07-21 13:05:14,782 - INFO - [Station_8] Actual centroid: (0.0184, 0.0013)
2025-07-21 13:05:14,804 - INFO - [Station_8] Desired centroid: (0.0018, -0.0057)
2025-07-21 13:05:14,823 - INFO - [Station_8] Applying translation dx=-0.0166, dy=-0.0070
2025-07-21 13:05:14,844 - INFO - [Station_8] Section translated.
2025-07-21 13:05:15,753 - INFO - Starting optimisation run: Station_8_s0.635_s0.635_h3.000
2025-07-21 13:05:15,776 - INFO - [Station_8_s0.635_s0.635_h3.000] Meshing with target h = 3 …
2025-07-21 13:05:15,809 - WARNING - [Station_8_s0.635_s0.635_h3.000] 751 sliver triangles removed
2025-07-21 13:05:15,832 - INFO - [Station_8_s0.635_s0.635_h3.000] mesh ok | nodes=7582 elems=2617 | A[min=1e-08 max=1.74e-06 mean=1.15e-07 med=7.97e-08] | q[min=0.602 max=1.000 mean=0.880]
2025-07-21 13:05:16,173 - INFO - [Station_8_s0.635_s0.635_h3.000] Mesh plot saved to \\mull.sms.ed.ac.uk\home\s1834431\Win7\Desktop\geometry_tools\section_calc_n\results\optimisation\Station_8\s0.635\mesh_Station_8_s0.635_s0.635_h3.000.png
2025-07-21 13:05:16,199 - INFO - [Station_8_s0.635_s0.635_h3.000] Starting geometric analysis...
2025-07-21 13:05:16,545 - INFO - [Station_8_s0.635_s0.635_h3.000] Starting warping analysis (required for J)...
2025-07-21 13:05:17,453 - INFO - [Station_8_s0.635_s0.635_h3.000] Success at h = 3.0000
2025-07-21 13:05:17,477 - INFO - [Station_8_s0.635_s0.635_h3.000] Optimisation result generated (Jt=9921, Iz=2868)
2025-07-21 13:05:18,876 - INFO - [Station_8] Importing DXF: '\\mull.sms.ed.ac.uk\home\s1834431\Win7\Desktop\geometry_tools\section_calc_n\blade\Station_8.dxf'
2025-07-21 13:05:18,911 - INFO - DXF version upgrade to DXF R2000.
2025-07-21 13:05:18,935 - INFO - creating ACAD_COLOR dictionary
2025-07-21 13:05:18,954 - INFO - creating ACAD_PLOTSTYLENAME dictionary
2025-07-21 13:05:18,969 - INFO - creating ACAD_TABLESTYLE dictionary
2025-07-21 13:05:18,989 - INFO - cleanup is depreciated BTW. Use the polygonize function instead
2025-07-21 13:05:19,038 - INFO - Zipped 26 points
2025-07-21 13:05:19,073 - INFO - [Station_8] Geometry meshed with mesh_sizes=0.5.
2025-07-21 13:05:19,206 - INFO - [Station_8] Actual centroid: (0.0184, 0.0013)
2025-07-21 13:05:19,228 - INFO - [Station_8] Desired centroid: (0.0018, -0.0057)
2025-07-21 13:05:19,248 - INFO - [Station_8] Applying translation dx=-0.0166, dy=-0.0070
2025-07-21 13:05:19,273 - INFO - [Station_8] Section translated.
2025-07-21 13:05:20,191 - INFO - Starting optimisation run: Station_8_s0.671_s0.671_h3.000
2025-07-21 13:05:20,224 - INFO - [Station_8_s0.671_s0.671_h3.000] Meshing with target h = 3 …
2025-07-21 13:05:20,261 - WARNING - [Station_8_s0.671_s0.671_h3.000] 731 sliver triangles removed
2025-07-21 13:05:20,281 - INFO - [Station_8_s0.671_s0.671_h3.000] mesh ok | nodes=7377 elems=2534 | A[min=1e-08 max=1.47e-06 mean=1.09e-07 med=8.04e-08] | q[min=0.602 max=1.000 mean=0.883]
2025-07-21 13:05:20,708 - INFO - [Station_8_s0.671_s0.671_h3.000] Mesh plot saved to \\mull.sms.ed.ac.uk\home\s1834431\Win7\Desktop\geometry_tools\section_calc_n\results\optimisation\Station_8\s0.671\mesh_Station_8_s0.671_s0.671_h3.000.png
2025-07-21 13:05:20,735 - INFO - [Station_8_s0.671_s0.671_h3.000] Starting geometric analysis...
2025-07-21 13:05:21,088 - INFO - [Station_8_s0.671_s0.671_h3.000] Starting warping analysis (required for J)...
2025-07-21 13:05:21,985 - INFO - [Station_8_s0.671_s0.671_h3.000] Success at h = 3.0000
2025-07-21 13:05:22,006 - INFO - [Station_8_s0.671_s0.671_h3.000] Optimisation result generated (Jt=9294, Iz=2728)
2025-07-21 13:05:23,293 - INFO - [Station_8] Importing DXF: '\\mull.sms.ed.ac.uk\home\s1834431\Win7\Desktop\geometry_tools\section_calc_n\blade\Station_8.dxf'
2025-07-21 13:05:23,326 - INFO - DXF version upgrade to DXF R2000.
2025-07-21 13:05:23,349 - INFO - creating ACAD_COLOR dictionary
2025-07-21 13:05:23,370 - INFO - creating ACAD_PLOTSTYLENAME dictionary
2025-07-21 13:05:23,386 - INFO - creating ACAD_TABLESTYLE dictionary
2025-07-21 13:05:23,405 - INFO - cleanup is depreciated BTW. Use the polygonize function instead
2025-07-21 13:05:23,450 - INFO - Zipped 26 points
2025-07-21 13:05:23,495 - INFO - [Station_8] Geometry meshed with mesh_sizes=0.5.
2025-07-21 13:05:23,623 - INFO - [Station_8] Actual centroid: (0.0184, 0.0013)
2025-07-21 13:05:23,646 - INFO - [Station_8] Desired centroid: (0.0018, -0.0057)
2025-07-21 13:05:23,663 - INFO - [Station_8] Applying translation dx=-0.0166, dy=-0.0070
2025-07-21 13:05:23,690 - INFO - [Station_8] Section translated.
2025-07-21 13:05:24,719 - INFO - Starting optimisation run: Station_8_s0.710_s0.710_h3.000
2025-07-21 13:05:24,745 - INFO - [Station_8_s0.710_s0.710_h3.000] Meshing with target h = 3 …
2025-07-21 13:05:24,775 - WARNING - [Station_8_s0.710_s0.710_h3.000] 717 sliver triangles removed
2025-07-21 13:05:24,795 - INFO - [Station_8_s0.710_s0.710_h3.000] mesh ok | nodes=7060 elems=2389 | A[min=1e-08 max=2.04e-06 mean=1.04e-07 med=8.07e-08] | q[min=0.602 max=1.000 mean=0.884]
2025-07-21 13:05:25,128 - INFO - [Station_8_s0.710_s0.710_h3.000] Mesh plot saved to \\mull.sms.ed.ac.uk\home\s1834431\Win7\Desktop\geometry_tools\section_calc_n\results\optimisation\Station_8\s0.710\mesh_Station_8_s0.710_s0.710_h3.000.png
2025-07-21 13:05:25,157 - INFO - [Station_8_s0.710_s0.710_h3.000] Starting geometric analysis...
2025-07-21 13:05:25,498 - INFO - [Station_8_s0.710_s0.710_h3.000] Starting warping analysis (required for J)...
2025-07-21 13:05:26,323 - INFO - [Station_8_s0.710_s0.710_h3.000] Success at h = 3.0000
2025-07-21 13:05:26,353 - INFO - [Station_8_s0.710_s0.710_h3.000] Optimisation result generated (Jt=8533, Iz=2553)
2025-07-21 13:05:27,696 - INFO - [Station_8] Importing DXF: '\\mull.sms.ed.ac.uk\home\s1834431\Win7\Desktop\geometry_tools\section_calc_n\blade\Station_8.dxf'
2025-07-21 13:05:27,731 - INFO - DXF version upgrade to DXF R2000.
2025-07-21 13:05:27,752 - INFO - creating ACAD_COLOR dictionary
2025-07-21 13:05:27,768 - INFO - creating ACAD_PLOTSTYLENAME dictionary
2025-07-21 13:05:27,787 - INFO - creating ACAD_TABLESTYLE dictionary
2025-07-21 13:05:27,806 - INFO - cleanup is depreciated BTW. Use the polygonize function instead
2025-07-21 13:05:27,853 - INFO - Zipped 26 points
2025-07-21 13:05:28,012 - INFO - [Station_8] Geometry meshed with mesh_sizes=0.5.
2025-07-21 13:05:28,143 - INFO - [Station_8] Actual centroid: (0.0184, 0.0013)
2025-07-21 13:05:28,164 - INFO - [Station_8] Desired centroid: (0.0018, -0.0057)
2025-07-21 13:05:28,185 - INFO - [Station_8] Applying translation dx=-0.0166, dy=-0.0070
2025-07-21 13:05:28,205 - INFO - [Station_8] Section translated.
2025-07-21 13:05:29,154 - INFO - Starting optimisation run: Station_8_s0.751_s0.751_h3.000
2025-07-21 13:05:29,179 - INFO - [Station_8_s0.751_s0.751_h3.000] Meshing with target h = 3 …
2025-07-21 13:05:29,209 - WARNING - [Station_8_s0.751_s0.751_h3.000] 708 sliver triangles removed
2025-07-21 13:05:29,226 - INFO - [Station_8_s0.751_s0.751_h3.000] mesh ok | nodes=6726 elems=2230 | A[min=1e-08 max=1.47e-06 mean=9.81e-08 med=7.83e-08] | q[min=0.602 max=1.000 mean=0.882]
2025-07-21 13:05:29,546 - INFO - [Station_8_s0.751_s0.751_h3.000] Mesh plot saved to \\mull.sms.ed.ac.uk\home\s1834431\Win7\Desktop\geometry_tools\section_calc_n\results\optimisation\Station_8\s0.751\mesh_Station_8_s0.751_s0.751_h3.000.png
2025-07-21 13:05:29,582 - INFO - [Station_8_s0.751_s0.751_h3.000] Starting geometric analysis...
2025-07-21 13:05:29,903 - INFO - [Station_8_s0.751_s0.751_h3.000] Starting warping analysis (required for J)...
2025-07-21 13:05:30,736 - INFO - [Station_8_s0.751_s0.751_h3.000] Success at h = 3.0000
2025-07-21 13:05:30,758 - INFO - [Station_8_s0.751_s0.751_h3.000] Optimisation result generated (Jt=7611, Iz=2333)
2025-07-21 13:05:32,204 - INFO - [Station_8] Importing DXF: '\\mull.sms.ed.ac.uk\home\s1834431\Win7\Desktop\geometry_tools\section_calc_n\blade\Station_8.dxf'
2025-07-21 13:05:32,239 - INFO - DXF version upgrade to DXF R2000.
2025-07-21 13:05:32,259 - INFO - creating ACAD_COLOR dictionary
2025-07-21 13:05:32,275 - INFO - creating ACAD_PLOTSTYLENAME dictionary
2025-07-21 13:05:32,293 - INFO - creating ACAD_TABLESTYLE dictionary
2025-07-21 13:05:32,315 - INFO - cleanup is depreciated BTW. Use the polygonize function instead
2025-07-21 13:05:32,361 - INFO - Zipped 26 points
2025-07-21 13:05:32,419 - INFO - [Station_8] Geometry meshed with mesh_sizes=0.5.
2025-07-21 13:05:32,553 - INFO - [Station_8] Actual centroid: (0.0184, 0.0013)
2025-07-21 13:05:32,579 - INFO - [Station_8] Desired centroid: (0.0018, -0.0057)
2025-07-21 13:05:32,603 - INFO - [Station_8] Applying translation dx=-0.0166, dy=-0.0070
2025-07-21 13:05:32,626 - INFO - [Station_8] Section translated.
2025-07-21 13:05:33,606 - INFO - Starting optimisation run: Station_8_s0.795_s0.795_h3.000
2025-07-21 13:05:33,647 - INFO - [Station_8_s0.795_s0.795_h3.000] Meshing with target h = 3 …
2025-07-21 13:05:33,674 - WARNING - [Station_8_s0.795_s0.795_h3.000] 709 sliver triangles removed
2025-07-21 13:05:33,698 - INFO - [Station_8_s0.795_s0.795_h3.000] mesh ok | nodes=6239 elems=1984 | A[min=1e-08 max=9.17e-07 mean=9.32e-08 med=7.77e-08] | q[min=0.602 max=1.000 mean=0.886]
2025-07-21 13:05:34,002 - INFO - [Station_8_s0.795_s0.795_h3.000] Mesh plot saved to \\mull.sms.ed.ac.uk\home\s1834431\Win7\Desktop\geometry_tools\section_calc_n\results\optimisation\Station_8\s0.795\mesh_Station_8_s0.795_s0.795_h3.000.png
2025-07-21 13:05:34,036 - INFO - [Station_8_s0.795_s0.795_h3.000] Starting geometric analysis...
2025-07-21 13:05:34,456 - INFO - [Station_8_s0.795_s0.795_h3.000] Starting warping analysis (required for J)...
2025-07-21 13:05:35,205 - INFO - [Station_8_s0.795_s0.795_h3.000] Success at h = 3.0000
2025-07-21 13:05:35,232 - INFO - [Station_8_s0.795_s0.795_h3.000] Optimisation result generated (Jt=6480, Iz=2058)
2025-07-21 13:05:36,541 - INFO - [Station_8] Importing DXF: '\\mull.sms.ed.ac.uk\home\s1834431\Win7\Desktop\geometry_tools\section_calc_n\blade\Station_8.dxf'
2025-07-21 13:05:36,574 - INFO - DXF version upgrade to DXF R2000.
2025-07-21 13:05:36,595 - INFO - creating ACAD_COLOR dictionary
2025-07-21 13:05:36,613 - INFO - creating ACAD_PLOTSTYLENAME dictionary
2025-07-21 13:05:36,635 - INFO - creating ACAD_TABLESTYLE dictionary
2025-07-21 13:05:36,658 - INFO - cleanup is depreciated BTW. Use the polygonize function instead
2025-07-21 13:05:36,707 - INFO - Zipped 26 points
2025-07-21 13:05:36,757 - INFO - [Station_8] Geometry meshed with mesh_sizes=0.5.
2025-07-21 13:05:36,887 - INFO - [Station_8] Actual centroid: (0.0184, 0.0013)
2025-07-21 13:05:36,913 - INFO - [Station_8] Desired centroid: (0.0018, -0.0057)
2025-07-21 13:05:36,937 - INFO - [Station_8] Applying translation dx=-0.0166, dy=-0.0070
2025-07-21 13:05:36,959 - INFO - [Station_8] Section translated.
2025-07-21 13:05:38,016 - INFO - Starting optimisation run: Station_8_s0.841_s0.841_h3.000
2025-07-21 13:05:38,059 - INFO - [Station_8_s0.841_s0.841_h3.000] Meshing with target h = 3 …
2025-07-21 13:05:38,083 - WARNING - [Station_8_s0.841_s0.841_h3.000] 644 sliver triangles removed
2025-07-21 13:05:38,111 - INFO - [Station_8_s0.841_s0.841_h3.000] mesh ok | nodes=5629 elems=1741 | A[min=1.01e-08 max=7.65e-07 mean=8.45e-08 med=7.41e-08] | q[min=0.602 max=1.000 mean=0.901]
2025-07-21 13:05:38,423 - INFO - [Station_8_s0.841_s0.841_h3.000] Mesh plot saved to \\mull.sms.ed.ac.uk\home\s1834431\Win7\Desktop\geometry_tools\section_calc_n\results\optimisation\Station_8\s0.841\mesh_Station_8_s0.841_s0.841_h3.000.png
2025-07-21 13:05:38,458 - INFO - [Station_8_s0.841_s0.841_h3.000] Starting geometric analysis...
2025-07-21 13:05:38,739 - INFO - [Station_8_s0.841_s0.841_h3.000] Starting warping analysis (required for J)...
2025-07-21 13:05:39,407 - INFO - [Station_8_s0.841_s0.841_h3.000] Success at h = 3.0000
2025-07-21 13:05:39,430 - INFO - [Station_8_s0.841_s0.841_h3.000] Optimisation result generated (Jt=5007, Iz=1714)
2025-07-21 13:05:40,794 - INFO - [Station_8] Importing DXF: '\\mull.sms.ed.ac.uk\home\s1834431\Win7\Desktop\geometry_tools\section_calc_n\blade\Station_8.dxf'
2025-07-21 13:05:40,828 - INFO - DXF version upgrade to DXF R2000.
2025-07-21 13:05:40,850 - INFO - creating ACAD_COLOR dictionary
2025-07-21 13:05:40,870 - INFO - creating ACAD_PLOTSTYLENAME dictionary
2025-07-21 13:05:40,890 - INFO - creating ACAD_TABLESTYLE dictionary
2025-07-21 13:05:40,914 - INFO - cleanup is depreciated BTW. Use the polygonize function instead
2025-07-21 13:05:40,963 - INFO - Zipped 26 points
2025-07-21 13:05:41,013 - INFO - [Station_8] Geometry meshed with mesh_sizes=0.5.
2025-07-21 13:05:41,143 - INFO - [Station_8] Actual centroid: (0.0184, 0.0013)
2025-07-21 13:05:41,163 - INFO - [Station_8] Desired centroid: (0.0018, -0.0057)
2025-07-21 13:05:41,188 - INFO - [Station_8] Applying translation dx=-0.0166, dy=-0.0070
2025-07-21 13:05:41,209 - INFO - [Station_8] Section translated.
2025-07-21 13:05:42,308 - INFO - Starting optimisation run: Station_8_s0.889_s0.889_h3.000
2025-07-21 13:05:42,331 - INFO - [Station_8_s0.889_s0.889_h3.000] Meshing with target h = 3 …
2025-07-21 13:05:42,361 - WARNING - [Station_8_s0.889_s0.889_h3.000] 722 sliver triangles removed
2025-07-21 13:05:42,385 - INFO - [Station_8_s0.889_s0.889_h3.000] mesh ok | nodes=4789 elems=1201 | A[min=1e-08 max=4.48e-07 mean=8.7e-08 med=6.17e-08] | q[min=0.600 max=1.000 mean=0.883]
2025-07-21 13:05:42,647 - INFO - [Station_8_s0.889_s0.889_h3.000] Mesh plot saved to \\mull.sms.ed.ac.uk\home\s1834431\Win7\Desktop\geometry_tools\section_calc_n\results\optimisation\Station_8\s0.889\mesh_Station_8_s0.889_s0.889_h3.000.png
2025-07-21 13:05:42,681 - INFO - [Station_8_s0.889_s0.889_h3.000] Starting geometric analysis...
2025-07-21 13:05:42,914 - INFO - [Station_8_s0.889_s0.889_h3.000] Starting warping analysis (required for J)...
2025-07-21 13:05:43,453 - INFO - [Station_8_s0.889_s0.889_h3.000] Success at h = 3.0000
2025-07-21 13:05:43,477 - INFO - [Station_8_s0.889_s0.889_h3.000] Optimisation result generated (Jt=2425, Iz=1283)
2025-07-21 13:05:44,856 - INFO - [Station_8] Importing DXF: '\\mull.sms.ed.ac.uk\home\s1834431\Win7\Desktop\geometry_tools\section_calc_n\blade\Station_8.dxf'
2025-07-21 13:05:44,892 - INFO - DXF version upgrade to DXF R2000.
2025-07-21 13:05:44,913 - INFO - creating ACAD_COLOR dictionary
2025-07-21 13:05:44,933 - INFO - creating ACAD_PLOTSTYLENAME dictionary
2025-07-21 13:05:44,951 - INFO - creating ACAD_TABLESTYLE dictionary
2025-07-21 13:05:44,973 - INFO - cleanup is depreciated BTW. Use the polygonize function instead
2025-07-21 13:05:45,025 - INFO - Zipped 26 points
2025-07-21 13:05:45,073 - INFO - [Station_8] Geometry meshed with mesh_sizes=0.5.
2025-07-21 13:05:45,329 - INFO - [Station_8] Actual centroid: (0.0184, 0.0013)
2025-07-21 13:05:45,353 - INFO - [Station_8] Desired centroid: (0.0018, -0.0057)
2025-07-21 13:05:45,375 - INFO - [Station_8] Applying translation dx=-0.0166, dy=-0.0070
2025-07-21 13:05:45,398 - INFO - [Station_8] Section translated.
2025-07-21 13:05:46,340 - INFO - Starting optimisation run: Station_8_s0.941_s0.941_h3.000
2025-07-21 13:05:46,367 - INFO - [Station_8_s0.941_s0.941_h3.000] Meshing with target h = 3 …
2025-07-21 13:05:46,396 - WARNING - [Station_8_s0.941_s0.941_h3.000] 923 sliver triangles removed
2025-07-21 13:05:46,420 - INFO - [Station_8_s0.941_s0.941_h3.000] mesh ok | nodes=4606 elems=821 | A[min=1e-08 max=4.19e-07 mean=6.91e-08 med=6.86e-08] | q[min=0.607 max=1.000 mean=0.909]
2025-07-21 13:05:46,679 - INFO - [Station_8_s0.941_s0.941_h3.000] Mesh plot saved to \\mull.sms.ed.ac.uk\home\s1834431\Win7\Desktop\geometry_tools\section_calc_n\results\optimisation\Station_8\s0.941\mesh_Station_8_s0.941_s0.941_h3.000.png
2025-07-21 13:05:46,712 - INFO - [Station_8_s0.941_s0.941_h3.000] Starting geometric analysis...
2025-07-21 13:05:46,938 - INFO - [Station_8_s0.941_s0.941_h3.000] Starting warping analysis (required for J)...
2025-07-21 13:05:47,434 - INFO - [Station_8_s0.941_s0.941_h3.000] Success at h = 3.0000
2025-07-21 13:05:47,460 - INFO - [Station_8_s0.941_s0.941_h3.000] Optimisation result generated (Jt=1223, Iz=744)
2025-07-21 13:05:48,966 - INFO - [Station_8] Importing DXF: '\\mull.sms.ed.ac.uk\home\s1834431\Win7\Desktop\geometry_tools\section_calc_n\blade\Station_8.dxf'
2025-07-21 13:05:49,010 - INFO - DXF version upgrade to DXF R2000.
2025-07-21 13:05:49,028 - INFO - creating ACAD_COLOR dictionary
2025-07-21 13:05:49,053 - INFO - creating ACAD_PLOTSTYLENAME dictionary
2025-07-21 13:05:49,076 - INFO - creating ACAD_TABLESTYLE dictionary
2025-07-21 13:05:49,103 - INFO - cleanup is depreciated BTW. Use the polygonize function instead
2025-07-21 13:05:49,154 - INFO - Zipped 26 points
2025-07-21 13:05:49,209 - INFO - [Station_8] Geometry meshed with mesh_sizes=0.5.
2025-07-21 13:05:49,343 - INFO - [Station_8] Actual centroid: (0.0184, 0.0013)
2025-07-21 13:05:49,363 - INFO - [Station_8] Desired centroid: (0.0018, -0.0057)
2025-07-21 13:05:49,393 - INFO - [Station_8] Applying translation dx=-0.0166, dy=-0.0070
2025-07-21 13:05:49,416 - INFO - [Station_8] Section translated.
2025-07-21 13:05:50,401 - INFO - Starting optimisation run: Station_8_s0.995_s0.995_h3.000
2025-07-21 13:05:50,430 - INFO - [Station_8_s0.995_s0.995_h3.000] Meshing with target h = 3 …
2025-07-21 13:05:50,483 - WARNING - [Station_8_s0.995_s0.995_h3.000] 8530 sliver triangles removed
2025-07-21 13:05:50,507 - INFO - [Station_8_s0.995_s0.995_h3.000] mesh ok | nodes=25512 elems=18 | A[min=1.25e-08 max=1.99e-08 mean=1.81e-08 med=1.9e-08] | q[min=0.665 max=0.800 mean=0.773]
2025-07-21 13:05:51,145 - INFO - [Station_8_s0.995_s0.995_h3.000] Mesh plot saved to \\mull.sms.ed.ac.uk\home\s1834431\Win7\Desktop\geometry_tools\section_calc_n\results\optimisation\Station_8\s0.995\mesh_Station_8_s0.995_s0.995_h3.000.png
2025-07-21 13:05:51,175 - INFO - [Station_8_s0.995_s0.995_h3.000] Starting geometric analysis...
2025-07-21 13:05:52,164 - INFO - [Station_8_s0.995_s0.995_h3.000] Starting warping analysis (required for J)...
2025-07-21 13:05:54,593 - INFO - [Station_8_s0.995_s0.995_h3.000] Success at h = 3.0000
2025-07-21 13:05:54,618 - INFO - [Station_8_s0.995_s0.995_h3.000] Optimisation result generated (Jt=132.9, Iz=68.09)
2025-07-21 13:05:55,887 - INFO - Processing station: Station_10
2025-07-21 13:05:56,137 - INFO - [Station_10] Importing DXF: '\\mull.sms.ed.ac.uk\home\s1834431\Win7\Desktop\geometry_tools\section_calc_n\blade\Station_10.dxf'
2025-07-21 13:05:56,180 - INFO - DXF version upgrade to DXF R2000.
2025-07-21 13:05:56,209 - INFO - creating ACAD_COLOR dictionary
2025-07-21 13:05:56,231 - INFO - creating ACAD_PLOTSTYLENAME dictionary
2025-07-21 13:05:56,255 - INFO - creating ACAD_TABLESTYLE dictionary
2025-07-21 13:05:56,281 - INFO - cleanup is depreciated BTW. Use the polygonize function instead
2025-07-21 13:05:56,398 - INFO - Zipped 208 points
2025-07-21 13:05:56,449 - INFO - [Station_10] Geometry meshed with mesh_sizes=0.5.
2025-07-21 13:05:56,893 - INFO - [Station_10] Actual centroid: (0.0154, 0.0012)
2025-07-21 13:05:56,923 - INFO - [Station_10] Desired centroid: (0.0014, -0.0051)
2025-07-21 13:05:56,943 - INFO - [Station_10] Applying translation dx=-0.0140, dy=-0.0064
2025-07-21 13:05:56,973 - INFO - [Station_10] Section translated.
2025-07-21 13:05:57,968 - INFO - Starting optimisation run: Station_10_s0.600_s0.600_h3.000
2025-07-21 13:05:57,997 - INFO - [Station_10_s0.600_s0.600_h3.000] Meshing with target h = 3 …
2025-07-21 13:05:58,034 - WARNING - [Station_10_s0.600_s0.600_h3.000] 889 sliver triangles removed
2025-07-21 13:05:58,060 - INFO - [Station_10_s0.600_s0.600_h3.000] mesh ok | nodes=7788 elems=2589 | A[min=1e-08 max=1.19e-06 mean=8.66e-08 med=5.97e-08] | q[min=0.602 max=1.000 mean=0.878]
2025-07-21 13:05:58,403 - INFO - [Station_10_s0.600_s0.600_h3.000] Mesh plot saved to \\mull.sms.ed.ac.uk\home\s1834431\Win7\Desktop\geometry_tools\section_calc_n\results\optimisation\Station_10\s0.600\mesh_Station_10_s0.600_s0.600_h3.000.png
2025-07-21 13:05:58,433 - INFO - [Station_10_s0.600_s0.600_h3.000] Starting geometric analysis...
2025-07-21 13:05:58,980 - INFO - [Station_10_s0.600_s0.600_h3.000] Starting warping analysis (required for J)...
2025-07-21 13:05:59,983 - INFO - [Station_10_s0.600_s0.600_h3.000] Success at h = 3.0000
2025-07-21 13:06:00,013 - INFO - [Station_10_s0.600_s0.600_h3.000] Optimisation result generated (Jt=5108, Iz=1455)
2025-07-21 13:06:01,335 - INFO - [Station_10] Importing DXF: '\\mull.sms.ed.ac.uk\home\s1834431\Win7\Desktop\geometry_tools\section_calc_n\blade\Station_10.dxf'
2025-07-21 13:06:01,371 - INFO - DXF version upgrade to DXF R2000.
2025-07-21 13:06:01,393 - INFO - creating ACAD_COLOR dictionary
2025-07-21 13:06:01,417 - INFO - creating ACAD_PLOTSTYLENAME dictionary
2025-07-21 13:06:01,440 - INFO - creating ACAD_TABLESTYLE dictionary
2025-07-21 13:06:01,463 - INFO - cleanup is depreciated BTW. Use the polygonize function instead
2025-07-21 13:06:01,568 - INFO - Zipped 208 points
2025-07-21 13:06:01,611 - INFO - [Station_10] Geometry meshed with mesh_sizes=0.5.
2025-07-21 13:06:01,749 - INFO - [Station_10] Actual centroid: (0.0154, 0.0012)
2025-07-21 13:06:01,774 - INFO - [Station_10] Desired centroid: (0.0014, -0.0051)
2025-07-21 13:06:01,801 - INFO - [Station_10] Applying translation dx=-0.0140, dy=-0.0064
2025-07-21 13:06:01,827 - INFO - [Station_10] Section translated.
2025-07-21 13:06:02,839 - INFO - Starting optimisation run: Station_10_s0.635_s0.635_h3.000
2025-07-21 13:06:02,869 - INFO - [Station_10_s0.635_s0.635_h3.000] Meshing with target h = 3 …
2025-07-21 13:06:02,905 - WARNING - [Station_10_s0.635_s0.635_h3.000] 967 sliver triangles removed
2025-07-21 13:06:02,931 - INFO - [Station_10_s0.635_s0.635_h3.000] mesh ok | nodes=7860 elems=2547 | A[min=1e-08 max=9.52e-07 mean=8.2e-08 med=6.25e-08] | q[min=0.602 max=1.000 mean=0.882]
2025-07-21 13:06:03,273 - INFO - [Station_10_s0.635_s0.635_h3.000] Mesh plot saved to \\mull.sms.ed.ac.uk\home\s1834431\Win7\Desktop\geometry_tools\section_calc_n\results\optimisation\Station_10\s0.635\mesh_Station_10_s0.635_s0.635_h3.000.png
2025-07-21 13:06:03,310 - INFO - [Station_10_s0.635_s0.635_h3.000] Starting geometric analysis...
2025-07-21 13:06:03,713 - INFO - [Station_10_s0.635_s0.635_h3.000] Starting warping analysis (required for J)...
2025-07-21 13:06:04,743 - INFO - [Station_10_s0.635_s0.635_h3.000] Success at h = 3.0000
2025-07-21 13:06:04,768 - INFO - [Station_10_s0.635_s0.635_h3.000] Optimisation result generated (Jt=4852, Iz=1400)
2025-07-21 13:06:06,419 - INFO - [Station_10] Importing DXF: '\\mull.sms.ed.ac.uk\home\s1834431\Win7\Desktop\geometry_tools\section_calc_n\blade\Station_10.dxf'
2025-07-21 13:06:06,457 - INFO - DXF version upgrade to DXF R2000.
2025-07-21 13:06:06,479 - INFO - creating ACAD_COLOR dictionary
2025-07-21 13:06:06,503 - INFO - creating ACAD_PLOTSTYLENAME dictionary
2025-07-21 13:06:06,524 - INFO - creating ACAD_TABLESTYLE dictionary
2025-07-21 13:06:06,548 - INFO - cleanup is depreciated BTW. Use the polygonize function instead
2025-07-21 13:06:06,679 - INFO - Zipped 208 points
2025-07-21 13:06:06,723 - INFO - [Station_10] Geometry meshed with mesh_sizes=0.5.
2025-07-21 13:06:06,881 - INFO - [Station_10] Actual centroid: (0.0154, 0.0012)
2025-07-21 13:06:06,907 - INFO - [Station_10] Desired centroid: (0.0014, -0.0051)
2025-07-21 13:06:06,929 - INFO - [Station_10] Applying translation dx=-0.0140, dy=-0.0064
2025-07-21 13:06:06,954 - INFO - [Station_10] Section translated.
2025-07-21 13:06:07,996 - INFO - Starting optimisation run: Station_10_s0.671_s0.671_h3.000
2025-07-21 13:06:08,026 - INFO - [Station_10_s0.671_s0.671_h3.000] Meshing with target h = 3 …
2025-07-21 13:06:08,063 - WARNING - [Station_10_s0.671_s0.671_h3.000] 873 sliver triangles removed
2025-07-21 13:06:08,090 - INFO - [Station_10_s0.671_s0.671_h3.000] mesh ok | nodes=7544 elems=2483 | A[min=1e-08 max=5.33e-07 mean=7.73e-08 med=6.22e-08] | q[min=0.601 max=1.000 mean=0.882]
2025-07-21 13:06:08,453 - INFO - [Station_10_s0.671_s0.671_h3.000] Mesh plot saved to \\mull.sms.ed.ac.uk\home\s1834431\Win7\Desktop\geometry_tools\section_calc_n\results\optimisation\Station_10\s0.671\mesh_Station_10_s0.671_s0.671_h3.000.png
2025-07-21 13:06:08,485 - INFO - [Station_10_s0.671_s0.671_h3.000] Starting geometric analysis...
2025-07-21 13:06:09,099 - INFO - [Station_10_s0.671_s0.671_h3.000] Starting warping analysis (required for J)...
2025-07-21 13:06:10,455 - INFO - [Station_10_s0.671_s0.671_h3.000] Success at h = 3.0000
2025-07-21 13:06:10,479 - INFO - [Station_10_s0.671_s0.671_h3.000] Optimisation result generated (Jt=4546, Iz=1332)
2025-07-21 13:06:12,228 - INFO - [Station_10] Importing DXF: '\\mull.sms.ed.ac.uk\home\s1834431\Win7\Desktop\geometry_tools\section_calc_n\blade\Station_10.dxf'
2025-07-21 13:06:12,273 - INFO - DXF version upgrade to DXF R2000.
2025-07-21 13:06:12,310 - INFO - creating ACAD_COLOR dictionary
2025-07-21 13:06:12,349 - INFO - creating ACAD_PLOTSTYLENAME dictionary
2025-07-21 13:06:12,382 - INFO - creating ACAD_TABLESTYLE dictionary
2025-07-21 13:06:12,408 - INFO - cleanup is depreciated BTW. Use the polygonize function instead
2025-07-21 13:06:12,525 - INFO - Zipped 208 points
2025-07-21 13:06:12,572 - INFO - [Station_10] Geometry meshed with mesh_sizes=0.5.
2025-07-21 13:06:12,723 - INFO - [Station_10] Actual centroid: (0.0154, 0.0012)
2025-07-21 13:06:12,748 - INFO - [Station_10] Desired centroid: (0.0014, -0.0051)
2025-07-21 13:06:12,774 - INFO - [Station_10] Applying translation dx=-0.0140, dy=-0.0064
2025-07-21 13:06:12,801 - INFO - [Station_10] Section translated.
2025-07-21 13:06:14,047 - INFO - Starting optimisation run: Station_10_s0.710_s0.710_h3.000
2025-07-21 13:06:14,076 - INFO - [Station_10_s0.710_s0.710_h3.000] Meshing with target h = 3 …
2025-07-21 13:06:14,111 - WARNING - [Station_10_s0.710_s0.710_h3.000] 817 sliver triangles removed
2025-07-21 13:06:14,138 - INFO - [Station_10_s0.710_s0.710_h3.000] mesh ok | nodes=7164 elems=2349 | A[min=1e-08 max=4.37e-07 mean=7.37e-08 med=6.09e-08] | q[min=0.601 max=1.000 mean=0.884]
2025-07-21 13:06:14,487 - INFO - [Station_10_s0.710_s0.710_h3.000] Mesh plot saved to \\mull.sms.ed.ac.uk\home\s1834431\Win7\Desktop\geometry_tools\section_calc_n\results\optimisation\Station_10\s0.710\mesh_Station_10_s0.710_s0.710_h3.000.png
2025-07-21 13:06:14,520 - INFO - [Station_10_s0.710_s0.710_h3.000] Starting geometric analysis...
2025-07-21 13:06:14,883 - INFO - [Station_10_s0.710_s0.710_h3.000] Starting warping analysis (required for J)...
2025-07-21 13:06:15,836 - INFO - [Station_10_s0.710_s0.710_h3.000] Success at h = 3.0000
2025-07-21 13:06:15,861 - INFO - [Station_10_s0.710_s0.710_h3.000] Optimisation result generated (Jt=4180, Iz=1246)
2025-07-21 13:06:17,505 - INFO - [Station_10] Importing DXF: '\\mull.sms.ed.ac.uk\home\s1834431\Win7\Desktop\geometry_tools\section_calc_n\blade\Station_10.dxf'
2025-07-21 13:06:17,546 - INFO - DXF version upgrade to DXF R2000.
2025-07-21 13:06:17,573 - INFO - creating ACAD_COLOR dictionary
2025-07-21 13:06:17,597 - INFO - creating ACAD_PLOTSTYLENAME dictionary
2025-07-21 13:06:17,621 - INFO - creating ACAD_TABLESTYLE dictionary
2025-07-21 13:06:17,647 - INFO - cleanup is depreciated BTW. Use the polygonize function instead
2025-07-21 13:06:17,762 - INFO - Zipped 208 points
2025-07-21 13:06:17,815 - INFO - [Station_10] Geometry meshed with mesh_sizes=0.5.
2025-07-21 13:06:17,965 - INFO - [Station_10] Actual centroid: (0.0154, 0.0012)
2025-07-21 13:06:17,996 - INFO - [Station_10] Desired centroid: (0.0014, -0.0051)
2025-07-21 13:06:18,024 - INFO - [Station_10] Applying translation dx=-0.0140, dy=-0.0064
2025-07-21 13:06:18,051 - INFO - [Station_10] Section translated.
2025-07-21 13:06:19,078 - INFO - Starting optimisation run: Station_10_s0.751_s0.751_h3.000
2025-07-21 13:06:19,108 - INFO - [Station_10_s0.751_s0.751_h3.000] Meshing with target h = 3 …
2025-07-21 13:06:19,144 - WARNING - [Station_10_s0.751_s0.751_h3.000] 906 sliver triangles removed
2025-07-21 13:06:19,169 - INFO - [Station_10_s0.751_s0.751_h3.000] mesh ok | nodes=6988 elems=2172 | A[min=1e-08 max=9.13e-07 mean=6.99e-08 med=5.94e-08] | q[min=0.604 max=1.000 mean=0.885]
2025-07-21 13:06:19,501 - INFO - [Station_10_s0.751_s0.751_h3.000] Mesh plot saved to \\mull.sms.ed.ac.uk\home\s1834431\Win7\Desktop\geometry_tools\section_calc_n\results\optimisation\Station_10\s0.751\mesh_Station_10_s0.751_s0.751_h3.000.png
2025-07-21 13:06:19,534 - INFO - [Station_10_s0.751_s0.751_h3.000] Starting geometric analysis...
2025-07-21 13:06:19,887 - INFO - [Station_10_s0.751_s0.751_h3.000] Starting warping analysis (required for J)...
2025-07-21 13:06:20,986 - INFO - [Station_10_s0.751_s0.751_h3.000] Success at h = 3.0000
2025-07-21 13:06:21,014 - INFO - [Station_10_s0.751_s0.751_h3.000] Optimisation result generated (Jt=3739, Iz=1139)
2025-07-21 13:06:22,544 - INFO - [Station_10] Importing DXF: '\\mull.sms.ed.ac.uk\home\s1834431\Win7\Desktop\geometry_tools\section_calc_n\blade\Station_10.dxf'
2025-07-21 13:06:22,587 - INFO - DXF version upgrade to DXF R2000.
2025-07-21 13:06:22,614 - INFO - creating ACAD_COLOR dictionary
2025-07-21 13:06:22,639 - INFO - creating ACAD_PLOTSTYLENAME dictionary
2025-07-21 13:06:22,665 - INFO - creating ACAD_TABLESTYLE dictionary
2025-07-21 13:06:22,690 - INFO - cleanup is depreciated BTW. Use the polygonize function instead
2025-07-21 13:06:22,800 - INFO - Zipped 208 points
2025-07-21 13:06:22,853 - INFO - [Station_10] Geometry meshed with mesh_sizes=0.5.
2025-07-21 13:06:22,995 - INFO - [Station_10] Actual centroid: (0.0154, 0.0012)
2025-07-21 13:06:23,022 - INFO - [Station_10] Desired centroid: (0.0014, -0.0051)
2025-07-21 13:06:23,047 - INFO - [Station_10] Applying translation dx=-0.0140, dy=-0.0064
2025-07-21 13:06:23,073 - INFO - [Station_10] Section translated.
2025-07-21 13:06:24,195 - INFO - Starting optimisation run: Station_10_s0.795_s0.795_h3.000
2025-07-21 13:06:24,227 - INFO - [Station_10_s0.795_s0.795_h3.000] Meshing with target h = 3 …
2025-07-21 13:06:24,262 - WARNING - [Station_10_s0.795_s0.795_h3.000] 818 sliver triangles removed
2025-07-21 13:06:24,291 - INFO - [Station_10_s0.795_s0.795_h3.000] mesh ok | nodes=6399 elems=1965 | A[min=1.01e-08 max=4.89e-07 mean=6.52e-08 med=5.81e-08] | q[min=0.605 max=1.000 mean=0.889]
2025-07-21 13:06:24,618 - INFO - [Station_10_s0.795_s0.795_h3.000] Mesh plot saved to \\mull.sms.ed.ac.uk\home\s1834431\Win7\Desktop\geometry_tools\section_calc_n\results\optimisation\Station_10\s0.795\mesh_Station_10_s0.795_s0.795_h3.000.png
2025-07-21 13:06:24,650 - INFO - [Station_10_s0.795_s0.795_h3.000] Starting geometric analysis...
2025-07-21 13:06:24,978 - INFO - [Station_10_s0.795_s0.795_h3.000] Starting warping analysis (required for J)...
2025-07-21 13:06:25,773 - INFO - [Station_10_s0.795_s0.795_h3.000] Success at h = 3.0000
2025-07-21 13:06:25,799 - INFO - [Station_10_s0.795_s0.795_h3.000] Optimisation result generated (Jt=3204, Iz=1005)
2025-07-21 13:06:27,240 - INFO - [Station_10] Importing DXF: '\\mull.sms.ed.ac.uk\home\s1834431\Win7\Desktop\geometry_tools\section_calc_n\blade\Station_10.dxf'
2025-07-21 13:06:27,284 - INFO - DXF version upgrade to DXF R2000.
2025-07-21 13:06:27,312 - INFO - creating ACAD_COLOR dictionary
2025-07-21 13:06:27,340 - INFO - creating ACAD_PLOTSTYLENAME dictionary
2025-07-21 13:06:27,365 - INFO - creating ACAD_TABLESTYLE dictionary
2025-07-21 13:06:27,395 - INFO - cleanup is depreciated BTW. Use the polygonize function instead
2025-07-21 13:06:27,507 - INFO - Zipped 208 points
2025-07-21 13:06:27,561 - INFO - [Station_10] Geometry meshed with mesh_sizes=0.5.
2025-07-21 13:06:27,827 - INFO - [Station_10] Actual centroid: (0.0154, 0.0012)
2025-07-21 13:06:27,857 - INFO - [Station_10] Desired centroid: (0.0014, -0.0051)
2025-07-21 13:06:27,884 - INFO - [Station_10] Applying translation dx=-0.0140, dy=-0.0064
2025-07-21 13:06:27,911 - INFO - [Station_10] Section translated.
2025-07-21 13:06:28,905 - INFO - Starting optimisation run: Station_10_s0.841_s0.841_h3.000
2025-07-21 13:06:28,936 - INFO - [Station_10_s0.841_s0.841_h3.000] Meshing with target h = 3 …
2025-07-21 13:06:28,971 - WARNING - [Station_10_s0.841_s0.841_h3.000] 765 sliver triangles removed
2025-07-21 13:06:28,997 - INFO - [Station_10_s0.841_s0.841_h3.000] mesh ok | nodes=5724 elems=1679 | A[min=1e-08 max=2.84e-07 mean=6.06e-08 med=5.3e-08] | q[min=0.602 max=1.000 mean=0.889]
2025-07-21 13:06:29,307 - INFO - [Station_10_s0.841_s0.841_h3.000] Mesh plot saved to \\mull.sms.ed.ac.uk\home\s1834431\Win7\Desktop\geometry_tools\section_calc_n\results\optimisation\Station_10\s0.841\mesh_Station_10_s0.841_s0.841_h3.000.png
2025-07-21 13:06:29,341 - INFO - [Station_10_s0.841_s0.841_h3.000] Starting geometric analysis...
2025-07-21 13:06:29,640 - INFO - [Station_10_s0.841_s0.841_h3.000] Starting warping analysis (required for J)...
2025-07-21 13:06:30,357 - INFO - [Station_10_s0.841_s0.841_h3.000] Success at h = 3.0000
2025-07-21 13:06:30,385 - INFO - [Station_10_s0.841_s0.841_h3.000] Optimisation result generated (Jt=2548, Iz=836.7)
2025-07-21 13:06:32,076 - INFO - [Station_10] Importing DXF: '\\mull.sms.ed.ac.uk\home\s1834431\Win7\Desktop\geometry_tools\section_calc_n\blade\Station_10.dxf'
2025-07-21 13:06:32,119 - INFO - DXF version upgrade to DXF R2000.
2025-07-21 13:06:32,147 - INFO - creating ACAD_COLOR dictionary
2025-07-21 13:06:32,175 - INFO - creating ACAD_PLOTSTYLENAME dictionary
2025-07-21 13:06:32,201 - INFO - creating ACAD_TABLESTYLE dictionary
2025-07-21 13:06:32,231 - INFO - cleanup is depreciated BTW. Use the polygonize function instead
2025-07-21 13:06:32,348 - INFO - Zipped 208 points
2025-07-21 13:06:32,405 - INFO - [Station_10] Geometry meshed with mesh_sizes=0.5.
2025-07-21 13:06:32,547 - INFO - [Station_10] Actual centroid: (0.0154, 0.0012)
2025-07-21 13:06:32,574 - INFO - [Station_10] Desired centroid: (0.0014, -0.0051)
2025-07-21 13:06:32,602 - INFO - [Station_10] Applying translation dx=-0.0140, dy=-0.0064
2025-07-21 13:06:32,629 - INFO - [Station_10] Section translated.
2025-07-21 13:06:33,652 - INFO - Starting optimisation run: Station_10_s0.889_s0.889_h3.000
2025-07-21 13:06:33,688 - INFO - [Station_10_s0.889_s0.889_h3.000] Meshing with target h = 3 …
2025-07-21 13:06:33,722 - WARNING - [Station_10_s0.889_s0.889_h3.000] 834 sliver triangles removed
2025-07-21 13:06:33,762 - INFO - [Station_10_s0.889_s0.889_h3.000] mesh ok | nodes=5060 elems=1252 | A[min=1e-08 max=2e-07 mean=5.75e-08 med=4.24e-08] | q[min=0.602 max=1.000 mean=0.886]
2025-07-21 13:06:34,061 - INFO - [Station_10_s0.889_s0.889_h3.000] Mesh plot saved to \\mull.sms.ed.ac.uk\home\s1834431\Win7\Desktop\geometry_tools\section_calc_n\results\optimisation\Station_10\s0.889\mesh_Station_10_s0.889_s0.889_h3.000.png
2025-07-21 13:06:34,100 - INFO - [Station_10_s0.889_s0.889_h3.000] Starting geometric analysis...
2025-07-21 13:06:34,372 - INFO - [Station_10_s0.889_s0.889_h3.000] Starting warping analysis (required for J)...
2025-07-21 13:06:35,135 - INFO - [Station_10_s0.889_s0.889_h3.000] Success at h = 3.0000
2025-07-21 13:06:35,167 - INFO - [Station_10_s0.889_s0.889_h3.000] Optimisation result generated (Jt=1635, Iz=626.3)
2025-07-21 13:06:36,700 - INFO - [Station_10] Importing DXF: '\\mull.sms.ed.ac.uk\home\s1834431\Win7\Desktop\geometry_tools\section_calc_n\blade\Station_10.dxf'
2025-07-21 13:06:36,741 - INFO - DXF version upgrade to DXF R2000.
2025-07-21 13:06:36,770 - INFO - creating ACAD_COLOR dictionary
2025-07-21 13:06:36,797 - INFO - creating ACAD_PLOTSTYLENAME dictionary
2025-07-21 13:06:36,826 - INFO - creating ACAD_TABLESTYLE dictionary
2025-07-21 13:06:36,853 - INFO - cleanup is depreciated BTW. Use the polygonize function instead
2025-07-21 13:06:36,976 - INFO - Zipped 208 points
2025-07-21 13:06:37,035 - INFO - [Station_10] Geometry meshed with mesh_sizes=0.5.
2025-07-21 13:06:37,181 - INFO - [Station_10] Actual centroid: (0.0154, 0.0012)
2025-07-21 13:06:37,208 - INFO - [Station_10] Desired centroid: (0.0014, -0.0051)
2025-07-21 13:06:37,239 - INFO - [Station_10] Applying translation dx=-0.0140, dy=-0.0064
2025-07-21 13:06:37,270 - INFO - [Station_10] Section translated.
2025-07-21 13:06:38,373 - INFO - Starting optimisation run: Station_10_s0.941_s0.941_h3.000
2025-07-21 13:06:38,403 - INFO - [Station_10_s0.941_s0.941_h3.000] Meshing with target h = 3 …
2025-07-21 13:06:38,441 - WARNING - [Station_10_s0.941_s0.941_h3.000] 891 sliver triangles removed
2025-07-21 13:06:38,468 - INFO - [Station_10_s0.941_s0.941_h3.000] mesh ok | nodes=4638 elems=917 | A[min=1e-08 max=1.36e-07 mean=4.23e-08 med=4.4e-08] | q[min=0.605 max=1.000 mean=0.900]
2025-07-21 13:06:38,758 - INFO - [Station_10_s0.941_s0.941_h3.000] Mesh plot saved to \\mull.sms.ed.ac.uk\home\s1834431\Win7\Desktop\geometry_tools\section_calc_n\results\optimisation\Station_10\s0.941\mesh_Station_10_s0.941_s0.941_h3.000.png
2025-07-21 13:06:38,789 - INFO - [Station_10_s0.941_s0.941_h3.000] Starting geometric analysis...
2025-07-21 13:06:39,043 - INFO - [Station_10_s0.941_s0.941_h3.000] Starting warping analysis (required for J)...
2025-07-21 13:06:39,565 - INFO - [Station_10_s0.941_s0.941_h3.000] Success at h = 3.0000
2025-07-21 13:06:39,595 - INFO - [Station_10_s0.941_s0.941_h3.000] Optimisation result generated (Jt=675.7, Iz=363)
