2025-08-20 02:51:54,087 | INFO     | Logging initialized for ProcessSectionAnalysis
2025-08-20 02:51:54,087 | INFO     | Station sec_029_r0.381 [Analysis]: DXF=C:\Users\samea\Desktop\geometry_tools\n_sections\blade\sec_029_r0.381.dxf, twist=10.6°, origin: CP-proxy @ 33.0% chord
2025-08-20 02:51:54,087 | INFO     | Starting raw geometry processing …
2025-08-20 02:51:54,087 | INFO     | Instantiating RawGeometry for DXF: C:\Users\samea\Desktop\geometry_tools\n_sections\blade\sec_029_r0.381.dxf
2025-08-20 02:51:54,088 | INFO     | RawGeometry created successfully.
2025-08-20 02:51:54,088 | INFO     | Generating raw geometry plot …
2025-08-20 02:51:54,410 | INFO     | Raw geometry visualisation completed and saved.
2025-08-20 02:51:54,410 | INFO     | Processing and visualising aligned geometry …
2025-08-20 02:51:54,410 | INFO     | Instantiating ProcessedGeometry with spline/segment settings …
2025-08-20 02:51:54,411 | INFO     | ProcessedGeometry successfully instantiated.
2025-08-20 02:51:54,411 | INFO     | Extracting (pass-through orientation & origin): twist=10.6°, origin_mode=cop, cop_fraction=0.330, cx=0.01, cy=0.00, resample_exterior=True
2025-08-20 02:51:54,442 | INFO     | Geometry extracted (no twist/origin applied).
2025-08-20 02:51:54,442 | INFO     | Generating processed geometry visualisation with trailing edge zoom …
2025-08-20 02:51:55,580 | INFO     | Processed geometry preview saved -> C:\Users\samea\Desktop\geometry_tools\n_sections\results\analysis\2025-08-20_02-49-41\sec_029_r0.381\processed_sec_029_r0.381.png
2025-08-20 02:51:55,580 | INFO     | Launching convergence study pipeline …
2025-08-20 02:51:55,580 | INFO     | Starting section convergence study using 1 mesh sizes: [40.]
2025-08-20 02:51:57,778 | INFO     | ConvergenceStudy instantiated. Running results computation …
2025-08-20 02:51:57,778 | INFO     | Convergence study completed successfully.
2025-08-20 02:51:57,778 | INFO     | Creating convergence visualisation …
2025-08-20 02:51:58,527 | INFO     | Convergence visualisation saved.
2025-08-20 02:51:58,527 | INFO     | Building metadata container for section sec_029_r0.381 …
2025-08-20 02:51:58,527 | INFO     | MetadataBin created.
2025-08-20 02:51:58,527 | INFO     | Composing SectionAnalysisResultSet …
2025-08-20 02:51:58,527 | INFO     | SectionAnalysisResultSet successfully built.
2025-08-20 02:51:58,527 | INFO     | Saving results to directory: C:\Users\samea\Desktop\geometry_tools\n_sections\results\analysis\2025-08-20_02-49-41\sec_029_r0.381
2025-08-20 02:51:58,527 | INFO     | Section analysis results successfully saved.
