2025-08-22 00:20:11,006 | INFO     | Logging initialized for ProcessSectionAnalysis
2025-08-22 00:20:11,006 | INFO     | Station sec_003_r0.181 [Analysis]: DXF=C:\Users\samea\Desktop\geometry_tools\n_sections\blade\sec_003_r0.181.dxf, twist=26.7°, origin: CP-proxy @ 33.0% chord
2025-08-22 00:20:11,007 | INFO     | Starting raw geometry processing …
2025-08-22 00:20:11,007 | INFO     | Instantiating RawGeometry for DXF: C:\Users\samea\Desktop\geometry_tools\n_sections\blade\sec_003_r0.181.dxf
2025-08-22 00:20:11,008 | INFO     | RawGeometry created successfully.
2025-08-22 00:20:11,008 | INFO     | Generating raw geometry plot …
2025-08-22 00:20:11,423 | INFO     | Raw geometry visualisation completed and saved.
2025-08-22 00:20:11,423 | INFO     | Processing and visualising aligned geometry …
2025-08-22 00:20:11,423 | INFO     | Instantiating ProcessedGeometry with spline/segment settings …
2025-08-22 00:20:11,425 | INFO     | ProcessedGeometry successfully instantiated.
2025-08-22 00:20:11,425 | INFO     | Extracting (pass-through orientation & origin): twist=26.7°, origin_mode=cop, cop_fraction=0.330, cx=0.01, cy=0.01, resample_exterior=True
2025-08-22 00:20:11,444 | INFO     | Geometry extracted (no twist/origin applied).
2025-08-22 00:20:11,444 | INFO     | Generating processed geometry visualisation with trailing edge zoom …
2025-08-22 00:20:12,755 | INFO     | Processed geometry preview saved -> C:\Users\samea\Desktop\geometry_tools\n_sections\results\analysis\2025-08-22_00-19-57\sec_003_r0.181\processed_sec_003_r0.181.png
2025-08-22 00:20:12,755 | INFO     | Launching convergence study pipeline …
2025-08-22 00:20:12,755 | INFO     | Starting section convergence study using 1 mesh sizes: [40.]
2025-08-22 00:20:15,281 | INFO     | ConvergenceStudy instantiated. Running results computation …
2025-08-22 00:20:15,281 | INFO     | Convergence study completed successfully.
2025-08-22 00:20:15,281 | INFO     | Creating convergence visualisation …
2025-08-22 00:20:15,973 | INFO     | Convergence visualisation saved.
2025-08-22 00:20:15,973 | INFO     | Building metadata container for section sec_003_r0.181 …
2025-08-22 00:20:15,973 | INFO     | MetadataBin created.
2025-08-22 00:20:15,973 | INFO     | Composing SectionAnalysisResultSet …
2025-08-22 00:20:15,973 | INFO     | SectionAnalysisResultSet successfully built.
2025-08-22 00:20:15,973 | INFO     | Saving results to directory: C:\Users\samea\Desktop\geometry_tools\n_sections\results\analysis\2025-08-22_00-19-57\sec_003_r0.181
2025-08-22 00:20:15,976 | INFO     | Section analysis results successfully saved.
