2025-08-20 02:53:02,205 | INFO     | Logging initialized for ProcessSectionAnalysis
2025-08-20 02:53:02,205 | INFO     | Station sec_044_r0.514 [Analysis]: DXF=C:\Users\samea\Desktop\geometry_tools\n_sections\blade\sec_044_r0.514.dxf, twist=6.6°, origin: CP-proxy @ 33.0% chord
2025-08-20 02:53:02,205 | INFO     | Starting raw geometry processing …
2025-08-20 02:53:02,205 | INFO     | Instantiating RawGeometry for DXF: C:\Users\samea\Desktop\geometry_tools\n_sections\blade\sec_044_r0.514.dxf
2025-08-20 02:53:02,205 | INFO     | RawGeometry created successfully.
2025-08-20 02:53:02,205 | INFO     | Generating raw geometry plot …
2025-08-20 02:53:02,506 | INFO     | Raw geometry visualisation completed and saved.
2025-08-20 02:53:02,506 | INFO     | Processing and visualising aligned geometry …
2025-08-20 02:53:02,506 | INFO     | Instantiating ProcessedGeometry with spline/segment settings …
2025-08-20 02:53:02,506 | INFO     | ProcessedGeometry successfully instantiated.
2025-08-20 02:53:02,506 | INFO     | Extracting (pass-through orientation & origin): twist=6.6°, origin_mode=cop, cop_fraction=0.330, cx=0.01, cy=0.00, resample_exterior=True
2025-08-20 02:53:02,545 | INFO     | Geometry extracted (no twist/origin applied).
2025-08-20 02:53:02,545 | INFO     | Generating processed geometry visualisation with trailing edge zoom …
2025-08-20 02:53:03,787 | INFO     | Processed geometry preview saved -> C:\Users\samea\Desktop\geometry_tools\n_sections\results\analysis\2025-08-20_02-49-41\sec_044_r0.514\processed_sec_044_r0.514.png
2025-08-20 02:53:03,787 | INFO     | Launching convergence study pipeline …
2025-08-20 02:53:03,787 | INFO     | Starting section convergence study using 1 mesh sizes: [40.]
2025-08-20 02:53:06,228 | INFO     | ConvergenceStudy instantiated. Running results computation …
2025-08-20 02:53:06,229 | INFO     | Convergence study completed successfully.
2025-08-20 02:53:06,229 | INFO     | Creating convergence visualisation …
2025-08-20 02:53:06,962 | INFO     | Convergence visualisation saved.
2025-08-20 02:53:06,962 | INFO     | Building metadata container for section sec_044_r0.514 …
2025-08-20 02:53:06,962 | INFO     | MetadataBin created.
2025-08-20 02:53:06,962 | INFO     | Composing SectionAnalysisResultSet …
2025-08-20 02:53:06,962 | INFO     | SectionAnalysisResultSet successfully built.
2025-08-20 02:53:06,962 | INFO     | Saving results to directory: C:\Users\samea\Desktop\geometry_tools\n_sections\results\analysis\2025-08-20_02-49-41\sec_044_r0.514
2025-08-20 02:53:06,964 | INFO     | Section analysis results successfully saved.
