2025-08-20 02:56:18,559 | INFO     | Logging initialized for ProcessSectionAnalysis
2025-08-20 02:56:18,559 | INFO     | Station sec_087_r0.894 [Analysis]: DXF=C:\Users\samea\Desktop\geometry_tools\n_sections\blade\sec_087_r0.894.dxf, twist=1.3°, origin: CP-proxy @ 33.0% chord
2025-08-20 02:56:18,559 | INFO     | Starting raw geometry processing …
2025-08-20 02:56:18,559 | INFO     | Instantiating RawGeometry for DXF: C:\Users\samea\Desktop\geometry_tools\n_sections\blade\sec_087_r0.894.dxf
2025-08-20 02:56:18,559 | INFO     | RawGeometry created successfully.
2025-08-20 02:56:18,559 | INFO     | Generating raw geometry plot …
2025-08-20 02:56:18,901 | INFO     | Raw geometry visualisation completed and saved.
2025-08-20 02:56:18,901 | INFO     | Processing and visualising aligned geometry …
2025-08-20 02:56:18,901 | INFO     | Instantiating ProcessedGeometry with spline/segment settings …
2025-08-20 02:56:18,902 | INFO     | ProcessedGeometry successfully instantiated.
2025-08-20 02:56:18,902 | INFO     | Extracting (pass-through orientation & origin): twist=1.3°, origin_mode=cop, cop_fraction=0.330, cx=0.00, cy=0.00, resample_exterior=True
2025-08-20 02:56:18,928 | INFO     | Geometry extracted (no twist/origin applied).
2025-08-20 02:56:18,928 | INFO     | Generating processed geometry visualisation with trailing edge zoom …
2025-08-20 02:56:20,083 | INFO     | Processed geometry preview saved -> C:\Users\samea\Desktop\geometry_tools\n_sections\results\analysis\2025-08-20_02-49-41\sec_087_r0.894\processed_sec_087_r0.894.png
2025-08-20 02:56:20,083 | INFO     | Launching convergence study pipeline …
2025-08-20 02:56:20,083 | INFO     | Starting section convergence study using 1 mesh sizes: [40.]
2025-08-20 02:56:22,350 | INFO     | ConvergenceStudy instantiated. Running results computation …
2025-08-20 02:56:22,350 | INFO     | Convergence study completed successfully.
2025-08-20 02:56:22,350 | INFO     | Creating convergence visualisation …
2025-08-20 02:56:23,036 | INFO     | Convergence visualisation saved.
2025-08-20 02:56:23,036 | INFO     | Building metadata container for section sec_087_r0.894 …
2025-08-20 02:56:23,036 | INFO     | MetadataBin created.
2025-08-20 02:56:23,036 | INFO     | Composing SectionAnalysisResultSet …
2025-08-20 02:56:23,036 | INFO     | SectionAnalysisResultSet successfully built.
2025-08-20 02:56:23,036 | INFO     | Saving results to directory: C:\Users\samea\Desktop\geometry_tools\n_sections\results\analysis\2025-08-20_02-49-41\sec_087_r0.894
2025-08-20 02:56:23,052 | INFO     | Section analysis results successfully saved.
