2025-07-31 13:32:49,454 | INFO     | Logging initialized for ProcessSectionAnalysis
2025-07-31 13:32:49,454 | INFO     | Station Station_14 [Analysis]: DXF=C:\Users\Sam Hughes\Desktop\geometry_tools\n_sections\blade\Station_14.dxf, twist=0.3°, centroid=(0.00, -0.00)
2025-07-31 13:32:49,454 | INFO     | Starting raw geometry processing …
2025-07-31 13:32:49,454 | INFO     | Instantiating RawGeometry for DXF: C:\Users\Sam Hughes\Desktop\geometry_tools\n_sections\blade\Station_14.dxf
2025-07-31 13:32:49,454 | INFO     | RawGeometry created successfully.
2025-07-31 13:32:49,454 | INFO     | Generating raw geometry plot …
2025-07-31 13:32:49,738 | INFO     | Raw geometry visualisation completed and saved.
2025-07-31 13:32:49,738 | INFO     | Processing and visualising aligned geometry …
2025-07-31 13:32:49,738 | INFO     | Instantiating ProcessedGeometry with spline/segment settings …
2025-07-31 13:32:49,738 | INFO     | ProcessedGeometry successfully instantiated.
2025-07-31 13:32:49,738 | INFO     | Extracting and aligning geometry with twist=0.3°, cx=0.00, cy=-0.00
2025-07-31 13:32:50,304 | INFO     | Geometry aligned and transformed successfully.
2025-07-31 13:32:50,304 | INFO     | Generating processed geometry visualisation with trailing edge zoom …
2025-07-31 13:32:51,084 | INFO     | Processed geometry preview saved -> C:\Users\Sam Hughes\Desktop\geometry_tools\n_sections\results\analysis\2025-07-31_13-32-22\Station_14\processed_Station_14.png
2025-07-31 13:32:51,084 | INFO     | Launching convergence study pipeline …
2025-07-31 13:32:51,084 | INFO     | Starting section convergence study using 3 mesh sizes: [40.  10.   2.5]
2025-07-31 13:32:53,824 | INFO     | ConvergenceStudy instantiated. Running results computation …
2025-07-31 13:32:53,824 | INFO     | Convergence study completed successfully.
2025-07-31 13:32:53,824 | INFO     | Creating convergence visualisation …
2025-07-31 13:32:53,824 | INFO     | Convergence visualisation saved.
2025-07-31 13:32:53,824 | INFO     | Building metadata container for section Station_14 …
2025-07-31 13:32:53,824 | INFO     | MetadataBin created.
2025-07-31 13:32:53,824 | INFO     | Composing SectionAnalysisResultSet …
2025-07-31 13:32:53,824 | INFO     | SectionAnalysisResultSet successfully built.
2025-07-31 13:32:53,824 | INFO     | Saving results to directory: C:\Users\Sam Hughes\Desktop\geometry_tools\n_sections\results\analysis\2025-07-31_13-32-22\Station_14
2025-07-31 13:32:53,824 | INFO     | Section analysis results successfully saved.
