2025-08-22 00:20:24,874 | INFO     | Logging initialized for ProcessSectionAnalysis
2025-08-22 00:20:24,874 | INFO     | Station sec_006_r0.443 [Analysis]: DXF=C:\Users\samea\Desktop\geometry_tools\n_sections\blade\sec_006_r0.443.dxf, twist=8.5°, origin: CP-proxy @ 33.0% chord
2025-08-22 00:20:24,874 | INFO     | Starting raw geometry processing …
2025-08-22 00:20:24,874 | INFO     | Instantiating RawGeometry for DXF: C:\Users\samea\Desktop\geometry_tools\n_sections\blade\sec_006_r0.443.dxf
2025-08-22 00:20:24,874 | INFO     | RawGeometry created successfully.
2025-08-22 00:20:24,874 | INFO     | Generating raw geometry plot …
2025-08-22 00:20:25,188 | INFO     | Raw geometry visualisation completed and saved.
2025-08-22 00:20:25,188 | INFO     | Processing and visualising aligned geometry …
2025-08-22 00:20:25,188 | INFO     | Instantiating ProcessedGeometry with spline/segment settings …
2025-08-22 00:20:25,188 | INFO     | ProcessedGeometry successfully instantiated.
2025-08-22 00:20:25,188 | INFO     | Extracting (pass-through orientation & origin): twist=8.5°, origin_mode=cop, cop_fraction=0.330, cx=0.01, cy=0.00, resample_exterior=True
2025-08-22 00:20:25,223 | INFO     | Geometry extracted (no twist/origin applied).
2025-08-22 00:20:25,223 | INFO     | Generating processed geometry visualisation with trailing edge zoom …
2025-08-22 00:20:26,305 | INFO     | Processed geometry preview saved -> C:\Users\samea\Desktop\geometry_tools\n_sections\results\analysis\2025-08-22_00-19-57\sec_006_r0.443\processed_sec_006_r0.443.png
2025-08-22 00:20:26,305 | INFO     | Launching convergence study pipeline …
2025-08-22 00:20:26,305 | INFO     | Starting section convergence study using 1 mesh sizes: [40.]
2025-08-22 00:20:28,575 | INFO     | ConvergenceStudy instantiated. Running results computation …
2025-08-22 00:20:28,575 | INFO     | Convergence study completed successfully.
2025-08-22 00:20:28,575 | INFO     | Creating convergence visualisation …
2025-08-22 00:20:29,205 | INFO     | Convergence visualisation saved.
2025-08-22 00:20:29,205 | INFO     | Building metadata container for section sec_006_r0.443 …
2025-08-22 00:20:29,205 | INFO     | MetadataBin created.
2025-08-22 00:20:29,205 | INFO     | Composing SectionAnalysisResultSet …
2025-08-22 00:20:29,205 | INFO     | SectionAnalysisResultSet successfully built.
2025-08-22 00:20:29,205 | INFO     | Saving results to directory: C:\Users\samea\Desktop\geometry_tools\n_sections\results\analysis\2025-08-22_00-19-57\sec_006_r0.443
2025-08-22 00:20:29,205 | INFO     | Section analysis results successfully saved.
