2025-08-20 02:57:10,776 | INFO     | Logging initialized for ProcessSectionAnalysis
2025-08-20 02:57:10,776 | INFO     | Station sec_098_r0.991 [Analysis]: DXF=C:\Users\samea\Desktop\geometry_tools\n_sections\blade\sec_098_r0.991.dxf, twist=0.4°, origin: CP-proxy @ 33.0% chord
2025-08-20 02:57:10,777 | INFO     | Starting raw geometry processing …
2025-08-20 02:57:10,777 | INFO     | Instantiating RawGeometry for DXF: C:\Users\samea\Desktop\geometry_tools\n_sections\blade\sec_098_r0.991.dxf
2025-08-20 02:57:10,780 | INFO     | RawGeometry created successfully.
2025-08-20 02:57:10,780 | INFO     | Generating raw geometry plot …
2025-08-20 02:57:11,116 | INFO     | Raw geometry visualisation completed and saved.
2025-08-20 02:57:11,116 | INFO     | Processing and visualising aligned geometry …
2025-08-20 02:57:11,116 | INFO     | Instantiating ProcessedGeometry with spline/segment settings …
2025-08-20 02:57:11,116 | INFO     | ProcessedGeometry successfully instantiated.
2025-08-20 02:57:11,116 | INFO     | Extracting (pass-through orientation & origin): twist=0.4°, origin_mode=cop, cop_fraction=0.330, cx=0.00, cy=0.00, resample_exterior=True
2025-08-20 02:57:11,146 | INFO     | Geometry extracted (no twist/origin applied).
2025-08-20 02:57:11,146 | INFO     | Generating processed geometry visualisation with trailing edge zoom …
2025-08-20 02:57:12,314 | INFO     | Processed geometry preview saved -> C:\Users\samea\Desktop\geometry_tools\n_sections\results\analysis\2025-08-20_02-49-41\sec_098_r0.991\processed_sec_098_r0.991.png
2025-08-20 02:57:12,314 | INFO     | Launching convergence study pipeline …
2025-08-20 02:57:12,314 | INFO     | Starting section convergence study using 1 mesh sizes: [40.]
2025-08-20 02:57:14,555 | INFO     | ConvergenceStudy instantiated. Running results computation …
2025-08-20 02:57:14,555 | INFO     | Convergence study completed successfully.
2025-08-20 02:57:14,555 | INFO     | Creating convergence visualisation …
2025-08-20 02:57:15,216 | INFO     | Convergence visualisation saved.
2025-08-20 02:57:15,216 | INFO     | Building metadata container for section sec_098_r0.991 …
2025-08-20 02:57:15,216 | INFO     | MetadataBin created.
2025-08-20 02:57:15,216 | INFO     | Composing SectionAnalysisResultSet …
2025-08-20 02:57:15,216 | INFO     | SectionAnalysisResultSet successfully built.
2025-08-20 02:57:15,216 | INFO     | Saving results to directory: C:\Users\samea\Desktop\geometry_tools\n_sections\results\analysis\2025-08-20_02-49-41\sec_098_r0.991
2025-08-20 02:57:15,216 | INFO     | Section analysis results successfully saved.
