2025-08-20 02:33:30,386 - INFO - Logger initialized for ConvergenceStudy [sec_026_r0.355]
2025-08-20 02:33:30,386 - INFO - Starting convergence study over 3 mesh sizes: [40.  10.   2.5]
2025-08-20 02:33:30,387 - INFO - [1/3] Processing mesh size h = 40
2025-08-20 02:33:30,387 - DEBUG - [sec_026_r0.355_h40] Copying geometry and initiating meshing …
2025-08-20 02:33:30,398 - INFO - [sec_026_r0.355_h40] Mesh created successfully
2025-08-20 02:33:30,399 - DEBUG - [sec_026_r0.355_h40] Starting section property calculation …
2025-08-20 02:33:32,257 - DEBUG - [sec_026_r0.355_h40] Section analysis row returned
2025-08-20 02:33:32,257 - INFO - [sec_026_r0.355_h40] Section analysis completed successfully.
2025-08-20 02:33:32,257 - INFO - [2/3] Processing mesh size h = 10
2025-08-20 02:33:32,257 - DEBUG - [sec_026_r0.355_h10] Copying geometry and initiating meshing …
2025-08-20 02:33:32,375 - INFO - [sec_026_r0.355_h10] Mesh created successfully
2025-08-20 02:33:32,375 - DEBUG - [sec_026_r0.355_h10] Starting section property calculation …
2025-08-20 02:33:33,347 - DEBUG - [sec_026_r0.355_h10] Section analysis row returned
2025-08-20 02:33:33,348 - INFO - [sec_026_r0.355_h10] Section analysis completed successfully.
2025-08-20 02:33:33,348 - INFO - [3/3] Processing mesh size h = 2.5
2025-08-20 02:33:33,349 - DEBUG - [sec_026_r0.355_h2.5] Copying geometry and initiating meshing …
2025-08-20 02:33:33,359 - INFO - [sec_026_r0.355_h2.5] Mesh created successfully
2025-08-20 02:33:33,359 - DEBUG - [sec_026_r0.355_h2.5] Starting section property calculation …
2025-08-20 02:33:34,195 - DEBUG - [sec_026_r0.355_h2.5] Section analysis row returned
2025-08-20 02:33:34,198 - INFO - [sec_026_r0.355_h2.5] Section analysis completed successfully.
2025-08-20 02:33:34,199 - INFO - Convergence study completed: 3 successful, 3 attempted
2025-08-20 02:33:34,200 - INFO - Generating convergence visualisation …
2025-08-20 02:33:36,068 - INFO - Convergence visualisation completed.
