2025-08-20 02:33:28,866 | INFO     | Logging initialized for ProcessSectionAnalysis
2025-08-20 02:33:28,866 | INFO     | Station sec_026_r0.355 [Analysis]: DXF=C:\Users\samea\Desktop\geometry_tools\n_sections\blade\sec_026_r0.355.dxf, twist=11.7°, origin: CP-proxy @ 33.0% chord
2025-08-20 02:33:28,867 | INFO     | Starting raw geometry processing …
2025-08-20 02:33:28,867 | INFO     | Instantiating RawGeometry for DXF: C:\Users\samea\Desktop\geometry_tools\n_sections\blade\sec_026_r0.355.dxf
2025-08-20 02:33:28,868 | INFO     | RawGeometry created successfully.
2025-08-20 02:33:28,868 | INFO     | Generating raw geometry plot …
2025-08-20 02:33:29,216 | INFO     | Raw geometry visualisation completed and saved.
2025-08-20 02:33:29,216 | INFO     | Processing and visualising aligned geometry …
2025-08-20 02:33:29,216 | INFO     | Instantiating ProcessedGeometry with spline/segment settings …
2025-08-20 02:33:29,217 | INFO     | ProcessedGeometry successfully instantiated.
2025-08-20 02:33:29,217 | INFO     | Extracting + aligning: twist=11.7°, origin_mode=cop, cop_fraction=0.330, cx=0.01, cy=0.00
2025-08-20 02:33:29,252 | INFO     | Geometry aligned and transformed successfully.
2025-08-20 02:33:29,252 | INFO     | Generating processed geometry visualisation with trailing edge zoom …
2025-08-20 02:33:30,384 | INFO     | Processed geometry preview saved -> C:\Users\samea\Desktop\geometry_tools\n_sections\results\analysis\2025-08-20_02-29-55\sec_026_r0.355\processed_sec_026_r0.355.png
2025-08-20 02:33:30,384 | INFO     | Launching convergence study pipeline …
2025-08-20 02:33:30,384 | INFO     | Starting section convergence study using 3 mesh sizes: [40.  10.   2.5]
2025-08-20 02:33:36,068 | INFO     | ConvergenceStudy instantiated. Running results computation …
2025-08-20 02:33:36,068 | INFO     | Convergence study completed successfully.
2025-08-20 02:33:36,068 | INFO     | Creating convergence visualisation …
2025-08-20 02:33:38,017 | INFO     | Convergence visualisation saved.
2025-08-20 02:33:38,017 | INFO     | Building metadata container for section sec_026_r0.355 …
2025-08-20 02:33:38,017 | INFO     | MetadataBin created.
2025-08-20 02:33:38,017 | INFO     | Composing SectionAnalysisResultSet …
2025-08-20 02:33:38,017 | INFO     | SectionAnalysisResultSet successfully built.
2025-08-20 02:33:38,017 | INFO     | Saving results to directory: C:\Users\samea\Desktop\geometry_tools\n_sections\results\analysis\2025-08-20_02-29-55\sec_026_r0.355
2025-08-20 02:33:38,017 | INFO     | Section analysis results successfully saved.
