2025-08-20 02:32:09,230 - INFO - Logger initialized for ConvergenceStudy [sec_016_r0.266]
2025-08-20 02:32:09,230 - INFO - Starting convergence study over 3 mesh sizes: [40.  10.   2.5]
2025-08-20 02:32:09,231 - INFO - [1/3] Processing mesh size h = 40
2025-08-20 02:32:09,231 - DEBUG - [sec_016_r0.266_h40] Copying geometry and initiating meshing …
2025-08-20 02:32:09,248 - INFO - [sec_016_r0.266_h40] Mesh created successfully
2025-08-20 02:32:09,249 - DEBUG - [sec_016_r0.266_h40] Starting section property calculation …
2025-08-20 02:32:10,818 - DEBUG - [sec_016_r0.266_h40] Section analysis row returned
2025-08-20 02:32:10,820 - INFO - [sec_016_r0.266_h40] Section analysis completed successfully.
2025-08-20 02:32:10,821 - INFO - [2/3] Processing mesh size h = 10
2025-08-20 02:32:10,821 - DEBUG - [sec_016_r0.266_h10] Copying geometry and initiating meshing …
2025-08-20 02:32:10,836 - INFO - [sec_016_r0.266_h10] Mesh created successfully
2025-08-20 02:32:10,836 - DEBUG - [sec_016_r0.266_h10] Starting section property calculation …
2025-08-20 02:32:11,922 - DEBUG - [sec_016_r0.266_h10] Section analysis row returned
2025-08-20 02:32:11,924 - INFO - [sec_016_r0.266_h10] Section analysis completed successfully.
2025-08-20 02:32:11,925 - INFO - [3/3] Processing mesh size h = 2.5
2025-08-20 02:32:11,925 - DEBUG - [sec_016_r0.266_h2.5] Copying geometry and initiating meshing …
2025-08-20 02:32:11,936 - INFO - [sec_016_r0.266_h2.5] Mesh created successfully
2025-08-20 02:32:11,937 - DEBUG - [sec_016_r0.266_h2.5] Starting section property calculation …
2025-08-20 02:32:12,832 - DEBUG - [sec_016_r0.266_h2.5] Section analysis row returned
2025-08-20 02:32:12,834 - INFO - [sec_016_r0.266_h2.5] Section analysis completed successfully.
2025-08-20 02:32:12,834 - INFO - Convergence study completed: 3 successful, 3 attempted
2025-08-20 02:32:12,835 - INFO - Generating convergence visualisation …
2025-08-20 02:32:14,521 - INFO - Convergence visualisation completed.
