2025-08-20 02:32:07,609 | INFO     | Logging initialized for ProcessSectionAnalysis
2025-08-20 02:32:07,610 | INFO     | Station sec_016_r0.266 [Analysis]: DXF=C:\Users\samea\Desktop\geometry_tools\n_sections\blade\sec_016_r0.266.dxf, twist=17.2°, origin: CP-proxy @ 33.0% chord
2025-08-20 02:32:07,610 | INFO     | Starting raw geometry processing …
2025-08-20 02:32:07,610 | INFO     | Instantiating RawGeometry for DXF: C:\Users\samea\Desktop\geometry_tools\n_sections\blade\sec_016_r0.266.dxf
2025-08-20 02:32:07,612 | INFO     | RawGeometry created successfully.
2025-08-20 02:32:07,614 | INFO     | Generating raw geometry plot …
2025-08-20 02:32:08,000 | INFO     | Raw geometry visualisation completed and saved.
2025-08-20 02:32:08,001 | INFO     | Processing and visualising aligned geometry …
2025-08-20 02:32:08,001 | INFO     | Instantiating ProcessedGeometry with spline/segment settings …
2025-08-20 02:32:08,002 | INFO     | ProcessedGeometry successfully instantiated.
2025-08-20 02:32:08,002 | INFO     | Extracting + aligning: twist=17.2°, origin_mode=cop, cop_fraction=0.330, cx=0.01, cy=0.01
2025-08-20 02:32:08,042 | INFO     | Geometry aligned and transformed successfully.
2025-08-20 02:32:08,042 | INFO     | Generating processed geometry visualisation with trailing edge zoom …
2025-08-20 02:32:09,229 | INFO     | Processed geometry preview saved -> C:\Users\samea\Desktop\geometry_tools\n_sections\results\analysis\2025-08-20_02-29-55\sec_016_r0.266\processed_sec_016_r0.266.png
2025-08-20 02:32:09,229 | INFO     | Launching convergence study pipeline …
2025-08-20 02:32:09,229 | INFO     | Starting section convergence study using 3 mesh sizes: [40.  10.   2.5]
2025-08-20 02:32:14,521 | INFO     | ConvergenceStudy instantiated. Running results computation …
2025-08-20 02:32:14,521 | INFO     | Convergence study completed successfully.
2025-08-20 02:32:14,521 | INFO     | Creating convergence visualisation …
2025-08-20 02:32:16,160 | INFO     | Convergence visualisation saved.
2025-08-20 02:32:16,160 | INFO     | Building metadata container for section sec_016_r0.266 …
2025-08-20 02:32:16,160 | INFO     | MetadataBin created.
2025-08-20 02:32:16,160 | INFO     | Composing SectionAnalysisResultSet …
2025-08-20 02:32:16,160 | INFO     | SectionAnalysisResultSet successfully built.
2025-08-20 02:32:16,160 | INFO     | Saving results to directory: C:\Users\samea\Desktop\geometry_tools\n_sections\results\analysis\2025-08-20_02-29-55\sec_016_r0.266
2025-08-20 02:32:16,163 | INFO     | Section analysis results successfully saved.
