2025-08-20 02:50:59,790 | INFO     | Logging initialized for ProcessSectionAnalysis
2025-08-20 02:50:59,790 | INFO     | Station sec_017_r0.275 [Analysis]: DXF=C:\Users\samea\Desktop\geometry_tools\n_sections\blade\sec_017_r0.275.dxf, twist=16.5°, origin: CP-proxy @ 33.0% chord
2025-08-20 02:50:59,790 | INFO     | Starting raw geometry processing …
2025-08-20 02:50:59,790 | INFO     | Instantiating RawGeometry for DXF: C:\Users\samea\Desktop\geometry_tools\n_sections\blade\sec_017_r0.275.dxf
2025-08-20 02:50:59,791 | INFO     | RawGeometry created successfully.
2025-08-20 02:50:59,791 | INFO     | Generating raw geometry plot …
2025-08-20 02:51:00,349 | INFO     | Raw geometry visualisation completed and saved.
2025-08-20 02:51:00,349 | INFO     | Processing and visualising aligned geometry …
2025-08-20 02:51:00,350 | INFO     | Instantiating ProcessedGeometry with spline/segment settings …
2025-08-20 02:51:00,351 | INFO     | ProcessedGeometry successfully instantiated.
2025-08-20 02:51:00,351 | INFO     | Extracting (pass-through orientation & origin): twist=16.5°, origin_mode=cop, cop_fraction=0.330, cx=0.01, cy=0.01, resample_exterior=True
2025-08-20 02:51:00,390 | INFO     | Geometry extracted (no twist/origin applied).
2025-08-20 02:51:00,390 | INFO     | Generating processed geometry visualisation with trailing edge zoom …
2025-08-20 02:51:01,510 | INFO     | Processed geometry preview saved -> C:\Users\samea\Desktop\geometry_tools\n_sections\results\analysis\2025-08-20_02-49-41\sec_017_r0.275\processed_sec_017_r0.275.png
2025-08-20 02:51:01,510 | INFO     | Launching convergence study pipeline …
2025-08-20 02:51:01,510 | INFO     | Starting section convergence study using 1 mesh sizes: [40.]
2025-08-20 02:51:03,576 | INFO     | ConvergenceStudy instantiated. Running results computation …
2025-08-20 02:51:03,576 | INFO     | Convergence study completed successfully.
2025-08-20 02:51:03,576 | INFO     | Creating convergence visualisation …
2025-08-20 02:51:04,170 | INFO     | Convergence visualisation saved.
2025-08-20 02:51:04,170 | INFO     | Building metadata container for section sec_017_r0.275 …
2025-08-20 02:51:04,170 | INFO     | MetadataBin created.
2025-08-20 02:51:04,170 | INFO     | Composing SectionAnalysisResultSet …
2025-08-20 02:51:04,170 | INFO     | SectionAnalysisResultSet successfully built.
2025-08-20 02:51:04,170 | INFO     | Saving results to directory: C:\Users\samea\Desktop\geometry_tools\n_sections\results\analysis\2025-08-20_02-49-41\sec_017_r0.275
2025-08-20 02:51:04,170 | INFO     | Section analysis results successfully saved.
