2025-08-21 19:06:28,998 - INFO - 🚀 Starting section optimisation pipeline
2025-08-21 19:06:28,998 - INFO - Using single coarse mesh size: [3.]
2025-08-21 19:06:28,998 - INFO - Void scale factor sweep: exponential from 0.6 to 0.995 → 10 values
2025-08-21 19:06:28,998 - INFO - ⚙ Processing station: Station_2
2025-08-21 19:06:29,012 - INFO - 🎯 Target for Station_2 → Jt ≥ 0.00, Iz ≥ 0.00
2025-08-21 19:06:29,013 - INFO - Logger initialized for RawGeometry Station_2
2025-08-21 19:06:29,013 - INFO - 🔁 Testing scale factor: 0.600
2025-08-21 19:06:29,064 - INFO - DXF version upgrade to DXF R2000.
2025-08-21 19:06:29,080 - INFO - creating ACAD_COLOR dictionary
2025-08-21 19:06:29,080 - INFO - creating ACAD_PLOTSTYLENAME dictionary
2025-08-21 19:06:29,080 - INFO - creating ACAD_TABLESTYLE dictionary
2025-08-21 19:06:29,080 - INFO - cleanup is depreciated BTW. Use the polygonize function instead
2025-08-21 19:06:29,242 - INFO - Zipped 53 points
2025-08-21 19:06:30,960 - INFO - 🖼️ Saved geometry preview → C:\Users\samea\Desktop\geometry_tools\n_sections\results\optimisation\Station_2\s0.600\processed_geometry_Station_2_s0.600.png
2025-08-21 19:06:30,960 - INFO - Starting optimisation run: Station_2_s0.600_s0.600_h3.000
2025-08-21 19:06:30,960 - INFO - Logger initialized for MeshDXF [Station_2_s0.600_s0.600_h3.000]
2025-08-21 19:06:30,960 - INFO - [Station_2_s0.600_s0.600_h3.000] Meshing started with target h = 3
2025-08-21 19:06:30,983 - ERROR - [Station_2_s0.600_s0.600_h3.000] Mesh contains no points or triangles
2025-08-21 19:06:31,660 - INFO - [Station_2_s0.600_s0.600_h3.000] Mesh plot saved to C:\Users\samea\Desktop\geometry_tools\n_sections\results\optimisation\Station_2\s0.600\mesh_Station_2_s0.600_s0.600_h3.000.png
2025-08-21 19:06:34,591 - INFO - [Station_2_s0.600_s0.600_h3.000] Optimisation result generated (Jt=1.571e+05, Iz=4.516e+04)
2025-08-21 19:06:36,142 - INFO - 🧾 Saved optimisation metrics snapshot → C:\Users\samea\Desktop\geometry_tools\n_sections\results\optimisation\Station_2\s0.600\optimisation_metrics_Station_2_step01.png
2025-08-21 19:06:36,159 - INFO - 📦 Saved optimisation results for step 01
2025-08-21 19:06:36,159 - INFO - ✅ Thresholds met at 0.600: Jt=157094.07, Iz=45160.18
2025-08-21 19:06:36,159 - INFO - 🔁 Testing scale factor: 0.635
2025-08-21 19:06:36,168 - INFO - DXF version upgrade to DXF R2000.
2025-08-21 19:06:36,168 - INFO - creating ACAD_COLOR dictionary
2025-08-21 19:06:36,168 - INFO - creating ACAD_PLOTSTYLENAME dictionary
2025-08-21 19:06:36,168 - INFO - creating ACAD_TABLESTYLE dictionary
2025-08-21 19:06:36,185 - INFO - cleanup is depreciated BTW. Use the polygonize function instead
2025-08-21 19:06:36,342 - INFO - Zipped 53 points
2025-08-21 19:06:37,867 - INFO - 🖼️ Saved geometry preview → C:\Users\samea\Desktop\geometry_tools\n_sections\results\optimisation\Station_2\s0.635\processed_geometry_Station_2_s0.635.png
2025-08-21 19:06:37,867 - INFO - Starting optimisation run: Station_2_s0.635_s0.635_h3.000
2025-08-21 19:06:37,867 - INFO - Logger initialized for MeshDXF [Station_2_s0.635_s0.635_h3.000]
2025-08-21 19:06:37,867 - INFO - [Station_2_s0.635_s0.635_h3.000] Meshing started with target h = 3
2025-08-21 19:06:37,897 - ERROR - [Station_2_s0.635_s0.635_h3.000] Mesh contains no points or triangles
2025-08-21 19:06:38,499 - INFO - [Station_2_s0.635_s0.635_h3.000] Mesh plot saved to C:\Users\samea\Desktop\geometry_tools\n_sections\results\optimisation\Station_2\s0.635\mesh_Station_2_s0.635_s0.635_h3.000.png
2025-08-21 19:06:41,550 - INFO - [Station_2_s0.635_s0.635_h3.000] Optimisation result generated (Jt=1.491e+05, Iz=4.347e+04)
2025-08-21 19:06:43,291 - INFO - 🧾 Saved optimisation metrics snapshot → C:\Users\samea\Desktop\geometry_tools\n_sections\results\optimisation\Station_2\s0.635\optimisation_metrics_Station_2_step02.png
2025-08-21 19:06:43,294 - INFO - 📦 Saved optimisation results for step 02
2025-08-21 19:06:43,295 - INFO - ✅ Thresholds met at 0.635: Jt=149106.86, Iz=43465.14
2025-08-21 19:06:43,295 - INFO - 🔁 Testing scale factor: 0.671
2025-08-21 19:06:43,311 - INFO - DXF version upgrade to DXF R2000.
2025-08-21 19:06:43,316 - INFO - creating ACAD_COLOR dictionary
2025-08-21 19:06:43,317 - INFO - creating ACAD_PLOTSTYLENAME dictionary
2025-08-21 19:06:43,317 - INFO - creating ACAD_TABLESTYLE dictionary
2025-08-21 19:06:43,320 - INFO - cleanup is depreciated BTW. Use the polygonize function instead
2025-08-21 19:06:43,474 - INFO - Zipped 53 points
