2025-08-20 02:52:44,211 | INFO     | Logging initialized for ProcessSectionAnalysis
2025-08-20 02:52:44,211 | INFO     | Station sec_040_r0.479 [Analysis]: DXF=C:\Users\samea\Desktop\geometry_tools\n_sections\blade\sec_040_r0.479.dxf, twist=7.5°, origin: CP-proxy @ 33.0% chord
2025-08-20 02:52:44,211 | INFO     | Starting raw geometry processing …
2025-08-20 02:52:44,211 | INFO     | Instantiating RawGeometry for DXF: C:\Users\samea\Desktop\geometry_tools\n_sections\blade\sec_040_r0.479.dxf
2025-08-20 02:52:44,222 | INFO     | RawGeometry created successfully.
2025-08-20 02:52:44,222 | INFO     | Generating raw geometry plot …
2025-08-20 02:52:44,575 | INFO     | Raw geometry visualisation completed and saved.
2025-08-20 02:52:44,576 | INFO     | Processing and visualising aligned geometry …
2025-08-20 02:52:44,576 | INFO     | Instantiating ProcessedGeometry with spline/segment settings …
2025-08-20 02:52:44,577 | INFO     | ProcessedGeometry successfully instantiated.
2025-08-20 02:52:44,577 | INFO     | Extracting (pass-through orientation & origin): twist=7.5°, origin_mode=cop, cop_fraction=0.330, cx=0.01, cy=0.00, resample_exterior=True
2025-08-20 02:52:44,600 | INFO     | Geometry extracted (no twist/origin applied).
2025-08-20 02:52:44,600 | INFO     | Generating processed geometry visualisation with trailing edge zoom …
2025-08-20 02:52:45,791 | INFO     | Processed geometry preview saved -> C:\Users\samea\Desktop\geometry_tools\n_sections\results\analysis\2025-08-20_02-49-41\sec_040_r0.479\processed_sec_040_r0.479.png
2025-08-20 02:52:45,791 | INFO     | Launching convergence study pipeline …
2025-08-20 02:52:45,791 | INFO     | Starting section convergence study using 1 mesh sizes: [40.]
2025-08-20 02:52:48,266 | INFO     | ConvergenceStudy instantiated. Running results computation …
2025-08-20 02:52:48,266 | INFO     | Convergence study completed successfully.
2025-08-20 02:52:48,266 | INFO     | Creating convergence visualisation …
2025-08-20 02:52:48,921 | INFO     | Convergence visualisation saved.
2025-08-20 02:52:48,921 | INFO     | Building metadata container for section sec_040_r0.479 …
2025-08-20 02:52:48,921 | INFO     | MetadataBin created.
2025-08-20 02:52:48,921 | INFO     | Composing SectionAnalysisResultSet …
2025-08-20 02:52:48,921 | INFO     | SectionAnalysisResultSet successfully built.
2025-08-20 02:52:48,921 | INFO     | Saving results to directory: C:\Users\samea\Desktop\geometry_tools\n_sections\results\analysis\2025-08-20_02-49-41\sec_040_r0.479
2025-08-20 02:52:48,924 | INFO     | Section analysis results successfully saved.
