2025-07-30 14:23:14,023 - INFO - Logger initialized for ConvergenceStudy [Station_10]
2025-07-30 14:23:14,023 - INFO - Starting convergence study over 3 mesh sizes: [40.  10.   2.5]
2025-07-30 14:23:14,024 - INFO - [1/3] Processing mesh size h = 40
2025-07-30 14:23:14,024 - DEBUG - [Station_10_h40] Copying geometry and initiating meshing …
2025-07-30 14:23:14,035 - INFO - [Station_10_h40] Mesh created successfully
2025-07-30 14:23:14,035 - DEBUG - [Station_10_h40] Starting section property calculation …
2025-07-30 14:23:14,106 - ERROR - [Station_10_h40] SectionDXF returned no data
2025-07-30 14:23:14,108 - WARNING - [Station_10_h40] Skipped due to section analysis failure.
2025-07-30 14:23:14,108 - INFO - [2/3] Processing mesh size h = 10
2025-07-30 14:23:14,108 - DEBUG - [Station_10_h10] Copying geometry and initiating meshing …
2025-07-30 14:23:14,119 - INFO - [Station_10_h10] Mesh created successfully
2025-07-30 14:23:14,119 - DEBUG - [Station_10_h10] Starting section property calculation …
2025-07-30 14:23:14,189 - ERROR - [Station_10_h10] SectionDXF returned no data
2025-07-30 14:23:14,190 - WARNING - [Station_10_h10] Skipped due to section analysis failure.
2025-07-30 14:23:14,191 - INFO - [3/3] Processing mesh size h = 2.5
2025-07-30 14:23:14,191 - DEBUG - [Station_10_h2.5] Copying geometry and initiating meshing …
2025-07-30 14:23:14,261 - INFO - [Station_10_h2.5] Mesh created successfully
2025-07-30 14:23:14,261 - DEBUG - [Station_10_h2.5] Starting section property calculation …
2025-07-30 14:23:14,335 - ERROR - [Station_10_h2.5] SectionDXF returned no data
2025-07-30 14:23:14,337 - WARNING - [Station_10_h2.5] Skipped due to section analysis failure.
2025-07-30 14:23:14,337 - INFO - Convergence study completed: 0 successful, 3 attempted
