2025-07-30 14:23:12,290 | INFO     | Logging initialized for ProcessSectionAnalysis
2025-07-30 14:23:12,291 | INFO     | Station Station_10 [Analysis]: DXF=C:\Users\Sam Hughes\Desktop\geometry_tools\n_sections\blade\Station_10.dxf, twist=2.7°, centroid=(0.00, -0.01)
2025-07-30 14:23:12,291 | INFO     | Logger initialized for RawGeometry Station_10
2025-07-30 14:23:12,292 | INFO     | Reading DXF file: C:\Users\Sam Hughes\Desktop\geometry_tools\n_sections\blade\Station_10.dxf
2025-07-30 14:23:12,306 | INFO     | DXF version upgrade to DXF R2000.
2025-07-30 14:23:12,309 | INFO     | creating ACAD_COLOR dictionary
2025-07-30 14:23:12,310 | INFO     | creating ACAD_PLOTSTYLENAME dictionary
2025-07-30 14:23:12,310 | INFO     | creating ACAD_TABLESTYLE dictionary
2025-07-30 14:23:12,311 | DEBUG    | Parsed LINE entity with 50 points
2025-07-30 14:23:12,311 | DEBUG    | Parsed LINE entity with 50 points
2025-07-30 14:23:12,311 | DEBUG    | Parsed LINE entity with 50 points
2025-07-30 14:23:12,311 | DEBUG    | Parsed LINE entity with 50 points
2025-07-30 14:23:12,312 | DEBUG    | Parsed LINE entity with 50 points
2025-07-30 14:23:12,312 | DEBUG    | Parsed LINE entity with 50 points
2025-07-30 14:23:12,312 | DEBUG    | Parsed LINE entity with 50 points
2025-07-30 14:23:12,312 | DEBUG    | Parsed LINE entity with 50 points
2025-07-30 14:23:12,313 | DEBUG    | Parsed LINE entity with 50 points
2025-07-30 14:23:12,313 | DEBUG    | Parsed LINE entity with 50 points
2025-07-30 14:23:12,313 | DEBUG    | Parsed LINE entity with 50 points
2025-07-30 14:23:12,313 | DEBUG    | Parsed LINE entity with 50 points
2025-07-30 14:23:12,313 | DEBUG    | Parsed LINE entity with 50 points
2025-07-30 14:23:12,314 | DEBUG    | Parsed LINE entity with 50 points
2025-07-30 14:23:12,314 | DEBUG    | Parsed LINE entity with 50 points
2025-07-30 14:23:12,314 | DEBUG    | Parsed LINE entity with 50 points
2025-07-30 14:23:12,314 | DEBUG    | Parsed LINE entity with 50 points
2025-07-30 14:23:12,314 | DEBUG    | Parsed LINE entity with 50 points
2025-07-30 14:23:12,314 | DEBUG    | Parsed LINE entity with 50 points
2025-07-30 14:23:12,315 | DEBUG    | Parsed LINE entity with 50 points
2025-07-30 14:23:12,315 | DEBUG    | Parsed LINE entity with 50 points
2025-07-30 14:23:12,315 | DEBUG    | Parsed LINE entity with 50 points
2025-07-30 14:23:12,315 | DEBUG    | Parsed LINE entity with 50 points
2025-07-30 14:23:12,315 | DEBUG    | Parsed LINE entity with 50 points
2025-07-30 14:23:12,316 | DEBUG    | Parsed LINE entity with 50 points
2025-07-30 14:23:12,316 | DEBUG    | Parsed LINE entity with 50 points
2025-07-30 14:23:12,316 | DEBUG    | Parsed LINE entity with 50 points
2025-07-30 14:23:12,316 | DEBUG    | Parsed LINE entity with 50 points
2025-07-30 14:23:12,316 | DEBUG    | Parsed LINE entity with 50 points
2025-07-30 14:23:12,316 | DEBUG    | Parsed LINE entity with 50 points
2025-07-30 14:23:12,317 | DEBUG    | Parsed LINE entity with 50 points
2025-07-30 14:23:12,317 | DEBUG    | Parsed LINE entity with 50 points
2025-07-30 14:23:12,317 | DEBUG    | Parsed LINE entity with 50 points
2025-07-30 14:23:12,317 | DEBUG    | Parsed LINE entity with 50 points
2025-07-30 14:23:12,317 | DEBUG    | Parsed LINE entity with 50 points
2025-07-30 14:23:12,319 | DEBUG    | Parsed LINE entity with 50 points
2025-07-30 14:23:12,319 | DEBUG    | Parsed ARC entity with 100 points
2025-07-30 14:23:12,319 | DEBUG    | Parsed LINE entity with 50 points
2025-07-30 14:23:12,319 | DEBUG    | Parsed LINE entity with 50 points
2025-07-30 14:23:12,320 | DEBUG    | Parsed LINE entity with 50 points
2025-07-30 14:23:12,320 | DEBUG    | Parsed LINE entity with 50 points
2025-07-30 14:23:12,320 | DEBUG    | Parsed LINE entity with 50 points
2025-07-30 14:23:12,320 | DEBUG    | Parsed LINE entity with 50 points
2025-07-30 14:23:12,320 | DEBUG    | Parsed LINE entity with 50 points
2025-07-30 14:23:12,321 | DEBUG    | Parsed LINE entity with 50 points
2025-07-30 14:23:12,321 | DEBUG    | Parsed LINE entity with 50 points
2025-07-30 14:23:12,321 | DEBUG    | Parsed LINE entity with 50 points
2025-07-30 14:23:12,321 | DEBUG    | Parsed LINE entity with 50 points
2025-07-30 14:23:12,322 | DEBUG    | Parsed LINE entity with 50 points
2025-07-30 14:23:12,322 | DEBUG    | Parsed LINE entity with 50 points
2025-07-30 14:23:12,322 | DEBUG    | Parsed LINE entity with 50 points
2025-07-30 14:23:12,322 | DEBUG    | Parsed LINE entity with 50 points
2025-07-30 14:23:12,323 | DEBUG    | Parsed LINE entity with 50 points
2025-07-30 14:23:12,323 | DEBUG    | Parsed LINE entity with 50 points
2025-07-30 14:23:12,323 | DEBUG    | Parsed LINE entity with 50 points
2025-07-30 14:23:12,323 | DEBUG    | Parsed LINE entity with 50 points
2025-07-30 14:23:12,323 | DEBUG    | Parsed LINE entity with 50 points
2025-07-30 14:23:12,323 | DEBUG    | Parsed LINE entity with 50 points
2025-07-30 14:23:12,324 | DEBUG    | Parsed LINE entity with 50 points
2025-07-30 14:23:12,324 | DEBUG    | Parsed LINE entity with 50 points
2025-07-30 14:23:12,324 | DEBUG    | Parsed LINE entity with 50 points
2025-07-30 14:23:12,324 | DEBUG    | Parsed LINE entity with 50 points
2025-07-30 14:23:12,324 | DEBUG    | Parsed LINE entity with 50 points
2025-07-30 14:23:12,325 | DEBUG    | Parsed LINE entity with 50 points
2025-07-30 14:23:12,325 | DEBUG    | Parsed ARC entity with 100 points
2025-07-30 14:23:12,325 | DEBUG    | Parsed ARC entity with 100 points
2025-07-30 14:23:12,325 | DEBUG    | Parsed LINE entity with 50 points
2025-07-30 14:23:12,326 | DEBUG    | Parsed ARC entity with 100 points
2025-07-30 14:23:12,326 | DEBUG    | Parsed LINE entity with 50 points
2025-07-30 14:23:12,326 | DEBUG    | Parsed LINE entity with 50 points
2025-07-30 14:23:12,326 | DEBUG    | Parsed LINE entity with 50 points
2025-07-30 14:23:12,326 | DEBUG    | Parsed LINE entity with 50 points
2025-07-30 14:23:12,327 | DEBUG    | Parsed LINE entity with 50 points
2025-07-30 14:23:12,327 | DEBUG    | Parsed LINE entity with 50 points
2025-07-30 14:23:12,327 | DEBUG    | Parsed LINE entity with 50 points
2025-07-30 14:23:12,327 | DEBUG    | Parsed LINE entity with 50 points
2025-07-30 14:23:12,327 | DEBUG    | Parsed LINE entity with 50 points
2025-07-30 14:23:12,328 | INFO     | Extraction complete: 77 entities, 4050 total points.
2025-07-30 14:23:12,396 | INFO     | Plotting 77 DXF entities for preview...
2025-07-30 14:23:12,592 | INFO     | Raw preview saved -> C:\Users\Sam Hughes\Desktop\geometry_tools\n_sections\results\analysis\Station_10\raw_Station_10.png
2025-07-30 14:23:12,593 | INFO     | Logger initialized for ProcessedGeometry [Station_10]
2025-07-30 14:23:12,593 | INFO     | Importing DXF geometry from C:\Users\Sam Hughes\Desktop\geometry_tools\n_sections\blade\Station_10.dxf
2025-07-30 14:23:12,606 | INFO     | DXF version upgrade to DXF R2000.
2025-07-30 14:23:12,609 | INFO     | creating ACAD_COLOR dictionary
2025-07-30 14:23:12,609 | INFO     | creating ACAD_PLOTSTYLENAME dictionary
2025-07-30 14:23:12,610 | INFO     | creating ACAD_TABLESTYLE dictionary
2025-07-30 14:23:12,612 | INFO     | cleanup is depreciated BTW. Use the polygonize function instead
2025-07-30 14:23:12,794 | INFO     | Zipped 208 points
2025-07-30 14:23:12,795 | INFO     | DXF import complete
2025-07-30 14:23:12,797 | DEBUG    | Scaled single geometry to metres
2025-07-30 14:23:12,797 | DEBUG    | Resampling polygon: 112 points, target=400 points, perimeter=0.122965
2025-07-30 14:23:12,799 | DEBUG    | Resampled exterior generated with 400 points
2025-07-30 14:23:12,800 | DEBUG    | Resampled polygon 0 with 400 exterior nodes
2025-07-30 14:23:12,801 | INFO     | Resampling and geometry reconstruction complete
2025-07-30 14:23:12,802 | INFO     | [Station_10] Current blade twist: 0.18°, Desired: 2.69°, Delta: 2.51°
2025-07-30 14:23:12,803 | INFO     | [Station_10] Section rotated by 2.51° (about origin, twist axis ratio was 33.30%).
2025-07-30 14:23:12,804 | INFO     | Applied twist rotation: 2.69°
2025-07-30 14:23:12,804 | INFO     | Logger initialized for CentroidOffset [Station_10]
2025-07-30 14:23:12,812 | INFO     | Geometry meshed with mesh_sizes = 0.5
2025-07-30 14:23:13,231 | INFO     | Actual centroid: (0.0154, 0.0012)
2025-07-30 14:23:13,231 | INFO     | Target centroid: (0.0014, -0.0051)
2025-07-30 14:23:13,231 | INFO     | Translation to apply: dx=-0.0140, dy=-0.0064
2025-07-30 14:23:13,233 | INFO     | Section successfully translated.
2025-07-30 14:23:13,235 | INFO     | Applied centroid translation to (0.001, -0.005)
2025-07-30 14:23:13,235 | INFO     | Processed geometry completed for Station_10
2025-07-30 14:23:13,236 | INFO     | Processed and aligned geometry extracted for Station_10
2025-07-30 14:23:13,236 | WARNING  | Material assignment failed for Station_10: 'Geometry' object has no attribute 'assign_material'
Traceback (most recent call last):
  File "c:\Users\Sam Hughes\Desktop\geometry_tools\n_sections\analysis\process_section_analysis.py", line 121, in _process_and_preview_geometry
    geom_aligned.assign_material(self.material)
    ^^^^^^^^^^^^^^^^^^^^^^^^^^^^
AttributeError: 'Geometry' object has no attribute 'assign_material'
2025-07-30 14:23:14,022 | INFO     | Processed geometry preview saved -> C:\Users\Sam Hughes\Desktop\geometry_tools\n_sections\results\analysis\Station_10\processed_Station_10.png
2025-07-30 14:23:14,022 | INFO     | Starting section convergence study …
2025-07-30 14:23:14,023 | INFO     | Logger initialized for ConvergenceStudy [Station_10]
2025-07-30 14:23:14,023 | INFO     | Starting convergence study over 3 mesh sizes: [40.  10.   2.5]
2025-07-30 14:23:14,024 | INFO     | [1/3] Processing mesh size h = 40
2025-07-30 14:23:14,024 | DEBUG    | [Station_10_h40] Copying geometry and initiating meshing …
2025-07-30 14:23:14,026 | INFO     | Logger initialized for MeshDXF [Station_10_h40]
2025-07-30 14:23:14,027 | INFO     | [Station_10_h40] Meshing started with target h = 40
2025-07-30 14:23:14,034 | ERROR    | [Station_10_h40] Mesh contains no points or triangles
2025-07-30 14:23:14,035 | INFO     | [Station_10_h40] Mesh created successfully
2025-07-30 14:23:14,035 | DEBUG    | [Station_10_h40] Starting section property calculation …
2025-07-30 14:23:14,106 | ERROR    | [Station_10_h40] SectionDXF returned no data
2025-07-30 14:23:14,108 | WARNING  | [Station_10_h40] Skipped due to section analysis failure.
2025-07-30 14:23:14,108 | INFO     | [2/3] Processing mesh size h = 10
2025-07-30 14:23:14,108 | DEBUG    | [Station_10_h10] Copying geometry and initiating meshing …
2025-07-30 14:23:14,110 | INFO     | Logger initialized for MeshDXF [Station_10_h10]
2025-07-30 14:23:14,111 | INFO     | [Station_10_h10] Meshing started with target h = 10
2025-07-30 14:23:14,118 | ERROR    | [Station_10_h10] Mesh contains no points or triangles
2025-07-30 14:23:14,119 | INFO     | [Station_10_h10] Mesh created successfully
2025-07-30 14:23:14,119 | DEBUG    | [Station_10_h10] Starting section property calculation …
2025-07-30 14:23:14,189 | ERROR    | [Station_10_h10] SectionDXF returned no data
2025-07-30 14:23:14,190 | WARNING  | [Station_10_h10] Skipped due to section analysis failure.
2025-07-30 14:23:14,191 | INFO     | [3/3] Processing mesh size h = 2.5
2025-07-30 14:23:14,191 | DEBUG    | [Station_10_h2.5] Copying geometry and initiating meshing …
2025-07-30 14:23:14,193 | INFO     | Logger initialized for MeshDXF [Station_10_h2.5]
2025-07-30 14:23:14,193 | INFO     | [Station_10_h2.5] Meshing started with target h = 2.5
2025-07-30 14:23:14,261 | ERROR    | [Station_10_h2.5] Mesh contains no points or triangles
2025-07-30 14:23:14,261 | INFO     | [Station_10_h2.5] Mesh created successfully
2025-07-30 14:23:14,261 | DEBUG    | [Station_10_h2.5] Starting section property calculation …
2025-07-30 14:23:14,335 | ERROR    | [Station_10_h2.5] SectionDXF returned no data
2025-07-30 14:23:14,337 | WARNING  | [Station_10_h2.5] Skipped due to section analysis failure.
2025-07-30 14:23:14,337 | INFO     | Convergence study completed: 0 successful, 3 attempted
2025-07-30 14:23:14,342 | INFO     | Section analysis result set saved
2025-07-30 14:23:14,343 | INFO     | Logging initialized for ProcessSectionAnalysis
2025-07-30 14:23:14,343 | INFO     | Station Station_12 [Analysis]: DXF=C:\Users\Sam Hughes\Desktop\geometry_tools\n_sections\blade\Station_12.dxf, twist=1.4°, centroid=(0.00, -0.00)
2025-07-30 14:23:14,343 | INFO     | Logger initialized for RawGeometry Station_12
2025-07-30 14:23:14,344 | INFO     | Reading DXF file: C:\Users\Sam Hughes\Desktop\geometry_tools\n_sections\blade\Station_12.dxf
2025-07-30 14:23:14,356 | INFO     | DXF version upgrade to DXF R2000.
2025-07-30 14:23:14,360 | INFO     | creating ACAD_COLOR dictionary
2025-07-30 14:23:14,361 | INFO     | creating ACAD_PLOTSTYLENAME dictionary
2025-07-30 14:23:14,361 | INFO     | creating ACAD_TABLESTYLE dictionary
2025-07-30 14:23:14,361 | DEBUG    | Parsed LINE entity with 50 points
2025-07-30 14:23:14,362 | DEBUG    | Parsed LINE entity with 50 points
2025-07-30 14:23:14,362 | DEBUG    | Parsed LINE entity with 50 points
2025-07-30 14:23:14,362 | DEBUG    | Parsed LINE entity with 50 points
2025-07-30 14:23:14,363 | DEBUG    | Parsed ARC entity with 100 points
2025-07-30 14:23:14,363 | DEBUG    | Parsed LINE entity with 50 points
2025-07-30 14:23:14,363 | DEBUG    | Parsed LINE entity with 50 points
2025-07-30 14:23:14,363 | DEBUG    | Parsed LINE entity with 50 points
2025-07-30 14:23:14,363 | DEBUG    | Parsed LINE entity with 50 points
2025-07-30 14:23:14,364 | DEBUG    | Parsed LINE entity with 50 points
2025-07-30 14:23:14,364 | DEBUG    | Parsed LINE entity with 50 points
2025-07-30 14:23:14,364 | DEBUG    | Parsed LINE entity with 50 points
2025-07-30 14:23:14,365 | DEBUG    | Parsed LINE entity with 50 points
2025-07-30 14:23:14,365 | DEBUG    | Parsed LINE entity with 50 points
2025-07-30 14:23:14,365 | DEBUG    | Parsed LINE entity with 50 points
2025-07-30 14:23:14,365 | DEBUG    | Parsed LINE entity with 50 points
2025-07-30 14:23:14,365 | DEBUG    | Parsed LINE entity with 50 points
2025-07-30 14:23:14,365 | DEBUG    | Parsed LINE entity with 50 points
2025-07-30 14:23:14,367 | DEBUG    | Parsed LINE entity with 50 points
2025-07-30 14:23:14,367 | DEBUG    | Parsed LINE entity with 50 points
2025-07-30 14:23:14,367 | DEBUG    | Parsed LINE entity with 50 points
2025-07-30 14:23:14,367 | DEBUG    | Parsed LINE entity with 50 points
2025-07-30 14:23:14,367 | DEBUG    | Parsed LINE entity with 50 points
2025-07-30 14:23:14,368 | DEBUG    | Parsed LINE entity with 50 points
2025-07-30 14:23:14,368 | DEBUG    | Parsed LINE entity with 50 points
2025-07-30 14:23:14,368 | DEBUG    | Parsed LINE entity with 50 points
2025-07-30 14:23:14,368 | DEBUG    | Parsed LINE entity with 50 points
2025-07-30 14:23:14,369 | DEBUG    | Parsed LINE entity with 50 points
2025-07-30 14:23:14,369 | DEBUG    | Parsed LINE entity with 50 points
2025-07-30 14:23:14,369 | DEBUG    | Parsed ARC entity with 100 points
2025-07-30 14:23:14,370 | DEBUG    | Parsed ARC entity with 100 points
2025-07-30 14:23:14,370 | DEBUG    | Parsed LINE entity with 50 points
2025-07-30 14:23:14,371 | DEBUG    | Parsed ARC entity with 100 points
2025-07-30 14:23:14,371 | DEBUG    | Parsed LINE entity with 50 points
2025-07-30 14:23:14,372 | DEBUG    | Parsed LINE entity with 50 points
2025-07-30 14:23:14,372 | DEBUG    | Parsed LINE entity with 50 points
2025-07-30 14:23:14,372 | DEBUG    | Parsed LINE entity with 50 points
2025-07-30 14:23:14,372 | DEBUG    | Parsed LINE entity with 50 points
2025-07-30 14:23:14,373 | DEBUG    | Parsed LINE entity with 50 points
2025-07-30 14:23:14,373 | DEBUG    | Parsed ARC entity with 100 points
2025-07-30 14:23:14,373 | DEBUG    | Parsed LINE entity with 50 points
2025-07-30 14:23:14,373 | DEBUG    | Parsed LINE entity with 50 points
2025-07-30 14:23:14,374 | DEBUG    | Parsed LINE entity with 50 points
2025-07-30 14:23:14,374 | DEBUG    | Parsed LINE entity with 50 points
2025-07-30 14:23:14,374 | DEBUG    | Parsed ARC entity with 100 points
2025-07-30 14:23:14,375 | DEBUG    | Parsed LINE entity with 50 points
2025-07-30 14:23:14,375 | INFO     | Extraction complete: 46 entities, 2600 total points.
2025-07-30 14:23:14,443 | INFO     | Plotting 46 DXF entities for preview...
2025-07-30 14:23:14,610 | INFO     | Raw preview saved -> C:\Users\Sam Hughes\Desktop\geometry_tools\n_sections\results\analysis\Station_12\raw_Station_12.png
2025-07-30 14:23:14,612 | INFO     | Logger initialized for ProcessedGeometry [Station_12]
2025-07-30 14:23:14,612 | INFO     | Importing DXF geometry from C:\Users\Sam Hughes\Desktop\geometry_tools\n_sections\blade\Station_12.dxf
2025-07-30 14:23:14,625 | INFO     | DXF version upgrade to DXF R2000.
2025-07-30 14:23:14,628 | INFO     | creating ACAD_COLOR dictionary
2025-07-30 14:23:14,628 | INFO     | creating ACAD_PLOTSTYLENAME dictionary
2025-07-30 14:23:14,628 | INFO     | creating ACAD_TABLESTYLE dictionary
2025-07-30 14:23:14,630 | INFO     | cleanup is depreciated BTW. Use the polygonize function instead
2025-07-30 14:23:14,697 | INFO     | Zipped 91 points
2025-07-30 14:23:14,699 | INFO     | DXF import complete
2025-07-30 14:23:14,700 | DEBUG    | Scaled single geometry to metres
2025-07-30 14:23:14,700 | DEBUG    | Resampling polygon: 182 points, target=400 points, perimeter=0.105536
2025-07-30 14:23:14,702 | DEBUG    | Resampled exterior generated with 400 points
2025-07-30 14:23:14,702 | DEBUG    | Resampled polygon 0 with 400 exterior nodes
2025-07-30 14:23:14,705 | INFO     | Resampling and geometry reconstruction complete
2025-07-30 14:23:14,705 | INFO     | [Station_12] Current blade twist: 0.38°, Desired: 1.43°, Delta: 1.06°
2025-07-30 14:23:14,707 | INFO     | [Station_12] Section rotated by 1.06° (about origin, twist axis ratio was 33.30%).
2025-07-30 14:23:14,707 | INFO     | Applied twist rotation: 1.43°
2025-07-30 14:23:14,707 | INFO     | Logger initialized for CentroidOffset [Station_12]
2025-07-30 14:23:14,715 | INFO     | Geometry meshed with mesh_sizes = 0.5
2025-07-30 14:23:15,114 | INFO     | Actual centroid: (0.0131, 0.0012)
2025-07-30 14:23:15,114 | INFO     | Target centroid: (0.0011, -0.0045)
2025-07-30 14:23:15,115 | INFO     | Translation to apply: dx=-0.0121, dy=-0.0057
2025-07-30 14:23:15,116 | INFO     | Section successfully translated.
2025-07-30 14:23:15,117 | INFO     | Applied centroid translation to (0.001, -0.005)
2025-07-30 14:23:15,117 | INFO     | Processed geometry completed for Station_12
2025-07-30 14:23:15,118 | INFO     | Processed and aligned geometry extracted for Station_12
2025-07-30 14:23:15,118 | WARNING  | Material assignment failed for Station_12: 'Geometry' object has no attribute 'assign_material'
Traceback (most recent call last):
  File "c:\Users\Sam Hughes\Desktop\geometry_tools\n_sections\analysis\process_section_analysis.py", line 121, in _process_and_preview_geometry
    geom_aligned.assign_material(self.material)
    ^^^^^^^^^^^^^^^^^^^^^^^^^^^^
AttributeError: 'Geometry' object has no attribute 'assign_material'
2025-07-30 14:23:15,891 | INFO     | Processed geometry preview saved -> C:\Users\Sam Hughes\Desktop\geometry_tools\n_sections\results\analysis\Station_12\processed_Station_12.png
2025-07-30 14:23:15,891 | INFO     | Starting section convergence study …
2025-07-30 14:23:15,892 | INFO     | Logger initialized for ConvergenceStudy [Station_12]
2025-07-30 14:23:15,892 | INFO     | Starting convergence study over 3 mesh sizes: [40.  10.   2.5]
2025-07-30 14:23:15,893 | INFO     | [1/3] Processing mesh size h = 40
2025-07-30 14:23:15,893 | DEBUG    | [Station_12_h40] Copying geometry and initiating meshing …
2025-07-30 14:23:15,895 | INFO     | Logger initialized for MeshDXF [Station_12_h40]
2025-07-30 14:23:15,896 | INFO     | [Station_12_h40] Meshing started with target h = 40
2025-07-30 14:23:15,905 | ERROR    | [Station_12_h40] Mesh contains no points or triangles
2025-07-30 14:23:15,906 | INFO     | [Station_12_h40] Mesh created successfully
2025-07-30 14:23:15,906 | DEBUG    | [Station_12_h40] Starting section property calculation …
2025-07-30 14:23:15,975 | ERROR    | [Station_12_h40] SectionDXF returned no data
2025-07-30 14:23:15,977 | WARNING  | [Station_12_h40] Skipped due to section analysis failure.
2025-07-30 14:23:15,977 | INFO     | [2/3] Processing mesh size h = 10
2025-07-30 14:23:15,977 | DEBUG    | [Station_12_h10] Copying geometry and initiating meshing …
2025-07-30 14:23:15,980 | INFO     | Logger initialized for MeshDXF [Station_12_h10]
2025-07-30 14:23:15,981 | INFO     | [Station_12_h10] Meshing started with target h = 10
2025-07-30 14:23:15,989 | ERROR    | [Station_12_h10] Mesh contains no points or triangles
2025-07-30 14:23:15,989 | INFO     | [Station_12_h10] Mesh created successfully
2025-07-30 14:23:15,989 | DEBUG    | [Station_12_h10] Starting section property calculation …
2025-07-30 14:23:16,076 | ERROR    | [Station_12_h10] SectionDXF returned no data
2025-07-30 14:23:16,077 | WARNING  | [Station_12_h10] Skipped due to section analysis failure.
2025-07-30 14:23:16,077 | INFO     | [3/3] Processing mesh size h = 2.5
2025-07-30 14:23:16,077 | DEBUG    | [Station_12_h2.5] Copying geometry and initiating meshing …
2025-07-30 14:23:16,079 | INFO     | Logger initialized for MeshDXF [Station_12_h2.5]
2025-07-30 14:23:16,080 | INFO     | [Station_12_h2.5] Meshing started with target h = 2.5
2025-07-30 14:23:16,137 | ERROR    | [Station_12_h2.5] Mesh contains no points or triangles
2025-07-30 14:23:16,139 | INFO     | [Station_12_h2.5] Mesh created successfully
2025-07-30 14:23:16,139 | DEBUG    | [Station_12_h2.5] Starting section property calculation …
2025-07-30 14:23:16,205 | ERROR    | [Station_12_h2.5] SectionDXF returned no data
2025-07-30 14:23:16,207 | WARNING  | [Station_12_h2.5] Skipped due to section analysis failure.
2025-07-30 14:23:16,207 | INFO     | Convergence study completed: 0 successful, 3 attempted
2025-07-30 14:23:16,209 | INFO     | Section analysis result set saved
2025-07-30 14:23:16,210 | INFO     | Logging initialized for ProcessSectionAnalysis
2025-07-30 14:23:16,210 | INFO     | Station Station_14 [Analysis]: DXF=C:\Users\Sam Hughes\Desktop\geometry_tools\n_sections\blade\Station_14.dxf, twist=0.3°, centroid=(0.00, -0.00)
2025-07-30 14:23:16,211 | INFO     | Logger initialized for RawGeometry Station_14
2025-07-30 14:23:16,211 | INFO     | Reading DXF file: C:\Users\Sam Hughes\Desktop\geometry_tools\n_sections\blade\Station_14.dxf
2025-07-30 14:23:16,222 | INFO     | DXF version upgrade to DXF R2000.
2025-07-30 14:23:16,227 | INFO     | creating ACAD_COLOR dictionary
2025-07-30 14:23:16,227 | INFO     | creating ACAD_PLOTSTYLENAME dictionary
2025-07-30 14:23:16,228 | INFO     | creating ACAD_TABLESTYLE dictionary
2025-07-30 14:23:16,229 | DEBUG    | Parsed LINE entity with 50 points
2025-07-30 14:23:16,229 | DEBUG    | Parsed LINE entity with 50 points
2025-07-30 14:23:16,230 | DEBUG    | Parsed LINE entity with 50 points
2025-07-30 14:23:16,230 | DEBUG    | Parsed ARC entity with 100 points
2025-07-30 14:23:16,231 | DEBUG    | Parsed LINE entity with 50 points
2025-07-30 14:23:16,231 | DEBUG    | Parsed LINE entity with 50 points
2025-07-30 14:23:16,231 | DEBUG    | Parsed LINE entity with 50 points
2025-07-30 14:23:16,232 | DEBUG    | Parsed LINE entity with 50 points
2025-07-30 14:23:16,232 | DEBUG    | Parsed LINE entity with 50 points
2025-07-30 14:23:16,232 | DEBUG    | Parsed LINE entity with 50 points
2025-07-30 14:23:16,233 | DEBUG    | Parsed LINE entity with 50 points
2025-07-30 14:23:16,233 | DEBUG    | Parsed LINE entity with 50 points
2025-07-30 14:23:16,233 | DEBUG    | Parsed LINE entity with 50 points
2025-07-30 14:23:16,234 | DEBUG    | Parsed LINE entity with 50 points
2025-07-30 14:23:16,234 | DEBUG    | Parsed LINE entity with 50 points
2025-07-30 14:23:16,234 | DEBUG    | Parsed LINE entity with 50 points
2025-07-30 14:23:16,234 | DEBUG    | Parsed LINE entity with 50 points
2025-07-30 14:23:16,234 | DEBUG    | Parsed LINE entity with 50 points
2025-07-30 14:23:16,236 | DEBUG    | Parsed LINE entity with 50 points
2025-07-30 14:23:16,236 | DEBUG    | Parsed LINE entity with 50 points
2025-07-30 14:23:16,236 | DEBUG    | Parsed LINE entity with 50 points
2025-07-30 14:23:16,236 | DEBUG    | Parsed LINE entity with 50 points
2025-07-30 14:23:16,237 | DEBUG    | Parsed LINE entity with 50 points
2025-07-30 14:23:16,237 | DEBUG    | Parsed LINE entity with 50 points
2025-07-30 14:23:16,237 | DEBUG    | Parsed LINE entity with 50 points
2025-07-30 14:23:16,238 | DEBUG    | Parsed LINE entity with 50 points
2025-07-30 14:23:16,238 | DEBUG    | Parsed LINE entity with 50 points
2025-07-30 14:23:16,238 | DEBUG    | Parsed LINE entity with 50 points
2025-07-30 14:23:16,238 | DEBUG    | Parsed LINE entity with 50 points
2025-07-30 14:23:16,238 | DEBUG    | Parsed LINE entity with 50 points
2025-07-30 14:23:16,239 | DEBUG    | Parsed LINE entity with 50 points
2025-07-30 14:23:16,239 | DEBUG    | Parsed LINE entity with 50 points
2025-07-30 14:23:16,239 | DEBUG    | Parsed LINE entity with 50 points
2025-07-30 14:23:16,239 | DEBUG    | Parsed LINE entity with 50 points
2025-07-30 14:23:16,239 | DEBUG    | Parsed LINE entity with 50 points
2025-07-30 14:23:16,240 | DEBUG    | Parsed LINE entity with 50 points
2025-07-30 14:23:16,240 | DEBUG    | Parsed LINE entity with 50 points
2025-07-30 14:23:16,240 | DEBUG    | Parsed LINE entity with 50 points
2025-07-30 14:23:16,241 | DEBUG    | Parsed LINE entity with 50 points
2025-07-30 14:23:16,241 | DEBUG    | Parsed LINE entity with 50 points
2025-07-30 14:23:16,241 | DEBUG    | Parsed LINE entity with 50 points
2025-07-30 14:23:16,241 | DEBUG    | Parsed LINE entity with 50 points
2025-07-30 14:23:16,242 | DEBUG    | Parsed LINE entity with 50 points
2025-07-30 14:23:16,242 | DEBUG    | Parsed LINE entity with 50 points
2025-07-30 14:23:16,242 | DEBUG    | Parsed LINE entity with 50 points
2025-07-30 14:23:16,242 | DEBUG    | Parsed LINE entity with 50 points
2025-07-30 14:23:16,243 | DEBUG    | Parsed LINE entity with 50 points
2025-07-30 14:23:16,243 | DEBUG    | Parsed LINE entity with 50 points
2025-07-30 14:23:16,243 | DEBUG    | Parsed LINE entity with 50 points
2025-07-30 14:23:16,243 | DEBUG    | Parsed LINE entity with 50 points
2025-07-30 14:23:16,244 | DEBUG    | Parsed LINE entity with 50 points
2025-07-30 14:23:16,244 | DEBUG    | Parsed LINE entity with 50 points
2025-07-30 14:23:16,244 | INFO     | Extraction complete: 52 entities, 2650 total points.
2025-07-30 14:23:16,312 | INFO     | Plotting 52 DXF entities for preview...
2025-07-30 14:23:16,483 | INFO     | Raw preview saved -> C:\Users\Sam Hughes\Desktop\geometry_tools\n_sections\results\analysis\Station_14\raw_Station_14.png
2025-07-30 14:23:16,484 | INFO     | Logger initialized for ProcessedGeometry [Station_14]
2025-07-30 14:23:16,485 | INFO     | Importing DXF geometry from C:\Users\Sam Hughes\Desktop\geometry_tools\n_sections\blade\Station_14.dxf
2025-07-30 14:23:16,496 | INFO     | DXF version upgrade to DXF R2000.
2025-07-30 14:23:16,499 | INFO     | creating ACAD_COLOR dictionary
2025-07-30 14:23:16,499 | INFO     | creating ACAD_PLOTSTYLENAME dictionary
2025-07-30 14:23:16,499 | INFO     | creating ACAD_TABLESTYLE dictionary
2025-07-30 14:23:16,501 | INFO     | cleanup is depreciated BTW. Use the polygonize function instead
2025-07-30 14:23:16,585 | INFO     | Zipped 73 points
2025-07-30 14:23:16,586 | INFO     | DXF import complete
2025-07-30 14:23:16,587 | DEBUG    | Scaled single geometry to metres
2025-07-30 14:23:16,587 | DEBUG    | Resampling polygon: 56 points, target=400 points, perimeter=0.086934
2025-07-30 14:23:16,589 | DEBUG    | Resampled exterior generated with 400 points
2025-07-30 14:23:16,589 | DEBUG    | Resampled polygon 0 with 400 exterior nodes
2025-07-30 14:23:16,590 | INFO     | Resampling and geometry reconstruction complete
2025-07-30 14:23:16,591 | INFO     | [Station_14] Current blade twist: -0.36°, Desired: 0.32°, Delta: 0.68°
2025-07-30 14:23:16,593 | INFO     | [Station_14] Section rotated by 0.68° (about origin, twist axis ratio was 33.30%).
2025-07-30 14:23:16,593 | INFO     | Applied twist rotation: 0.32°
2025-07-30 14:23:16,594 | INFO     | Logger initialized for CentroidOffset [Station_14]
2025-07-30 14:23:16,602 | INFO     | Geometry meshed with mesh_sizes = 0.5
2025-07-30 14:23:16,999 | INFO     | Actual centroid: (0.0178, 0.0006)
2025-07-30 14:23:16,999 | INFO     | Target centroid: (0.0008, -0.0024)
2025-07-30 14:23:17,000 | INFO     | Translation to apply: dx=-0.0169, dy=-0.0031
2025-07-30 14:23:17,001 | INFO     | Section successfully translated.
2025-07-30 14:23:17,002 | INFO     | Applied centroid translation to (0.001, -0.002)
2025-07-30 14:23:17,003 | INFO     | Processed geometry completed for Station_14
2025-07-30 14:23:17,003 | INFO     | Processed and aligned geometry extracted for Station_14
2025-07-30 14:23:17,004 | WARNING  | Material assignment failed for Station_14: 'Geometry' object has no attribute 'assign_material'
Traceback (most recent call last):
  File "c:\Users\Sam Hughes\Desktop\geometry_tools\n_sections\analysis\process_section_analysis.py", line 121, in _process_and_preview_geometry
    geom_aligned.assign_material(self.material)
    ^^^^^^^^^^^^^^^^^^^^^^^^^^^^
AttributeError: 'Geometry' object has no attribute 'assign_material'
2025-07-30 14:23:17,743 | INFO     | Processed geometry preview saved -> C:\Users\Sam Hughes\Desktop\geometry_tools\n_sections\results\analysis\Station_14\processed_Station_14.png
2025-07-30 14:23:17,743 | INFO     | Starting section convergence study …
2025-07-30 14:23:17,744 | INFO     | Logger initialized for ConvergenceStudy [Station_14]
2025-07-30 14:23:17,744 | INFO     | Starting convergence study over 3 mesh sizes: [40.  10.   2.5]
2025-07-30 14:23:17,745 | INFO     | [1/3] Processing mesh size h = 40
2025-07-30 14:23:17,746 | DEBUG    | [Station_14_h40] Copying geometry and initiating meshing …
2025-07-30 14:23:17,748 | INFO     | Logger initialized for MeshDXF [Station_14_h40]
2025-07-30 14:23:17,748 | INFO     | [Station_14_h40] Meshing started with target h = 40
2025-07-30 14:23:17,757 | ERROR    | [Station_14_h40] Mesh contains no points or triangles
2025-07-30 14:23:17,758 | INFO     | [Station_14_h40] Mesh created successfully
2025-07-30 14:23:17,758 | DEBUG    | [Station_14_h40] Starting section property calculation …
2025-07-30 14:23:17,825 | ERROR    | [Station_14_h40] SectionDXF returned no data
2025-07-30 14:23:17,827 | WARNING  | [Station_14_h40] Skipped due to section analysis failure.
2025-07-30 14:23:17,827 | INFO     | [2/3] Processing mesh size h = 10
2025-07-30 14:23:17,828 | DEBUG    | [Station_14_h10] Copying geometry and initiating meshing …
2025-07-30 14:23:17,830 | INFO     | Logger initialized for MeshDXF [Station_14_h10]
2025-07-30 14:23:17,830 | INFO     | [Station_14_h10] Meshing started with target h = 10
2025-07-30 14:23:17,837 | ERROR    | [Station_14_h10] Mesh contains no points or triangles
2025-07-30 14:23:17,837 | INFO     | [Station_14_h10] Mesh created successfully
2025-07-30 14:23:17,837 | DEBUG    | [Station_14_h10] Starting section property calculation …
2025-07-30 14:23:17,904 | ERROR    | [Station_14_h10] SectionDXF returned no data
2025-07-30 14:23:17,905 | WARNING  | [Station_14_h10] Skipped due to section analysis failure.
2025-07-30 14:23:17,905 | INFO     | [3/3] Processing mesh size h = 2.5
2025-07-30 14:23:17,905 | DEBUG    | [Station_14_h2.5] Copying geometry and initiating meshing …
2025-07-30 14:23:17,908 | INFO     | Logger initialized for MeshDXF [Station_14_h2.5]
2025-07-30 14:23:17,908 | INFO     | [Station_14_h2.5] Meshing started with target h = 2.5
2025-07-30 14:23:17,970 | ERROR    | [Station_14_h2.5] Mesh contains no points or triangles
2025-07-30 14:23:17,970 | INFO     | [Station_14_h2.5] Mesh created successfully
2025-07-30 14:23:17,970 | DEBUG    | [Station_14_h2.5] Starting section property calculation …
2025-07-30 14:23:18,037 | ERROR    | [Station_14_h2.5] SectionDXF returned no data
2025-07-30 14:23:18,038 | WARNING  | [Station_14_h2.5] Skipped due to section analysis failure.
2025-07-30 14:23:18,038 | INFO     | Convergence study completed: 0 successful, 3 attempted
2025-07-30 14:23:18,040 | INFO     | Section analysis result set saved
