2025-07-28 15:17:17,431 - INFO - [Station_10_h40] Starting geometric analysis...
2025-07-28 15:17:17,872 - INFO - [Station_10_h40] Starting warping analysis (required for J)...
2025-07-28 15:17:18,946 - INFO - [Station_10_h40] Success at h = 40.0000
2025-07-28 15:17:19,048 - INFO - [Station_10_h10] Starting geometric analysis...
2025-07-28 15:17:19,189 - INFO - [Station_10_h10] Starting warping analysis (required for J)...
2025-07-28 15:17:19,898 - INFO - [Station_10_h10] Success at h = 10.0000
2025-07-28 15:17:19,998 - INFO - [Station_10_h2.5] Starting geometric analysis...
2025-07-28 15:17:20,134 - INFO - [Station_10_h2.5] Starting warping analysis (required for J)...
2025-07-28 15:17:20,888 - INFO - [Station_10_h2.5] Success at h = 2.5000
2025-07-28 15:17:20,988 - INFO - [Station_10_h0.625] Starting geometric analysis...
2025-07-28 15:17:21,126 - INFO - [Station_10_h0.625] Starting warping analysis (required for J)...
2025-07-28 15:17:21,964 - INFO - [Station_10_h0.625] Success at h = 0.6250
2025-07-28 15:17:22,073 - INFO - [Station_10_h0.1562] Starting geometric analysis...
2025-07-28 15:17:22,208 - INFO - [Station_10_h0.1562] Starting warping analysis (required for J)...
2025-07-28 15:17:22,930 - INFO - [Station_10_h0.1562] Success at h = 0.1562
2025-07-28 19:18:37,282 - INFO - [Station_10_h40] Starting geometric analysis...
2025-07-28 19:18:37,724 - INFO - [Station_10_h40] Starting warping analysis (required for J)...
2025-07-28 19:18:38,745 - INFO - [Station_10_h40] Success at h = 40.0000
2025-07-28 19:18:38,899 - INFO - [Station_10_h10] Starting geometric analysis...
2025-07-28 19:18:39,041 - INFO - [Station_10_h10] Starting warping analysis (required for J)...
2025-07-28 19:18:39,795 - INFO - [Station_10_h10] Success at h = 10.0000
2025-07-28 19:18:39,911 - INFO - [Station_10_h2.5] Starting geometric analysis...
2025-07-28 19:18:40,047 - INFO - [Station_10_h2.5] Starting warping analysis (required for J)...
2025-07-28 19:18:40,779 - INFO - [Station_10_h2.5] Success at h = 2.5000
2025-07-28 19:18:40,878 - INFO - [Station_10_h0.625] Starting geometric analysis...
2025-07-28 19:18:41,015 - INFO - [Station_10_h0.625] Starting warping analysis (required for J)...
2025-07-28 19:18:41,879 - INFO - [Station_10_h0.625] Success at h = 0.6250
2025-07-28 19:18:41,996 - INFO - [Station_10_h0.1562] Starting geometric analysis...
2025-07-28 19:18:42,150 - INFO - [Station_10_h0.1562] Starting warping analysis (required for J)...
2025-07-28 19:18:42,911 - INFO - [Station_10_h0.1562] Success at h = 0.1562
2025-07-29 15:03:26,297 - INFO - [Station_10_h40] Starting geometric analysis...
2025-07-29 15:03:26,637 - ERROR - [Station_10_h40] Geometric analysis failed: unsupported operand type(s) for *: 'NoneType' and 'float'
Traceback (most recent call last):
  File "C:\Users\Sam Hughes\Desktop\geometry_tools\n_sections\analysis\geom_utils\section_dxf.py", line 97, in _geometric_analysis
    sx * M3_TO_MM3, sy * M3_TO_MM3,
    ~~~^~~~~~~~~~~
TypeError: unsupported operand type(s) for *: 'NoneType' and 'float'
2025-07-29 15:03:26,638 - INFO - [Station_10_h40] Starting warping analysis...
2025-07-29 15:03:27,462 - ERROR - [Station_10_h40] Warping analysis failed: unsupported operand type(s) for *: 'NoneType' and 'float'
Traceback (most recent call last):
  File "C:\Users\Sam Hughes\Desktop\geometry_tools\n_sections\analysis\geom_utils\section_dxf.py", line 122, in _warping_analysis
    cw * M6_TO_MM6,
    ~~~^~~~~~~~~~~
TypeError: unsupported operand type(s) for *: 'NoneType' and 'float'
2025-07-29 15:03:27,462 - ERROR - [Station_10_h40] Geometric analysis failed — skipping values.
2025-07-29 15:03:27,462 - ERROR - [Station_10_h40] Warping analysis failed — skipping values.
2025-07-29 15:03:27,462 - INFO - [Station_10_h40] SectionDXF row assembled with partial success.
2025-07-29 15:03:27,551 - INFO - [Station_10_h10] Starting geometric analysis...
2025-07-29 15:03:27,644 - ERROR - [Station_10_h10] Geometric analysis failed: unsupported operand type(s) for *: 'NoneType' and 'float'
Traceback (most recent call last):
  File "C:\Users\Sam Hughes\Desktop\geometry_tools\n_sections\analysis\geom_utils\section_dxf.py", line 97, in _geometric_analysis
    sx * M3_TO_MM3, sy * M3_TO_MM3,
    ~~~^~~~~~~~~~~
TypeError: unsupported operand type(s) for *: 'NoneType' and 'float'
2025-07-29 15:03:27,644 - INFO - [Station_10_h10] Starting warping analysis...
2025-07-29 15:03:28,231 - ERROR - [Station_10_h10] Warping analysis failed: unsupported operand type(s) for *: 'NoneType' and 'float'
Traceback (most recent call last):
  File "C:\Users\Sam Hughes\Desktop\geometry_tools\n_sections\analysis\geom_utils\section_dxf.py", line 122, in _warping_analysis
    cw * M6_TO_MM6,
    ~~~^~~~~~~~~~~
TypeError: unsupported operand type(s) for *: 'NoneType' and 'float'
2025-07-29 15:03:28,232 - ERROR - [Station_10_h10] Geometric analysis failed — skipping values.
2025-07-29 15:03:28,232 - ERROR - [Station_10_h10] Warping analysis failed — skipping values.
2025-07-29 15:03:28,232 - INFO - [Station_10_h10] SectionDXF row assembled with partial success.
2025-07-29 15:03:28,317 - INFO - [Station_10_h2.5] Starting geometric analysis...
2025-07-29 15:03:28,413 - ERROR - [Station_10_h2.5] Geometric analysis failed: unsupported operand type(s) for *: 'NoneType' and 'float'
Traceback (most recent call last):
  File "C:\Users\Sam Hughes\Desktop\geometry_tools\n_sections\analysis\geom_utils\section_dxf.py", line 97, in _geometric_analysis
    sx * M3_TO_MM3, sy * M3_TO_MM3,
    ~~~^~~~~~~~~~~
TypeError: unsupported operand type(s) for *: 'NoneType' and 'float'
2025-07-29 15:03:28,413 - INFO - [Station_10_h2.5] Starting warping analysis...
2025-07-29 15:03:28,999 - ERROR - [Station_10_h2.5] Warping analysis failed: unsupported operand type(s) for *: 'NoneType' and 'float'
Traceback (most recent call last):
  File "C:\Users\Sam Hughes\Desktop\geometry_tools\n_sections\analysis\geom_utils\section_dxf.py", line 122, in _warping_analysis
    cw * M6_TO_MM6,
    ~~~^~~~~~~~~~~
TypeError: unsupported operand type(s) for *: 'NoneType' and 'float'
2025-07-29 15:03:28,999 - ERROR - [Station_10_h2.5] Geometric analysis failed — skipping values.
2025-07-29 15:03:28,999 - ERROR - [Station_10_h2.5] Warping analysis failed — skipping values.
2025-07-29 15:03:28,999 - INFO - [Station_10_h2.5] SectionDXF row assembled with partial success.
2025-07-29 15:03:29,092 - INFO - [Station_10_h0.625] Starting geometric analysis...
2025-07-29 15:03:29,191 - ERROR - [Station_10_h0.625] Geometric analysis failed: unsupported operand type(s) for *: 'NoneType' and 'float'
Traceback (most recent call last):
  File "C:\Users\Sam Hughes\Desktop\geometry_tools\n_sections\analysis\geom_utils\section_dxf.py", line 97, in _geometric_analysis
    sx * M3_TO_MM3, sy * M3_TO_MM3,
    ~~~^~~~~~~~~~~
TypeError: unsupported operand type(s) for *: 'NoneType' and 'float'
2025-07-29 15:03:29,191 - INFO - [Station_10_h0.625] Starting warping analysis...
2025-07-29 15:03:29,764 - ERROR - [Station_10_h0.625] Warping analysis failed: unsupported operand type(s) for *: 'NoneType' and 'float'
Traceback (most recent call last):
  File "C:\Users\Sam Hughes\Desktop\geometry_tools\n_sections\analysis\geom_utils\section_dxf.py", line 122, in _warping_analysis
    cw * M6_TO_MM6,
    ~~~^~~~~~~~~~~
TypeError: unsupported operand type(s) for *: 'NoneType' and 'float'
2025-07-29 15:03:29,765 - ERROR - [Station_10_h0.625] Geometric analysis failed — skipping values.
2025-07-29 15:03:29,765 - ERROR - [Station_10_h0.625] Warping analysis failed — skipping values.
2025-07-29 15:03:29,765 - INFO - [Station_10_h0.625] SectionDXF row assembled with partial success.
2025-07-29 15:03:29,883 - INFO - [Station_10_h0.1562] Starting geometric analysis...
2025-07-29 15:03:29,982 - ERROR - [Station_10_h0.1562] Geometric analysis failed: unsupported operand type(s) for *: 'NoneType' and 'float'
Traceback (most recent call last):
  File "C:\Users\Sam Hughes\Desktop\geometry_tools\n_sections\analysis\geom_utils\section_dxf.py", line 97, in _geometric_analysis
    sx * M3_TO_MM3, sy * M3_TO_MM3,
    ~~~^~~~~~~~~~~
TypeError: unsupported operand type(s) for *: 'NoneType' and 'float'
2025-07-29 15:03:29,982 - INFO - [Station_10_h0.1562] Starting warping analysis...
2025-07-29 15:03:30,547 - ERROR - [Station_10_h0.1562] Warping analysis failed: unsupported operand type(s) for *: 'NoneType' and 'float'
Traceback (most recent call last):
  File "C:\Users\Sam Hughes\Desktop\geometry_tools\n_sections\analysis\geom_utils\section_dxf.py", line 122, in _warping_analysis
    cw * M6_TO_MM6,
    ~~~^~~~~~~~~~~
TypeError: unsupported operand type(s) for *: 'NoneType' and 'float'
2025-07-29 15:03:30,547 - ERROR - [Station_10_h0.1562] Geometric analysis failed — skipping values.
2025-07-29 15:03:30,547 - ERROR - [Station_10_h0.1562] Warping analysis failed — skipping values.
2025-07-29 15:03:30,547 - INFO - [Station_10_h0.1562] SectionDXF row assembled with partial success.
2025-07-29 15:07:21,388 - INFO - [Station_10_h40] Starting geometric analysis...
2025-07-29 15:07:21,732 - ERROR - [Station_10_h40] Geometric analysis failed: unsupported operand type(s) for *: 'NoneType' and 'float'
Traceback (most recent call last):
  File "C:\Users\Sam Hughes\Desktop\geometry_tools\n_sections\analysis\geom_utils\section_dxf.py", line 97, in _geometric_analysis
    sx * M3_TO_MM3, sy * M3_TO_MM3,
    ~~~^~~~~~~~~~~
TypeError: unsupported operand type(s) for *: 'NoneType' and 'float'
2025-07-29 15:07:21,732 - INFO - [Station_10_h40] Starting warping analysis...
2025-07-29 15:07:22,583 - ERROR - [Station_10_h40] Warping analysis failed: unsupported operand type(s) for *: 'NoneType' and 'float'
Traceback (most recent call last):
  File "C:\Users\Sam Hughes\Desktop\geometry_tools\n_sections\analysis\geom_utils\section_dxf.py", line 122, in _warping_analysis
    cw * M6_TO_MM6,
    ~~~^~~~~~~~~~~
TypeError: unsupported operand type(s) for *: 'NoneType' and 'float'
2025-07-29 15:07:22,583 - ERROR - [Station_10_h40] Geometric analysis failed — skipping values.
2025-07-29 15:07:22,583 - ERROR - [Station_10_h40] Warping analysis failed — skipping values.
2025-07-29 15:07:22,583 - INFO - [Station_10_h40] SectionDXF row assembled with partial success.
2025-07-29 15:07:22,670 - INFO - [Station_10_h10] Starting geometric analysis...
2025-07-29 15:07:22,767 - ERROR - [Station_10_h10] Geometric analysis failed: unsupported operand type(s) for *: 'NoneType' and 'float'
Traceback (most recent call last):
  File "C:\Users\Sam Hughes\Desktop\geometry_tools\n_sections\analysis\geom_utils\section_dxf.py", line 97, in _geometric_analysis
    sx * M3_TO_MM3, sy * M3_TO_MM3,
    ~~~^~~~~~~~~~~
TypeError: unsupported operand type(s) for *: 'NoneType' and 'float'
2025-07-29 15:07:22,767 - INFO - [Station_10_h10] Starting warping analysis...
2025-07-29 15:07:23,367 - ERROR - [Station_10_h10] Warping analysis failed: unsupported operand type(s) for *: 'NoneType' and 'float'
Traceback (most recent call last):
  File "C:\Users\Sam Hughes\Desktop\geometry_tools\n_sections\analysis\geom_utils\section_dxf.py", line 122, in _warping_analysis
    cw * M6_TO_MM6,
    ~~~^~~~~~~~~~~
TypeError: unsupported operand type(s) for *: 'NoneType' and 'float'
2025-07-29 15:07:23,367 - ERROR - [Station_10_h10] Geometric analysis failed — skipping values.
2025-07-29 15:07:23,367 - ERROR - [Station_10_h10] Warping analysis failed — skipping values.
2025-07-29 15:07:23,367 - INFO - [Station_10_h10] SectionDXF row assembled with partial success.
2025-07-29 15:07:23,458 - INFO - [Station_10_h2.5] Starting geometric analysis...
2025-07-29 15:07:23,549 - ERROR - [Station_10_h2.5] Geometric analysis failed: unsupported operand type(s) for *: 'NoneType' and 'float'
Traceback (most recent call last):
  File "C:\Users\Sam Hughes\Desktop\geometry_tools\n_sections\analysis\geom_utils\section_dxf.py", line 97, in _geometric_analysis
    sx * M3_TO_MM3, sy * M3_TO_MM3,
    ~~~^~~~~~~~~~~
TypeError: unsupported operand type(s) for *: 'NoneType' and 'float'
2025-07-29 15:07:23,549 - INFO - [Station_10_h2.5] Starting warping analysis...
2025-07-29 15:07:24,146 - ERROR - [Station_10_h2.5] Warping analysis failed: unsupported operand type(s) for *: 'NoneType' and 'float'
Traceback (most recent call last):
  File "C:\Users\Sam Hughes\Desktop\geometry_tools\n_sections\analysis\geom_utils\section_dxf.py", line 122, in _warping_analysis
    cw * M6_TO_MM6,
    ~~~^~~~~~~~~~~
TypeError: unsupported operand type(s) for *: 'NoneType' and 'float'
2025-07-29 15:07:24,146 - ERROR - [Station_10_h2.5] Geometric analysis failed — skipping values.
2025-07-29 15:07:24,146 - ERROR - [Station_10_h2.5] Warping analysis failed — skipping values.
2025-07-29 15:07:24,146 - INFO - [Station_10_h2.5] SectionDXF row assembled with partial success.
2025-07-29 15:07:24,244 - INFO - [Station_10_h0.625] Starting geometric analysis...
2025-07-29 15:07:24,338 - ERROR - [Station_10_h0.625] Geometric analysis failed: unsupported operand type(s) for *: 'NoneType' and 'float'
Traceback (most recent call last):
  File "C:\Users\Sam Hughes\Desktop\geometry_tools\n_sections\analysis\geom_utils\section_dxf.py", line 97, in _geometric_analysis
    sx * M3_TO_MM3, sy * M3_TO_MM3,
    ~~~^~~~~~~~~~~
TypeError: unsupported operand type(s) for *: 'NoneType' and 'float'
2025-07-29 15:07:24,338 - INFO - [Station_10_h0.625] Starting warping analysis...
2025-07-29 15:07:24,935 - ERROR - [Station_10_h0.625] Warping analysis failed: unsupported operand type(s) for *: 'NoneType' and 'float'
Traceback (most recent call last):
  File "C:\Users\Sam Hughes\Desktop\geometry_tools\n_sections\analysis\geom_utils\section_dxf.py", line 122, in _warping_analysis
    cw * M6_TO_MM6,
    ~~~^~~~~~~~~~~
TypeError: unsupported operand type(s) for *: 'NoneType' and 'float'
2025-07-29 15:07:24,935 - ERROR - [Station_10_h0.625] Geometric analysis failed — skipping values.
2025-07-29 15:07:24,935 - ERROR - [Station_10_h0.625] Warping analysis failed — skipping values.
2025-07-29 15:07:24,935 - INFO - [Station_10_h0.625] SectionDXF row assembled with partial success.
2025-07-29 15:07:25,059 - INFO - [Station_10_h0.1562] Starting geometric analysis...
2025-07-29 15:07:25,170 - ERROR - [Station_10_h0.1562] Geometric analysis failed: unsupported operand type(s) for *: 'NoneType' and 'float'
Traceback (most recent call last):
  File "C:\Users\Sam Hughes\Desktop\geometry_tools\n_sections\analysis\geom_utils\section_dxf.py", line 97, in _geometric_analysis
    sx * M3_TO_MM3, sy * M3_TO_MM3,
    ~~~^~~~~~~~~~~
TypeError: unsupported operand type(s) for *: 'NoneType' and 'float'
2025-07-29 15:07:25,170 - INFO - [Station_10_h0.1562] Starting warping analysis...
2025-07-29 15:07:25,752 - ERROR - [Station_10_h0.1562] Warping analysis failed: unsupported operand type(s) for *: 'NoneType' and 'float'
Traceback (most recent call last):
  File "C:\Users\Sam Hughes\Desktop\geometry_tools\n_sections\analysis\geom_utils\section_dxf.py", line 122, in _warping_analysis
    cw * M6_TO_MM6,
    ~~~^~~~~~~~~~~
TypeError: unsupported operand type(s) for *: 'NoneType' and 'float'
2025-07-29 15:07:25,752 - ERROR - [Station_10_h0.1562] Geometric analysis failed — skipping values.
2025-07-29 15:07:25,767 - ERROR - [Station_10_h0.1562] Warping analysis failed — skipping values.
2025-07-29 15:07:25,767 - INFO - [Station_10_h0.1562] SectionDXF row assembled with partial success.
