2025-08-20 02:54:07,078 | INFO     | Logging initialized for ProcessSectionAnalysis
2025-08-20 02:54:07,078 | INFO     | Station sec_058_r0.638 [Analysis]: DXF=C:\Users\samea\Desktop\geometry_tools\n_sections\blade\sec_058_r0.638.dxf, twist=4.2°, origin: CP-proxy @ 33.0% chord
2025-08-20 02:54:07,078 | INFO     | Starting raw geometry processing …
2025-08-20 02:54:07,078 | INFO     | Instantiating RawGeometry for DXF: C:\Users\samea\Desktop\geometry_tools\n_sections\blade\sec_058_r0.638.dxf
2025-08-20 02:54:07,078 | INFO     | RawGeometry created successfully.
2025-08-20 02:54:07,078 | INFO     | Generating raw geometry plot …
2025-08-20 02:54:07,418 | INFO     | Raw geometry visualisation completed and saved.
2025-08-20 02:54:07,419 | INFO     | Processing and visualising aligned geometry …
2025-08-20 02:54:07,419 | INFO     | Instantiating ProcessedGeometry with spline/segment settings …
2025-08-20 02:54:07,420 | INFO     | ProcessedGeometry successfully instantiated.
2025-08-20 02:54:07,420 | INFO     | Extracting (pass-through orientation & origin): twist=4.2°, origin_mode=cop, cop_fraction=0.330, cx=0.01, cy=0.00, resample_exterior=True
2025-08-20 02:54:07,449 | INFO     | Geometry extracted (no twist/origin applied).
2025-08-20 02:54:07,449 | INFO     | Generating processed geometry visualisation with trailing edge zoom …
2025-08-20 02:54:08,670 | INFO     | Processed geometry preview saved -> C:\Users\samea\Desktop\geometry_tools\n_sections\results\analysis\2025-08-20_02-49-41\sec_058_r0.638\processed_sec_058_r0.638.png
2025-08-20 02:54:08,670 | INFO     | Launching convergence study pipeline …
2025-08-20 02:54:08,670 | INFO     | Starting section convergence study using 1 mesh sizes: [40.]
2025-08-20 02:54:10,788 | INFO     | ConvergenceStudy instantiated. Running results computation …
2025-08-20 02:54:10,788 | INFO     | Convergence study completed successfully.
2025-08-20 02:54:10,788 | INFO     | Creating convergence visualisation …
2025-08-20 02:54:11,406 | INFO     | Convergence visualisation saved.
2025-08-20 02:54:11,421 | INFO     | Building metadata container for section sec_058_r0.638 …
2025-08-20 02:54:11,421 | INFO     | MetadataBin created.
2025-08-20 02:54:11,421 | INFO     | Composing SectionAnalysisResultSet …
2025-08-20 02:54:11,421 | INFO     | SectionAnalysisResultSet successfully built.
2025-08-20 02:54:11,421 | INFO     | Saving results to directory: C:\Users\samea\Desktop\geometry_tools\n_sections\results\analysis\2025-08-20_02-49-41\sec_058_r0.638
2025-08-20 02:54:11,421 | INFO     | Section analysis results successfully saved.
