2025-08-20 02:52:57,728 | INFO     | Logging initialized for ProcessSectionAnalysis
2025-08-20 02:52:57,728 | INFO     | Station sec_043_r0.505 [Analysis]: DXF=C:\Users\samea\Desktop\geometry_tools\n_sections\blade\sec_043_r0.505.dxf, twist=6.8°, origin: CP-proxy @ 33.0% chord
2025-08-20 02:52:57,728 | INFO     | Starting raw geometry processing …
2025-08-20 02:52:57,728 | INFO     | Instantiating RawGeometry for DXF: C:\Users\samea\Desktop\geometry_tools\n_sections\blade\sec_043_r0.505.dxf
2025-08-20 02:52:57,729 | INFO     | RawGeometry created successfully.
2025-08-20 02:52:57,730 | INFO     | Generating raw geometry plot …
2025-08-20 02:52:58,049 | INFO     | Raw geometry visualisation completed and saved.
2025-08-20 02:52:58,054 | INFO     | Processing and visualising aligned geometry …
2025-08-20 02:52:58,054 | INFO     | Instantiating ProcessedGeometry with spline/segment settings …
2025-08-20 02:52:58,054 | INFO     | ProcessedGeometry successfully instantiated.
2025-08-20 02:52:58,054 | INFO     | Extracting (pass-through orientation & origin): twist=6.8°, origin_mode=cop, cop_fraction=0.330, cx=0.01, cy=0.00, resample_exterior=True
2025-08-20 02:52:58,081 | INFO     | Geometry extracted (no twist/origin applied).
2025-08-20 02:52:58,081 | INFO     | Generating processed geometry visualisation with trailing edge zoom …
2025-08-20 02:52:59,142 | INFO     | Processed geometry preview saved -> C:\Users\samea\Desktop\geometry_tools\n_sections\results\analysis\2025-08-20_02-49-41\sec_043_r0.505\processed_sec_043_r0.505.png
2025-08-20 02:52:59,142 | INFO     | Launching convergence study pipeline …
2025-08-20 02:52:59,142 | INFO     | Starting section convergence study using 1 mesh sizes: [40.]
2025-08-20 02:53:01,459 | INFO     | ConvergenceStudy instantiated. Running results computation …
2025-08-20 02:53:01,459 | INFO     | Convergence study completed successfully.
2025-08-20 02:53:01,459 | INFO     | Creating convergence visualisation …
2025-08-20 02:53:02,189 | INFO     | Convergence visualisation saved.
2025-08-20 02:53:02,189 | INFO     | Building metadata container for section sec_043_r0.505 …
2025-08-20 02:53:02,189 | INFO     | MetadataBin created.
2025-08-20 02:53:02,189 | INFO     | Composing SectionAnalysisResultSet …
2025-08-20 02:53:02,189 | INFO     | SectionAnalysisResultSet successfully built.
2025-08-20 02:53:02,189 | INFO     | Saving results to directory: C:\Users\samea\Desktop\geometry_tools\n_sections\results\analysis\2025-08-20_02-49-41\sec_043_r0.505
2025-08-20 02:53:02,189 | INFO     | Section analysis results successfully saved.
