2025-08-20 02:50:18,812 | INFO     | Logging initialized for ProcessSectionAnalysis
2025-08-20 02:50:18,813 | INFO     | Station sec_008_r0.196 [Analysis]: DXF=C:\Users\samea\Desktop\geometry_tools\n_sections\blade\sec_008_r0.196.dxf, twist=24.8°, origin: CP-proxy @ 33.0% chord
2025-08-20 02:50:18,813 | INFO     | Starting raw geometry processing …
2025-08-20 02:50:18,813 | INFO     | Instantiating RawGeometry for DXF: C:\Users\samea\Desktop\geometry_tools\n_sections\blade\sec_008_r0.196.dxf
2025-08-20 02:50:18,814 | INFO     | RawGeometry created successfully.
2025-08-20 02:50:18,814 | INFO     | Generating raw geometry plot …
2025-08-20 02:50:19,224 | INFO     | Raw geometry visualisation completed and saved.
2025-08-20 02:50:19,224 | INFO     | Processing and visualising aligned geometry …
2025-08-20 02:50:19,224 | INFO     | Instantiating ProcessedGeometry with spline/segment settings …
2025-08-20 02:50:19,224 | INFO     | ProcessedGeometry successfully instantiated.
2025-08-20 02:50:19,224 | INFO     | Extracting (pass-through orientation & origin): twist=24.8°, origin_mode=cop, cop_fraction=0.330, cx=0.01, cy=0.01, resample_exterior=True
2025-08-20 02:50:19,250 | INFO     | Geometry extracted (no twist/origin applied).
2025-08-20 02:50:19,250 | INFO     | Generating processed geometry visualisation with trailing edge zoom …
2025-08-20 02:50:20,384 | INFO     | Processed geometry preview saved -> C:\Users\samea\Desktop\geometry_tools\n_sections\results\analysis\2025-08-20_02-49-41\sec_008_r0.196\processed_sec_008_r0.196.png
2025-08-20 02:50:20,384 | INFO     | Launching convergence study pipeline …
2025-08-20 02:50:20,384 | INFO     | Starting section convergence study using 1 mesh sizes: [40.]
2025-08-20 02:50:22,571 | INFO     | ConvergenceStudy instantiated. Running results computation …
2025-08-20 02:50:22,571 | INFO     | Convergence study completed successfully.
2025-08-20 02:50:22,571 | INFO     | Creating convergence visualisation …
2025-08-20 02:50:23,249 | INFO     | Convergence visualisation saved.
2025-08-20 02:50:23,249 | INFO     | Building metadata container for section sec_008_r0.196 …
2025-08-20 02:50:23,249 | INFO     | MetadataBin created.
2025-08-20 02:50:23,249 | INFO     | Composing SectionAnalysisResultSet …
2025-08-20 02:50:23,250 | INFO     | SectionAnalysisResultSet successfully built.
2025-08-20 02:50:23,250 | INFO     | Saving results to directory: C:\Users\samea\Desktop\geometry_tools\n_sections\results\analysis\2025-08-20_02-49-41\sec_008_r0.196
2025-08-20 02:50:23,251 | INFO     | Section analysis results successfully saved.
