2025-08-20 02:31:27,246 - INFO - Logger initialized for ConvergenceStudy [sec_011_r0.222]
2025-08-20 02:31:27,246 - INFO - Starting convergence study over 3 mesh sizes: [40.  10.   2.5]
2025-08-20 02:31:27,247 - INFO - [1/3] Processing mesh size h = 40
2025-08-20 02:31:27,247 - DEBUG - [sec_011_r0.222_h40] Copying geometry and initiating meshing …
2025-08-20 02:31:27,262 - INFO - [sec_011_r0.222_h40] Mesh created successfully
2025-08-20 02:31:27,262 - DEBUG - [sec_011_r0.222_h40] Starting section property calculation …
2025-08-20 02:31:28,956 - DEBUG - [sec_011_r0.222_h40] Section analysis row returned
2025-08-20 02:31:28,961 - INFO - [sec_011_r0.222_h40] Section analysis completed successfully.
2025-08-20 02:31:28,962 - INFO - [2/3] Processing mesh size h = 10
2025-08-20 02:31:28,963 - DEBUG - [sec_011_r0.222_h10] Copying geometry and initiating meshing …
2025-08-20 02:31:28,986 - INFO - [sec_011_r0.222_h10] Mesh created successfully
2025-08-20 02:31:28,987 - DEBUG - [sec_011_r0.222_h10] Starting section property calculation …
2025-08-20 02:31:29,887 - DEBUG - [sec_011_r0.222_h10] Section analysis row returned
2025-08-20 02:31:29,889 - INFO - [sec_011_r0.222_h10] Section analysis completed successfully.
2025-08-20 02:31:29,889 - INFO - [3/3] Processing mesh size h = 2.5
2025-08-20 02:31:29,890 - DEBUG - [sec_011_r0.222_h2.5] Copying geometry and initiating meshing …
2025-08-20 02:31:29,899 - INFO - [sec_011_r0.222_h2.5] Mesh created successfully
2025-08-20 02:31:29,899 - DEBUG - [sec_011_r0.222_h2.5] Starting section property calculation …
2025-08-20 02:31:30,688 - DEBUG - [sec_011_r0.222_h2.5] Section analysis row returned
2025-08-20 02:31:30,699 - INFO - [sec_011_r0.222_h2.5] Section analysis completed successfully.
2025-08-20 02:31:30,699 - INFO - Convergence study completed: 3 successful, 3 attempted
2025-08-20 02:31:30,700 - INFO - Generating convergence visualisation …
2025-08-20 02:31:32,495 - INFO - Convergence visualisation completed.
