2025-08-20 02:31:25,723 | INFO     | Logging initialized for ProcessSectionAnalysis
2025-08-20 02:31:25,723 | INFO     | Station sec_011_r0.222 [Analysis]: DXF=C:\Users\samea\Desktop\geometry_tools\n_sections\blade\sec_011_r0.222.dxf, twist=21.6°, origin: CP-proxy @ 33.0% chord
2025-08-20 02:31:25,723 | INFO     | Starting raw geometry processing …
2025-08-20 02:31:25,723 | INFO     | Instantiating RawGeometry for DXF: C:\Users\samea\Desktop\geometry_tools\n_sections\blade\sec_011_r0.222.dxf
2025-08-20 02:31:25,723 | INFO     | RawGeometry created successfully.
2025-08-20 02:31:25,723 | INFO     | Generating raw geometry plot …
2025-08-20 02:31:26,088 | INFO     | Raw geometry visualisation completed and saved.
2025-08-20 02:31:26,088 | INFO     | Processing and visualising aligned geometry …
2025-08-20 02:31:26,088 | INFO     | Instantiating ProcessedGeometry with spline/segment settings …
2025-08-20 02:31:26,088 | INFO     | ProcessedGeometry successfully instantiated.
2025-08-20 02:31:26,088 | INFO     | Extracting + aligning: twist=21.6°, origin_mode=cop, cop_fraction=0.330, cx=0.01, cy=0.01
2025-08-20 02:31:26,126 | INFO     | Geometry aligned and transformed successfully.
2025-08-20 02:31:26,126 | INFO     | Generating processed geometry visualisation with trailing edge zoom …
2025-08-20 02:31:27,245 | INFO     | Processed geometry preview saved -> C:\Users\samea\Desktop\geometry_tools\n_sections\results\analysis\2025-08-20_02-29-55\sec_011_r0.222\processed_sec_011_r0.222.png
2025-08-20 02:31:27,245 | INFO     | Launching convergence study pipeline …
2025-08-20 02:31:27,245 | INFO     | Starting section convergence study using 3 mesh sizes: [40.  10.   2.5]
2025-08-20 02:31:32,495 | INFO     | ConvergenceStudy instantiated. Running results computation …
2025-08-20 02:31:32,495 | INFO     | Convergence study completed successfully.
2025-08-20 02:31:32,495 | INFO     | Creating convergence visualisation …
2025-08-20 02:31:34,028 | INFO     | Convergence visualisation saved.
2025-08-20 02:31:34,028 | INFO     | Building metadata container for section sec_011_r0.222 …
2025-08-20 02:31:34,028 | INFO     | MetadataBin created.
2025-08-20 02:31:34,028 | INFO     | Composing SectionAnalysisResultSet …
2025-08-20 02:31:34,028 | INFO     | SectionAnalysisResultSet successfully built.
2025-08-20 02:31:34,028 | INFO     | Saving results to directory: C:\Users\samea\Desktop\geometry_tools\n_sections\results\analysis\2025-08-20_02-29-55\sec_011_r0.222
2025-08-20 02:31:34,028 | INFO     | Section analysis results successfully saved.
