2025-07-31 13:43:09,905 - INFO - Logger initialized for ConvergenceStudy [Station_8]
2025-07-31 13:43:09,905 - INFO - Starting convergence study over 3 mesh sizes: [40.  10.   2.5]
2025-07-31 13:43:09,905 - INFO - [1/3] Processing mesh size h = 40
2025-07-31 13:43:09,905 - DEBUG - [Station_8_h40] Copying geometry and initiating meshing …
2025-07-31 13:43:09,980 - INFO - [Station_8_h40] Mesh created successfully
2025-07-31 13:43:09,981 - DEBUG - [Station_8_h40] Starting section property calculation …
2025-07-31 13:43:11,207 - DEBUG - [Station_8_h40] Section analysis row returned
2025-07-31 13:43:11,207 - INFO - [Station_8_h40] Section analysis completed successfully.
2025-07-31 13:43:11,207 - INFO - [2/3] Processing mesh size h = 10
2025-07-31 13:43:11,207 - DEBUG - [Station_8_h10] Copying geometry and initiating meshing …
2025-07-31 13:43:11,218 - INFO - [Station_8_h10] Mesh created successfully
2025-07-31 13:43:11,218 - DEBUG - [Station_8_h10] Starting section property calculation …
2025-07-31 13:43:11,927 - DEBUG - [Station_8_h10] Section analysis row returned
2025-07-31 13:43:11,935 - INFO - [Station_8_h10] Section analysis completed successfully.
2025-07-31 13:43:11,935 - INFO - [3/3] Processing mesh size h = 2.5
2025-07-31 13:43:11,935 - DEBUG - [Station_8_h2.5] Copying geometry and initiating meshing …
2025-07-31 13:43:11,945 - INFO - [Station_8_h2.5] Mesh created successfully
2025-07-31 13:43:11,945 - DEBUG - [Station_8_h2.5] Starting section property calculation …
2025-07-31 13:43:12,660 - DEBUG - [Station_8_h2.5] Section analysis row returned
2025-07-31 13:43:12,665 - INFO - [Station_8_h2.5] Section analysis completed successfully.
2025-07-31 13:43:12,665 - INFO - Convergence study completed: 3 successful, 3 attempted
2025-07-31 13:43:12,666 - INFO - Generating convergence visualisation …
2025-07-31 13:43:13,916 - INFO - Convergence visualisation completed.
