2025-07-31 13:43:08,355 | INFO     | Logging initialized for ProcessSectionAnalysis
2025-07-31 13:43:08,355 | INFO     | Station Station_8 [Analysis]: DXF=C:\Users\Sam Hughes\Desktop\geometry_tools\n_sections\blade\Station_8.dxf, twist=4.4°, centroid=(0.00, -0.01)
2025-07-31 13:43:08,355 | INFO     | Starting raw geometry processing …
2025-07-31 13:43:08,355 | INFO     | Instantiating RawGeometry for DXF: C:\Users\Sam Hughes\Desktop\geometry_tools\n_sections\blade\Station_8.dxf
2025-07-31 13:43:08,355 | INFO     | RawGeometry created successfully.
2025-07-31 13:43:08,355 | INFO     | Generating raw geometry plot …
2025-07-31 13:43:08,625 | INFO     | Raw geometry visualisation completed and saved.
2025-07-31 13:43:08,627 | INFO     | Processing and visualising aligned geometry …
2025-07-31 13:43:08,627 | INFO     | Instantiating ProcessedGeometry with spline/segment settings …
2025-07-31 13:43:08,627 | INFO     | ProcessedGeometry successfully instantiated.
2025-07-31 13:43:08,627 | INFO     | Extracting and aligning geometry with twist=4.4°, cx=0.00, cy=-0.01
2025-07-31 13:43:09,175 | INFO     | Geometry aligned and transformed successfully.
2025-07-31 13:43:09,175 | INFO     | Generating processed geometry visualisation with trailing edge zoom …
2025-07-31 13:43:09,905 | INFO     | Processed geometry preview saved -> C:\Users\Sam Hughes\Desktop\geometry_tools\n_sections\results\analysis\2025-07-31_13-42-47\Station_8\processed_Station_8.png
2025-07-31 13:43:09,905 | INFO     | Launching convergence study pipeline …
2025-07-31 13:43:09,905 | INFO     | Starting section convergence study using 3 mesh sizes: [40.  10.   2.5]
2025-07-31 13:43:13,916 | INFO     | ConvergenceStudy instantiated. Running results computation …
2025-07-31 13:43:13,916 | INFO     | Convergence study completed successfully.
2025-07-31 13:43:13,916 | INFO     | Creating convergence visualisation …
2025-07-31 13:43:15,150 | INFO     | Convergence visualisation saved.
2025-07-31 13:43:15,151 | INFO     | Building metadata container for section Station_8 …
2025-07-31 13:43:15,151 | INFO     | MetadataBin created.
2025-07-31 13:43:15,151 | INFO     | Composing SectionAnalysisResultSet …
2025-07-31 13:43:15,151 | INFO     | SectionAnalysisResultSet successfully built.
2025-07-31 13:43:15,151 | INFO     | Saving results to directory: C:\Users\Sam Hughes\Desktop\geometry_tools\n_sections\results\analysis\2025-07-31_13-42-47\Station_8
2025-07-31 13:43:15,151 | INFO     | Section analysis results successfully saved.
