2025-08-20 02:52:39,518 | INFO     | Logging initialized for ProcessSectionAnalysis
2025-08-20 02:52:39,518 | INFO     | Station sec_039_r0.470 [Analysis]: DXF=C:\Users\samea\Desktop\geometry_tools\n_sections\blade\sec_039_r0.470.dxf, twist=7.7°, origin: CP-proxy @ 33.0% chord
2025-08-20 02:52:39,518 | INFO     | Starting raw geometry processing …
2025-08-20 02:52:39,518 | INFO     | Instantiating RawGeometry for DXF: C:\Users\samea\Desktop\geometry_tools\n_sections\blade\sec_039_r0.470.dxf
2025-08-20 02:52:39,518 | INFO     | RawGeometry created successfully.
2025-08-20 02:52:39,518 | INFO     | Generating raw geometry plot …
2025-08-20 02:52:39,882 | INFO     | Raw geometry visualisation completed and saved.
2025-08-20 02:52:39,883 | INFO     | Processing and visualising aligned geometry …
2025-08-20 02:52:39,883 | INFO     | Instantiating ProcessedGeometry with spline/segment settings …
2025-08-20 02:52:39,884 | INFO     | ProcessedGeometry successfully instantiated.
2025-08-20 02:52:39,884 | INFO     | Extracting (pass-through orientation & origin): twist=7.7°, origin_mode=cop, cop_fraction=0.330, cx=0.01, cy=0.00, resample_exterior=True
2025-08-20 02:52:39,910 | INFO     | Geometry extracted (no twist/origin applied).
2025-08-20 02:52:39,911 | INFO     | Generating processed geometry visualisation with trailing edge zoom …
2025-08-20 02:52:41,134 | INFO     | Processed geometry preview saved -> C:\Users\samea\Desktop\geometry_tools\n_sections\results\analysis\2025-08-20_02-49-41\sec_039_r0.470\processed_sec_039_r0.470.png
2025-08-20 02:52:41,134 | INFO     | Launching convergence study pipeline …
2025-08-20 02:52:41,134 | INFO     | Starting section convergence study using 1 mesh sizes: [40.]
2025-08-20 02:52:43,577 | INFO     | ConvergenceStudy instantiated. Running results computation …
2025-08-20 02:52:43,577 | INFO     | Convergence study completed successfully.
2025-08-20 02:52:43,577 | INFO     | Creating convergence visualisation …
2025-08-20 02:52:44,211 | INFO     | Convergence visualisation saved.
2025-08-20 02:52:44,211 | INFO     | Building metadata container for section sec_039_r0.470 …
2025-08-20 02:52:44,211 | INFO     | MetadataBin created.
2025-08-20 02:52:44,211 | INFO     | Composing SectionAnalysisResultSet …
2025-08-20 02:52:44,211 | INFO     | SectionAnalysisResultSet successfully built.
2025-08-20 02:52:44,211 | INFO     | Saving results to directory: C:\Users\samea\Desktop\geometry_tools\n_sections\results\analysis\2025-08-20_02-49-41\sec_039_r0.470
2025-08-20 02:52:44,211 | INFO     | Section analysis results successfully saved.
