2025-08-20 02:32:17,863 - INFO - Logger initialized for ConvergenceStudy [sec_017_r0.275]
2025-08-20 02:32:17,865 - INFO - Starting convergence study over 3 mesh sizes: [40.  10.   2.5]
2025-08-20 02:32:17,866 - INFO - [1/3] Processing mesh size h = 40
2025-08-20 02:32:17,867 - DEBUG - [sec_017_r0.275_h40] Copying geometry and initiating meshing …
2025-08-20 02:32:17,880 - INFO - [sec_017_r0.275_h40] Mesh created successfully
2025-08-20 02:32:17,881 - DEBUG - [sec_017_r0.275_h40] Starting section property calculation …
2025-08-20 02:32:19,377 - DEBUG - [sec_017_r0.275_h40] Section analysis row returned
2025-08-20 02:32:19,377 - INFO - [sec_017_r0.275_h40] Section analysis completed successfully.
2025-08-20 02:32:19,377 - INFO - [2/3] Processing mesh size h = 10
2025-08-20 02:32:19,377 - DEBUG - [sec_017_r0.275_h10] Copying geometry and initiating meshing …
2025-08-20 02:32:19,397 - INFO - [sec_017_r0.275_h10] Mesh created successfully
2025-08-20 02:32:19,397 - DEBUG - [sec_017_r0.275_h10] Starting section property calculation …
2025-08-20 02:32:20,230 - DEBUG - [sec_017_r0.275_h10] Section analysis row returned
2025-08-20 02:32:20,232 - INFO - [sec_017_r0.275_h10] Section analysis completed successfully.
2025-08-20 02:32:20,234 - INFO - [3/3] Processing mesh size h = 2.5
2025-08-20 02:32:20,234 - DEBUG - [sec_017_r0.275_h2.5] Copying geometry and initiating meshing …
2025-08-20 02:32:20,246 - INFO - [sec_017_r0.275_h2.5] Mesh created successfully
2025-08-20 02:32:20,246 - DEBUG - [sec_017_r0.275_h2.5] Starting section property calculation …
2025-08-20 02:32:21,097 - DEBUG - [sec_017_r0.275_h2.5] Section analysis row returned
2025-08-20 02:32:21,099 - INFO - [sec_017_r0.275_h2.5] Section analysis completed successfully.
2025-08-20 02:32:21,099 - INFO - Convergence study completed: 3 successful, 3 attempted
2025-08-20 02:32:21,099 - INFO - Generating convergence visualisation …
2025-08-20 02:32:22,685 - INFO - Convergence visualisation completed.
