2025-08-20 02:32:16,165 | INFO     | Logging initialized for ProcessSectionAnalysis
2025-08-20 02:32:16,165 | INFO     | Station sec_017_r0.275 [Analysis]: DXF=C:\Users\samea\Desktop\geometry_tools\n_sections\blade\sec_017_r0.275.dxf, twist=16.5°, origin: CP-proxy @ 33.0% chord
2025-08-20 02:32:16,165 | INFO     | Starting raw geometry processing …
2025-08-20 02:32:16,165 | INFO     | Instantiating RawGeometry for DXF: C:\Users\samea\Desktop\geometry_tools\n_sections\blade\sec_017_r0.275.dxf
2025-08-20 02:32:16,166 | INFO     | RawGeometry created successfully.
2025-08-20 02:32:16,166 | INFO     | Generating raw geometry plot …
2025-08-20 02:32:16,601 | INFO     | Raw geometry visualisation completed and saved.
2025-08-20 02:32:16,601 | INFO     | Processing and visualising aligned geometry …
2025-08-20 02:32:16,601 | INFO     | Instantiating ProcessedGeometry with spline/segment settings …
2025-08-20 02:32:16,602 | INFO     | ProcessedGeometry successfully instantiated.
2025-08-20 02:32:16,602 | INFO     | Extracting + aligning: twist=16.5°, origin_mode=cop, cop_fraction=0.330, cx=0.01, cy=0.01
2025-08-20 02:32:16,639 | INFO     | Geometry aligned and transformed successfully.
2025-08-20 02:32:16,639 | INFO     | Generating processed geometry visualisation with trailing edge zoom …
2025-08-20 02:32:17,860 | INFO     | Processed geometry preview saved -> C:\Users\samea\Desktop\geometry_tools\n_sections\results\analysis\2025-08-20_02-29-55\sec_017_r0.275\processed_sec_017_r0.275.png
2025-08-20 02:32:17,861 | INFO     | Launching convergence study pipeline …
2025-08-20 02:32:17,861 | INFO     | Starting section convergence study using 3 mesh sizes: [40.  10.   2.5]
2025-08-20 02:32:22,685 | INFO     | ConvergenceStudy instantiated. Running results computation …
2025-08-20 02:32:22,685 | INFO     | Convergence study completed successfully.
2025-08-20 02:32:22,685 | INFO     | Creating convergence visualisation …
2025-08-20 02:32:24,314 | INFO     | Convergence visualisation saved.
2025-08-20 02:32:24,314 | INFO     | Building metadata container for section sec_017_r0.275 …
2025-08-20 02:32:24,322 | INFO     | MetadataBin created.
2025-08-20 02:32:24,322 | INFO     | Composing SectionAnalysisResultSet …
2025-08-20 02:32:24,322 | INFO     | SectionAnalysisResultSet successfully built.
2025-08-20 02:32:24,322 | INFO     | Saving results to directory: C:\Users\samea\Desktop\geometry_tools\n_sections\results\analysis\2025-08-20_02-29-55\sec_017_r0.275
2025-08-20 02:32:24,322 | INFO     | Section analysis results successfully saved.
