2025-08-20 02:49:55,605 | INFO     | Logging initialized for ProcessSectionAnalysis
2025-08-20 02:49:55,605 | INFO     | Station sec_003_r0.152 [Analysis]: DXF=C:\Users\samea\Desktop\geometry_tools\n_sections\blade\sec_003_r0.152.dxf, twist=31.2°, origin: CP-proxy @ 33.0% chord
2025-08-20 02:49:55,605 | INFO     | Starting raw geometry processing …
2025-08-20 02:49:55,605 | INFO     | Instantiating RawGeometry for DXF: C:\Users\samea\Desktop\geometry_tools\n_sections\blade\sec_003_r0.152.dxf
2025-08-20 02:49:55,606 | INFO     | RawGeometry created successfully.
2025-08-20 02:49:55,606 | INFO     | Generating raw geometry plot …
2025-08-20 02:49:55,979 | INFO     | Raw geometry visualisation completed and saved.
2025-08-20 02:49:55,979 | INFO     | Processing and visualising aligned geometry …
2025-08-20 02:49:55,979 | INFO     | Instantiating ProcessedGeometry with spline/segment settings …
2025-08-20 02:49:55,981 | INFO     | ProcessedGeometry successfully instantiated.
2025-08-20 02:49:55,981 | INFO     | Extracting (pass-through orientation & origin): twist=31.2°, origin_mode=cop, cop_fraction=0.330, cx=0.01, cy=0.01, resample_exterior=True
2025-08-20 02:49:56,019 | INFO     | Geometry extracted (no twist/origin applied).
2025-08-20 02:49:56,019 | INFO     | Generating processed geometry visualisation with trailing edge zoom …
2025-08-20 02:49:57,110 | INFO     | Processed geometry preview saved -> C:\Users\samea\Desktop\geometry_tools\n_sections\results\analysis\2025-08-20_02-49-41\sec_003_r0.152\processed_sec_003_r0.152.png
2025-08-20 02:49:57,110 | INFO     | Launching convergence study pipeline …
2025-08-20 02:49:57,110 | INFO     | Starting section convergence study using 1 mesh sizes: [40.]
2025-08-20 02:49:59,372 | INFO     | ConvergenceStudy instantiated. Running results computation …
2025-08-20 02:49:59,372 | INFO     | Convergence study completed successfully.
2025-08-20 02:49:59,372 | INFO     | Creating convergence visualisation …
2025-08-20 02:50:00,009 | INFO     | Convergence visualisation saved.
2025-08-20 02:50:00,009 | INFO     | Building metadata container for section sec_003_r0.152 …
2025-08-20 02:50:00,009 | INFO     | MetadataBin created.
2025-08-20 02:50:00,009 | INFO     | Composing SectionAnalysisResultSet …
2025-08-20 02:50:00,009 | INFO     | SectionAnalysisResultSet successfully built.
2025-08-20 02:50:00,009 | INFO     | Saving results to directory: C:\Users\samea\Desktop\geometry_tools\n_sections\results\analysis\2025-08-20_02-49-41\sec_003_r0.152
2025-08-20 02:50:00,009 | INFO     | Section analysis results successfully saved.
