2025-08-20 02:33:22,280 - INFO - Logger initialized for ConvergenceStudy [sec_025_r0.346]
2025-08-20 02:33:22,280 - INFO - Starting convergence study over 3 mesh sizes: [40.  10.   2.5]
2025-08-20 02:33:22,281 - INFO - [1/3] Processing mesh size h = 40
2025-08-20 02:33:22,281 - DEBUG - [sec_025_r0.346_h40] Copying geometry and initiating meshing …
2025-08-20 02:33:22,293 - INFO - [sec_025_r0.346_h40] Mesh created successfully
2025-08-20 02:33:22,293 - DEBUG - [sec_025_r0.346_h40] Starting section property calculation …
2025-08-20 02:33:23,725 - DEBUG - [sec_025_r0.346_h40] Section analysis row returned
2025-08-20 02:33:23,727 - INFO - [sec_025_r0.346_h40] Section analysis completed successfully.
2025-08-20 02:33:23,727 - INFO - [2/3] Processing mesh size h = 10
2025-08-20 02:33:23,728 - DEBUG - [sec_025_r0.346_h10] Copying geometry and initiating meshing …
2025-08-20 02:33:23,739 - INFO - [sec_025_r0.346_h10] Mesh created successfully
2025-08-20 02:33:23,739 - DEBUG - [sec_025_r0.346_h10] Starting section property calculation …
2025-08-20 02:33:24,594 - DEBUG - [sec_025_r0.346_h10] Section analysis row returned
2025-08-20 02:33:24,595 - INFO - [sec_025_r0.346_h10] Section analysis completed successfully.
2025-08-20 02:33:24,596 - INFO - [3/3] Processing mesh size h = 2.5
2025-08-20 02:33:24,596 - DEBUG - [sec_025_r0.346_h2.5] Copying geometry and initiating meshing …
2025-08-20 02:33:24,608 - INFO - [sec_025_r0.346_h2.5] Mesh created successfully
2025-08-20 02:33:24,608 - DEBUG - [sec_025_r0.346_h2.5] Starting section property calculation …
2025-08-20 02:33:25,416 - DEBUG - [sec_025_r0.346_h2.5] Section analysis row returned
2025-08-20 02:33:25,416 - INFO - [sec_025_r0.346_h2.5] Section analysis completed successfully.
2025-08-20 02:33:25,416 - INFO - Convergence study completed: 3 successful, 3 attempted
2025-08-20 02:33:25,416 - INFO - Generating convergence visualisation …
2025-08-20 02:33:27,077 - INFO - Convergence visualisation completed.
