2025-08-20 02:33:20,677 | INFO     | Logging initialized for ProcessSectionAnalysis
2025-08-20 02:33:20,677 | INFO     | Station sec_025_r0.346 [Analysis]: DXF=C:\Users\samea\Desktop\geometry_tools\n_sections\blade\sec_025_r0.346.dxf, twist=12.2°, origin: CP-proxy @ 33.0% chord
2025-08-20 02:33:20,677 | INFO     | Starting raw geometry processing …
2025-08-20 02:33:20,677 | INFO     | Instantiating RawGeometry for DXF: C:\Users\samea\Desktop\geometry_tools\n_sections\blade\sec_025_r0.346.dxf
2025-08-20 02:33:20,677 | INFO     | RawGeometry created successfully.
2025-08-20 02:33:20,677 | INFO     | Generating raw geometry plot …
2025-08-20 02:33:21,094 | INFO     | Raw geometry visualisation completed and saved.
2025-08-20 02:33:21,095 | INFO     | Processing and visualising aligned geometry …
2025-08-20 02:33:21,095 | INFO     | Instantiating ProcessedGeometry with spline/segment settings …
2025-08-20 02:33:21,096 | INFO     | ProcessedGeometry successfully instantiated.
2025-08-20 02:33:21,096 | INFO     | Extracting + aligning: twist=12.2°, origin_mode=cop, cop_fraction=0.330, cx=0.01, cy=0.00
2025-08-20 02:33:21,137 | INFO     | Geometry aligned and transformed successfully.
2025-08-20 02:33:21,137 | INFO     | Generating processed geometry visualisation with trailing edge zoom …
2025-08-20 02:33:22,279 | INFO     | Processed geometry preview saved -> C:\Users\samea\Desktop\geometry_tools\n_sections\results\analysis\2025-08-20_02-29-55\sec_025_r0.346\processed_sec_025_r0.346.png
2025-08-20 02:33:22,279 | INFO     | Launching convergence study pipeline …
2025-08-20 02:33:22,279 | INFO     | Starting section convergence study using 3 mesh sizes: [40.  10.   2.5]
2025-08-20 02:33:27,077 | INFO     | ConvergenceStudy instantiated. Running results computation …
2025-08-20 02:33:27,077 | INFO     | Convergence study completed successfully.
2025-08-20 02:33:27,077 | INFO     | Creating convergence visualisation …
2025-08-20 02:33:28,861 | INFO     | Convergence visualisation saved.
2025-08-20 02:33:28,861 | INFO     | Building metadata container for section sec_025_r0.346 …
2025-08-20 02:33:28,861 | INFO     | MetadataBin created.
2025-08-20 02:33:28,861 | INFO     | Composing SectionAnalysisResultSet …
2025-08-20 02:33:28,861 | INFO     | SectionAnalysisResultSet successfully built.
2025-08-20 02:33:28,861 | INFO     | Saving results to directory: C:\Users\samea\Desktop\geometry_tools\n_sections\results\analysis\2025-08-20_02-29-55\sec_025_r0.346
2025-08-20 02:33:28,864 | INFO     | Section analysis results successfully saved.
