2025-08-20 02:52:53,345 | INFO     | Logging initialized for ProcessSectionAnalysis
2025-08-20 02:52:53,345 | INFO     | Station sec_042_r0.496 [Analysis]: DXF=C:\Users\samea\Desktop\geometry_tools\n_sections\blade\sec_042_r0.496.dxf, twist=7.0°, origin: CP-proxy @ 33.0% chord
2025-08-20 02:52:53,345 | INFO     | Starting raw geometry processing …
2025-08-20 02:52:53,345 | INFO     | Instantiating RawGeometry for DXF: C:\Users\samea\Desktop\geometry_tools\n_sections\blade\sec_042_r0.496.dxf
2025-08-20 02:52:53,345 | INFO     | RawGeometry created successfully.
2025-08-20 02:52:53,345 | INFO     | Generating raw geometry plot …
2025-08-20 02:52:53,745 | INFO     | Raw geometry visualisation completed and saved.
2025-08-20 02:52:53,745 | INFO     | Processing and visualising aligned geometry …
2025-08-20 02:52:53,745 | INFO     | Instantiating ProcessedGeometry with spline/segment settings …
2025-08-20 02:52:53,745 | INFO     | ProcessedGeometry successfully instantiated.
2025-08-20 02:52:53,745 | INFO     | Extracting (pass-through orientation & origin): twist=7.0°, origin_mode=cop, cop_fraction=0.330, cx=0.01, cy=0.00, resample_exterior=True
2025-08-20 02:52:53,779 | INFO     | Geometry extracted (no twist/origin applied).
2025-08-20 02:52:53,779 | INFO     | Generating processed geometry visualisation with trailing edge zoom …
2025-08-20 02:52:54,888 | INFO     | Processed geometry preview saved -> C:\Users\samea\Desktop\geometry_tools\n_sections\results\analysis\2025-08-20_02-49-41\sec_042_r0.496\processed_sec_042_r0.496.png
2025-08-20 02:52:54,888 | INFO     | Launching convergence study pipeline …
2025-08-20 02:52:54,888 | INFO     | Starting section convergence study using 1 mesh sizes: [40.]
2025-08-20 02:52:57,063 | INFO     | ConvergenceStudy instantiated. Running results computation …
2025-08-20 02:52:57,063 | INFO     | Convergence study completed successfully.
2025-08-20 02:52:57,063 | INFO     | Creating convergence visualisation …
2025-08-20 02:52:57,724 | INFO     | Convergence visualisation saved.
2025-08-20 02:52:57,724 | INFO     | Building metadata container for section sec_042_r0.496 …
2025-08-20 02:52:57,725 | INFO     | MetadataBin created.
2025-08-20 02:52:57,725 | INFO     | Composing SectionAnalysisResultSet …
2025-08-20 02:52:57,725 | INFO     | SectionAnalysisResultSet successfully built.
2025-08-20 02:52:57,725 | INFO     | Saving results to directory: C:\Users\samea\Desktop\geometry_tools\n_sections\results\analysis\2025-08-20_02-49-41\sec_042_r0.496
2025-08-20 02:52:57,727 | INFO     | Section analysis results successfully saved.
