2025-08-20 02:30:05,115 - INFO - Logger initialized for ConvergenceStudy [sec_001_r0.134]
2025-08-20 02:30:05,115 - INFO - Starting convergence study over 3 mesh sizes: [40.  10.   2.5]
2025-08-20 02:30:05,115 - INFO - [1/3] Processing mesh size h = 40
2025-08-20 02:30:05,115 - DEBUG - [sec_001_r0.134_h40] Copying geometry and initiating meshing …
2025-08-20 02:30:05,129 - INFO - [sec_001_r0.134_h40] Mesh created successfully
2025-08-20 02:30:05,129 - DEBUG - [sec_001_r0.134_h40] Starting section property calculation …
2025-08-20 02:30:06,460 - DEBUG - [sec_001_r0.134_h40] Section analysis row returned
2025-08-20 02:30:06,473 - INFO - [sec_001_r0.134_h40] Section analysis completed successfully.
2025-08-20 02:30:06,474 - INFO - [2/3] Processing mesh size h = 10
2025-08-20 02:30:06,475 - DEBUG - [sec_001_r0.134_h10] Copying geometry and initiating meshing …
2025-08-20 02:30:06,489 - INFO - [sec_001_r0.134_h10] Mesh created successfully
2025-08-20 02:30:06,489 - DEBUG - [sec_001_r0.134_h10] Starting section property calculation …
2025-08-20 02:30:07,293 - DEBUG - [sec_001_r0.134_h10] Section analysis row returned
2025-08-20 02:30:07,297 - INFO - [sec_001_r0.134_h10] Section analysis completed successfully.
2025-08-20 02:30:07,297 - INFO - [3/3] Processing mesh size h = 2.5
2025-08-20 02:30:07,298 - DEBUG - [sec_001_r0.134_h2.5] Copying geometry and initiating meshing …
2025-08-20 02:30:07,313 - INFO - [sec_001_r0.134_h2.5] Mesh created successfully
2025-08-20 02:30:07,313 - DEBUG - [sec_001_r0.134_h2.5] Starting section property calculation …
2025-08-20 02:30:08,241 - DEBUG - [sec_001_r0.134_h2.5] Section analysis row returned
2025-08-20 02:30:08,261 - INFO - [sec_001_r0.134_h2.5] Section analysis completed successfully.
2025-08-20 02:30:08,262 - INFO - Convergence study completed: 3 successful, 3 attempted
2025-08-20 02:30:08,262 - INFO - Generating convergence visualisation …
2025-08-20 02:30:09,974 - INFO - Convergence visualisation completed.
