2025-08-20 02:30:03,657 | INFO     | Logging initialized for ProcessSectionAnalysis
2025-08-20 02:30:03,657 | INFO     | Station sec_001_r0.134 [Analysis]: DXF=C:\Users\samea\Desktop\geometry_tools\n_sections\blade\sec_001_r0.134.dxf, twist=33.8°, origin: CP-proxy @ 33.0% chord
2025-08-20 02:30:03,657 | INFO     | Starting raw geometry processing …
2025-08-20 02:30:03,657 | INFO     | Instantiating RawGeometry for DXF: C:\Users\samea\Desktop\geometry_tools\n_sections\blade\sec_001_r0.134.dxf
2025-08-20 02:30:03,657 | INFO     | RawGeometry created successfully.
2025-08-20 02:30:03,657 | INFO     | Generating raw geometry plot …
2025-08-20 02:30:04,038 | INFO     | Raw geometry visualisation completed and saved.
2025-08-20 02:30:04,039 | INFO     | Processing and visualising aligned geometry …
2025-08-20 02:30:04,039 | INFO     | Instantiating ProcessedGeometry with spline/segment settings …
2025-08-20 02:30:04,040 | INFO     | ProcessedGeometry successfully instantiated.
2025-08-20 02:30:04,040 | INFO     | Extracting + aligning: twist=33.8°, origin_mode=cop, cop_fraction=0.330, cx=0.01, cy=0.01
2025-08-20 02:30:04,071 | INFO     | Geometry aligned and transformed successfully.
2025-08-20 02:30:04,071 | INFO     | Generating processed geometry visualisation with trailing edge zoom …
2025-08-20 02:30:05,115 | INFO     | Processed geometry preview saved -> C:\Users\samea\Desktop\geometry_tools\n_sections\results\analysis\2025-08-20_02-29-55\sec_001_r0.134\processed_sec_001_r0.134.png
2025-08-20 02:30:05,115 | INFO     | Launching convergence study pipeline …
2025-08-20 02:30:05,115 | INFO     | Starting section convergence study using 3 mesh sizes: [40.  10.   2.5]
2025-08-20 02:30:09,974 | INFO     | ConvergenceStudy instantiated. Running results computation …
2025-08-20 02:30:09,974 | INFO     | Convergence study completed successfully.
2025-08-20 02:30:09,974 | INFO     | Creating convergence visualisation …
2025-08-20 02:30:11,623 | INFO     | Convergence visualisation saved.
2025-08-20 02:30:11,623 | INFO     | Building metadata container for section sec_001_r0.134 …
2025-08-20 02:30:11,623 | INFO     | MetadataBin created.
2025-08-20 02:30:11,623 | INFO     | Composing SectionAnalysisResultSet …
2025-08-20 02:30:11,623 | INFO     | SectionAnalysisResultSet successfully built.
2025-08-20 02:30:11,623 | INFO     | Saving results to directory: C:\Users\samea\Desktop\geometry_tools\n_sections\results\analysis\2025-08-20_02-29-55\sec_001_r0.134
2025-08-20 02:30:11,644 | INFO     | Section analysis results successfully saved.
