2025-07-21 13:06:22,853 - INFO - [Station_10] Geometry meshed with mesh_sizes=0.5.
2025-07-21 13:06:22,995 - INFO - [Station_10] Actual centroid: (0.0154, 0.0012)
2025-07-21 13:06:23,022 - INFO - [Station_10] Desired centroid: (0.0014, -0.0051)
2025-07-21 13:06:23,047 - INFO - [Station_10] Applying translation dx=-0.0140, dy=-0.0064
2025-07-21 13:06:23,073 - INFO - [Station_10] Section translated.
2025-07-21 13:06:24,195 - INFO - Starting optimisation run: Station_10_s0.795_s0.795_h3.000
2025-07-21 13:06:24,227 - INFO - [Station_10_s0.795_s0.795_h3.000] Meshing with target h = 3 …
2025-07-21 13:06:24,262 - WARNING - [Station_10_s0.795_s0.795_h3.000] 818 sliver triangles removed
2025-07-21 13:06:24,291 - INFO - [Station_10_s0.795_s0.795_h3.000] mesh ok | nodes=6399 elems=1965 | A[min=1.01e-08 max=4.89e-07 mean=6.52e-08 med=5.81e-08] | q[min=0.605 max=1.000 mean=0.889]
2025-07-21 13:06:24,618 - INFO - [Station_10_s0.795_s0.795_h3.000] Mesh plot saved to \\mull.sms.ed.ac.uk\home\s1834431\Win7\Desktop\geometry_tools\section_calc_n\results\optimisation\Station_10\s0.795\mesh_Station_10_s0.795_s0.795_h3.000.png
2025-07-21 13:06:24,650 - INFO - [Station_10_s0.795_s0.795_h3.000] Starting geometric analysis...
2025-07-21 13:06:24,978 - INFO - [Station_10_s0.795_s0.795_h3.000] Starting warping analysis (required for J)...
2025-07-21 13:06:25,773 - INFO - [Station_10_s0.795_s0.795_h3.000] Success at h = 3.0000
2025-07-21 13:06:25,799 - INFO - [Station_10_s0.795_s0.795_h3.000] Optimisation result generated (Jt=3204, Iz=1005)
2025-07-21 13:06:27,240 - INFO - [Station_10] Importing DXF: '\\mull.sms.ed.ac.uk\home\s1834431\Win7\Desktop\geometry_tools\section_calc_n\blade\Station_10.dxf'
2025-07-21 13:06:27,284 - INFO - DXF version upgrade to DXF R2000.
2025-07-21 13:06:27,312 - INFO - creating ACAD_COLOR dictionary
2025-07-21 13:06:27,340 - INFO - creating ACAD_PLOTSTYLENAME dictionary
2025-07-21 13:06:27,365 - INFO - creating ACAD_TABLESTYLE dictionary
2025-07-21 13:06:27,395 - INFO - cleanup is depreciated BTW. Use the polygonize function instead
2025-07-21 13:06:27,507 - INFO - Zipped 208 points
2025-07-21 13:06:27,561 - INFO - [Station_10] Geometry meshed with mesh_sizes=0.5.
2025-07-21 13:06:27,827 - INFO - [Station_10] Actual centroid: (0.0154, 0.0012)
2025-07-21 13:06:27,857 - INFO - [Station_10] Desired centroid: (0.0014, -0.0051)
2025-07-21 13:06:27,884 - INFO - [Station_10] Applying translation dx=-0.0140, dy=-0.0064
2025-07-21 13:06:27,911 - INFO - [Station_10] Section translated.
2025-07-21 13:06:28,905 - INFO - Starting optimisation run: Station_10_s0.841_s0.841_h3.000
2025-07-21 13:06:28,936 - INFO - [Station_10_s0.841_s0.841_h3.000] Meshing with target h = 3 …
2025-07-21 13:06:28,971 - WARNING - [Station_10_s0.841_s0.841_h3.000] 765 sliver triangles removed
2025-07-21 13:06:28,997 - INFO - [Station_10_s0.841_s0.841_h3.000] mesh ok | nodes=5724 elems=1679 | A[min=1e-08 max=2.84e-07 mean=6.06e-08 med=5.3e-08] | q[min=0.602 max=1.000 mean=0.889]
2025-07-21 13:06:29,307 - INFO - [Station_10_s0.841_s0.841_h3.000] Mesh plot saved to \\mull.sms.ed.ac.uk\home\s1834431\Win7\Desktop\geometry_tools\section_calc_n\results\optimisation\Station_10\s0.841\mesh_Station_10_s0.841_s0.841_h3.000.png
2025-07-21 13:06:29,341 - INFO - [Station_10_s0.841_s0.841_h3.000] Starting geometric analysis...
2025-07-21 13:06:29,640 - INFO - [Station_10_s0.841_s0.841_h3.000] Starting warping analysis (required for J)...
2025-07-21 13:06:30,357 - INFO - [Station_10_s0.841_s0.841_h3.000] Success at h = 3.0000
2025-07-21 13:06:30,385 - INFO - [Station_10_s0.841_s0.841_h3.000] Optimisation result generated (Jt=2548, Iz=836.7)
2025-07-21 13:06:32,076 - INFO - [Station_10] Importing DXF: '\\mull.sms.ed.ac.uk\home\s1834431\Win7\Desktop\geometry_tools\section_calc_n\blade\Station_10.dxf'
2025-07-21 13:06:32,119 - INFO - DXF version upgrade to DXF R2000.
2025-07-21 13:06:32,147 - INFO - creating ACAD_COLOR dictionary
2025-07-21 13:06:32,175 - INFO - creating ACAD_PLOTSTYLENAME dictionary
2025-07-21 13:06:32,201 - INFO - creating ACAD_TABLESTYLE dictionary
2025-07-21 13:06:32,231 - INFO - cleanup is depreciated BTW. Use the polygonize function instead
2025-07-21 13:06:32,348 - INFO - Zipped 208 points
2025-07-21 13:06:32,405 - INFO - [Station_10] Geometry meshed with mesh_sizes=0.5.
2025-07-21 13:06:32,547 - INFO - [Station_10] Actual centroid: (0.0154, 0.0012)
2025-07-21 13:06:32,574 - INFO - [Station_10] Desired centroid: (0.0014, -0.0051)
2025-07-21 13:06:32,602 - INFO - [Station_10] Applying translation dx=-0.0140, dy=-0.0064
2025-07-21 13:06:32,629 - INFO - [Station_10] Section translated.
2025-07-21 13:06:33,652 - INFO - Starting optimisation run: Station_10_s0.889_s0.889_h3.000
2025-07-21 13:06:33,688 - INFO - [Station_10_s0.889_s0.889_h3.000] Meshing with target h = 3 …
2025-07-21 13:06:33,722 - WARNING - [Station_10_s0.889_s0.889_h3.000] 834 sliver triangles removed
2025-07-21 13:06:33,762 - INFO - [Station_10_s0.889_s0.889_h3.000] mesh ok | nodes=5060 elems=1252 | A[min=1e-08 max=2e-07 mean=5.75e-08 med=4.24e-08] | q[min=0.602 max=1.000 mean=0.886]
2025-07-21 13:06:34,061 - INFO - [Station_10_s0.889_s0.889_h3.000] Mesh plot saved to \\mull.sms.ed.ac.uk\home\s1834431\Win7\Desktop\geometry_tools\section_calc_n\results\optimisation\Station_10\s0.889\mesh_Station_10_s0.889_s0.889_h3.000.png
2025-07-21 13:06:34,100 - INFO - [Station_10_s0.889_s0.889_h3.000] Starting geometric analysis...
2025-07-21 13:06:34,372 - INFO - [Station_10_s0.889_s0.889_h3.000] Starting warping analysis (required for J)...
2025-07-21 13:06:35,135 - INFO - [Station_10_s0.889_s0.889_h3.000] Success at h = 3.0000
2025-07-21 13:06:35,167 - INFO - [Station_10_s0.889_s0.889_h3.000] Optimisation result generated (Jt=1635, Iz=626.3)
2025-07-21 13:06:36,700 - INFO - [Station_10] Importing DXF: '\\mull.sms.ed.ac.uk\home\s1834431\Win7\Desktop\geometry_tools\section_calc_n\blade\Station_10.dxf'
2025-07-21 13:06:36,741 - INFO - DXF version upgrade to DXF R2000.
2025-07-21 13:06:36,770 - INFO - creating ACAD_COLOR dictionary
2025-07-21 13:06:36,797 - INFO - creating ACAD_PLOTSTYLENAME dictionary
2025-07-21 13:06:36,826 - INFO - creating ACAD_TABLESTYLE dictionary
2025-07-21 13:06:36,853 - INFO - cleanup is depreciated BTW. Use the polygonize function instead
2025-07-21 13:06:36,976 - INFO - Zipped 208 points
2025-07-21 13:06:37,035 - INFO - [Station_10] Geometry meshed with mesh_sizes=0.5.
2025-07-21 13:06:37,181 - INFO - [Station_10] Actual centroid: (0.0154, 0.0012)
2025-07-21 13:06:37,208 - INFO - [Station_10] Desired centroid: (0.0014, -0.0051)
2025-07-21 13:06:37,239 - INFO - [Station_10] Applying translation dx=-0.0140, dy=-0.0064
2025-07-21 13:06:37,270 - INFO - [Station_10] Section translated.
2025-07-21 13:06:38,373 - INFO - Starting optimisation run: Station_10_s0.941_s0.941_h3.000
2025-07-21 13:06:38,403 - INFO - [Station_10_s0.941_s0.941_h3.000] Meshing with target h = 3 …
2025-07-21 13:06:38,441 - WARNING - [Station_10_s0.941_s0.941_h3.000] 891 sliver triangles removed
2025-07-21 13:06:38,468 - INFO - [Station_10_s0.941_s0.941_h3.000] mesh ok | nodes=4638 elems=917 | A[min=1e-08 max=1.36e-07 mean=4.23e-08 med=4.4e-08] | q[min=0.605 max=1.000 mean=0.900]
2025-07-21 13:06:38,758 - INFO - [Station_10_s0.941_s0.941_h3.000] Mesh plot saved to \\mull.sms.ed.ac.uk\home\s1834431\Win7\Desktop\geometry_tools\section_calc_n\results\optimisation\Station_10\s0.941\mesh_Station_10_s0.941_s0.941_h3.000.png
2025-07-21 13:06:38,789 - INFO - [Station_10_s0.941_s0.941_h3.000] Starting geometric analysis...
2025-07-21 13:06:39,043 - INFO - [Station_10_s0.941_s0.941_h3.000] Starting warping analysis (required for J)...
2025-07-21 13:06:39,565 - INFO - [Station_10_s0.941_s0.941_h3.000] Success at h = 3.0000
2025-07-21 13:06:39,595 - INFO - [Station_10_s0.941_s0.941_h3.000] Optimisation result generated (Jt=675.7, Iz=363)
