2025-08-20 02:53:53,106 | INFO     | Logging initialized for ProcessSectionAnalysis
2025-08-20 02:53:53,106 | INFO     | Station sec_055_r0.611 [Analysis]: DXF=C:\Users\samea\Desktop\geometry_tools\n_sections\blade\sec_055_r0.611.dxf, twist=4.6°, origin: CP-proxy @ 33.0% chord
2025-08-20 02:53:53,106 | INFO     | Starting raw geometry processing …
2025-08-20 02:53:53,106 | INFO     | Instantiating RawGeometry for DXF: C:\Users\samea\Desktop\geometry_tools\n_sections\blade\sec_055_r0.611.dxf
2025-08-20 02:53:53,107 | INFO     | RawGeometry created successfully.
2025-08-20 02:53:53,107 | INFO     | Generating raw geometry plot …
2025-08-20 02:53:53,454 | INFO     | Raw geometry visualisation completed and saved.
2025-08-20 02:53:53,455 | INFO     | Processing and visualising aligned geometry …
2025-08-20 02:53:53,455 | INFO     | Instantiating ProcessedGeometry with spline/segment settings …
2025-08-20 02:53:53,456 | INFO     | ProcessedGeometry successfully instantiated.
2025-08-20 02:53:53,456 | INFO     | Extracting (pass-through orientation & origin): twist=4.6°, origin_mode=cop, cop_fraction=0.330, cx=0.01, cy=0.00, resample_exterior=True
2025-08-20 02:53:53,483 | INFO     | Geometry extracted (no twist/origin applied).
2025-08-20 02:53:53,483 | INFO     | Generating processed geometry visualisation with trailing edge zoom …
2025-08-20 02:53:54,692 | INFO     | Processed geometry preview saved -> C:\Users\samea\Desktop\geometry_tools\n_sections\results\analysis\2025-08-20_02-49-41\sec_055_r0.611\processed_sec_055_r0.611.png
2025-08-20 02:53:54,692 | INFO     | Launching convergence study pipeline …
2025-08-20 02:53:54,692 | INFO     | Starting section convergence study using 1 mesh sizes: [40.]
2025-08-20 02:53:57,276 | INFO     | ConvergenceStudy instantiated. Running results computation …
2025-08-20 02:53:57,276 | INFO     | Convergence study completed successfully.
2025-08-20 02:53:57,276 | INFO     | Creating convergence visualisation …
2025-08-20 02:53:58,035 | INFO     | Convergence visualisation saved.
2025-08-20 02:53:58,035 | INFO     | Building metadata container for section sec_055_r0.611 …
2025-08-20 02:53:58,035 | INFO     | MetadataBin created.
2025-08-20 02:53:58,035 | INFO     | Composing SectionAnalysisResultSet …
2025-08-20 02:53:58,035 | INFO     | SectionAnalysisResultSet successfully built.
2025-08-20 02:53:58,035 | INFO     | Saving results to directory: C:\Users\samea\Desktop\geometry_tools\n_sections\results\analysis\2025-08-20_02-49-41\sec_055_r0.611
2025-08-20 02:53:58,039 | INFO     | Section analysis results successfully saved.
