2025-08-20 02:31:35,640 - INFO - Logger initialized for ConvergenceStudy [sec_012_r0.231]
2025-08-20 02:31:35,640 - INFO - Starting convergence study over 3 mesh sizes: [40.  10.   2.5]
2025-08-20 02:31:35,641 - INFO - [1/3] Processing mesh size h = 40
2025-08-20 02:31:35,641 - DEBUG - [sec_012_r0.231_h40] Copying geometry and initiating meshing …
2025-08-20 02:31:35,653 - INFO - [sec_012_r0.231_h40] Mesh created successfully
2025-08-20 02:31:35,653 - DEBUG - [sec_012_r0.231_h40] Starting section property calculation …
2025-08-20 02:31:37,138 - DEBUG - [sec_012_r0.231_h40] Section analysis row returned
2025-08-20 02:31:37,147 - INFO - [sec_012_r0.231_h40] Section analysis completed successfully.
2025-08-20 02:31:37,147 - INFO - [2/3] Processing mesh size h = 10
2025-08-20 02:31:37,147 - DEBUG - [sec_012_r0.231_h10] Copying geometry and initiating meshing …
2025-08-20 02:31:37,153 - INFO - [sec_012_r0.231_h10] Mesh created successfully
2025-08-20 02:31:37,153 - DEBUG - [sec_012_r0.231_h10] Starting section property calculation …
2025-08-20 02:31:37,951 - DEBUG - [sec_012_r0.231_h10] Section analysis row returned
2025-08-20 02:31:37,953 - INFO - [sec_012_r0.231_h10] Section analysis completed successfully.
2025-08-20 02:31:37,954 - INFO - [3/3] Processing mesh size h = 2.5
2025-08-20 02:31:37,954 - DEBUG - [sec_012_r0.231_h2.5] Copying geometry and initiating meshing …
2025-08-20 02:31:37,964 - INFO - [sec_012_r0.231_h2.5] Mesh created successfully
2025-08-20 02:31:37,964 - DEBUG - [sec_012_r0.231_h2.5] Starting section property calculation …
2025-08-20 02:31:38,740 - DEBUG - [sec_012_r0.231_h2.5] Section analysis row returned
2025-08-20 02:31:38,744 - INFO - [sec_012_r0.231_h2.5] Section analysis completed successfully.
2025-08-20 02:31:38,744 - INFO - Convergence study completed: 3 successful, 3 attempted
2025-08-20 02:31:38,744 - INFO - Generating convergence visualisation …
2025-08-20 02:31:40,340 - INFO - Convergence visualisation completed.
