2025-08-20 02:31:34,039 | INFO     | Logging initialized for ProcessSectionAnalysis
2025-08-20 02:31:34,039 | INFO     | Station sec_012_r0.231 [Analysis]: DXF=C:\Users\samea\Desktop\geometry_tools\n_sections\blade\sec_012_r0.231.dxf, twist=20.6°, origin: CP-proxy @ 33.0% chord
2025-08-20 02:31:34,039 | INFO     | Starting raw geometry processing …
2025-08-20 02:31:34,040 | INFO     | Instantiating RawGeometry for DXF: C:\Users\samea\Desktop\geometry_tools\n_sections\blade\sec_012_r0.231.dxf
2025-08-20 02:31:34,041 | INFO     | RawGeometry created successfully.
2025-08-20 02:31:34,041 | INFO     | Generating raw geometry plot …
2025-08-20 02:31:34,420 | INFO     | Raw geometry visualisation completed and saved.
2025-08-20 02:31:34,420 | INFO     | Processing and visualising aligned geometry …
2025-08-20 02:31:34,420 | INFO     | Instantiating ProcessedGeometry with spline/segment settings …
2025-08-20 02:31:34,420 | INFO     | ProcessedGeometry successfully instantiated.
2025-08-20 02:31:34,420 | INFO     | Extracting + aligning: twist=20.6°, origin_mode=cop, cop_fraction=0.330, cx=0.01, cy=0.01
2025-08-20 02:31:34,461 | INFO     | Geometry aligned and transformed successfully.
2025-08-20 02:31:34,461 | INFO     | Generating processed geometry visualisation with trailing edge zoom …
2025-08-20 02:31:35,639 | INFO     | Processed geometry preview saved -> C:\Users\samea\Desktop\geometry_tools\n_sections\results\analysis\2025-08-20_02-29-55\sec_012_r0.231\processed_sec_012_r0.231.png
2025-08-20 02:31:35,639 | INFO     | Launching convergence study pipeline …
2025-08-20 02:31:35,639 | INFO     | Starting section convergence study using 3 mesh sizes: [40.  10.   2.5]
2025-08-20 02:31:40,340 | INFO     | ConvergenceStudy instantiated. Running results computation …
2025-08-20 02:31:40,340 | INFO     | Convergence study completed successfully.
2025-08-20 02:31:40,340 | INFO     | Creating convergence visualisation …
2025-08-20 02:31:42,193 | INFO     | Convergence visualisation saved.
2025-08-20 02:31:42,193 | INFO     | Building metadata container for section sec_012_r0.231 …
2025-08-20 02:31:42,193 | INFO     | MetadataBin created.
2025-08-20 02:31:42,193 | INFO     | Composing SectionAnalysisResultSet …
2025-08-20 02:31:42,193 | INFO     | SectionAnalysisResultSet successfully built.
2025-08-20 02:31:42,193 | INFO     | Saving results to directory: C:\Users\samea\Desktop\geometry_tools\n_sections\results\analysis\2025-08-20_02-29-55\sec_012_r0.231
2025-08-20 02:31:42,193 | INFO     | Section analysis results successfully saved.
