2025-08-20 02:33:13,883 - INFO - Logger initialized for ConvergenceStudy [sec_024_r0.337]
2025-08-20 02:33:13,883 - INFO - Starting convergence study over 3 mesh sizes: [40.  10.   2.5]
2025-08-20 02:33:13,883 - INFO - [1/3] Processing mesh size h = 40
2025-08-20 02:33:13,883 - DEBUG - [sec_024_r0.337_h40] Copying geometry and initiating meshing …
2025-08-20 02:33:13,905 - INFO - [sec_024_r0.337_h40] Mesh created successfully
2025-08-20 02:33:13,905 - DEBUG - [sec_024_r0.337_h40] Starting section property calculation …
2025-08-20 02:33:15,520 - DEBUG - [sec_024_r0.337_h40] Section analysis row returned
2025-08-20 02:33:15,522 - INFO - [sec_024_r0.337_h40] Section analysis completed successfully.
2025-08-20 02:33:15,522 - INFO - [2/3] Processing mesh size h = 10
2025-08-20 02:33:15,522 - DEBUG - [sec_024_r0.337_h10] Copying geometry and initiating meshing …
2025-08-20 02:33:15,537 - INFO - [sec_024_r0.337_h10] Mesh created successfully
2025-08-20 02:33:15,538 - DEBUG - [sec_024_r0.337_h10] Starting section property calculation …
2025-08-20 02:33:16,454 - DEBUG - [sec_024_r0.337_h10] Section analysis row returned
2025-08-20 02:33:16,455 - INFO - [sec_024_r0.337_h10] Section analysis completed successfully.
2025-08-20 02:33:16,455 - INFO - [3/3] Processing mesh size h = 2.5
2025-08-20 02:33:16,456 - DEBUG - [sec_024_r0.337_h2.5] Copying geometry and initiating meshing …
2025-08-20 02:33:16,461 - INFO - [sec_024_r0.337_h2.5] Mesh created successfully
2025-08-20 02:33:16,461 - DEBUG - [sec_024_r0.337_h2.5] Starting section property calculation …
2025-08-20 02:33:17,310 - DEBUG - [sec_024_r0.337_h2.5] Section analysis row returned
2025-08-20 02:33:17,325 - INFO - [sec_024_r0.337_h2.5] Section analysis completed successfully.
2025-08-20 02:33:17,326 - INFO - Convergence study completed: 3 successful, 3 attempted
2025-08-20 02:33:17,326 - INFO - Generating convergence visualisation …
2025-08-20 02:33:19,016 - INFO - Convergence visualisation completed.
