2025-08-20 02:33:12,330 | INFO     | Logging initialized for ProcessSectionAnalysis
2025-08-20 02:33:12,330 | INFO     | Station sec_024_r0.337 [Analysis]: DXF=C:\Users\samea\Desktop\geometry_tools\n_sections\blade\sec_024_r0.337.dxf, twist=12.6°, origin: CP-proxy @ 33.0% chord
2025-08-20 02:33:12,330 | INFO     | Starting raw geometry processing …
2025-08-20 02:33:12,330 | INFO     | Instantiating RawGeometry for DXF: C:\Users\samea\Desktop\geometry_tools\n_sections\blade\sec_024_r0.337.dxf
2025-08-20 02:33:12,332 | INFO     | RawGeometry created successfully.
2025-08-20 02:33:12,333 | INFO     | Generating raw geometry plot …
2025-08-20 02:33:12,676 | INFO     | Raw geometry visualisation completed and saved.
2025-08-20 02:33:12,676 | INFO     | Processing and visualising aligned geometry …
2025-08-20 02:33:12,676 | INFO     | Instantiating ProcessedGeometry with spline/segment settings …
2025-08-20 02:33:12,676 | INFO     | ProcessedGeometry successfully instantiated.
2025-08-20 02:33:12,676 | INFO     | Extracting + aligning: twist=12.6°, origin_mode=cop, cop_fraction=0.330, cx=0.01, cy=0.00
2025-08-20 02:33:12,719 | INFO     | Geometry aligned and transformed successfully.
2025-08-20 02:33:12,719 | INFO     | Generating processed geometry visualisation with trailing edge zoom …
2025-08-20 02:33:13,883 | INFO     | Processed geometry preview saved -> C:\Users\samea\Desktop\geometry_tools\n_sections\results\analysis\2025-08-20_02-29-55\sec_024_r0.337\processed_sec_024_r0.337.png
2025-08-20 02:33:13,883 | INFO     | Launching convergence study pipeline …
2025-08-20 02:33:13,883 | INFO     | Starting section convergence study using 3 mesh sizes: [40.  10.   2.5]
2025-08-20 02:33:19,016 | INFO     | ConvergenceStudy instantiated. Running results computation …
2025-08-20 02:33:19,016 | INFO     | Convergence study completed successfully.
2025-08-20 02:33:19,016 | INFO     | Creating convergence visualisation …
2025-08-20 02:33:20,677 | INFO     | Convergence visualisation saved.
2025-08-20 02:33:20,677 | INFO     | Building metadata container for section sec_024_r0.337 …
2025-08-20 02:33:20,677 | INFO     | MetadataBin created.
2025-08-20 02:33:20,677 | INFO     | Composing SectionAnalysisResultSet …
2025-08-20 02:33:20,677 | INFO     | SectionAnalysisResultSet successfully built.
2025-08-20 02:33:20,677 | INFO     | Saving results to directory: C:\Users\samea\Desktop\geometry_tools\n_sections\results\analysis\2025-08-20_02-29-55\sec_024_r0.337
2025-08-20 02:33:20,677 | INFO     | Section analysis results successfully saved.
