2025-07-31 13:38:20,664 - INFO - Logger initialized for ConvergenceStudy [Station_6]
2025-07-31 13:38:20,665 - INFO - Starting convergence study over 3 mesh sizes: [40.  10.   2.5]
2025-07-31 13:38:20,665 - INFO - [1/3] Processing mesh size h = 40
2025-07-31 13:38:20,665 - DEBUG - [Station_6_h40] Copying geometry and initiating meshing …
2025-07-31 13:38:20,675 - INFO - [Station_6_h40] Mesh created successfully
2025-07-31 13:38:20,675 - DEBUG - [Station_6_h40] Starting section property calculation …
2025-07-31 13:38:21,787 - DEBUG - [Station_6_h40] Section analysis row returned
2025-07-31 13:38:21,789 - INFO - [Station_6_h40] Section analysis completed successfully.
2025-07-31 13:38:21,789 - INFO - [2/3] Processing mesh size h = 10
2025-07-31 13:38:21,789 - DEBUG - [Station_6_h10] Copying geometry and initiating meshing …
2025-07-31 13:38:21,799 - INFO - [Station_6_h10] Mesh created successfully
2025-07-31 13:38:21,799 - DEBUG - [Station_6_h10] Starting section property calculation …
2025-07-31 13:38:22,466 - DEBUG - [Station_6_h10] Section analysis row returned
2025-07-31 13:38:22,466 - INFO - [Station_6_h10] Section analysis completed successfully.
2025-07-31 13:38:22,466 - INFO - [3/3] Processing mesh size h = 2.5
2025-07-31 13:38:22,466 - DEBUG - [Station_6_h2.5] Copying geometry and initiating meshing …
2025-07-31 13:38:22,480 - INFO - [Station_6_h2.5] Mesh created successfully
2025-07-31 13:38:22,480 - DEBUG - [Station_6_h2.5] Starting section property calculation …
2025-07-31 13:38:23,156 - DEBUG - [Station_6_h2.5] Section analysis row returned
2025-07-31 13:38:23,156 - INFO - [Station_6_h2.5] Section analysis completed successfully.
2025-07-31 13:38:23,156 - INFO - Convergence study completed: 3 successful, 3 attempted
2025-07-31 13:38:23,156 - INFO - Generating convergence visualisation …
2025-07-31 13:38:24,435 - INFO - Convergence visualisation completed.
