2025-07-31 13:38:19,055 | INFO     | Logging initialized for ProcessSectionAnalysis
2025-07-31 13:38:19,055 | INFO     | Station Station_6 [Analysis]: DXF=C:\Users\Sam Hughes\Desktop\geometry_tools\n_sections\blade\Station_6.dxf, twist=6.9°, centroid=(0.00, -0.01)
2025-07-31 13:38:19,055 | INFO     | Starting raw geometry processing …
2025-07-31 13:38:19,055 | INFO     | Instantiating RawGeometry for DXF: C:\Users\Sam Hughes\Desktop\geometry_tools\n_sections\blade\Station_6.dxf
2025-07-31 13:38:19,056 | INFO     | RawGeometry created successfully.
2025-07-31 13:38:19,056 | INFO     | Generating raw geometry plot …
2025-07-31 13:38:19,342 | INFO     | Raw geometry visualisation completed and saved.
2025-07-31 13:38:19,342 | INFO     | Processing and visualising aligned geometry …
2025-07-31 13:38:19,342 | INFO     | Instantiating ProcessedGeometry with spline/segment settings …
2025-07-31 13:38:19,343 | INFO     | ProcessedGeometry successfully instantiated.
2025-07-31 13:38:19,343 | INFO     | Extracting and aligning geometry with twist=6.9°, cx=0.00, cy=-0.01
2025-07-31 13:38:19,895 | INFO     | Geometry aligned and transformed successfully.
2025-07-31 13:38:19,895 | INFO     | Generating processed geometry visualisation with trailing edge zoom …
2025-07-31 13:38:20,663 | INFO     | Processed geometry preview saved -> C:\Users\Sam Hughes\Desktop\geometry_tools\n_sections\results\analysis\2025-07-31_13-38-05\Station_6\processed_Station_6.png
2025-07-31 13:38:20,663 | INFO     | Launching convergence study pipeline …
2025-07-31 13:38:20,664 | INFO     | Starting section convergence study using 3 mesh sizes: [40.  10.   2.5]
2025-07-31 13:38:24,435 | INFO     | ConvergenceStudy instantiated. Running results computation …
2025-07-31 13:38:24,435 | INFO     | Convergence study completed successfully.
2025-07-31 13:38:24,435 | INFO     | Creating convergence visualisation …
2025-07-31 13:38:25,622 | INFO     | Convergence visualisation saved.
2025-07-31 13:38:25,622 | INFO     | Building metadata container for section Station_6 …
2025-07-31 13:38:25,622 | INFO     | MetadataBin created.
2025-07-31 13:38:25,622 | INFO     | Composing SectionAnalysisResultSet …
2025-07-31 13:38:25,622 | INFO     | SectionAnalysisResultSet successfully built.
2025-07-31 13:38:25,622 | INFO     | Saving results to directory: C:\Users\Sam Hughes\Desktop\geometry_tools\n_sections\results\analysis\2025-07-31_13-38-05\Station_6
2025-07-31 13:38:25,624 | INFO     | Section analysis results successfully saved.
