2025-08-21 03:44:30,975 | INFO     | Logging initialized for ProcessSectionAnalysis
2025-08-21 03:44:30,975 | INFO     | Station sec_003_r0.286 [Analysis]: DXF=C:\Users\samea\Desktop\geometry_tools\n_sections\blade\sec_003_r0.286.dxf, twist=15.7°, origin: CP-proxy @ 33.0% chord
2025-08-21 03:44:30,975 | INFO     | Starting raw geometry processing …
2025-08-21 03:44:30,975 | INFO     | Instantiating RawGeometry for DXF: C:\Users\samea\Desktop\geometry_tools\n_sections\blade\sec_003_r0.286.dxf
2025-08-21 03:44:30,977 | INFO     | RawGeometry created successfully.
2025-08-21 03:44:30,977 | INFO     | Generating raw geometry plot …
2025-08-21 03:44:31,416 | INFO     | Raw geometry visualisation completed and saved.
2025-08-21 03:44:31,417 | INFO     | Processing and visualising aligned geometry …
2025-08-21 03:44:31,417 | INFO     | Instantiating ProcessedGeometry with spline/segment settings …
2025-08-21 03:44:31,418 | INFO     | ProcessedGeometry successfully instantiated.
2025-08-21 03:44:31,418 | INFO     | Extracting (pass-through orientation & origin): twist=15.7°, origin_mode=cop, cop_fraction=0.330, cx=0.01, cy=0.01, resample_exterior=True
2025-08-21 03:44:31,450 | INFO     | Geometry extracted (no twist/origin applied).
2025-08-21 03:44:31,450 | INFO     | Generating processed geometry visualisation with trailing edge zoom …
2025-08-21 03:44:32,823 | INFO     | Processed geometry preview saved -> C:\Users\samea\Desktop\geometry_tools\n_sections\results\analysis\2025-08-21_03-44-16\sec_003_r0.286\processed_sec_003_r0.286.png
2025-08-21 03:44:32,823 | INFO     | Launching convergence study pipeline …
2025-08-21 03:44:32,823 | INFO     | Starting section convergence study using 1 mesh sizes: [40.]
2025-08-21 03:44:35,117 | INFO     | ConvergenceStudy instantiated. Running results computation …
2025-08-21 03:44:35,117 | INFO     | Convergence study completed successfully.
2025-08-21 03:44:35,117 | INFO     | Creating convergence visualisation …
2025-08-21 03:44:35,813 | INFO     | Convergence visualisation saved.
2025-08-21 03:44:35,813 | INFO     | Building metadata container for section sec_003_r0.286 …
2025-08-21 03:44:35,813 | INFO     | MetadataBin created.
2025-08-21 03:44:35,813 | INFO     | Composing SectionAnalysisResultSet …
2025-08-21 03:44:35,813 | INFO     | SectionAnalysisResultSet successfully built.
2025-08-21 03:44:35,813 | INFO     | Saving results to directory: C:\Users\samea\Desktop\geometry_tools\n_sections\results\analysis\2025-08-21_03-44-16\sec_003_r0.286
2025-08-21 03:44:35,815 | INFO     | Section analysis results successfully saved.
