2025-08-20 02:53:11,806 | INFO     | Logging initialized for ProcessSectionAnalysis
2025-08-20 02:53:11,806 | INFO     | Station sec_046_r0.532 [Analysis]: DXF=C:\Users\samea\Desktop\geometry_tools\n_sections\blade\sec_046_r0.532.dxf, twist=6.2°, origin: CP-proxy @ 33.0% chord
2025-08-20 02:53:11,806 | INFO     | Starting raw geometry processing …
2025-08-20 02:53:11,806 | INFO     | Instantiating RawGeometry for DXF: C:\Users\samea\Desktop\geometry_tools\n_sections\blade\sec_046_r0.532.dxf
2025-08-20 02:53:11,808 | INFO     | RawGeometry created successfully.
2025-08-20 02:53:11,808 | INFO     | Generating raw geometry plot …
2025-08-20 02:53:12,189 | INFO     | Raw geometry visualisation completed and saved.
2025-08-20 02:53:12,189 | INFO     | Processing and visualising aligned geometry …
2025-08-20 02:53:12,189 | INFO     | Instantiating ProcessedGeometry with spline/segment settings …
2025-08-20 02:53:12,205 | INFO     | ProcessedGeometry successfully instantiated.
2025-08-20 02:53:12,205 | INFO     | Extracting (pass-through orientation & origin): twist=6.2°, origin_mode=cop, cop_fraction=0.330, cx=0.01, cy=0.00, resample_exterior=True
2025-08-20 02:53:12,232 | INFO     | Geometry extracted (no twist/origin applied).
2025-08-20 02:53:12,232 | INFO     | Generating processed geometry visualisation with trailing edge zoom …
2025-08-20 02:53:13,426 | INFO     | Processed geometry preview saved -> C:\Users\samea\Desktop\geometry_tools\n_sections\results\analysis\2025-08-20_02-49-41\sec_046_r0.532\processed_sec_046_r0.532.png
2025-08-20 02:53:13,426 | INFO     | Launching convergence study pipeline …
2025-08-20 02:53:13,426 | INFO     | Starting section convergence study using 1 mesh sizes: [40.]
2025-08-20 02:53:15,881 | INFO     | ConvergenceStudy instantiated. Running results computation …
2025-08-20 02:53:15,881 | INFO     | Convergence study completed successfully.
2025-08-20 02:53:15,881 | INFO     | Creating convergence visualisation …
2025-08-20 02:53:16,607 | INFO     | Convergence visualisation saved.
2025-08-20 02:53:16,607 | INFO     | Building metadata container for section sec_046_r0.532 …
2025-08-20 02:53:16,608 | INFO     | MetadataBin created.
2025-08-20 02:53:16,608 | INFO     | Composing SectionAnalysisResultSet …
2025-08-20 02:53:16,608 | INFO     | SectionAnalysisResultSet successfully built.
2025-08-20 02:53:16,608 | INFO     | Saving results to directory: C:\Users\samea\Desktop\geometry_tools\n_sections\results\analysis\2025-08-20_02-49-41\sec_046_r0.532
2025-08-20 02:53:16,610 | INFO     | Section analysis results successfully saved.
